-0.000  0.000 -0.000  -0.004 -0.056 -1.012   0.362 -0.408  0.852  -0.157  0.070 -0.072
-0.085  0.116  1.778  -0.004 -0.056 -1.012   0.377 -0.416  0.848  -0.166  0.066 -0.003
-0.144  0.240  3.607  -0.004 -0.036 -1.012   0.377 -0.416  0.848  -0.110  0.095  0.105
-0.176  0.369  5.400   0.000 -0.036 -1.024   0.377 -0.416  0.848  -0.079  0.099  0.122
-0.199  0.536  7.159  -0.004 -0.052 -1.012   0.362 -0.416  0.840  -0.092  0.129  0.083
-0.297  0.710  8.762  -0.004 -0.064 -0.992   0.362 -0.416  0.840  -0.173  0.141 -0.027
-0.483  0.874 10.205   0.020 -0.040 -0.976   0.362 -0.416  0.840  -0.191  0.130 -0.060
-0.661  1.045 11.530   0.048 -0.012 -0.988   0.362 -0.419  0.852  -0.118  0.114 -0.039
-0.717  1.209 12.846   0.036  0.008 -1.000   0.367 -0.419  0.852   0.015  0.130  0.015
-0.662  1.382 14.115   0.036 -0.012 -1.000   0.367 -0.419  0.852   0.080  0.110 -0.021
-0.531  1.526 15.267   0.032 -0.032 -0.996   0.367 -0.419  0.852   0.107  0.067 -0.123
-0.450  1.624 16.378   0.036 -0.036 -0.984   0.364 -0.413  0.848   0.057  0.029 -0.120
-0.515  1.723 17.633   0.048 -0.028 -0.984   0.364 -0.413  0.848  -0.040  0.044  0.017
-0.661  1.793 19.003   0.052 -0.020 -0.980   0.364 -0.413  0.848  -0.094  0.042  0.170
-0.818  1.849 20.282   0.060 -0.012 -0.976   0.364 -0.405  0.844  -0.095  0.034  0.237
-0.916  1.854 21.482   0.068 -0.012 -0.980   0.364 -0.405  0.844  -0.063 -0.035  0.224
-0.992  1.845 22.664   0.064 -0.012 -0.980   0.364 -0.405  0.844  -0.053 -0.042  0.239
-1.071  1.843 23.880   0.048 -0.032 -0.976   0.375 -0.408  0.853  -0.100 -0.010  0.256
-1.124  1.815 25.045   0.036 -0.028 -0.980   0.375 -0.408  0.853  -0.086 -0.013  0.236
-1.115  1.757 26.192   0.020 -0.016 -0.984   0.375 -0.408  0.853  -0.033 -0.021  0.250
-1.027  1.745 27.353   0.008 -0.024 -0.996   0.375 -0.408  0.853   0.026  0.002  0.263
-0.940  1.747 28.431  -0.008 -0.016 -1.000   0.385 -0.410  0.842   0.043  0.045  0.228
-0.916  1.760 29.337  -0.004 -0.016 -0.992   0.385 -0.410  0.842   0.003  0.069  0.121
-0.931  1.819 30.184   0.008 -0.032 -0.984   0.385 -0.410  0.842  -0.034  0.090  0.057
-0.968  1.911 31.081   0.016 -0.036 -0.996   0.370 -0.405  0.846  -0.037  0.107  0.110
-0.981  2.035 31.938   0.032 -0.036 -0.996   0.370 -0.405  0.846   0.002  0.097  0.176
-0.992  2.168 32.789   0.028 -0.040 -1.004   0.370 -0.405  0.846   0.003  0.113  0.184
-1.010  2.311 33.469   0.044 -0.044 -0.992   0.375 -0.399  0.855   0.000  0.095  0.112
-1.077  2.459 34.036   0.060 -0.044 -0.992   0.375 -0.399  0.855  -0.028  0.095  0.067
-1.162  2.563 34.607   0.052 -0.040 -0.984   0.375 -0.399  0.855  -0.053  0.094  0.081
-1.206  2.655 35.153   0.060 -0.036 -0.984   0.375 -0.399  0.855  -0.020  0.055  0.104
-1.199  2.718 35.766   0.056 -0.048 -0.984   0.377 -0.402  0.846  -0.020  0.017  0.151
-1.475  2.531 36.509   0.052 -0.060 -0.972   0.377 -0.402  0.846  -0.358 -0.010  0.213
-1.477  2.483 37.237   0.040 -0.056 -0.976   0.377 -0.402  0.846  -0.110 -0.024  0.220
-1.471  2.385 37.947   0.028 -0.044 -0.988   0.362 -0.396  0.850  -0.110 -0.037  0.232
-1.423  2.284 38.655   0.012 -0.040 -0.992   0.362 -0.396  0.850  -0.079 -0.032  0.230
-1.363  2.209 39.374   0.000 -0.060 -0.996   0.362 -0.396  0.850  -0.099 -0.005  0.199
-1.347  2.134 39.995  -0.004 -0.056 -0.996   0.382 -0.402  0.848  -0.123  0.026  0.177
-1.378  2.058 40.518   0.008 -0.044 -0.996   0.382 -0.402  0.848  -0.132  0.030  0.160
-1.362  2.022 41.085  -0.004 -0.048 -0.992   0.382 -0.402  0.848  -0.090  0.052  0.184
-1.360  2.025 41.609   0.000 -0.048 -0.996   0.382 -0.402  0.848  -0.077  0.077  0.175
-1.342  2.045 42.085   0.004 -0.052 -0.996   0.380 -0.416  0.842  -0.062  0.070  0.115
-1.323  2.076 42.426   0.012 -0.036 -0.980   0.380 -0.416  0.842  -0.024  0.063  0.060
-1.316  2.105 42.765   0.012 -0.032 -0.988   0.380 -0.416  0.842  -0.022  0.070  0.077
-1.305  2.170 43.118   0.028 -0.040 -0.980   0.364 -0.402  0.844  -0.013  0.058  0.114
-1.283  2.240 43.510   0.028 -0.048 -0.984   0.364 -0.402  0.844  -0.016  0.055  0.144
-1.233  2.307 43.938   0.020 -0.048 -0.984   0.364 -0.402  0.844   0.003  0.053  0.173
-1.205  2.351 44.261   0.024 -0.060 -0.984   0.385 -0.393  0.852  -0.048  0.045  0.153
-1.210  2.348 44.540   0.024 -0.052 -0.988   0.385 -0.393  0.852  -0.079  0.037  0.139
-1.180  2.340 44.832   0.024 -0.052 -0.996   0.385 -0.393  0.852  -0.061  0.013  0.162
-1.124  2.345 45.163   0.028 -0.060 -0.996   0.385 -0.393  0.852  -0.051 -0.004  0.200
-1.094  2.333 45.555   0.020 -0.056 -0.992   0.377 -0.396  0.844  -0.068  0.016  0.230
-1.064  2.312 45.958   0.004 -0.064 -0.992   0.377 -0.396  0.844  -0.089  0.039  0.204
-1.069  2.241 46.268   0.004 -0.052 -0.996   0.377 -0.396  0.844  -0.117  0.031  0.158
-1.088  2.158 46.574   0.000 -0.036 -0.992   0.367 -0.396  0.850  -0.103  0.040  0.159
-1.126  2.071 46.871   0.000 -0.024 -0.996   0.367 -0.396  0.850  -0.096  0.050  0.186
-1.159  2.002 47.156   0.004 -0.028 -1.000   0.367 -0.396  0.850  -0.092  0.050  0.187
-1.210  1.958 47.383   0.012 -0.020 -1.004   0.388 -0.410  0.848  -0.074  0.059  0.199
-1.280  1.944 47.548   0.020 -0.020 -0.988   0.388 -0.410  0.848  -0.070  0.074  0.169
-1.345  1.941 47.632   0.024 -0.020 -0.988   0.388 -0.410  0.848  -0.062  0.070  0.112
-1.385  1.970 47.680   0.024 -0.024 -0.988   0.388 -0.410  0.848  -0.036  0.075  0.077
-1.403  2.019 47.771   0.028 -0.028 -0.988   0.377 -0.405  0.846  -0.018  0.067  0.105
-1.418  2.071 47.924   0.024 -0.024 -0.988   0.377 -0.405  0.846  -0.006  0.075  0.161
-1.426  2.137 48.116   0.028 -0.032 -0.992   0.377 -0.405  0.846  -0.007  0.073  0.194
-1.429  2.206 48.275   0.036 -0.040 -0.984   0.370 -0.393  0.850  -0.017  0.057  0.180
-1.432  2.224 48.437   0.024 -0.040 -0.992   0.370 -0.393  0.850  -0.047  0.053  0.162
-1.435  2.253 48.576   0.032 -0.048 -0.992   0.370 -0.393  0.850  -0.056  0.044  0.149
-1.397  2.279 48.693   0.028 -0.060 -0.984   0.388 -0.399  0.848  -0.058  0.024  0.137
-1.386  2.264 48.771   0.024 -0.044 -0.992   0.388 -0.399  0.848  -0.067  0.026  0.128
-1.356  2.253 48.872   0.028 -0.044 -0.992   0.388 -0.399  0.848  -0.053  0.008  0.160
-1.313  2.216 48.982   0.024 -0.044 -0.996   0.388 -0.399  0.848  -0.062 -0.008  0.164
-1.237  2.160 49.087   0.012 -0.044 -0.996   0.385 -0.405  0.846  -0.055 -0.020  0.120
-1.166  2.136 49.209   0.012 -0.056 -0.992   0.385 -0.405  0.846  -0.059 -0.003  0.115
-1.212  2.067 49.258   0.020 -0.032 -0.996   0.385 -0.405  0.846  -0.108  0.033  0.116
-1.252  2.005 49.378   0.012 -0.032 -1.004   0.377 -0.396  0.846  -0.102  0.047  0.162
-1.281  1.951 49.553   0.008 -0.028 -0.996   0.377 -0.396  0.846  -0.085  0.052  0.215
-1.290  1.893 49.724   0.008 -0.028 -0.988   0.377 -0.396  0.846  -0.079  0.037  0.217
-1.295  1.851 49.865   0.000 -0.028 -0.996   0.388 -0.408  0.844  -0.067  0.057  0.180
-1.309  1.811 49.958  -0.004 -0.024 -0.992   0.388 -0.408  0.844  -0.062  0.073  0.138
-1.321  1.846 49.962   0.016 -0.024 -0.992   0.388 -0.408  0.844  -0.017  0.072  0.110
-1.243  1.886 50.002   0.008 -0.040 -0.988   0.388 -0.408  0.844   0.004  0.034  0.094
-1.166  1.909 50.051   0.008 -0.044 -0.984   0.388 -0.402  0.846  -0.009  0.023  0.110
-1.098  1.906 50.125   0.000 -0.044 -0.976   0.388 -0.402  0.846  -0.030  0.028  0.116
-1.047  1.817 50.199  -0.008 -0.044 -0.952   0.388 -0.402  0.846  -0.097  0.006  0.096
-0.982  1.684 50.188  -0.012 -0.080 -0.936   0.380 -0.396  0.848  -0.198 -0.026 -0.062
-1.145  1.371 49.902   0.004 -0.080 -0.932   0.380 -0.396  0.848  -0.448 -0.011 -0.271
-1.709  0.516 49.052   0.012 -0.008 -0.880   0.380 -0.396  0.848  -0.898 -0.076 -0.611
-2.323 -0.575 47.815   0.012 -0.008 -0.884   0.413 -0.451  0.836  -1.113 -0.201 -1.014
-3.303 -1.591 45.681  -0.040  0.000 -0.884   0.413 -0.451  0.836  -1.302  0.154 -1.929
-4.839 -2.018 41.846  -0.060  0.040 -0.892   0.413 -0.451  0.836  -1.259  0.841 -3.422
-6.470 -1.722 36.313  -0.036  0.072 -0.928   0.413 -0.451  0.836  -0.961  1.246 -4.897
-7.655 -0.889 29.287  -0.008  0.116 -0.956   0.408 -0.465  0.835  -0.449  1.297 -6.303
-8.259  0.228 20.762   0.024  0.160 -0.984   0.408 -0.465  0.835   0.019  1.203 -7.717
-7.967  1.478 11.342   0.052  0.164 -1.008   0.408 -0.465  0.835   0.631  1.065 -8.749
-6.933  2.762 -0.167   0.060  0.176 -1.020   0.403 -0.251  0.853   1.094  1.031 -10.105
-5.351  3.800 -12.733   0.056  0.164 -1.028   0.403 -0.251  0.853   1.374  1.120 -11.433
-3.445  4.441 -25.969   0.044  0.164 -1.028   0.403 -0.251  0.853   1.528  1.209 -12.397
-1.125  4.793 -42.177   0.044  0.152 -1.040   0.240  0.101  0.857   1.608  1.350 -13.627
 1.109  4.601 -58.955   0.044  0.140 -1.048   0.240  0.101  0.857   1.509  1.439 -14.737
 3.018  3.865 -76.160   0.036  0.132 -1.044   0.240  0.101  0.857   1.404  1.417 -15.720
 4.348  2.648 -93.467   0.048  0.144 -1.036   0.240  0.101  0.857   1.397  1.226 -16.371
 4.994  0.660 -113.722   0.068  0.176 -1.040  -0.189  0.145  0.829   1.751  0.904 -17.084
 4.304 -1.556 -133.892   0.064  0.184 -1.032  -0.189  0.145  0.829   2.228  0.604 -17.703
 2.665 -3.340 -153.946   0.044  0.152 -1.028  -0.189  0.145  0.829   2.356  0.525 -18.082
 0.631 -4.661 -176.588   0.012  0.112 -1.012  -0.403 -0.225  0.808   2.146  0.692 -18.478
-1.273 -5.401 161.135  -0.048  0.088 -1.004  -0.403 -0.225  0.808   1.725  1.091 -18.761
-3.063 -5.838 139.543  -0.080  0.100 -0.996  -0.403 -0.225  0.808   1.363  1.473 -18.953
-5.025 -5.839 116.696  -0.080  0.128 -0.976  -0.183 -0.673  0.806   1.256  1.666 -19.151
-6.883 -4.982 94.562  -0.068  0.180 -0.964  -0.183 -0.673  0.806   1.438  1.754 -19.316
-8.096 -3.165 72.994  -0.028  0.220 -0.952  -0.183 -0.673  0.806   1.809  1.639 -19.572
-8.070 -0.793 51.790   0.016  0.240 -0.944  -0.183 -0.673  0.806   2.234  1.341 -19.875
-6.801  1.696 28.912   0.048  0.220 -0.940   0.276 -0.566  0.846   2.549  1.041 -20.085
-4.162  3.113  6.587   0.072  0.188 -0.932   0.276 -0.566  0.846   2.882  0.596 -20.291
-1.001  2.962 -16.203   0.064  0.176 -0.944   0.276 -0.566  0.846   2.969  0.260 -20.412
 1.758  1.655 -39.996   0.040  0.120 -0.964   0.305  0.104  0.865   2.876  0.096 -20.434
 3.481 -0.436 -62.608   0.016  0.088 -0.964   0.305  0.104  0.865   2.611  0.099 -20.328
 4.187 -2.826 -84.282  -0.008  0.080 -0.980   0.305  0.104  0.865   2.451  0.129 -20.223
 4.118 -5.315 -108.270  -0.032  0.112 -0.984  -0.243  0.306  0.805   2.490  0.321 -19.961
 3.110 -7.641 -131.123  -0.024  0.136 -0.984  -0.243  0.306  0.805   2.619  0.471 -19.621
 1.225 -9.391 -152.925  -0.016  0.128 -1.008  -0.243  0.306  0.805   2.655  0.501 -19.305
-1.271 -10.362 -173.794  -0.008  0.144 -1.000  -0.243  0.306  0.805   2.775  0.545 -19.062
-4.320 -10.390 163.755   0.008  0.140 -1.012  -0.548 -0.211  0.771   2.947  0.558 -18.744
-7.111 -9.194 142.503   0.004  0.132 -1.020  -0.548 -0.211  0.771   2.969  0.542 -18.460
-9.223 -7.118 122.390   0.012  0.140 -1.032  -0.548 -0.211  0.771   2.956  0.541 -18.298
-10.574 -4.185 101.274   0.020  0.116 -1.024  -0.240 -0.673  0.801   3.002  0.472 -18.093
-10.583 -0.630 80.336   0.028  0.140 -1.032  -0.240 -0.673  0.801   3.238  0.325 -17.901
-9.236  2.768 61.366   0.044  0.148 -1.024  -0.240 -0.673  0.801   3.530  0.206 -17.644
-6.753  5.800 41.105   0.036  0.140 -1.028   0.240 -0.488  0.855   3.642  0.206 -17.424
-3.597  7.714 21.672   0.036  0.116 -1.020   0.240 -0.488  0.855   3.474  0.266 -17.264
-0.418  8.571  3.090   0.020  0.104 -1.016   0.240 -0.488  0.855   3.145  0.439 -17.101
 2.700  8.553 -14.871   0.028  0.128 -1.012   0.240 -0.488  0.855   3.051  0.557 -16.928
 6.013  7.500 -35.235   0.052  0.156 -0.992   0.222  0.061  0.870   3.266  0.532 -16.800
 8.842  5.033 -54.581   0.076  0.180 -0.988   0.222  0.061  0.870   3.674  0.386 -16.673
10.638  1.474 -72.865   0.096  0.188 -1.004   0.222  0.061  0.870   3.998  0.239 -16.590
11.304 -3.005 -92.751   0.108  0.176 -1.004  -0.209  0.341  0.810   4.232  0.157 -16.462
10.361 -7.249 -111.955   0.096  0.124 -1.012  -0.209  0.341  0.810   4.097  0.179 -16.337
 8.483 -10.482 -130.511   0.068  0.096 -1.012  -0.209  0.341  0.810   3.587  0.375 -16.126
 6.130 -12.980 -150.366   0.040  0.124 -1.012  -0.628  0.035  0.729   3.111  0.700 -15.862
 3.131 -14.773 -169.317   0.064  0.172 -0.988  -0.628  0.035  0.729   3.260  0.927 -15.553
-0.562 -15.531 172.572   0.128  0.208 -0.976  -0.628  0.035  0.729   3.624  0.878 -15.349
-4.696 -14.698 155.304   0.196  0.204 -0.968  -0.628  0.035  0.729   4.140  0.513 -15.123
-8.956 -11.939 136.650   0.240  0.172 -0.960  -0.594 -0.500  0.731   4.518  0.014 -14.911
-11.772 -7.667 119.295   0.248  0.132 -0.968  -0.594 -0.500  0.731   4.664 -0.379 -14.713
-12.826 -2.587 102.629   0.196  0.084 -0.976  -0.594 -0.500  0.731   4.554 -0.587 -14.360
-12.450  2.134 85.404   0.148  0.068 -0.984  -0.171 -0.662  0.810   4.028 -0.446 -14.115
-11.275  5.721 69.999   0.104  0.096 -0.992  -0.171 -0.662  0.810   3.603 -0.092 -13.869
-9.752  8.731 55.427   0.076  0.100 -0.988  -0.171 -0.662  0.810   3.344  0.333 -13.604
-7.978 11.372 39.953   0.084  0.104 -0.980   0.137 -0.419  0.865   3.030  0.711 -13.366
-6.048 13.358 24.712   0.124  0.160 -0.972   0.137 -0.419  0.865   2.748  0.838 -13.271
-3.292 14.837  9.560   0.172  0.216 -0.972   0.137 -0.419  0.865   3.151  0.762 -13.119
 0.386 15.378 -5.194   0.212  0.200 -0.956   0.137 -0.419  0.865   3.703  0.545 -12.927
 4.568 14.582 -21.144   0.212  0.132 -0.968   0.127 -0.058  0.872   3.809  0.221 -12.844
 7.676 12.885 -36.248   0.252  0.132 -0.952   0.127 -0.058  0.872   3.378  0.012 -12.947
 9.905 10.041 -50.073   0.204  0.088 -0.968   0.127 -0.058  0.872   3.475 -0.353 -12.738
11.298  6.705 -65.566   0.160  0.020 -0.976  -0.072  0.243  0.844   2.948 -0.401 -12.539
11.369  4.025 -80.864   0.084  0.040 -0.984  -0.072  0.243  0.844   2.178 -0.378 -12.577
11.015  2.014 -95.857   0.032  0.080 -0.984  -0.072  0.243  0.844   1.773 -0.059 -12.556
10.794  0.168 -111.808  -0.004  0.064 -0.996  -0.351  0.142  0.805   1.490  0.400 -12.365
10.855 -1.150 -126.945  -0.008  0.116 -1.008  -0.351  0.142  0.805   0.966  0.838 -12.128
10.880 -2.497 -141.008   0.008  0.184 -1.024  -0.351  0.142  0.805   0.952  1.077 -11.841
10.201 -4.205 -153.935   0.008  0.220 -1.020  -0.351  0.142  0.805   1.499  1.249 -11.365
 8.540 -6.197 -167.562   0.040  0.220 -1.020  -0.525 -0.199  0.778   2.019  1.204 -10.839
 6.363 -7.500 179.848   0.076  0.220 -1.016  -0.525 -0.199  0.778   2.130  0.970 -10.267
 4.329 -8.135 167.956   0.104  0.160 -1.016  -0.525 -0.199  0.778   1.751  0.758 -9.863
 2.544 -8.376 155.678   0.096  0.116 -1.012  -0.470 -0.500  0.771   1.305  0.617 -9.431
 0.818 -8.253 143.747   0.080  0.132 -1.008  -0.470 -0.500  0.771   1.276  0.624 -9.071
-0.851 -7.804 132.657   0.064  0.152 -1.004  -0.470 -0.500  0.771   1.367  0.705 -8.844
-2.497 -7.229 121.715   0.056  0.156 -0.992  -0.292 -0.705  0.774   1.341  0.844 -8.713
-3.972 -6.385 111.323   0.044  0.172 -1.004  -0.292 -0.705  0.774   1.385  0.904 -8.669
-5.232 -5.252 101.305   0.056  0.172 -1.004  -0.292 -0.705  0.774   1.448  0.883 -8.709
-6.098 -3.825 91.645   0.076  0.172 -0.988  -0.292 -0.705  0.774   1.558  0.717 -8.740
-6.537 -2.134 81.359   0.104  0.168 -0.988  -0.062 -0.734  0.801   1.647  0.465 -8.814
-6.472 -0.443 71.345   0.120  0.160 -0.976  -0.062 -0.734  0.801   1.685  0.282 -8.905
-5.860  1.090 61.655   0.108  0.152 -0.976  -0.062 -0.734  0.801   1.718  0.088 -8.994
-5.058  2.310 51.250   0.088  0.128 -0.976   0.204 -0.616  0.842   1.473  0.022 -9.043
-4.304  3.081 41.365   0.052  0.100 -0.968   0.204 -0.616  0.842   1.133  0.099 -9.070
-3.953  3.547 31.987   0.024  0.104 -0.960   0.204 -0.616  0.842   0.704  0.322 -9.026
-3.865  4.135 22.000  -0.004  0.112 -0.964   0.359 -0.393  0.848   0.492  0.628 -8.985
-3.801  4.964 12.346  -0.016  0.140 -0.956   0.359 -0.393  0.848   0.503  0.938 -8.965
-3.490  5.951  2.891  -0.004  0.172 -0.960   0.359 -0.393  0.848   0.669  1.099 -8.953
-2.695  6.924 -6.380   0.008  0.184 -0.960   0.359 -0.393  0.848   0.969  1.172 -8.969
-1.495  7.718 -16.675   0.052  0.196 -0.960   0.313 -0.150  0.868   1.171  1.023 -8.944
-0.251  7.977 -26.412   0.088  0.184 -0.956   0.313 -0.150  0.868   1.221  0.731 -8.855
 0.763  7.839 -35.507   0.100  0.152 -0.968   0.313 -0.150  0.868   1.090  0.493 -8.771
 1.468  7.501 -45.474   0.080  0.124 -0.972   0.186  0.081  0.865   0.770  0.243 -8.595
 1.741  7.281 -54.796   0.064  0.112 -0.964   0.186  0.081  0.865   0.406  0.176 -8.420
 1.848  7.319 -63.659   0.040  0.112 -0.964   0.186  0.081  0.865   0.114  0.262 -8.264
 2.208  7.473 -73.753   0.008  0.128 -0.968   0.026  0.118  0.850   0.020  0.419 -8.158
 2.861  7.522 -83.458  -0.004  0.148 -0.980   0.026  0.118  0.850   0.126  0.667 -8.021
 3.752  7.225 -92.661   0.000  0.176 -0.976   0.026  0.118  0.850   0.393  0.887 -7.895
 4.630  6.520 -101.290   0.008  0.188 -0.980   0.026  0.118  0.850   0.650  0.984 -7.756
 5.486  5.357 -111.006   0.016  0.196 -0.984  -0.173  0.069  0.844   0.875  0.950 -7.630
 5.986  4.136 -120.063   0.032  0.184 -0.980  -0.173  0.069  0.844   0.885  0.835 -7.455
 6.199  3.017 -128.648   0.036  0.152 -0.992  -0.173  0.069  0.844   0.768  0.714 -7.278
 6.306  1.815 -138.229   0.040  0.136 -0.992  -0.333 -0.040  0.825   0.693  0.663 -7.157
 6.287  0.691 -147.349   0.032  0.132 -0.992  -0.333 -0.040  0.825   0.623  0.692 -7.007
 6.200 -0.428 -155.965   0.016  0.144 -1.004  -0.333 -0.040  0.825   0.595  0.812 -6.880
 6.048 -1.808 -165.484   0.012  0.148 -1.004  -0.406 -0.205  0.805   0.554  0.972 -6.750
 5.809 -3.234 -174.494   0.016  0.160 -0.996  -0.406 -0.205  0.805   0.495  1.107 -6.645
 5.350 -4.630 176.936   0.016  0.156 -1.000  -0.406 -0.205  0.805   0.499  1.181 -6.534
 4.619 -5.966 168.286   0.032  0.172 -1.000  -0.406 -0.422  0.793   0.556  1.175 -6.412
 3.610 -7.011 160.056   0.048  0.172 -0.992  -0.444 -0.422  0.793   0.681  1.087 -6.325
 2.424 -7.713 152.144   0.080  0.168 -0.992  -0.444 -0.422  0.793   0.773  0.928 -6.214
 1.259 -8.004 144.606   0.088  0.164 -0.988  -0.444 -0.422  0.793   0.821  0.724 -6.117
 0.088 -8.029 136.754   0.096  0.152 -0.976  -0.398 -0.592  0.782   0.809  0.580 -6.033
-0.822 -7.855 129.337   0.084  0.128 -0.980  -0.398 -0.592  0.782   0.672  0.454 -5.930
-1.502 -7.629 122.403   0.068  0.124 -0.988  -0.398 -0.592  0.782   0.548  0.403 -5.818
-2.158 -7.403 115.229   0.064  0.128 -0.988  -0.253 -0.708  0.782   0.468  0.405 -5.704
-2.740 -7.195 108.511   0.052  0.136 -0.980  -0.253 -0.708  0.782   0.416  0.449 -5.593
-3.296 -7.003 102.255   0.036  0.132 -0.972  -0.253 -0.708  0.782   0.356  0.524 -5.459
-3.882 -6.813 96.442   0.032  0.144 -0.992  -0.253 -0.708  0.782   0.336  0.612 -5.304
-4.564 -6.529 90.450   0.024  0.136 -0.984  -0.090 -0.769  0.797   0.336  0.686 -5.137
-5.296 -6.225 84.813   0.032  0.128 -0.980  -0.090 -0.769  0.797   0.281  0.762 -5.009
-6.013 -5.942 79.577   0.032  0.136 -0.988  -0.090 -0.769  0.797   0.222  0.796 -4.856
-6.729 -5.585 74.241   0.040  0.136 -0.976   0.047 -0.806  0.797   0.206  0.779 -4.707
-7.372 -5.153 69.216   0.056  0.136 -0.972   0.047 -0.806  0.797   0.229  0.744 -4.591
-7.885 -4.699 64.534   0.064  0.144 -0.972   0.047 -0.806  0.797   0.256  0.669 -4.453
-8.284 -4.119 59.852   0.072  0.136 -0.976   0.150 -0.772  0.805   0.317  0.609 -4.305
-8.507 -3.538 55.537   0.068  0.132 -0.980   0.150 -0.772  0.805   0.357  0.532 -4.172
-8.671 -2.997 51.486   0.076  0.128 -0.976   0.150 -0.772  0.805   0.331  0.490 -4.078
-8.774 -2.516 47.749   0.076  0.124 -0.980   0.150 -0.772  0.805   0.301  0.449 -3.946
-8.850 -2.020 43.928   0.076  0.128 -0.980   0.256 -0.711  0.825   0.291  0.426 -3.806
-8.860 -1.540 40.431   0.068  0.116 -0.984   0.256 -0.711  0.825   0.287  0.424 -3.685
-8.821 -1.072 37.183   0.064  0.116 -0.984   0.256 -0.711  0.825   0.303  0.422 -3.591
-8.768 -0.578 33.821   0.064  0.120 -0.972   0.339 -0.627  0.825   0.305  0.419 -3.471
-8.699 -0.110 30.725   0.060  0.116 -0.972   0.339 -0.627  0.825   0.287  0.427 -3.365
-8.661  0.352 27.802   0.076  0.120 -0.968   0.339 -0.627  0.825   0.267  0.425 -3.278
-8.622  0.831 24.799   0.076  0.120 -0.976   0.375 -0.529  0.840   0.241  0.427 -3.172
-8.561  1.319 21.984   0.088  0.132 -0.984   0.375 -0.529  0.840   0.273  0.426 -3.065
-8.407  1.769 19.429   0.084  0.124 -0.988   0.375 -0.529  0.840   0.313  0.399 -2.953
-8.200  2.168 17.130   0.080  0.116 -0.992   0.375 -0.529  0.840   0.324  0.372 -2.833
-7.952  2.561 14.690   0.076  0.116 -0.980   0.406 -0.434  0.852   0.334  0.348 -2.739
-7.691  2.885 12.470   0.080  0.116 -0.972   0.406 -0.434  0.852   0.335  0.299 -2.617
-7.462  3.146 10.501   0.080  0.108 -0.980   0.406 -0.434  0.852   0.283  0.267 -2.492
-7.243  3.421  8.296   0.084  0.112 -0.984   0.426 -0.321  0.848   0.257  0.248 -2.395
-7.017  3.660  6.369   0.076  0.108 -0.976   0.426 -0.321  0.848   0.253  0.246 -2.242
-6.770  3.865  4.700   0.068  0.108 -0.984   0.426 -0.321  0.848   0.268  0.245 -2.089
-6.499  4.094  3.052   0.068  0.108 -0.984   0.408 -0.254  0.853   0.279  0.255 -1.922
-6.265  4.311  1.578   0.068  0.116 -0.980   0.408 -0.254  0.853   0.265  0.257 -1.797
-6.068  4.495  0.352   0.056  0.116 -0.984   0.408 -0.254  0.853   0.234  0.266 -1.645
-5.914  4.656 -0.677   0.048  0.124 -0.984   0.408 -0.254  0.853   0.211  0.271 -1.494
-5.757  4.910 -1.900   0.072  0.132 -0.988   0.393 -0.176  0.870   0.211  0.275 -1.350
-5.616  5.121 -2.951   0.068  0.132 -0.984   0.393 -0.176  0.870   0.200  0.256 -1.241
-5.496  5.312 -3.748   0.072  0.120 -0.984   0.393 -0.176  0.870   0.164  0.242 -1.100
-5.355  5.491 -4.495   0.080  0.108 -0.976   0.377 -0.136  0.855   0.154  0.209 -0.966
-5.252  5.643 -5.133   0.076  0.116 -0.972   0.377 -0.136  0.855   0.140  0.195 -0.868
-5.182  5.791 -5.604   0.080  0.120 -0.972   0.377 -0.136  0.855   0.121  0.187 -0.729
-5.122  5.918 -6.008   0.076  0.112 -0.976   0.357 -0.107  0.865   0.090  0.171 -0.591
-5.070  6.074 -6.246   0.092  0.108 -0.968   0.357 -0.107  0.865   0.077  0.166 -0.475
-5.045  6.196 -6.382   0.084  0.112 -0.968   0.357 -0.107  0.865   0.065  0.156 -0.380
-5.018  6.302 -6.309   0.080  0.104 -0.976   0.357 -0.107  0.865   0.053  0.157 -0.237
-4.987  6.389 -6.276   0.072  0.104 -0.976   0.341 -0.075  0.870   0.044  0.146 -0.115
-4.982  6.468 -6.117   0.068  0.104 -0.976   0.341 -0.075  0.870   0.024  0.147 -0.004
-4.972  6.548 -5.814   0.076  0.096 -0.980   0.341 -0.075  0.870   0.015  0.139  0.088
-4.990  6.625 -5.495   0.072  0.104 -0.972   0.341 -0.061  0.859   0.000  0.134  0.214
-5.045  6.685 -5.080   0.068  0.112 -0.980   0.341 -0.061  0.859  -0.019  0.124  0.338
-5.109  6.752 -4.543   0.076  0.112 -0.980   0.341 -0.061  0.859  -0.028  0.117  0.453
-5.158  6.780 -3.777   0.076  0.100 -0.972   0.331 -0.078  0.861  -0.025  0.099  0.545
-5.198  6.791 -2.824   0.080  0.092 -0.976   0.331 -0.078  0.861  -0.029  0.080  0.657
-5.270  6.783 -1.790   0.076  0.096 -0.984   0.331 -0.078  0.861  -0.050  0.073  0.770
-5.378  6.744 -0.641   0.068  0.092 -0.984   0.331 -0.078  0.861  -0.088  0.064  0.882
-5.490  6.724  0.495   0.080  0.092 -0.984   0.341 -0.072  0.865  -0.102  0.053  0.983
-5.623  6.674  1.675   0.072  0.100 -0.988   0.341 -0.072  0.865  -0.112  0.041  1.095
-5.767  6.603  2.854   0.068  0.108 -0.984   0.341 -0.072  0.865  -0.113  0.028  1.172
-5.914  6.487  4.254   0.064  0.108 -0.992   0.339 -0.098  0.857  -0.112  0.012  1.269
-6.066  6.344  5.711   0.064  0.108 -0.988   0.339 -0.098  0.857  -0.124 -0.013  1.369
-6.198  6.213  7.187   0.072  0.108 -0.988   0.339 -0.098  0.857  -0.114 -0.021  1.437
-6.363  6.008  8.950   0.064  0.108 -0.980   0.344 -0.145  0.857  -0.134 -0.044  1.515
-6.559  5.776 10.733   0.060  0.112 -0.980   0.344 -0.145  0.857  -0.168 -0.058  1.606
-6.782  5.533 12.524   0.064  0.112 -0.972   0.344 -0.145  0.857  -0.204 -0.074  1.680
-6.985  5.286 14.330   0.068  0.108 -0.972   0.344 -0.145  0.857  -0.207 -0.087  1.740
-7.213  5.016 16.429   0.076  0.104 -0.984   0.367 -0.182  0.861  -0.229 -0.088  1.801
-7.408  4.748 18.421   0.068  0.104 -0.976   0.367 -0.182  0.861  -0.226 -0.087  1.868
-7.605  4.477 20.352   0.068  0.116 -0.976   0.367 -0.182  0.861  -0.222 -0.094  1.933
-7.788  4.183 22.566   0.076  0.104 -0.980   0.377 -0.234  0.857  -0.233 -0.104  1.995
-7.976  3.877 24.721   0.072  0.108 -0.984   0.377 -0.234  0.857  -0.250 -0.103  2.030
-8.160  3.539 26.824   0.064  0.116 -0.992   0.377 -0.234  0.857  -0.260 -0.113  2.079
-8.375  3.155 29.136   0.068  0.128 -0.988   0.370 -0.298  0.853  -0.275 -0.119  2.116
-8.572  2.793 31.426   0.076  0.116 -0.984   0.370 -0.298  0.853  -0.290 -0.119  2.150
-8.741  2.434 33.687   0.080  0.112 -0.984   0.370 -0.298  0.853  -0.295 -0.132  2.198
-8.881  2.068 35.938   0.072  0.104 -0.980   0.370 -0.298  0.853  -0.305 -0.129  2.234
-9.003  1.667 38.306   0.064  0.104 -0.976   0.385 -0.347  0.852  -0.311 -0.126  2.263
-9.135  1.275 40.591   0.068  0.108 -0.980   0.385 -0.347  0.852  -0.326 -0.121  2.289
-9.290  0.871 42.914   0.072  0.116 -0.976   0.385 -0.347  0.852  -0.337 -0.118  2.336
-9.431  0.432 45.390   0.072  0.116 -0.980   0.367 -0.422  0.846  -0.358 -0.116  2.374
-9.551 -0.024 47.802   0.068  0.116 -0.976   0.367 -0.422  0.846  -0.373 -0.125  2.399
-9.662 -0.466 50.145   0.072  0.116 -0.976   0.367 -0.422  0.846  -0.381 -0.125  2.430
-9.748 -0.940 52.739   0.076  0.116 -0.972   0.331 -0.497  0.844  -0.381 -0.127  2.454
-9.785 -1.390 55.273   0.076  0.104 -0.980   0.331 -0.497  0.844  -0.382 -0.136  2.460
-9.790 -1.888 57.722   0.064  0.112 -0.972   0.331 -0.497  0.844  -0.403 -0.153  2.471
-9.778 -2.363 60.075   0.068  0.112 -0.972   0.331 -0.497  0.844  -0.399 -0.159  2.480
-9.738 -2.857 62.552   0.072  0.112 -0.980   0.315 -0.564  0.835  -0.408 -0.167  2.484
-9.648 -3.356 64.965   0.056  0.112 -0.980   0.315 -0.564  0.835  -0.408 -0.167  2.478
-9.560 -3.846 67.384   0.064  0.112 -0.980   0.315 -0.564  0.835  -0.409 -0.163  2.481
-9.413 -4.336 69.888   0.056  0.112 -0.976   0.269 -0.633  0.827  -0.402 -0.168  2.471
-9.289 -4.819 72.258   0.060  0.124 -0.980   0.269 -0.633  0.827  -0.405 -0.156  2.467
-9.141 -5.256 74.535   0.056  0.120 -0.984   0.269 -0.633  0.827  -0.387 -0.148  2.448
-8.996 -5.671 76.932   0.064  0.116 -0.992   0.225 -0.694  0.825  -0.382 -0.125  2.435
-8.848 -6.081 79.196   0.064  0.124 -0.996   0.225 -0.694  0.825  -0.382 -0.124  2.409
-8.727 -6.452 81.329   0.072  0.124 -0.988   0.225 -0.694  0.825  -0.372 -0.110  2.391
-8.579 -6.780 83.392   0.064  0.116 -0.984   0.225 -0.694  0.825  -0.356 -0.103  2.373
-8.478 -7.099 85.452   0.084  0.124 -0.984   0.176 -0.711  0.816  -0.348 -0.087  2.342
-8.354 -7.383 87.436   0.080  0.116 -0.988   0.176 -0.711  0.816  -0.342 -0.086  2.322
-8.244 -7.642 89.293   0.084  0.116 -0.984   0.176 -0.711  0.816  -0.333 -0.080  2.287
-8.050 -7.925 91.438   0.068  0.116 -0.988   0.114 -0.760  0.799  -0.323 -0.074  2.256
-7.821 -8.191 93.488   0.056  0.116 -0.988   0.114 -0.760  0.799  -0.316 -0.074  2.219
-7.610 -8.439 95.315   0.056  0.124 -0.988   0.114 -0.760  0.799  -0.309 -0.071  2.183
-7.372 -8.698 97.314   0.064  0.124 -0.976   0.049 -0.780  0.806  -0.304 -0.077  2.142
-7.151 -8.907 99.124   0.064  0.112 -0.984   0.049 -0.780  0.806  -0.307 -0.070  2.118
-6.941 -9.081 100.819   0.064  0.104 -0.984   0.049 -0.780  0.806  -0.301 -0.064  2.074
-6.730 -9.265 102.554   0.076  0.108 -0.976  -0.005 -0.801  0.786  -0.300 -0.072  2.038
-6.522 -9.442 104.161   0.076  0.112 -0.976  -0.005 -0.801  0.786  -0.295 -0.071  1.985
-6.312 -9.605 105.690   0.076  0.112 -0.968  -0.005 -0.801  0.786  -0.292 -0.079  1.969
-6.084 -9.734 107.124   0.072  0.108 -0.976  -0.005 -0.801  0.786  -0.283 -0.090  1.922
-5.813 -9.881 108.632   0.064  0.120 -0.980  -0.059 -0.809  0.786  -0.275 -0.087  1.869
-5.558 -10.019 110.028   0.068  0.120 -0.976  -0.059 -0.809  0.786  -0.275 -0.090  1.830
-5.306 -10.109 111.329   0.068  0.112 -0.972  -0.059 -0.809  0.786  -0.257 -0.102  1.792
-5.050 -10.206 112.705   0.072  0.116 -0.976  -0.119 -0.795  0.793  -0.250 -0.093  1.749
-4.792 -10.280 113.997   0.068  0.116 -0.980  -0.119 -0.795  0.793  -0.239 -0.097  1.710
-4.553 -10.359 115.182   0.072  0.124 -0.976  -0.119 -0.795  0.793  -0.229 -0.096  1.670
-4.289 -10.428 116.399   0.068  0.124 -0.972  -0.158 -0.803  0.778  -0.223 -0.099  1.621
-4.032 -10.511 117.504   0.072  0.132 -0.968  -0.158 -0.803  0.778  -0.224 -0.104  1.571
-3.789 -10.576 118.525   0.068  0.136 -0.968  -0.158 -0.803  0.778  -0.202 -0.097  1.526
-3.578 -10.597 119.446   0.072  0.120 -0.972  -0.158 -0.803  0.778  -0.198 -0.099  1.486
-3.349 -10.601 120.427   0.072  0.116 -0.976  -0.202 -0.775  0.774  -0.191 -0.104  1.437
-3.118 -10.595 121.325   0.068  0.116 -0.976  -0.202 -0.775  0.774  -0.188 -0.107  1.387
-2.913 -10.572 122.121   0.072  0.112 -0.976  -0.202 -0.775  0.774  -0.179 -0.108  1.340
-2.703 -10.544 122.905   0.072  0.112 -0.984  -0.222 -0.763  0.782  -0.176 -0.109  1.293
-2.510 -10.530 123.564   0.080  0.116 -0.984  -0.222 -0.763  0.782  -0.178 -0.115  1.227
-2.332 -10.528 124.156   0.080  0.124 -0.984  -0.222 -0.763  0.782  -0.168 -0.105  1.187
-2.096 -10.522 124.795   0.072  0.128 -0.984  -0.245 -0.737  0.771  -0.174 -0.124  1.136
-1.896 -10.499 125.334   0.080  0.120 -0.976  -0.245 -0.737  0.771  -0.168 -0.131  1.097
-1.698 -10.454 125.783   0.080  0.116 -0.988  -0.245 -0.737  0.771  -0.166 -0.142  1.036
-1.500 -10.401 126.138   0.080  0.112 -0.988  -0.245 -0.737  0.771  -0.171 -0.152  0.970
-1.276 -10.339 126.521   0.072  0.112 -0.980  -0.271 -0.728  0.776  -0.166 -0.154  0.910
-1.066 -10.279 126.827   0.076  0.116 -0.980  -0.271 -0.728  0.776  -0.157 -0.160  0.862
-0.868 -10.223 127.082   0.068  0.120 -0.984  -0.271 -0.728  0.776  -0.144 -0.138  0.810
-0.662 -10.157 127.311   0.060  0.120 -0.988  -0.279 -0.728  0.778  -0.139 -0.135  0.756
-0.464 -10.103 127.510   0.056  0.128 -0.984  -0.279 -0.728  0.778  -0.125 -0.123  0.723
-0.293 -10.052 127.628   0.056  0.124 -0.984  -0.279 -0.728  0.778  -0.123 -0.108  0.667
-0.169 -10.010 127.670   0.064  0.124 -0.984  -0.279 -0.717  0.771  -0.110 -0.094  0.614
-0.031 -9.966 127.690   0.052  0.128 -0.988  -0.279 -0.717  0.771  -0.103 -0.081  0.567
 0.058 -9.931 127.633   0.064  0.124 -0.988  -0.279 -0.717  0.771  -0.099 -0.075  0.534
 0.132 -9.888 127.506   0.064  0.116 -0.980  -0.279 -0.717  0.771  -0.100 -0.072  0.480
 0.173 -9.861 127.296   0.080  0.116 -0.988  -0.279 -0.697  0.780  -0.101 -0.076  0.421
 0.218 -9.806 127.073   0.068  0.112 -0.988  -0.279 -0.697  0.780  -0.086 -0.068  0.380
 0.227 -9.767 126.773   0.080  0.108 -0.980  -0.279 -0.697  0.780  -0.090 -0.065  0.340
 0.230 -9.735 126.401   0.080  0.112 -0.984  -0.276 -0.717  0.776  -0.085 -0.061  0.291
 0.255 -9.719 126.015   0.076  0.124 -0.980  -0.276 -0.717  0.776  -0.079 -0.064  0.247
 0.282 -9.714 125.589   0.080  0.128 -0.976  -0.276 -0.717  0.776  -0.081 -0.071  0.204
 0.283 -9.698 125.118   0.084  0.128 -0.984  -0.276 -0.717  0.776  -0.063 -0.068  0.162
 0.286 -9.673 124.631   0.076  0.128 -0.984  -0.266 -0.688  0.774  -0.055 -0.055  0.115
 0.276 -9.649 124.124   0.076  0.128 -0.980  -0.266 -0.688  0.774  -0.046 -0.047  0.084
 0.267 -9.600 123.594   0.068  0.120 -0.984  -0.266 -0.688  0.774  -0.041 -0.041  0.034
 0.231 -9.546 122.982   0.064  0.116 -0.988  -0.251 -0.697  0.784  -0.034 -0.020 -0.004
 0.182 -9.505 122.345   0.064  0.120 -0.980  -0.251 -0.697  0.784  -0.025 -0.006 -0.047
 0.117 -9.469 121.680   0.068  0.120 -0.976  -0.251 -0.697  0.784  -0.022 -0.002 -0.081
 0.007 -9.444 120.947   0.076  0.120 -0.976  -0.248 -0.717  0.780  -0.012  0.017 -0.111
-0.096 -9.429 120.226   0.072  0.128 -0.980  -0.248 -0.717  0.780  -0.005  0.028 -0.142
-0.208 -9.411 119.490   0.068  0.124 -0.980  -0.248 -0.717  0.780  -0.003  0.047 -0.183
-0.324 -9.374 118.762   0.064  0.120 -0.980  -0.248 -0.717  0.780   0.006  0.055 -0.207
-0.455 -9.364 117.957   0.072  0.124 -0.976  -0.235 -0.717  0.776  -0.002  0.057 -0.243
-0.574 -9.360 117.182   0.064  0.132 -0.976  -0.235 -0.717  0.776   0.009  0.072 -0.269
-0.668 -9.350 116.428   0.056  0.140 -0.980  -0.235 -0.717  0.776   0.022  0.074 -0.304
-0.788 -9.334 115.626   0.056  0.136 -0.988  -0.225 -0.717  0.786   0.025  0.091 -0.335
-0.919 -9.311 114.821   0.056  0.128 -0.972  -0.225 -0.717  0.786   0.024  0.100 -0.357
-1.073 -9.288 113.995   0.064  0.128 -0.976  -0.225 -0.717  0.786   0.028  0.105 -0.380
-1.232 -9.262 113.145   0.060  0.132 -0.968  -0.217 -0.723  0.788   0.043  0.117 -0.412
-1.421 -9.225 112.267   0.068  0.124 -0.980  -0.217 -0.723  0.788   0.041  0.125 -0.437
-1.629 -9.188 111.382   0.072  0.124 -0.980  -0.217 -0.723  0.788   0.047  0.139 -0.461
-1.849 -9.148 110.498   0.072  0.120 -0.980  -0.217 -0.723  0.788   0.046  0.155 -0.486
-2.058 -9.082 109.559   0.060  0.116 -0.976  -0.196 -0.728  0.780   0.057  0.166 -0.527
-2.272 -9.038 108.629   0.068  0.124 -0.976  -0.196 -0.728  0.780   0.055  0.165 -0.534
-2.504 -9.007 107.684   0.076  0.128 -0.976  -0.196 -0.728  0.780   0.055  0.172 -0.558
-2.752 -8.983 106.695   0.080  0.136 -0.980  -0.181 -0.720  0.789   0.064  0.180 -0.577
-2.984 -8.949 105.745   0.072  0.128 -0.976  -0.181 -0.720  0.789   0.055  0.193 -0.595
-3.188 -8.899 104.835   0.064  0.124 -0.976  -0.181 -0.720  0.789   0.057  0.193 -0.613
-3.410 -8.876 103.883   0.064  0.132 -0.984  -0.168 -0.740  0.793   0.049  0.216 -0.630
-3.631 -8.860 102.942   0.068  0.136 -0.976  -0.168 -0.740  0.793   0.050  0.215 -0.644
-3.855 -8.822 102.009   0.068  0.124 -0.980  -0.168 -0.740  0.793   0.043  0.221 -0.665
-4.097 -8.774 101.080   0.076  0.120 -0.976  -0.168 -0.740  0.793   0.044  0.223 -0.668
-4.299 -8.735 100.193   0.064  0.124 -0.972  -0.163 -0.740  0.788   0.042  0.226 -0.684
-4.533 -8.691 99.299   0.072  0.120 -0.968  -0.163 -0.740  0.788   0.041  0.240 -0.695
-4.760 -8.639 98.428   0.072  0.116 -0.972  -0.163 -0.740  0.788   0.037  0.242 -0.705
-4.988 -8.587 97.505   0.072  0.120 -0.980  -0.142 -0.740  0.799   0.037  0.245 -0.718
-5.210 -8.525 96.602   0.072  0.112 -0.984  -0.142 -0.740  0.799   0.027  0.246 -0.732
-5.407 -8.472 95.743   0.068  0.112 -0.984  -0.142 -0.740  0.799   0.019  0.244 -0.737
-5.617 -8.393 94.819   0.072  0.108 -0.976  -0.121 -0.757  0.791   0.027  0.242 -0.744
-5.799 -8.349 93.942   0.064  0.120 -0.976  -0.121 -0.757  0.791   0.022  0.246 -0.758
-6.022 -8.307 93.047   0.080  0.124 -0.972  -0.121 -0.757  0.791   0.026  0.250 -0.760
-6.217 -8.272 92.191   0.076  0.124 -0.972  -0.121 -0.757  0.791   0.019  0.244 -0.769
-6.379 -8.226 91.362   0.064  0.120 -0.988  -0.109 -0.757  0.793   0.014  0.248 -0.771
-6.541 -8.176 90.551   0.068  0.120 -0.992  -0.109 -0.757  0.793   0.014  0.245 -0.775
-6.685 -8.133 89.755   0.068  0.120 -0.996  -0.109 -0.757  0.793   0.006  0.235 -0.792
-6.850 -8.104 88.894   0.076  0.128 -0.988  -0.088 -0.772  0.791   0.003  0.232 -0.789
-6.997 -8.061 88.081   0.072  0.120 -0.984  -0.088 -0.772  0.791   0.000  0.231 -0.788
-7.158 -8.024 87.271   0.080  0.124 -0.980  -0.088 -0.772  0.791   0.000  0.228 -0.792
-7.300 -7.966 86.425   0.072  0.116 -0.984  -0.062 -0.786  0.791  -0.005  0.227 -0.798
-7.437 -7.917 85.610   0.076  0.120 -0.988  -0.062 -0.786  0.791  -0.007  0.220 -0.791
-7.551 -7.869 84.831   0.076  0.120 -0.992  -0.062 -0.786  0.791  -0.007  0.205 -0.792
-7.641 -7.802 84.101   0.072  0.112 -0.984  -0.062 -0.786  0.791  -0.003  0.198 -0.787
-7.726 -7.751 83.359   0.072  0.116 -0.980  -0.052 -0.783  0.788  -0.009  0.191 -0.793
-7.819 -7.723 82.636   0.076  0.128 -0.976  -0.052 -0.783  0.788  -0.007  0.190 -0.788
-7.897 -7.686 81.959   0.076  0.124 -0.976  -0.052 -0.783  0.788  -0.006  0.180 -0.776
-7.971 -7.635 81.219   0.080  0.116 -0.972  -0.028 -0.786  0.795  -0.017  0.162 -0.778
-8.016 -7.604 80.532   0.072  0.124 -0.968  -0.028 -0.786  0.795  -0.012  0.156 -0.776
-8.026 -7.556 79.902   0.064  0.120 -0.976  -0.028 -0.786  0.795  -0.001  0.150 -0.775
-8.061 -7.520 79.183   0.068  0.132 -0.972   0.008 -0.795  0.795   0.000  0.147 -0.756
-8.092 -7.490 78.488   0.072  0.132 -0.968   0.008 -0.795  0.795  -0.003  0.134 -0.750
-8.103 -7.436 77.857   0.068  0.120 -0.972   0.008 -0.795  0.795  -0.005  0.132 -0.736
-8.110 -7.384 77.259   0.072  0.120 -0.972   0.008 -0.795  0.795  -0.005  0.119 -0.721
-8.103 -7.311 76.648   0.068  0.112 -0.972   0.028 -0.795  0.791  -0.003  0.114 -0.710
-8.096 -7.202 76.060   0.076  0.104 -0.980   0.028 -0.795  0.791   0.010  0.103 -0.700
-8.089 -7.102 75.515   0.076  0.104 -0.972   0.028 -0.795  0.791   0.008  0.102 -0.681
-8.115 -7.041 74.889   0.080  0.124 -0.968   0.052 -0.789  0.805   0.004  0.102 -0.676
-8.106 -6.966 74.332   0.076  0.120 -0.980   0.052 -0.789  0.805   0.014  0.090 -0.656
-8.088 -6.907 73.825   0.072  0.124 -0.968   0.052 -0.789  0.805   0.016  0.086 -0.637
-8.071 -6.815 73.239   0.076  0.116 -0.980   0.090 -0.789  0.797   0.017  0.074 -0.617
-8.057 -6.761 72.684   0.072  0.132 -0.972   0.090 -0.789  0.797   0.021  0.075 -0.606
-8.016 -6.698 72.208   0.064  0.124 -0.964   0.090 -0.789  0.797   0.025  0.073 -0.580
-7.971 -6.667 71.778   0.060  0.136 -0.964   0.090 -0.789  0.797   0.025  0.070 -0.558
-7.960 -6.597 71.289   0.076  0.132 -0.964   0.103 -0.783  0.801   0.037  0.064 -0.547
-7.911 -6.526 70.888   0.068  0.124 -0.968   0.103 -0.783  0.801   0.035  0.053 -0.517
-7.859 -6.464 70.525   0.068  0.128 -0.976   0.103 -0.783  0.801   0.036  0.050 -0.497
-7.824 -6.380 70.100   0.072  0.124 -0.976   0.129 -0.775  0.808   0.037  0.048 -0.478
-7.747 -6.281 69.763   0.060  0.116 -0.980   0.129 -0.775  0.808   0.050  0.047 -0.455
-7.647 -6.224 69.471   0.052  0.128 -0.976   0.129 -0.775  0.808   0.052  0.034 -0.435
-7.569 -6.158 69.131   0.056  0.128 -0.976   0.155 -0.775  0.803   0.050  0.033 -0.408
-7.546 -6.020 68.779   0.084  0.112 -0.976   0.155 -0.775  0.803   0.059  0.034 -0.381
-7.507 -5.894 68.483   0.076  0.108 -0.976   0.155 -0.775  0.803   0.053  0.037 -0.367
-7.454 -5.765 68.235   0.076  0.104 -0.976   0.155 -0.775  0.803   0.057  0.028 -0.340
-7.394 -5.653 67.990   0.068  0.108 -0.980   0.168 -0.754  0.808   0.054  0.029 -0.307
-7.361 -5.557 67.748   0.076  0.116 -0.980   0.168 -0.754  0.808   0.050  0.026 -0.287
-7.302 -5.469 67.556   0.068  0.120 -0.984   0.168 -0.754  0.808   0.064  0.022 -0.268
-7.250 -5.391 67.324   0.068  0.120 -0.980   0.191 -0.749  0.812   0.053  0.014 -0.238
-7.226 -5.280 67.114   0.080  0.112 -0.976   0.191 -0.749  0.812   0.057  0.020 -0.208
-7.176 -5.164 66.972   0.072  0.104 -0.976   0.191 -0.749  0.812   0.059  0.020 -0.183
-7.128 -5.104 66.850   0.060  0.120 -0.980   0.196 -0.746  0.803   0.049  0.029 -0.166
-7.079 -5.028 66.769   0.060  0.112 -0.980   0.196 -0.746  0.803   0.049  0.033 -0.143
-7.042 -4.961 66.722   0.060  0.116 -0.976   0.196 -0.746  0.803   0.049  0.039 -0.110
-7.031 -4.890 66.664   0.072  0.120 -0.984   0.196 -0.746  0.803   0.050  0.033 -0.093
-7.041 -4.836 66.606   0.072  0.124 -0.976   0.199 -0.725  0.808   0.039  0.040 -0.055
-7.056 -4.785 66.558   0.072  0.128 -0.972   0.199 -0.725  0.808   0.046  0.042 -0.043
-7.044 -4.737 66.577   0.068  0.124 -0.980   0.199 -0.725  0.808   0.044  0.031 -0.004
-7.028 -4.677 66.542   0.064  0.116 -0.976   0.222 -0.711  0.816   0.038  0.033  0.015
-7.016 -4.648 66.526   0.060  0.124 -0.976   0.222 -0.711  0.816   0.030  0.034  0.032
-7.003 -4.599 66.555   0.060  0.116 -0.980   0.222 -0.711  0.816   0.031  0.041  0.059
-6.999 -4.554 66.598   0.060  0.116 -0.976   0.225 -0.705  0.816   0.026  0.045  0.088
-6.986 -4.502 66.670   0.060  0.108 -0.976   0.225 -0.705  0.816   0.021  0.042  0.105
-7.013 -4.488 66.726   0.068  0.120 -0.976   0.225 -0.705  0.816   0.000  0.041  0.127
-7.070 -4.452 66.791   0.076  0.120 -0.980   0.225 -0.705  0.816   0.004  0.053  0.153
-7.129 -4.420 66.880   0.076  0.120 -0.972   0.220 -0.691  0.820   0.003  0.053  0.183
-7.155 -4.441 67.043   0.060  0.124 -0.976   0.220 -0.691  0.820  -0.017  0.050  0.215
-7.172 -4.481 67.216   0.060  0.128 -0.984   0.220 -0.691  0.820  -0.023  0.039  0.231
-7.218 -4.482 67.411   0.068  0.120 -0.980   0.225 -0.711  0.825  -0.020  0.057  0.256
-7.234 -4.484 67.657   0.060  0.108 -0.988   0.225 -0.711  0.825  -0.034  0.057  0.270
-7.268 -4.496 67.881   0.064  0.116 -0.980   0.225 -0.711  0.825  -0.033  0.057  0.291
-7.317 -4.523 68.108   0.068  0.116 -0.980   0.217 -0.697  0.814  -0.051  0.057  0.304
-7.372 -4.554 68.346   0.068  0.120 -0.984   0.217 -0.697  0.814  -0.051  0.062  0.326
-7.432 -4.608 68.589   0.064  0.128 -0.980   0.217 -0.697  0.814  -0.055  0.067  0.342
-7.492 -4.669 68.849   0.060  0.128 -0.972   0.217 -0.697  0.814  -0.061  0.074  0.359
-7.544 -4.718 69.170   0.064  0.120 -0.972   0.202 -0.697  0.821  -0.064  0.070  0.380
-7.616 -4.747 69.482   0.072  0.112 -0.972   0.202 -0.697  0.821  -0.073  0.077  0.392
-7.683 -4.783 69.801   0.068  0.112 -0.980   0.202 -0.697  0.821  -0.079  0.084  0.398
-7.755 -4.821 70.179   0.068  0.112 -0.980   0.196 -0.717  0.821  -0.081  0.094  0.424
-7.818 -4.876 70.561   0.064  0.116 -0.980   0.196 -0.717  0.821  -0.085  0.092  0.436
-7.899 -4.936 70.921   0.068  0.116 -0.984   0.196 -0.717  0.821  -0.099  0.099  0.440
-7.964 -5.016 71.299   0.064  0.124 -0.984   0.189 -0.711  0.814  -0.096  0.092  0.450
-8.057 -5.107 71.632   0.072  0.128 -0.980   0.189 -0.711  0.814  -0.108  0.094  0.450
-8.131 -5.197 71.976   0.068  0.124 -0.984   0.189 -0.711  0.814  -0.114  0.092  0.456
-8.208 -5.259 72.308   0.072  0.120 -0.984   0.189 -0.711  0.814  -0.103  0.095  0.462
-8.287 -5.340 72.691   0.072  0.124 -0.980   0.165 -0.699  0.816  -0.110  0.100  0.472
-8.369 -5.430 73.060   0.072  0.128 -0.984   0.165 -0.699  0.816  -0.114  0.102  0.476
-8.443 -5.538 73.434   0.068  0.128 -0.980   0.165 -0.699  0.816  -0.123  0.100  0.470
-8.509 -5.656 73.859   0.068  0.128 -0.984   0.155 -0.720  0.812  -0.129  0.101  0.472
-8.539 -5.757 74.310   0.060  0.116 -0.984   0.155 -0.720  0.812  -0.133  0.099  0.475
-8.592 -5.852 74.691   0.072  0.120 -0.972   0.155 -0.720  0.812  -0.129  0.089  0.469
-8.639 -5.947 75.104   0.072  0.120 -0.968   0.140 -0.714  0.816  -0.127  0.089  0.473
-8.679 -6.035 75.485   0.072  0.120 -0.988   0.140 -0.714  0.816  -0.132  0.091  0.470
-8.704 -6.124 75.862   0.068  0.120 -0.988   0.140 -0.714  0.816  -0.130  0.089  0.470
-8.737 -6.221 76.273   0.076  0.120 -0.984   0.124 -0.734  0.816  -0.133  0.083  0.453
-8.771 -6.314 76.648   0.076  0.120 -0.980   0.124 -0.734  0.816  -0.136  0.085  0.454
-8.798 -6.394 77.001   0.076  0.116 -0.980   0.124 -0.734  0.816  -0.135  0.084  0.445
-8.834 -6.479 77.339   0.080  0.120 -0.980   0.124 -0.734  0.816  -0.134  0.080  0.443
-8.851 -6.557 77.706   0.076  0.116 -0.984   0.119 -0.746  0.812  -0.132  0.081  0.439
-8.856 -6.616 78.032   0.076  0.112 -0.984   0.119 -0.746  0.812  -0.127  0.075  0.426
-8.876 -6.693 78.328   0.080  0.116 -0.976   0.119 -0.746  0.812  -0.136  0.074  0.415
-8.886 -6.781 78.649   0.080  0.120 -0.988   0.109 -0.746  0.806  -0.136  0.070  0.415
-8.853 -6.873 78.972   0.060  0.124 -0.984   0.109 -0.746  0.806  -0.125  0.078  0.396
-8.846 -6.955 79.245   0.072  0.120 -0.984   0.109 -0.746  0.806  -0.134  0.073  0.391
-8.854 -7.019 79.533   0.080  0.120 -0.988   0.090 -0.743  0.810  -0.123  0.078  0.382
-8.865 -7.083 79.801   0.080  0.120 -0.988   0.090 -0.743  0.810  -0.123  0.080  0.365
-8.864 -7.136 80.039   0.080  0.116 -0.980   0.090 -0.743  0.810  -0.122  0.070  0.357
-8.823 -7.201 80.304   0.064  0.116 -0.984   0.093 -0.766  0.806  -0.123  0.074  0.338
-8.766 -7.279 80.546   0.064  0.124 -0.980   0.093 -0.766  0.806  -0.118  0.056  0.333
-8.720 -7.361 80.735   0.068  0.128 -0.980   0.093 -0.766  0.806  -0.118  0.052  0.308
-8.677 -7.438 80.907   0.068  0.128 -0.976   0.093 -0.766  0.806  -0.116  0.052  0.300
-8.628 -7.503 81.087   0.068  0.124 -0.980   0.083 -0.760  0.801  -0.113  0.053  0.282
-8.581 -7.562 81.245   0.068  0.124 -0.980   0.083 -0.760  0.801  -0.110  0.053  0.269
-8.508 -7.621 81.394   0.060  0.128 -0.980   0.083 -0.760  0.801  -0.099  0.047  0.248
-8.463 -7.644 81.524   0.076  0.120 -0.980   0.075 -0.772  0.805  -0.090  0.041  0.242
-8.409 -7.660 81.625   0.076  0.116 -0.976   0.075 -0.772  0.805  -0.090  0.033  0.219
-8.352 -7.673 81.711   0.076  0.112 -0.980   0.075 -0.772  0.805  -0.096  0.030  0.204
-8.301 -7.672 81.713   0.080  0.116 -0.988   0.090 -0.775  0.806  -0.084  0.020  0.186
-8.235 -7.702 81.707   0.072  0.128 -0.984   0.090 -0.775  0.806  -0.083  0.018  0.170
-8.151 -7.732 81.712   0.064  0.124 -0.976   0.090 -0.775  0.806  -0.083  0.022  0.158
-8.068 -7.740 81.688   0.068  0.120 -0.988   0.090 -0.775  0.806  -0.078  0.016  0.137
-7.993 -7.733 81.677   0.072  0.112 -0.992   0.080 -0.775  0.805  -0.080  0.018  0.121
-7.888 -7.728 81.674   0.060  0.116 -0.980   0.080 -0.775  0.805  -0.063  0.012  0.101
-7.793 -7.719 81.648   0.064  0.116 -0.972   0.080 -0.775  0.805  -0.059  0.006  0.093
-7.707 -7.686 81.599   0.068  0.108 -0.972   0.078 -0.772  0.808  -0.056  0.007  0.071
-7.647 -7.660 81.508   0.076  0.116 -0.980   0.078 -0.772  0.808  -0.051  0.006  0.057
-7.582 -7.627 81.409   0.076  0.116 -0.972   0.078 -0.772  0.808  -0.042 -0.000  0.048
-7.520 -7.592 81.257   0.072  0.120 -0.976   0.096 -0.780  0.803  -0.035  0.005  0.035
-7.459 -7.556 81.104   0.072  0.120 -0.976   0.096 -0.780  0.803  -0.033  0.003  0.028
-7.389 -7.503 80.942   0.072  0.112 -0.976   0.096 -0.780  0.803  -0.030 -0.003  0.008
-7.307 -7.439 80.790   0.064  0.108 -0.972   0.096 -0.780  0.803  -0.022  0.005 -0.010
-7.221 -7.395 80.605   0.064  0.116 -0.972   0.101 -0.775  0.803  -0.022 -0.006 -0.021
-7.167 -7.330 80.392   0.072  0.116 -0.980   0.101 -0.775  0.803  -0.009  0.003 -0.033
-7.096 -7.267 80.195   0.068  0.120 -0.988   0.101 -0.775  0.803   0.000 -0.003 -0.036
-7.064 -7.214 79.919   0.076  0.124 -0.984   0.111 -0.772  0.808  -0.007  0.003 -0.055
-7.038 -7.143 79.638   0.080  0.120 -0.984   0.111 -0.772  0.808   0.000  0.002 -0.062
-6.989 -7.080 79.378   0.072  0.120 -0.976   0.111 -0.772  0.808   0.004 -0.002 -0.071
-6.975 -7.015 79.011   0.080  0.128 -0.984   0.140 -0.777  0.803   0.008 -0.002 -0.078
-6.930 -6.878 78.709   0.064  0.140 -1.004   0.140 -0.777  0.803   0.099  0.023 -0.066
-7.107 -6.495 78.491   0.092  0.128 -1.036   0.140 -0.777  0.803   0.240  0.201  0.057
-7.557 -6.095 78.320   0.124  0.116 -1.044   0.140 -0.777  0.803   0.184  0.382  0.164
-8.171 -5.969 78.251   0.136  0.124 -1.032   0.119 -0.757  0.812  -0.056  0.465  0.265
-8.736 -6.089 78.190   0.144  0.120 -1.008   0.119 -0.757  0.812  -0.266  0.377  0.287
-9.180 -6.336 78.106   0.144  0.120 -0.984   0.119 -0.757  0.812  -0.360  0.261  0.266
-9.346 -6.591 78.128   0.124  0.128 -0.972   0.096 -0.772  0.812  -0.293  0.085  0.231
-9.284 -6.585 78.119   0.124  0.136 -0.964   0.096 -0.772  0.812  -0.023 -0.063  0.193
-9.029 -6.378 78.045   0.116  0.148 -0.952   0.096 -0.772  0.812   0.213 -0.180  0.117
-8.687 -6.142 77.893   0.100  0.124 -0.960   0.119 -0.760  0.803   0.213 -0.219  0.044
-8.422 -6.089 77.701   0.096  0.116 -0.968   0.119 -0.760  0.803   0.039 -0.182 -0.007
-8.256 -6.240 77.556   0.080  0.116 -0.972   0.119 -0.760  0.803  -0.144 -0.108 -0.001
-8.151 -6.478 77.455   0.080  0.120 -0.972   0.119 -0.760  0.803  -0.226 -0.080  0.040
-8.036 -6.664 77.376   0.080  0.116 -0.968   0.129 -0.772  0.814  -0.195 -0.087  0.076
-7.838 -6.690 77.371   0.068  0.120 -0.956   0.129 -0.772  0.814  -0.034 -0.108  0.109
-7.637 -6.531 77.379   0.068  0.120 -0.952   0.129 -0.772  0.814   0.125 -0.082  0.120
-7.523 -6.305 77.322   0.076  0.088 -0.960   0.140 -0.760  0.818   0.103 -0.019  0.096
-7.463 -6.219 77.260   0.068  0.096 -0.972   0.140 -0.760  0.818  -0.002  0.019  0.082
-7.464 -6.248 77.181   0.068  0.104 -0.976   0.140 -0.760  0.818  -0.094  0.046  0.077
-7.529 -6.317 77.097   0.068  0.104 -0.960   0.152 -0.766  0.805  -0.140  0.085  0.106
-7.650 -6.382 77.019   0.064  0.124 -0.948   0.152 -0.766  0.805  -0.107  0.139  0.127
-7.756 -6.308 76.938   0.072  0.132 -0.956   0.152 -0.766  0.805   0.022  0.138  0.143
-7.774 -6.140 76.856   0.068  0.128 -0.964   0.152 -0.766  0.805   0.112  0.099  0.117
-7.687 -6.038 76.752   0.072  0.120 -0.980   0.145 -0.743  0.808   0.061 -0.006  0.082
-7.541 -6.061 76.667   0.064  0.116 -0.992   0.145 -0.743  0.808  -0.036 -0.061  0.065
-7.373 -6.191 76.612   0.056  0.120 -0.992   0.145 -0.743  0.808  -0.112 -0.088  0.071
-7.210 -6.357 76.589   0.044  0.124 -0.996   0.160 -0.757  0.812  -0.139 -0.076  0.105
-7.043 -6.484 76.633   0.036  0.128 -1.000   0.160 -0.757  0.812  -0.101 -0.060  0.147
-6.861 -6.506 76.687   0.036  0.124 -0.992   0.160 -0.757  0.812  -0.018 -0.058  0.153
-6.743 -6.492 76.655   0.032  0.124 -0.992   0.178 -0.757  0.808  -0.001 -0.002  0.126
-6.740 -6.516 76.598   0.028  0.124 -0.984   0.178 -0.757  0.808  -0.052  0.094  0.106
-6.816 -6.569 76.545   0.040  0.120 -0.988   0.178 -0.757  0.808  -0.105  0.127  0.137
-6.895 -6.628 76.517   0.040  0.112 -0.976   0.178 -0.757  0.808  -0.125  0.130  0.154
-6.973 -6.685 76.547   0.044  0.116 -0.976   0.158 -0.751  0.810  -0.117  0.129  0.164
-7.082 -6.690 76.510   0.060  0.120 -0.980   0.158 -0.751  0.810  -0.078  0.130  0.149
-7.150 -6.681 76.488   0.056  0.132 -0.984   0.158 -0.751  0.810  -0.036  0.110  0.158
-7.198 -6.673 76.499   0.056  0.132 -0.984   0.155 -0.757  0.812  -0.033  0.096  0.172
-7.244 -6.628 76.505   0.064  0.128 -0.976   0.155 -0.757  0.812  -0.008  0.085  0.184
-7.272 -6.517 76.554   0.064  0.104 -0.976   0.155 -0.757  0.812   0.005  0.089  0.198
-7.330 -6.467 76.587   0.072  0.116 -0.972   0.147 -0.749  0.801  -0.025  0.085  0.202
-7.338 -6.495 76.647   0.060  0.116 -0.968   0.147 -0.749  0.801  -0.077  0.057  0.195
-7.311 -6.543 76.716   0.056  0.120 -0.960   0.147 -0.749  0.801  -0.077  0.030  0.199
-7.283 -6.560 76.789   0.056  0.120 -0.964   0.147 -0.749  0.801  -0.052  0.036  0.204
-7.221 -6.550 76.888   0.056  0.116 -0.960   0.142 -0.746  0.810  -0.029  0.012  0.214
-7.138 -6.514 76.987   0.060  0.116 -1.024   0.142 -0.746  0.810  -0.017 -0.002  0.209
-7.089 -6.488 77.032   0.064  0.116 -0.980   0.142 -0.746  0.810  -0.022  0.007  0.187
-7.056 -6.486 77.026   0.064  0.108 -0.980   0.155 -0.754  0.810  -0.062  0.012  0.166
-7.042 -6.469 77.028   0.072  0.092 -0.984   0.155 -0.754  0.810  -0.086  0.016  0.177
-7.005 -6.515 77.052   0.064  0.108 -0.992   0.155 -0.754  0.810  -0.103 -0.000  0.189
-6.958 -6.575 77.106   0.056  0.116 -0.996   0.155 -0.754  0.810  -0.097  0.005  0.204
-6.891 -6.598 77.188   0.052  0.108 -1.000   0.155 -0.754  0.810  -0.079  0.003  0.211
-6.781 -6.580 77.296   0.044  0.104 -1.012   0.155 -0.754  0.810  -0.045 -0.008  0.211
-6.679 -6.538 77.358   0.056  0.108 -1.012   0.155 -0.754  0.810  -0.019 -0.026  0.203
-6.606 -6.535 77.385   0.052  0.112 -0.996   0.152 -0.737  0.808  -0.044 -0.008  0.182
