-0.000  0.000 -0.000  -0.096  0.284 -0.960   0.326 -1.494  0.605   0.005 -0.010  0.005
-0.275 -0.441  2.201  -0.092  0.280 -0.960   0.326 -1.494  0.605  -0.005  0.003  0.003
-0.524 -0.913  4.487  -0.096  0.280 -0.972   0.326 -1.494  0.605   0.004  0.001 -0.003
-0.745 -1.366  6.650  -0.088  0.272 -0.960   0.320 -1.503  0.590   0.003 -0.011  0.001
-0.941 -1.818  8.787  -0.092  0.272 -0.960   0.320 -1.503  0.590   0.003 -0.002 -0.002
-1.136 -2.259 10.894  -0.088  0.268 -0.952   0.320 -1.503  0.590  -0.009  0.005 -0.003
-1.339 -2.735 13.078  -0.080  0.284 -0.948   0.323 -1.497  0.590   0.006  0.003  0.008
-1.528 -3.189 15.114  -0.076  0.284 -0.952   0.323 -1.497  0.590  -0.003 -0.004  0.002
-1.679 -3.637 17.119  -0.080  0.280 -0.956   0.323 -1.497  0.590   0.003 -0.002  0.001
-1.810 -4.065 19.091  -0.080  0.276 -0.960   0.323 -1.497  0.590   0.002  0.006  0.002
-1.927 -4.524 21.017  -0.084  0.284 -0.956   0.326 -1.491  0.596  -0.002 -0.007 -0.002
-2.032 -4.964 22.912  -0.080  0.280 -0.948   0.326 -1.491  0.596  -0.001 -0.002  0.007
-2.122 -5.395 24.745  -0.080  0.276 -0.952   0.326 -1.491  0.596  -0.008 -0.004 -0.014
-2.152 -5.824 26.568  -0.096  0.272 -0.944   0.326 -1.509  0.596   0.004  0.003 -0.003
-2.193 -6.266 28.343  -0.096  0.284 -0.952   0.326 -1.509  0.596  -0.008  0.001 -0.004
-2.210 -6.660 30.081  -0.088  0.272 -0.956   0.326 -1.509  0.596   0.003  0.003  0.002
-2.224 -7.064 31.779  -0.088  0.276 -0.952   0.315 -1.497  0.590  -0.007 -0.002 -0.002
-2.217 -7.477 33.439  -0.096  0.288 -0.960   0.315 -1.497  0.590   0.000 -0.002  0.001
-2.207 -7.870 35.047  -0.096  0.284 -0.960   0.315 -1.497  0.590  -0.008  0.006 -0.008
-2.168 -8.272 36.704  -0.096  0.284 -0.964   0.315 -1.497  0.590   0.000 -0.005  0.002
-2.113 -8.636 38.229  -0.100  0.280 -0.960   0.326 -1.500  0.598   0.003  0.000  0.002
-2.070 -8.978 39.699  -0.092  0.280 -0.956   0.326 -1.500  0.598   0.004  0.003 -0.001
-2.032 -9.302 41.119  -0.084  0.276 -0.952   0.326 -1.500  0.598   0.000 -0.002  0.001
-1.969 -9.617 42.516  -0.092  0.272 -0.956   0.318 -1.503  0.590  -0.006  0.000 -0.001
-1.915 -9.942 43.924  -0.084  0.276 -0.952   0.318 -1.503  0.590  -0.005 -0.006 -0.003
-1.911 -10.226 45.199  -0.068  0.284 -0.952   0.318 -1.503  0.590  -0.003  0.005  0.001
-1.862 -10.511 46.462  -0.084  0.280 -0.956   0.318 -1.509  0.590  -0.007  0.005  0.004
-1.814 -10.789 47.664  -0.080  0.284 -0.956   0.318 -1.509  0.590  -0.002  0.000 -0.008
-1.746 -11.057 48.905  -0.080  0.272 -0.952   0.318 -1.509  0.590  -0.007 -0.005  0.004
-1.668 -11.310 50.050  -0.088  0.276 -0.956   0.318 -1.509  0.590  -0.007  0.001  0.001
-1.609 -11.552 51.128  -0.084  0.276 -0.948   0.328 -1.503  0.598  -0.009  0.006 -0.003
-1.561 -11.789 52.161  -0.080  0.284 -0.948   0.328 -1.503  0.598  -0.002  0.006 -0.002
-1.466 -12.015 53.184  -0.092  0.280 -0.960   0.328 -1.503  0.598   0.002 -0.001  0.001
-1.364 -12.237 54.182  -0.096  0.280 -0.952   0.320 -1.506  0.592   0.000  0.005 -0.006
-1.242 -12.437 55.168  -0.096  0.276 -0.956   0.320 -1.506  0.592   0.010 -0.005  0.010
-1.147 -12.636 56.099  -0.092  0.280 -0.952   0.320 -1.506  0.592   0.003  0.003  0.002
-1.067 -12.852 56.977  -0.092  0.288 -0.956   0.320 -1.497  0.594  -0.009  0.001 -0.009
-0.942 -13.016 57.851  -0.100  0.268 -0.952   0.320 -1.497  0.594   0.003  0.003 -0.006
-0.834 -13.208 58.691  -0.100  0.280 -0.948   0.320 -1.497  0.594  -0.006  0.001 -0.002
-0.733 -13.361 59.529  -0.088  0.268 -0.948   0.320 -1.497  0.594   0.002 -0.004 -0.002
-0.653 -13.525 60.294  -0.092  0.284 -0.952   0.326 -1.503  0.600   0.003  0.006  0.004
-0.568 -13.699 61.019  -0.092  0.288 -0.948   0.326 -1.503  0.600   0.002 -0.004 -0.007
-0.480 -13.863 61.726  -0.096  0.284 -0.952   0.326 -1.503  0.600  -0.006  0.001 -0.004
-0.385 -14.025 62.417  -0.096  0.284 -0.948   0.328 -1.512  0.592  -0.005 -0.006  0.004
-0.302 -14.158 63.070  -0.092  0.280 -0.948   0.328 -1.512  0.592   0.002  0.000 -0.002
-0.240 -14.280 63.691  -0.088  0.276 -0.948   0.328 -1.512  0.592  -0.007  0.007 -0.001
-0.179 -14.387 64.284  -0.084  0.280 -0.948   0.326 -1.503  0.600   0.010  0.003 -0.002
-0.152 -14.489 64.840  -0.072  0.280 -0.944   0.326 -1.503  0.600   0.005  0.001  0.004
-0.110 -14.590 65.370  -0.076  0.276 -0.952   0.326 -1.503  0.600  -0.006 -0.005 -0.008
-0.057 -14.727 65.896  -0.088  0.296 -0.956   0.326 -1.503  0.600  -0.002  0.001 -0.003
 0.004 -14.846 66.411  -0.088  0.292 -0.960   0.320 -1.488  0.596   0.000 -0.002 -0.002
 0.063 -14.955 66.909  -0.088  0.292 -0.960   0.320 -1.488  0.596   0.004  0.000  0.002
 0.131 -15.059 67.399  -0.092  0.288 -0.964   0.320 -1.488  0.596  -0.003  0.000  0.004
 0.184 -15.166 67.847  -0.088  0.292 -0.956   0.326 -1.497  0.592   0.000 -0.001 -0.004
 0.250 -15.240 68.285  -0.088  0.280 -0.964   0.326 -1.497  0.592   0.000 -0.005 -0.002
 0.309 -15.314 68.708  -0.092  0.284 -0.960   0.326 -1.497  0.592   0.005  0.007 -0.003
 0.358 -15.397 69.119  -0.088  0.288 -0.964   0.320 -1.488  0.596  -0.002  0.003  0.003
 0.403 -15.467 69.505  -0.084  0.280 -0.960   0.320 -1.488  0.596  -0.007 -0.002 -0.003
 0.443 -15.525 69.877  -0.084  0.280 -0.960   0.320 -1.488  0.596   0.000  0.004 -0.001
 0.513 -15.597 70.248  -0.092  0.284 -0.956   0.320 -1.488  0.596   0.002 -0.006 -0.003
 0.515 -15.664 70.575  -0.072  0.288 -0.944   0.320 -1.506  0.598   0.005  0.004  0.001
 0.543 -15.733 70.913  -0.080  0.284 -0.952   0.320 -1.506  0.598  -0.003  0.001 -0.007
 0.590 -15.795 71.235  -0.088  0.284 -0.960   0.320 -1.506  0.598  -0.005  0.001 -0.007
 0.616 -15.862 71.540  -0.084  0.288 -0.968   0.318 -1.494  0.588  -0.011  0.005 -0.002
 0.641 -15.905 71.831  -0.080  0.280 -0.968   0.318 -1.494  0.588  -0.008  0.000 -0.001
 0.702 -15.930 72.146  -0.088  0.272 -0.960   0.318 -1.494  0.588   0.002 -0.001  0.001
 0.740 -15.970 72.406  -0.088  0.276 -0.952   0.328 -1.491  0.598  -0.003  0.005 -0.004
 0.783 -16.033 72.659  -0.092  0.284 -0.948   0.328 -1.491  0.598  -0.006  0.005 -0.006
 0.841 -16.074 72.923  -0.096  0.276 -0.948   0.328 -1.491  0.598  -0.002  0.005  0.004
 0.894 -16.123 73.178  -0.092  0.280 -0.948   0.323 -1.494  0.603  -0.003 -0.001  0.002
 0.936 -16.183 73.418  -0.092  0.288 -0.956   0.323 -1.494  0.603  -0.005  0.000  0.001
 0.994 -16.244 73.655  -0.100  0.292 -0.964   0.323 -1.494  0.603  -0.003  0.003 -0.004
 1.035 -16.293 73.876  -0.092  0.288 -0.956   0.323 -1.494  0.603   0.000  0.000  0.001
 1.106 -16.315 74.099  -0.100  0.280 -0.960   0.326 -1.497  0.590   0.009 -0.002 -0.003
 1.186 -16.358 74.317  -0.108  0.284 -0.964   0.326 -1.497  0.590  -0.003  0.000 -0.009
 1.216 -16.388 74.509  -0.092  0.276 -0.956   0.326 -1.497  0.590  -0.011  0.007 -0.007
 1.245 -16.425 74.695  -0.088  0.284 -0.952   0.320 -1.491  0.600  -0.001 -0.004  0.001
 1.273 -16.427 74.873  -0.088  0.272 -0.956   0.320 -1.491  0.600   0.002  0.004 -0.002
 1.308 -16.428 75.048  -0.088  0.268 -0.952   0.320 -1.491  0.600  -0.001 -0.001 -0.001
 1.341 -16.466 75.201  -0.092  0.284 -0.960   0.328 -1.488  0.594  -0.006 -0.006 -0.003
 1.342 -16.496 75.327  -0.084  0.288 -0.964   0.328 -1.488  0.594   0.000  0.001 -0.004
 1.352 -16.540 75.462  -0.088  0.284 -0.944   0.328 -1.488  0.594  -0.008  0.004 -0.001
 1.354 -16.581 75.587  -0.088  0.288 -0.944   0.328 -1.488  0.594  -0.001  0.010 -0.002
 1.388 -16.626 75.739  -0.092  0.292 -0.956   0.320 -1.497  0.586   0.000 -0.006  0.002
 1.414 -16.656 75.892  -0.092  0.288 -0.956   0.320 -1.497  0.586   0.002  0.003  0.009
 1.467 -16.655 76.038  -0.096  0.272 -0.960   0.320 -1.497  0.586  -0.001 -0.005 -0.003
 1.516 -16.644 76.169  -0.092  0.264 -0.952   0.323 -1.491  0.600  -0.003 -0.011 -0.006
 1.528 -16.657 76.281  -0.084  0.276 -0.948   0.323 -1.491  0.600  -0.003 -0.005  0.002
 1.534 -16.676 76.389  -0.088  0.284 -0.956   0.323 -1.491  0.600   0.002  0.006 -0.004
 1.562 -16.708 76.512  -0.096  0.288 -0.956   0.320 -1.486  0.594  -0.001  0.004  0.003
 1.607 -16.739 76.635  -0.100  0.284 -0.956   0.320 -1.486  0.594  -0.006 -0.001 -0.002
 1.641 -16.761 76.752  -0.100  0.284 -0.960   0.320 -1.486  0.594  -0.003  0.006  0.001
 1.664 -16.783 76.854  -0.092  0.288 -0.956   0.320 -1.486  0.594   0.005 -0.004  0.001
 1.667 -16.809 76.955  -0.088  0.288 -0.964   0.318 -1.503  0.590  -0.007  0.003  0.004
 1.688 -16.818 77.055  -0.092  0.284 -0.968   0.318 -1.503  0.590  -0.001  0.000 -0.002
 1.719 -16.845 77.152  -0.096  0.284 -0.956   0.318 -1.503  0.590  -0.008 -0.001 -0.008
 1.751 -16.858 77.244  -0.096  0.280 -0.960   0.320 -1.497  0.600  -0.007 -0.002 -0.004
 1.772 -16.834 77.329  -0.088  0.272 -0.956   0.320 -1.497  0.600   0.011 -0.005  0.001
 1.805 -16.814 77.425  -0.096  0.272 -0.956   0.320 -1.497  0.600   0.009  0.003  0.003
 1.807 -16.805 77.496  -0.084  0.272 -0.948   0.323 -1.509  0.596   0.002 -0.001  0.003
 1.807 -16.802 77.558  -0.084  0.272 -0.952   0.323 -1.509  0.596  -0.006 -0.002 -0.002
 1.802 -16.802 77.620  -0.084  0.276 -0.948   0.323 -1.509  0.596   0.000  0.003  0.003
 1.806 -16.811 77.673  -0.088  0.276 -0.956   0.323 -1.509  0.596  -0.011  0.001 -0.009
 1.814 -16.808 77.727  -0.088  0.272 -0.948   0.326 -1.503  0.596  -0.002  0.000 -0.003
 1.840 -16.830 77.791  -0.096  0.280 -0.944   0.326 -1.503  0.596  -0.003  0.001 -0.006
 1.827 -16.827 77.838  -0.084  0.276 -0.960   0.326 -1.503  0.596  -0.005  0.004  0.004
 1.804 -16.836 77.870  -0.080  0.284 -0.960   0.323 -1.491  0.598  -0.001  0.001  0.001
 1.740 -16.853 77.878  -0.068  0.292 -0.956   0.323 -1.491  0.598   0.005  0.003  0.002
 1.715 -16.851 77.900  -0.076  0.280 -0.960   0.323 -1.491  0.598  -0.001 -0.002 -0.002
 1.677 -16.853 77.927  -0.072  0.280 -0.960   0.318 -1.500  0.590  -0.006  0.003 -0.001
 1.665 -16.838 77.970  -0.080  0.272 -0.960   0.318 -1.500  0.590  -0.005  0.005  0.001
 1.654 -16.849 78.000  -0.080  0.284 -0.960   0.318 -1.500  0.590  -0.003 -0.001 -0.008
 1.660 -16.836 78.056  -0.084  0.272 -0.956   0.318 -1.500  0.590  -0.002  0.000  0.004
 1.672 -16.845 78.099  -0.088  0.280 -0.956   0.323 -1.506  0.594  -0.003 -0.001 -0.002
 1.683 -16.853 78.145  -0.088  0.276 -0.952   0.323 -1.506  0.594  -0.008  0.000  0.002
 1.688 -16.870 78.176  -0.088  0.284 -0.956   0.323 -1.506  0.594  -0.003  0.001 -0.007
 1.695 -16.857 78.209  -0.084  0.276 -0.968   0.318 -1.500  0.598  -0.001 -0.004 -0.008
 1.656 -16.851 78.226  -0.072  0.284 -0.964   0.318 -1.500  0.598   0.005  0.004  0.003
 1.646 -16.863 78.250  -0.080  0.280 -0.960   0.318 -1.500  0.598  -0.012 -0.001 -0.006
 1.636 -16.853 78.274  -0.080  0.276 -0.964   0.323 -1.506  0.590  -0.002  0.000  0.002
 1.645 -16.863 78.304  -0.088  0.280 -0.964   0.323 -1.506  0.590  -0.009  0.000 -0.006
 1.637 -16.845 78.328  -0.080  0.276 -0.964   0.323 -1.506  0.590   0.004  0.000  0.003
 1.638 -16.834 78.361  -0.084  0.276 -0.964   0.323 -1.506  0.590   0.000  0.001  0.005
 1.652 -16.835 78.404  -0.084  0.280 -0.964   0.315 -1.500  0.596  -0.001 -0.008  0.003
 1.673 -16.844 78.450  -0.092  0.280 -0.956   0.315 -1.500  0.596  -0.003  0.004 -0.002
 1.678 -16.848 78.479  -0.084  0.276 -0.952   0.315 -1.500  0.596  -0.006 -0.001 -0.006
 1.663 -16.865 78.492  -0.084  0.288 -0.956   0.326 -1.500  0.603   0.002  0.007  0.003
 1.668 -16.851 78.513  -0.084  0.272 -0.948   0.326 -1.500  0.603   0.004 -0.001  0.003
 1.675 -16.890 78.531  -0.088  0.288 -0.948   0.326 -1.500  0.603  -0.008 -0.002 -0.001
 1.719 -16.908 78.584  -0.100  0.284 -0.952   0.320 -1.500  0.594   0.000 -0.001  0.002
 1.726 -16.927 78.608  -0.088  0.284 -0.944   0.320 -1.500  0.594  -0.001  0.001 -0.001
 1.736 -16.930 78.640  -0.088  0.280 -0.952   0.320 -1.500  0.594   0.002  0.000  0.004
 1.752 -16.949 78.675  -0.092  0.288 -0.948   0.320 -1.500  0.594   0.005  0.001  0.004
 1.734 -16.959 78.672  -0.080  0.284 -0.960   0.323 -1.494  0.600  -0.006 -0.001 -0.002
 1.722 -16.952 78.678  -0.080  0.276 -0.960   0.323 -1.494  0.600  -0.006 -0.002  0.003
 1.744 -16.956 78.703  -0.092  0.284 -0.952   0.323 -1.494  0.600   0.009 -0.002  0.001
 1.756 -16.961 78.731  -0.088  0.276 -0.944   0.320 -1.506  0.594  -0.005  0.000  0.001
 1.797 -16.966 78.773  -0.100  0.276 -0.948   0.320 -1.506  0.594  -0.005  0.003 -0.003
 1.809 -16.956 78.800  -0.088  0.272 -0.948   0.320 -1.506  0.594  -0.002  0.000  0.003
 1.833 -16.949 78.820  -0.096  0.276 -0.964   0.326 -1.491  0.594  -0.003  0.000  0.001
 1.864 -16.961 78.838  -0.100  0.284 -0.964   0.326 -1.491  0.594  -0.003  0.000 -0.006
 1.865 -16.964 78.845  -0.088  0.284 -0.956   0.326 -1.491  0.594   0.005 -0.001  0.003
 1.860 -16.970 78.847  -0.088  0.280 -0.956   0.326 -1.491  0.594  -0.006  0.003  0.001
 1.888 -16.966 78.879  -0.096  0.276 -0.956   0.320 -1.503  0.600  -0.002  0.000 -0.001
 1.897 -16.988 78.908  -0.092  0.288 -0.948   0.320 -1.503  0.600   0.002  0.003  0.007
 1.855 -16.998 78.895  -0.072  0.280 -0.952   0.320 -1.503  0.600  -0.013 -0.002  0.002
 1.847 -17.006 78.889  -0.084  0.280 -0.948   0.326 -1.506  0.598  -0.005 -0.001 -0.006
 1.815 -17.003 78.872  -0.080  0.280 -0.960   0.326 -1.506  0.598  -0.006  0.009 -0.004
 1.810 -17.028 78.878  -0.088  0.292 -0.956   0.326 -1.506  0.598  -0.001  0.001  0.002
 1.795 -17.086 78.878  -0.088  0.304 -0.948   0.326 -1.497  0.590  -0.003  0.004  0.004
 1.794 -17.119 78.875  -0.088  0.296 -0.948   0.326 -1.497  0.590   0.003 -0.002 -0.003
 1.792 -17.123 78.873  -0.088  0.280 -0.944   0.326 -1.497  0.590  -0.003  0.005 -0.004
 1.811 -17.121 78.884  -0.092  0.280 -0.940   0.326 -1.497  0.590   0.008 -0.001 -0.002
 1.827 -17.128 78.902  -0.092  0.280 -0.940   0.323 -1.497  0.600  -0.001  0.001  0.001
 1.858 -17.123 78.925  -0.096  0.276 -0.940   0.323 -1.497  0.600   0.003  0.000 -0.003
 1.851 -17.158 78.928  -0.088  0.292 -0.944   0.323 -1.497  0.600  -0.007  0.001 -0.001
 1.887 -17.159 78.959  -0.096  0.284 -0.952   0.320 -1.488  0.602   0.006 -0.008  0.004
 1.909 -17.166 78.980  -0.096  0.284 -0.952   0.320 -1.488  0.602  -0.001  0.000 -0.001
 1.914 -17.157 78.980  -0.088  0.280 -0.964   0.320 -1.488  0.602  -0.003 -0.005 -0.007
 1.898 -17.151 78.983  -0.084  0.284 -0.964   0.315 -1.500  0.592  -0.001  0.005 -0.004
 1.883 -17.163 78.993  -0.084  0.288 -0.960   0.315 -1.500  0.592  -0.007  0.003  0.002
 1.884 -17.173 79.009  -0.088  0.288 -0.956   0.315 -1.500  0.592  -0.001  0.000 -0.001
 1.925 -17.166 79.053  -0.100  0.276 -0.956   0.315 -1.500  0.592  -0.006 -0.001  0.002
 1.955 -17.164 79.078  -0.100  0.284 -0.972   0.323 -1.491  0.602  -0.003 -0.001  0.004
 1.934 -17.159 79.057  -0.080  0.284 -0.960   0.323 -1.491  0.602   0.002 -0.005 -0.004
 1.923 -17.134 79.057  -0.084  0.272 -0.968   0.323 -1.491  0.602  -0.009 -0.001  0.005
 1.917 -17.125 79.065  -0.084  0.280 -0.964   0.318 -1.497  0.594  -0.003 -0.004  0.003
 1.888 -17.103 79.059  -0.076  0.276 -0.960   0.318 -1.497  0.594  -0.001  0.000  0.004
 1.874 -17.113 79.059  -0.084  0.284 -0.948   0.318 -1.497  0.594  -0.003  0.004 -0.001
 1.853 -17.117 79.056  -0.084  0.284 -0.944   0.323 -1.494  0.592   0.003  0.009  0.007
 1.848 -17.142 79.043  -0.088  0.288 -0.952   0.323 -1.494  0.592  -0.009  0.000 -0.009
 1.839 -17.152 79.038  -0.084  0.288 -0.956   0.323 -1.494  0.592  -0.001 -0.004  0.002
 1.846 -17.176 79.041  -0.092  0.288 -0.952   0.323 -1.494  0.592  -0.009  0.001 -0.002
 1.858 -17.187 79.045  -0.092  0.288 -0.956   0.323 -1.491  0.602   0.000 -0.002 -0.002
 1.875 -17.194 79.059  -0.092  0.284 -0.952   0.323 -1.491  0.602  -0.002 -0.006  0.004
 1.845 -17.166 79.046  -0.080  0.272 -0.960   0.323 -1.491  0.602  -0.006  0.010  0.003
 1.815 -17.150 79.033  -0.076  0.276 -0.948   0.320 -1.506  0.592  -0.001  0.004 -0.001
 1.813 -17.164 79.031  -0.084  0.284 -0.948   0.320 -1.506  0.592  -0.007 -0.005 -0.004
 1.790 -17.163 79.012  -0.076  0.280 -0.952   0.320 -1.506  0.592  -0.007 -0.005 -0.008
 1.769 -17.169 79.010  -0.080  0.288 -0.960   0.320 -1.503  0.594  -0.002  0.000  0.005
 1.789 -17.156 79.026  -0.092  0.280 -0.964   0.320 -1.503  0.594   0.000 -0.001 -0.002
 1.788 -17.138 79.027  -0.084  0.276 -0.960   0.320 -1.503  0.594  -0.002 -0.001 -0.002
 1.762 -17.119 79.013  -0.076  0.276 -0.956   0.320 -1.503  0.594  -0.001  0.001 -0.002
 1.771 -17.131 79.022  -0.092  0.284 -0.948   0.323 -1.497  0.600  -0.003  0.005  0.001
 1.786 -17.156 79.027  -0.092  0.288 -0.940   0.323 -1.497  0.600  -0.002 -0.001 -0.004
 1.796 -17.165 79.031  -0.088  0.280 -0.944   0.323 -1.497  0.600  -0.007 -0.004 -0.001
 1.786 -17.150 79.019  -0.084  0.276 -0.956   0.323 -1.494  0.596  -0.003  0.004 -0.006
 1.794 -17.141 79.031  -0.088  0.280 -0.956   0.323 -1.494  0.596   0.002 -0.002  0.008
 1.809 -17.145 79.036  -0.092  0.284 -0.948   0.323 -1.494  0.596   0.004  0.000 -0.003
 1.838 -17.153 79.055  -0.096  0.284 -0.944   0.320 -1.506  0.592   0.004  0.000 -0.006
 1.861 -17.153 79.079  -0.096  0.280 -0.952   0.320 -1.506  0.592  -0.003  0.004  0.001
 1.875 -17.144 79.094  -0.092  0.280 -0.952   0.320 -1.506  0.592   0.004  0.003 -0.001
 1.852 -17.144 79.085  -0.080  0.288 -0.964   0.320 -1.506  0.592   0.002  0.000  0.001
 1.844 -17.123 79.080  -0.084  0.280 -0.972   0.326 -1.509  0.596   0.002 -0.001  0.003
 1.831 -17.093 79.073  -0.084  0.276 -0.972   0.326 -1.509  0.596   0.002  0.005  0.002
 1.807 -17.061 79.055  -0.076  0.272 -0.964   0.326 -1.509  0.596   0.000 -0.002  0.001
 1.774 -17.050 79.034  -0.072  0.276 -0.960   0.320 -1.509  0.588  -0.008 -0.004 -0.003
 1.769 -17.017 79.041  -0.084  0.268 -0.960   0.320 -1.509  0.588  -0.002  0.006  0.002
 1.749 -17.023 79.032  -0.080  0.280 -0.948   0.320 -1.509  0.588  -0.006  0.005 -0.003
 1.765 -17.056 79.045  -0.092  0.288 -0.948   0.326 -1.509  0.600  -0.008 -0.002  0.003
 1.755 -17.054 79.034  -0.084  0.284 -0.952   0.326 -1.509  0.600   0.006  0.004 -0.003
 1.749 -17.066 79.033  -0.084  0.288 -0.956   0.326 -1.509  0.600   0.000 -0.002  0.005
 1.738 -17.056 79.024  -0.084  0.276 -0.964   0.326 -1.509  0.600  -0.009  0.005 -0.002
 1.732 -17.076 79.026  -0.084  0.288 -0.952   0.320 -1.500  0.598  -0.005 -0.001  0.002
 1.727 -17.090 79.025  -0.088  0.284 -0.956   0.320 -1.500  0.598  -0.009  0.007 -0.004
 1.724 -17.095 79.029  -0.088  0.288 -0.960   0.320 -1.500  0.598   0.002  0.007  0.001
 1.732 -17.084 79.025  -0.088  0.280 -0.960   0.323 -1.500  0.590   0.003  0.000 -0.007
 1.727 -17.092 79.024  -0.084  0.284 -0.952   0.323 -1.500  0.590  -0.002 -0.001  0.003
 1.741 -17.101 79.034  -0.088  0.284 -0.952   0.323 -1.500  0.590  -0.001 -0.007  0.004
 1.752 -17.121 79.035  -0.092  0.292 -0.964   0.328 -1.503  0.598  -0.003 -0.002  0.002
 1.766 -17.126 79.035  -0.092  0.280 -0.956   0.328 -1.503  0.598  -0.008  0.000 -0.002
 1.778 -17.109 79.035  -0.088  0.272 -0.948   0.328 -1.503  0.598  -0.001 -0.002  0.001
 1.764 -17.112 79.021  -0.084  0.280 -0.952   0.328 -1.503  0.598  -0.007  0.004 -0.001
 1.735 -17.099 79.006  -0.076  0.284 -0.968   0.318 -1.503  0.603   0.002  0.003 -0.004
 1.694 -17.056 78.987  -0.068  0.272 -0.968   0.318 -1.503  0.603   0.004  0.000  0.001
 1.699 -17.032 78.998  -0.084  0.276 -0.972   0.318 -1.503  0.603   0.000 -0.002  0.001
 1.681 -17.035 78.979  -0.080  0.288 -0.968   0.326 -1.506  0.590   0.000 -0.001 -0.003
 1.684 -17.047 78.979  -0.088  0.288 -0.968   0.326 -1.506  0.590  -0.005  0.000  0.001
 1.724 -17.081 79.002  -0.100  0.292 -0.948   0.326 -1.506  0.590  -0.001 -0.004 -0.001
 1.737 -17.095 79.020  -0.088  0.288 -0.948   0.318 -1.503  0.596   0.004 -0.004  0.003
 1.744 -17.112 79.032  -0.088  0.284 -0.944   0.318 -1.503  0.596  -0.006  0.001 -0.002
 1.740 -17.128 79.036  -0.084  0.284 -0.944   0.318 -1.503  0.596  -0.006  0.000 -0.002
 1.768 -17.135 79.063  -0.096  0.284 -0.952   0.318 -1.503  0.596  -0.001  0.004 -0.001
 1.788 -17.165 79.066  -0.096  0.296 -0.956   0.328 -1.497  0.602   0.002 -0.002 -0.001
 1.807 -17.170 79.063  -0.092  0.284 -0.948   0.328 -1.497  0.602   0.003 -0.005 -0.003
 1.791 -17.181 79.035  -0.084  0.288 -0.948   0.328 -1.497  0.602   0.002  0.003 -0.009
 1.792 -17.168 79.043  -0.084  0.276 -0.956   0.315 -1.491  0.590  -0.006 -0.002 -0.001
 1.798 -17.152 79.058  -0.088  0.272 -0.948   0.315 -1.491  0.590  -0.005  0.005  0.001
 1.815 -17.160 79.076  -0.088  0.280 -0.940   0.315 -1.491  0.590  -0.003 -0.006  0.001
 1.830 -17.149 79.076  -0.092  0.272 -0.940   0.326 -1.506  0.598  -0.003  0.004 -0.008
 1.828 -17.152 79.067  -0.084  0.276 -0.940   0.326 -1.506  0.598  -0.008 -0.004 -0.003
 1.834 -17.157 79.061  -0.084  0.284 -0.952   0.326 -1.506  0.598   0.000 -0.013 -0.002
 1.834 -17.158 79.065  -0.088  0.284 -0.964   0.326 -1.506  0.598  -0.005 -0.001  0.004
 1.835 -17.164 79.055  -0.088  0.288 -0.964   0.326 -1.491  0.598  -0.001 -0.004 -0.002
 1.826 -17.227 79.044  -0.084  0.292 -0.900   0.326 -1.491  0.598  -0.005 -0.004  0.001
 1.814 -17.253 79.026  -0.088  0.296 -0.960   0.326 -1.491  0.598  -0.003  0.003 -0.006
 1.810 -17.261 79.031  -0.088  0.288 -0.956   0.318 -1.486  0.594  -0.003  0.004  0.001
 1.802 -17.257 79.024  -0.084  0.280 -0.952   0.318 -1.486  0.594  -0.006  0.001 -0.006
 1.802 -17.250 79.030  -0.088  0.280 -0.956   0.318 -1.486  0.594  -0.006  0.004 -0.001
 1.819 -17.230 79.040  -0.092  0.272 -0.948   0.323 -1.500  0.602  -0.002  0.004 -0.003
 1.822 -17.202 79.038  -0.088  0.272 -0.956   0.323 -1.500  0.602  -0.001  0.005 -0.006
 1.805 -17.172 79.030  -0.084  0.272 -0.960   0.323 -1.500  0.602  -0.003  0.011 -0.002
 1.815 -17.170 79.033  -0.092  0.284 -0.956   0.323 -1.500  0.602   0.003  0.004 -0.006
 1.840 -17.174 79.047  -0.096  0.288 -0.964   0.326 -1.497  0.596   0.003 -0.004  0.003
 1.861 -17.181 79.062  -0.096  0.284 -0.956   0.326 -1.497  0.596  -0.003  0.000  0.003
 1.887 -17.191 79.071  -0.100  0.288 -0.956   0.326 -1.497  0.596   0.002  0.004 -0.006
 1.923 -17.178 79.094  -0.096  0.276 -0.952   0.318 -1.497  0.588   0.000 -0.005 -0.006
 1.951 -17.141 79.116  -0.096  0.264 -0.960   0.318 -1.497  0.588  -0.006  0.003 -0.004
 1.971 -17.116 79.138  -0.092  0.272 -0.956   0.318 -1.497  0.588   0.002 -0.002  0.003
 2.022 -17.116 79.170  -0.100  0.276 -0.956   0.320 -1.500  0.598  -0.007 -0.015 -0.001
 1.985 -17.118 79.153  -0.076  0.284 -0.960   0.320 -1.500  0.598  -0.006 -0.002  0.003
 1.950 -17.133 79.139  -0.080  0.288 -0.948   0.320 -1.500  0.598  -0.002  0.006  0.002
 1.938 -17.166 79.140  -0.088  0.296 -0.952   0.320 -1.500  0.598  -0.003  0.003  0.002
 1.899 -17.207 79.109  -0.080  0.300 -0.952   0.326 -1.480  0.598  -0.003 -0.001  0.004
 1.882 -17.233 79.092  -0.088  0.292 -0.952   0.326 -1.480  0.598  -0.007  0.006  0.001
 1.888 -17.253 79.083  -0.092  0.292 -0.952   0.326 -1.480  0.598   0.000 -0.002 -0.003
 1.895 -17.218 79.094  -0.088  0.272 -0.956   0.320 -1.497  0.592   0.005  0.000  0.003
 1.907 -17.207 79.102  -0.088  0.280 -0.960   0.320 -1.497  0.592  -0.001 -0.008  0.001
 1.883 -17.200 79.094  -0.080  0.280 -0.952   0.320 -1.497  0.592  -0.003  0.003  0.003
 1.909 -17.202 79.112  -0.096  0.280 -0.948   0.326 -1.500  0.596  -0.002 -0.002  0.004
 1.914 -17.206 79.108  -0.088  0.280 -0.944   0.326 -1.500  0.596  -0.003 -0.005 -0.002
 1.926 -17.199 79.112  -0.092  0.280 -0.956   0.326 -1.500  0.596  -0.001 -0.001  0.001
 1.926 -17.197 79.100  -0.088  0.280 -0.948   0.331 -1.486  0.594  -0.001 -0.005  0.004
 1.928 -17.185 79.086  -0.088  0.272 -0.948   0.331 -1.486  0.594  -0.007 -0.004  0.001
 1.929 -17.176 79.074  -0.092  0.276 -0.952   0.331 -1.486  0.594  -0.005  0.005 -0.001
 1.927 -17.176 79.048  -0.088  0.284 -0.960   0.331 -1.486  0.594  -0.001 -0.006 -0.008
 1.895 -17.145 79.035  -0.076  0.272 -0.964   0.320 -1.497  0.592  -0.005  0.003  0.002
 1.855 -17.115 79.012  -0.072  0.272 -0.964   0.320 -1.497  0.592  -0.005  0.000 -0.002
 1.825 -17.112 78.993  -0.076  0.280 -0.948   0.320 -1.497  0.592  -0.002  0.000 -0.004
 1.836 -17.100 79.007  -0.088  0.276 -0.948   0.323 -1.503  0.602   0.003 -0.002  0.004
 1.851 -17.104 79.021  -0.092  0.276 -0.932   0.323 -1.503  0.602  -0.002  0.004 -0.002
 1.854 -17.099 79.031  -0.088  0.280 -0.940   0.323 -1.503  0.602   0.009  0.004  0.003
 1.854 -17.134 79.029  -0.088  0.288 -0.936   0.320 -1.488  0.592  -0.008 -0.001 -0.004
 1.839 -17.159 79.021  -0.084  0.288 -0.944   0.320 -1.488  0.592  -0.007  0.001 -0.002
 1.850 -17.163 79.029  -0.092  0.284 -0.948   0.320 -1.488  0.592   0.003  0.003 -0.002
 1.864 -17.179 79.038  -0.092  0.284 -0.940   0.320 -1.488  0.592  -0.002  0.000 -0.003
 1.842 -17.179 79.025  -0.080  0.280 -0.948   0.323 -1.500  0.596  -0.006  0.001 -0.001
 1.813 -17.191 79.008  -0.076  0.284 -0.936   0.323 -1.500  0.596  -0.002 -0.002  0.001
 1.785 -17.171 78.997  -0.076  0.276 -0.940   0.323 -1.500  0.596   0.006  0.003  0.004
 1.756 -17.156 78.976  -0.076  0.272 -0.940   0.326 -1.514  0.598  -0.006  0.004 -0.004
 1.744 -17.140 78.973  -0.084  0.272 -0.940   0.326 -1.514  0.598  -0.002  0.011 -0.002
 1.754 -17.133 78.985  -0.088  0.280 -0.944   0.326 -1.514  0.598   0.008  0.000  0.003
 1.780 -17.119 79.009  -0.092  0.272 -0.948   0.323 -1.509  0.592  -0.003 -0.002  0.004
 1.796 -17.088 79.017  -0.088  0.268 -0.964   0.323 -1.509  0.592  -0.005 -0.004 -0.003
 1.801 -17.080 79.018  -0.088  0.276 -0.956   0.323 -1.509  0.592  -0.006  0.001 -0.006
 1.831 -17.058 79.038  -0.092  0.268 -0.952   0.323 -1.509  0.592  -0.003 -0.006 -0.001
 1.828 -17.066 79.035  -0.088  0.280 -0.956   0.326 -1.503  0.590  -0.011  0.003 -0.001
 1.830 -17.048 79.028  -0.084  0.272 -0.952   0.326 -1.503  0.590  -0.001 -0.005 -0.003
 1.836 -17.049 79.025  -0.088  0.276 -0.952   0.326 -1.503  0.590  -0.009 -0.002 -0.004
 1.892 -17.042 79.050  -0.104  0.276 -0.944   0.328 -1.503  0.600   0.009 -0.004 -0.004
 1.907 -17.035 79.061  -0.092  0.276 -0.948   0.328 -1.503  0.600   0.002 -0.001  0.005
 1.925 -17.015 79.067  -0.092  0.272 -0.944   0.328 -1.503  0.600   0.009 -0.001 -0.001
 1.941 -16.994 79.079  -0.092  0.268 -0.952   0.323 -1.509  0.590  -0.003  0.003 -0.003
 1.957 -16.945 79.087  -0.092  0.264 -0.964   0.323 -1.509  0.590   0.005  0.004 -0.006
 1.943 -16.929 79.084  -0.084  0.272 -0.964   0.323 -1.509  0.590  -0.007  0.004 -0.001
 1.930 -16.937 79.084  -0.084  0.284 -0.960   0.323 -1.509  0.590  -0.002 -0.001  0.004
 1.930 -16.928 79.093  -0.084  0.276 -0.952   0.315 -1.494  0.598   0.003 -0.004 -0.001
 1.923 -16.922 79.098  -0.084  0.276 -0.952   0.315 -1.494  0.598  -0.001  0.001 -0.002
 1.933 -16.911 79.111  -0.088  0.268 -0.944   0.315 -1.494  0.598  -0.006  0.000 -0.003
 1.919 -16.889 79.094  -0.084  0.272 -0.956   0.326 -1.500  0.592   0.004  0.005 -0.006
 1.932 -16.863 79.099  -0.088  0.268 -0.952   0.326 -1.500  0.592   0.006 -0.005  0.002
 1.934 -16.869 79.101  -0.088  0.276 -0.944   0.326 -1.500  0.592  -0.002 -0.001  0.003
 1.922 -16.878 79.092  -0.084  0.280 -0.948   0.320 -1.494  0.594  -0.002  0.001 -0.004
 1.912 -16.888 79.086  -0.084  0.280 -0.948   0.320 -1.494  0.594  -0.002  0.000 -0.002
 1.938 -16.893 79.098  -0.092  0.280 -0.956   0.320 -1.494  0.594   0.002 -0.011 -0.003
 1.934 -16.872 79.100  -0.084  0.268 -0.956   0.320 -1.494  0.594  -0.003 -0.001  0.002
 1.928 -16.886 79.106  -0.088  0.284 -0.944   0.318 -1.491  0.600   0.004  0.006  0.001
 1.917 -16.885 79.103  -0.084  0.280 -0.964   0.318 -1.491  0.600  -0.002  0.000 -0.002
 1.897 -16.870 79.091  -0.080  0.276 -0.964   0.318 -1.491  0.600   0.000  0.001 -0.004
 1.910 -16.865 79.100  -0.096  0.280 -0.960   0.326 -1.500  0.596   0.006  0.009  0.001
 1.939 -16.864 79.115  -0.100  0.276 -0.956   0.326 -1.500  0.596  -0.001  0.006 -0.003
 1.953 -16.872 79.122  -0.092  0.276 -0.948   0.326 -1.500  0.596  -0.005 -0.002  0.002
 1.945 -16.874 79.125  -0.088  0.276 -0.948   0.326 -1.500  0.594  -0.003  0.006  0.007
 1.915 -16.892 79.099  -0.080  0.280 -0.944   0.326 -1.500  0.594  -0.008  0.004 -0.004
 1.910 -16.869 79.091  -0.084  0.268 -0.956   0.326 -1.500  0.594  -0.002 -0.001 -0.001
 1.902 -16.857 79.083  -0.084  0.276 -0.960   0.326 -1.500  0.594   0.003 -0.001  0.002
 1.872 -16.864 79.066  -0.080  0.284 -0.964   0.323 -1.491  0.598  -0.003  0.004  0.002
 1.874 -16.881 79.061  -0.092  0.284 -0.960   0.323 -1.491  0.598  -0.006  0.005 -0.007
 1.888 -16.886 79.065  -0.092  0.284 -0.968   0.323 -1.491  0.598   0.002 -0.004 -0.002
 1.895 -16.891 79.074  -0.092  0.284 -0.972   0.320 -1.506  0.600  -0.003  0.003 -0.004
 1.891 -16.888 79.075  -0.088  0.280 -0.964   0.320 -1.506  0.600  -0.001  0.005 -0.004
 1.884 -16.883 79.067  -0.084  0.276 -0.960   0.320 -1.506  0.600  -0.005  0.000 -0.009
 1.888 -16.902 79.082  -0.088  0.284 -0.956   0.315 -1.500  0.588  -0.006 -0.001  0.001
 1.882 -16.941 79.086  -0.084  0.296 -0.952   0.315 -1.500  0.588   0.000 -0.007 -0.002
 1.907 -16.942 79.111  -0.092  0.280 -0.960   0.315 -1.500  0.588  -0.001 -0.006 -0.001
 1.927 -16.922 79.139  -0.092  0.268 -0.952   0.315 -1.500  0.588  -0.002  0.001  0.003
 1.938 -16.894 79.149  -0.084  0.272 -0.964   0.315 -1.488  0.596   0.008 -0.012  0.002
 1.927 -16.881 79.148  -0.084  0.272 -0.964   0.315 -1.488  0.596  -0.008  0.004 -0.002
 1.936 -16.872 79.159  -0.088  0.276 -0.964   0.315 -1.488  0.596  -0.001 -0.005 -0.001
 1.937 -16.873 79.157  -0.088  0.280 -0.960   0.326 -1.500  0.600   0.000 -0.002  0.003
 1.965 -16.879 79.166  -0.096  0.280 -0.956   0.326 -1.500  0.600   0.002 -0.005 -0.002
 1.997 -16.884 79.182  -0.100  0.276 -0.952   0.326 -1.500  0.600  -0.003  0.000 -0.002
 2.031 -16.904 79.223  -0.100  0.284 -0.952   0.313 -1.500  0.590  -0.002  0.000  0.003
 2.027 -16.926 79.230  -0.088  0.284 -0.952   0.313 -1.500  0.590  -0.008  0.001 -0.004
 2.031 -16.934 79.253  -0.088  0.280 -0.952   0.313 -1.500  0.590  -0.003 -0.002  0.007
 2.029 -16.961 79.268  -0.088  0.288 -0.956   0.313 -1.500  0.590  -0.008 -0.002  0.003
 2.017 -16.938 79.244  -0.080  0.268 -0.944   0.323 -1.494  0.600   0.003 -0.006 -0.007
 1.983 -16.924 79.218  -0.076  0.272 -0.952   0.323 -1.494  0.600  -0.003  0.000  0.001
 1.948 -16.902 79.195  -0.076  0.268 -0.952   0.323 -1.494  0.600  -0.005  0.004  0.002
 1.935 -16.900 79.188  -0.084  0.276 -0.948   0.320 -1.500  0.598  -0.001  0.004 -0.002
 1.929 -16.879 79.192  -0.084  0.268 -0.948   0.320 -1.500  0.598  -0.001  0.003  0.005
 1.922 -16.869 79.176  -0.084  0.276 -0.956   0.320 -1.500  0.598   0.003  0.000 -0.010
 1.911 -16.896 79.169  -0.084  0.288 -0.968   0.318 -1.488  0.594  -0.013 -0.006 -0.001
 1.874 -16.921 79.145  -0.076  0.292 -0.964   0.318 -1.488  0.594  -0.003 -0.004 -0.001
 1.837 -16.951 79.128  -0.076  0.292 -0.948   0.318 -1.488  0.594  -0.002  0.000  0.004
 1.795 -16.986 79.092  -0.076  0.288 -0.944   0.318 -1.488  0.594  -0.013  0.006 -0.012
 1.782 -17.013 79.078  -0.084  0.292 -0.948   0.320 -1.491  0.602   0.002  0.001 -0.006
 1.778 -17.040 79.075  -0.088  0.292 -0.952   0.320 -1.491  0.602  -0.001  0.004 -0.002
 1.784 -17.050 79.075  -0.088  0.280 -0.952   0.320 -1.491  0.602  -0.009 -0.001 -0.003
 1.813 -17.037 79.103  -0.096  0.276 -0.956   0.320 -1.497  0.596   0.003  0.003  0.005
 1.826 -17.039 79.113  -0.092  0.284 -0.960   0.320 -1.497  0.596   0.002  0.001  0.001
 1.831 -17.029 79.121  -0.088  0.280 -0.960   0.320 -1.497  0.596   0.004  0.000  0.003
 1.837 -17.029 79.142  -0.088  0.284 -0.964   0.310 -1.506  0.592  -0.001  0.001 -0.002
 1.843 -17.048 79.160  -0.088  0.288 -0.960   0.310 -1.506  0.592  -0.007 -0.001 -0.003
 1.844 -17.065 79.180  -0.088  0.288 -0.944   0.310 -1.506  0.592   0.003  0.006 -0.001
 1.847 -17.058 79.188  -0.084  0.276 -0.952   0.310 -1.506  0.592  -0.005 -0.001 -0.008
 1.862 -17.059 79.197  -0.092  0.280 -0.952   0.320 -1.497  0.602  -0.001  0.000 -0.001
 1.851 -17.061 79.178  -0.084  0.284 -0.964   0.320 -1.497  0.602  -0.003  0.000 -0.009
 1.855 -17.060 79.172  -0.084  0.284 -0.960   0.320 -1.497  0.602   0.003 -0.011 -0.002
 1.872 -17.066 79.185  -0.096  0.284 -0.960   0.320 -1.506  0.598  -0.002  0.006 -0.003
 1.862 -17.046 79.181  -0.084  0.276 -0.960   0.320 -1.506  0.598   0.002  0.004 -0.001
 1.866 -17.024 79.180  -0.088  0.268 -0.960   0.320 -1.506  0.598  -0.009  0.004 -0.006
 1.879 -16.988 79.199  -0.088  0.268 -0.960   0.315 -1.500  0.598   0.004  0.000  0.003
 1.861 -16.978 79.202  -0.084  0.280 -0.968   0.315 -1.500  0.598  -0.003  0.010  0.003
 1.855 -16.960 79.204  -0.084  0.276 -0.964   0.315 -1.500  0.598   0.002  0.003 -0.001
 1.867 -16.953 79.223  -0.088  0.280 -0.964   0.315 -1.500  0.598   0.002 -0.005  0.005
 1.852 -16.952 79.204  -0.084  0.280 -0.968   0.326 -1.503  0.598  -0.007  0.003 -0.002
 1.853 -16.973 79.189  -0.088  0.288 -0.968   0.326 -1.503  0.598  -0.009 -0.006 -0.006
 1.861 -16.960 79.185  -0.088  0.280 -0.960   0.326 -1.503  0.598   0.010 -0.004  0.001
 1.874 -16.958 79.205  -0.092  0.280 -0.964   0.315 -1.512  0.592  -0.003  0.004 -0.001
 1.877 -16.980 79.217  -0.088  0.288 -0.960   0.315 -1.512  0.592  -0.006 -0.001 -0.001
 1.883 -16.978 79.227  -0.088  0.280 -0.960   0.315 -1.512  0.592  -0.002  0.000 -0.003
 1.928 -17.025 79.247  -0.104  0.292 -0.952   0.320 -1.500  0.590  -0.011 -0.005 -0.007
 1.974 -17.051 79.275  -0.108  0.292 -0.960   0.320 -1.500  0.590   0.000  0.004 -0.003
 2.010 -17.043 79.291  -0.100  0.276 -0.956   0.320 -1.500  0.590  -0.001 -0.001 -0.006
 2.011 -17.018 79.294  -0.088  0.272 -0.960   0.320 -1.500  0.590   0.002  0.000  0.003
 2.016 -17.034 79.289  -0.092  0.284 -0.952   0.323 -1.500  0.603  -0.005  0.000 -0.004
 2.029 -17.016 79.296  -0.092  0.272 -0.952   0.323 -1.500  0.603   0.002  0.000  0.002
 2.012 -17.020 79.286  -0.084  0.280 -0.952   0.323 -1.500  0.603  -0.005  0.000  0.004
 1.994 -17.001 79.267  -0.080  0.272 -0.944   0.323 -1.506  0.588   0.004 -0.001 -0.003
 2.000 -16.987 79.273  -0.088  0.272 -0.948   0.323 -1.506  0.588   0.000 -0.002  0.005
 2.019 -16.974 79.279  -0.092  0.268 -0.948   0.323 -1.506  0.588  -0.006 -0.004 -0.002
 2.003 -16.960 79.256  -0.084  0.272 -0.948   0.326 -1.509  0.594  -0.001  0.005 -0.008
 1.995 -16.949 79.240  -0.084  0.272 -0.956   0.326 -1.509  0.594  -0.006 -0.004 -0.004
 1.972 -16.941 79.214  -0.080  0.276 -0.964   0.326 -1.509  0.594  -0.007 -0.002 -0.006
 1.986 -16.912 79.214  -0.092  0.272 -0.968   0.326 -1.509  0.594   0.005 -0.001 -0.003
 2.010 -16.917 79.230  -0.096  0.280 -0.964   0.318 -1.488  0.600  -0.005 -0.004 -0.001
 1.992 -16.932 79.222  -0.084  0.288 -0.960   0.318 -1.488  0.600   0.000  0.000  0.001
 1.969 -16.938 79.208  -0.084  0.288 -0.968   0.318 -1.488  0.600   0.002  0.005 -0.003
 1.961 -16.939 79.205  -0.088  0.284 -0.960   0.323 -1.509  0.590   0.004  0.005  0.001
 1.945 -16.941 79.191  -0.084  0.284 -0.964   0.323 -1.509  0.590   0.000  0.001 -0.003
 1.941 -16.972 79.192  -0.088  0.292 -0.952   0.323 -1.509  0.590  -0.001 -0.002  0.003
 1.957 -17.039 79.204  -0.096  0.308 -0.948   0.323 -1.494  0.594   0.003 -0.007  0.005
 1.964 -17.066 79.198  -0.092  0.292 -0.948   0.323 -1.494  0.594   0.003 -0.002 -0.006
 1.948 -17.070 79.187  -0.084  0.284 -0.956   0.323 -1.494  0.594  -0.001  0.000  0.003
 1.928 -17.062 79.172  -0.084  0.284 -0.964   0.323 -1.494  0.594   0.004  0.004  0.001
 1.922 -17.063 79.151  -0.088  0.280 -0.956   0.331 -1.491  0.600  -0.005  0.000 -0.002
 1.924 -17.071 79.132  -0.092  0.288 -0.960   0.331 -1.491  0.600   0.004  0.000 -0.004
 1.906 -17.069 79.100  -0.084  0.284 -0.960   0.331 -1.491  0.600   0.003  0.000 -0.006
 1.924 -17.065 79.123  -0.092  0.284 -0.960   0.320 -1.506  0.588   0.006 -0.005  0.007
 1.949 -17.097 79.135  -0.100  0.292 -0.960   0.320 -1.506  0.588  -0.007  0.003 -0.010
 1.970 -17.111 79.152  -0.096  0.284 -0.952   0.320 -1.506  0.588  -0.005  0.000 -0.002
 1.988 -17.093 79.170  -0.092  0.276 -0.956   0.318 -1.488  0.598   0.004 -0.004  0.003
 2.003 -17.101 79.183  -0.092  0.284 -0.948   0.318 -1.488  0.598   0.003 -0.005  0.001
 2.019 -17.113 79.195  -0.092  0.280 -0.940   0.318 -1.488  0.598  -0.003 -0.005 -0.002
 2.029 -17.112 79.210  -0.088  0.280 -0.952   0.318 -1.488  0.598  -0.001 -0.010  0.008
 2.026 -17.101 79.202  -0.088  0.276 -0.960   0.323 -1.503  0.590  -0.006 -0.001 -0.006
 2.047 -17.084 79.217  -0.096  0.276 -0.964   0.323 -1.503  0.590   0.000 -0.001  0.002
 2.047 -17.110 79.223  -0.092  0.296 -0.960   0.323 -1.503  0.590   0.003 -0.001  0.005
 2.035 -17.131 79.213  -0.088  0.292 -0.960   0.323 -1.497  0.588  -0.003 -0.001 -0.001
 2.022 -17.113 79.200  -0.088  0.280 -0.964   0.323 -1.497  0.588   0.004  0.007 -0.004
 2.010 -17.090 79.194  -0.084  0.276 -0.968   0.323 -1.497  0.588  -0.001 -0.002  0.004
 1.977 -17.068 79.172  -0.076  0.276 -0.968   0.318 -1.497  0.598  -0.003 -0.001 -0.006
 1.956 -17.051 79.163  -0.080  0.276 -0.964   0.318 -1.497  0.598  -0.003  0.000 -0.001
 1.948 -17.034 79.163  -0.084  0.280 -0.964   0.318 -1.497  0.598   0.005 -0.001  0.001
 1.928 -17.027 79.160  -0.080  0.276 -0.948   0.318 -1.497  0.598  -0.002  0.001  0.003
 1.923 -17.020 79.156  -0.084  0.272 -0.944   0.318 -1.500  0.592  -0.006  0.000 -0.007
 1.917 -17.001 79.156  -0.084  0.272 -0.948   0.318 -1.500  0.592   0.002  0.003 -0.002
 1.903 -16.989 79.151  -0.080  0.276 -0.948   0.318 -1.500  0.592   0.004 -0.001 -0.001
 1.855 -16.990 79.128  -0.072  0.280 -0.940   0.320 -1.497  0.598   0.002  0.005  0.004
 1.876 -16.982 79.143  -0.092  0.272 -0.948   0.320 -1.497  0.598  -0.003 -0.001  0.001
 1.912 -16.989 79.166  -0.096  0.276 -0.944   0.320 -1.497  0.598  -0.005 -0.005  0.001
 1.899 -17.010 79.162  -0.084  0.280 -0.940   0.318 -1.494  0.600  -0.012  0.003 -0.002
 1.919 -17.000 79.179  -0.092  0.276 -0.948   0.318 -1.494  0.600   0.005 -0.001  0.001
 1.959 -16.989 79.213  -0.100  0.272 -0.952   0.318 -1.494  0.600  -0.001  0.000  0.003
 1.983 -16.977 79.225  -0.096  0.268 -0.952   0.318 -1.480  0.600  -0.009  0.003 -0.003
 1.995 -16.982 79.230  -0.092  0.276 -0.952   0.320 -1.480  0.590  -0.008 -0.002  0.002
 1.997 -16.978 79.215  -0.088  0.276 -0.952   0.320 -1.480  0.590  -0.002 -0.004 -0.009
 1.975 -16.989 79.195  -0.084  0.280 -0.952   0.320 -1.480  0.590  -0.009  0.005 -0.003
 1.950 -16.985 79.191  -0.076  0.276 -0.952   0.313 -1.503  0.592  -0.007 -0.004 -0.001
 1.951 -16.981 79.204  -0.084  0.280 -0.948   0.313 -1.503  0.592   0.006 -0.005  0.001
 1.953 -16.974 79.213  -0.084  0.272 -0.948   0.313 -1.503  0.592  -0.006 -0.004 -0.003
 1.930 -16.959 79.202  -0.076  0.272 -0.940   0.318 -1.500  0.600   0.003 -0.002  0.001
 1.942 -16.966 79.214  -0.092  0.276 -0.936   0.318 -1.500  0.600  -0.002  0.005 -0.003
 1.926 -16.962 79.205  -0.080  0.276 -0.944   0.318 -1.500  0.600   0.000 -0.001 -0.002
 1.945 -16.945 79.208  -0.092  0.268 -0.948   0.323 -1.503  0.594  -0.002 -0.001 -0.006
 1.928 -16.951 79.189  -0.080  0.276 -0.944   0.323 -1.503  0.594  -0.007 -0.004 -0.004
 1.946 -16.963 79.199  -0.096  0.288 -0.952   0.323 -1.503  0.594   0.009  0.003 -0.001
 1.966 -16.982 79.211  -0.096  0.288 -0.952   0.323 -1.503  0.594   0.004 -0.001  0.001
 1.985 -16.977 79.226  -0.096  0.272 -0.944   0.323 -1.506  0.590  -0.003  0.006  0.001
 2.007 -16.965 79.241  -0.096  0.272 -0.944   0.323 -1.506  0.590   0.003  0.004 -0.001
 1.995 -16.967 79.236  -0.088  0.280 -0.956   0.323 -1.506  0.590  -0.003  0.007  0.001
 1.966 -16.961 79.217  -0.080  0.276 -0.956   0.320 -1.500  0.602  -0.006  0.005 -0.003
 1.948 -16.977 79.207  -0.084  0.284 -0.956   0.320 -1.500  0.602  -0.008  0.003 -0.001
 1.945 -16.988 79.201  -0.088  0.284 -0.948   0.320 -1.500  0.602   0.002  0.003 -0.006
 1.942 -17.011 79.194  -0.084  0.288 -0.940   0.320 -1.500  0.602   0.004 -0.008 -0.003
 1.928 -17.028 79.184  -0.084  0.288 -0.956   0.323 -1.491  0.590  -0.002 -0.004  0.004
 1.930 -17.051 79.176  -0.088  0.288 -0.964   0.323 -1.491  0.590  -0.011 -0.008 -0.001
 1.957 -17.052 79.187  -0.096  0.280 -0.952   0.323 -1.491  0.590   0.002 -0.005 -0.001
 1.952 -17.076 79.182  -0.088  0.284 -0.940   0.320 -1.500  0.594  -0.007  0.003 -0.006
 1.955 -17.089 79.172  -0.088  0.280 -0.940   0.320 -1.500  0.594  -0.006 -0.002 -0.012
 1.979 -17.107 79.185  -0.096  0.280 -0.940   0.320 -1.500  0.594  -0.008 -0.001 -0.006
 2.013 -17.097 79.208  -0.100  0.276 -0.948   0.326 -1.509  0.602   0.004  0.001  0.002
 2.011 -17.113 79.198  -0.088  0.284 -0.944   0.326 -1.509  0.602  -0.003 -0.004 -0.006
 2.019 -17.112 79.202  -0.092  0.280 -0.952   0.326 -1.509  0.602  -0.001  0.000  0.001
 2.012 -17.101 79.194  -0.088  0.276 -0.956   0.326 -1.503  0.588  -0.003  0.003 -0.001
 2.008 -17.099 79.185  -0.088  0.276 -0.952   0.326 -1.503  0.588  -0.008  0.000 -0.003
 2.019 -17.069 79.194  -0.092  0.268 -0.956   0.326 -1.503  0.588  -0.001  0.001  0.004
 2.004 -17.047 79.183  -0.084  0.272 -0.948   0.326 -1.503  0.588   0.003  0.004  0.002
 1.989 -17.030 79.165  -0.080  0.272 -0.952   0.323 -1.509  0.592  -0.003 -0.005 -0.007
 1.991 -17.027 79.169  -0.092  0.276 -0.956   0.323 -1.509  0.592  -0.007  0.006 -0.003
 2.019 -17.001 79.185  -0.096  0.268 -0.948   0.323 -1.509  0.592   0.004  0.001 -0.003
 2.081 -17.016 79.219  -0.112  0.280 -0.944   0.323 -1.488  0.600  -0.001  0.001 -0.006
 2.149 -17.019 79.248  -0.112  0.276 -0.948   0.323 -1.488  0.600   0.000 -0.004 -0.010
 2.203 -17.020 79.270  -0.108  0.276 -0.960   0.323 -1.488  0.600  -0.006 -0.007 -0.008
 2.231 -17.000 79.294  -0.100  0.272 -0.956   0.323 -1.494  0.600   0.004 -0.001  0.005
 2.222 -16.976 79.287  -0.088  0.272 -0.968   0.320 -1.494  0.590  -0.002  0.000 -0.003
 2.208 -16.954 79.283  -0.088  0.272 -0.960   0.320 -1.494  0.590  -0.001  0.005  0.001
 2.189 -16.949 79.268  -0.084  0.276 -0.956   0.320 -1.494  0.590  -0.003 -0.001 -0.004
 2.177 -16.986 79.274  -0.088  0.292 -0.952   0.315 -1.497  0.598  -0.007 -0.002  0.001
 2.163 -17.006 79.277  -0.084  0.284 -0.940   0.315 -1.497  0.598  -0.002 -0.004  0.002
 2.146 -17.012 79.279  -0.084  0.280 -0.948   0.315 -1.497  0.598  -0.005  0.000  0.002
 2.135 -17.003 79.284  -0.084  0.276 -0.948   0.310 -1.497  0.598   0.002  0.000 -0.004
 2.113 -17.002 79.294  -0.084  0.276 -0.944   0.310 -1.497  0.598  -0.005  0.010  0.002
 2.097 -16.990 79.306  -0.084  0.276 -0.956   0.310 -1.497  0.598  -0.002  0.005  0.004
 2.105 -17.000 79.314  -0.092  0.280 -0.952   0.320 -1.500  0.592  -0.006 -0.004  0.002
 2.084 -16.984 79.300  -0.080  0.276 -0.960   0.320 -1.500  0.592   0.002 -0.004  0.002
 2.057 -16.994 79.279  -0.080  0.280 -0.952   0.320 -1.500  0.592  -0.009 -0.002 -0.004
 2.077 -16.987 79.283  -0.092  0.276 -0.960   0.320 -1.500  0.592  -0.002 -0.010 -0.004
 2.081 -16.984 79.291  -0.092  0.276 -0.956   0.320 -1.494  0.600  -0.006  0.003  0.003
 2.036 -17.003 79.267  -0.076  0.292 -0.948   0.320 -1.494  0.600   0.006  0.001  0.005
 2.016 -17.012 79.246  -0.084  0.284 -0.956   0.320 -1.494  0.600  -0.003  0.001 -0.008
 1.994 -17.013 79.222  -0.080  0.284 -0.948   0.326 -1.494  0.596   0.008 -0.005  0.002
 1.978 -17.021 79.207  -0.084  0.280 -0.948   0.326 -1.494  0.596  -0.005  0.000  0.002
 1.989 -17.000 79.201  -0.092  0.268 -0.952   0.326 -1.494  0.596  -0.003  0.001 -0.006
 2.001 -16.976 79.205  -0.092  0.268 -0.952   0.326 -1.494  0.596   0.000  0.001  0.003
 2.061 -16.965 79.249  -0.108  0.272 -0.960   0.320 -1.488  0.586  -0.002 -0.004  0.007
 2.069 -16.958 79.250  -0.092  0.276 -0.960   0.320 -1.488  0.586  -0.002 -0.001 -0.002
 2.074 -16.970 79.250  -0.092  0.280 -0.948   0.320 -1.488  0.586  -0.005  0.000 -0.003
 2.062 -16.955 79.254  -0.084  0.272 -0.952   0.318 -1.503  0.598  -0.002  0.003  0.004
 2.061 -16.941 79.255  -0.088  0.272 -0.956   0.318 -1.503  0.598  -0.003  0.001 -0.006
 2.074 -16.948 79.266  -0.092  0.276 -0.948   0.318 -1.503  0.598  -0.007 -0.002 -0.003
 2.089 -16.936 79.282  -0.092  0.272 -0.948   0.313 -1.491  0.592   0.000  0.000 -0.004
 2.065 -16.912 79.277  -0.080  0.264 -0.940   0.313 -1.491  0.592  -0.003  0.007 -0.002
 2.062 -16.904 79.289  -0.088  0.272 -0.948   0.313 -1.491  0.592  -0.003  0.005  0.002
 2.076 -16.892 79.306  -0.092  0.272 -0.956   0.313 -1.491  0.592  -0.002  0.000 -0.002
 2.098 -16.885 79.303  -0.096  0.276 -0.960   0.328 -1.491  0.592   0.003 -0.006 -0.001
 2.108 -16.885 79.294  -0.092  0.276 -0.960   0.328 -1.491  0.592  -0.005 -0.007  0.001
 2.092 -16.866 79.271  -0.088  0.268 -0.956   0.328 -1.491  0.592  -0.005  0.009 -0.003
 2.082 -16.891 79.259  -0.088  0.288 -0.948   0.326 -1.497  0.600   0.002 -0.001  0.001
 2.083 -16.898 79.251  -0.092  0.280 -0.960   0.326 -1.497  0.600  -0.005  0.000 -0.003
 2.099 -16.919 79.249  -0.096  0.284 -0.960   0.326 -1.497  0.600  -0.008 -0.005 -0.006
 2.108 -16.931 79.271  -0.092  0.280 -0.948   0.313 -1.497  0.590  -0.003  0.000  0.002
 2.135 -16.926 79.300  -0.096  0.272 -0.944   0.313 -1.497  0.590  -0.001  0.000 -0.002
 2.120 -16.913 79.297  -0.084  0.272 -0.952   0.313 -1.497  0.590  -0.003  0.004 -0.007
 2.112 -16.899 79.296  -0.084  0.272 -0.960   0.313 -1.497  0.590  -0.005 -0.002 -0.006
 2.092 -16.896 79.291  -0.084  0.276 -0.960   0.313 -1.497  0.590  -0.008  0.005 -0.006
 2.055 -16.912 79.284  -0.080  0.288 -0.960   0.313 -1.497  0.590  -0.002  0.005  0.002
 2.065 -16.908 79.298  -0.092  0.276 -0.952   0.313 -1.497  0.590   0.000  0.004 -0.004
 2.080 -16.903 79.302  -0.092  0.272 -0.960   0.320 -1.500  0.600  -0.009 -0.006 -0.004
 2.073 -16.913 79.305  -0.088  0.284 -0.956   0.320 -1.500  0.600   0.000  0.000  0.005
 2.067 -16.918 79.297  -0.088  0.280 -0.960   0.320 -1.500  0.600  -0.005  0.000 -0.004
 2.057 -16.931 79.293  -0.088  0.280 -0.944   0.323 -1.506  0.594  -0.005  0.005  0.002
 2.062 -16.970 79.297  -0.092  0.292 -0.944   0.323 -1.506  0.594  -0.001 -0.004  0.002
 2.074 -16.967 79.303  -0.096  0.280 -0.956   0.323 -1.506  0.594   0.004  0.005 -0.002
 2.096 -16.985 79.323  -0.100  0.280 -0.952   0.320 -1.506  0.592  -0.012  0.005  0.001
 2.096 -17.001 79.324  -0.092  0.284 -0.952   0.320 -1.506  0.592  -0.005  0.003 -0.003
 2.113 -16.994 79.332  -0.096  0.272 -0.956   0.320 -1.506  0.592  -0.008  0.003 -0.006
 2.117 -16.977 79.342  -0.092  0.272 -0.952   0.320 -1.506  0.592   0.000  0.005  0.003
 2.113 -16.973 79.324  -0.088  0.276 -0.956   0.328 -1.500  0.602  -0.003 -0.004 -0.002
 2.107 -16.974 79.315  -0.088  0.280 -0.948   0.328 -1.500  0.602   0.004 -0.002  0.005
 2.112 -16.974 79.302  -0.092  0.276 -0.944   0.328 -1.500  0.602   0.000  0.000 -0.006
 2.117 -16.969 79.328  -0.088  0.276 -0.948   0.315 -1.512  0.590   0.002 -0.004  0.010
 2.123 -16.996 79.346  -0.092  0.288 -0.948   0.315 -1.512  0.590  -0.003 -0.001  0.002
 2.129 -17.008 79.362  -0.092  0.284 -0.952   0.315 -1.512  0.590  -0.001  0.000  0.001
 2.124 -17.042 79.353  -0.092  0.292 -0.952   0.323 -1.503  0.588  -0.006  0.001 -0.003
 2.091 -17.039 79.327  -0.080  0.284 -0.964   0.323 -1.503  0.588   0.000  0.000 -0.001
 2.050 -17.019 79.289  -0.076  0.276 -0.960   0.323 -1.503  0.588   0.000  0.003 -0.008
 2.019 -17.010 79.270  -0.080  0.276 -0.956   0.323 -1.503  0.588  -0.005  0.004  0.002
 1.996 -16.989 79.242  -0.084  0.272 -0.960   0.328 -1.497  0.602  -0.003  0.007 -0.003
 1.980 -16.995 79.225  -0.088  0.280 -0.960   0.328 -1.497  0.602  -0.009  0.006  0.002
 1.979 -16.995 79.210  -0.088  0.284 -0.964   0.328 -1.497  0.602   0.003 -0.006 -0.002
 1.965 -17.016 79.201  -0.084  0.284 -0.948   0.320 -1.512  0.588  -0.008  0.000 -0.004
 1.963 -17.022 79.199  -0.084  0.284 -0.952   0.320 -1.512  0.588   0.003 -0.008 -0.002
 1.944 -17.034 79.198  -0.084  0.284 -0.952   0.320 -1.512  0.588  -0.006  0.005  0.003
 1.949 -17.021 79.204  -0.084  0.276 -0.952   0.315 -1.491  0.596   0.004 -0.008  0.001
 1.954 -17.013 79.221  -0.088  0.280 -0.956   0.315 -1.491  0.596   0.005 -0.001  0.008
 1.955 -17.008 79.219  -0.088  0.284 -0.964   0.315 -1.491  0.596   0.005 -0.001 -0.007
 1.979 -17.011 79.237  -0.096  0.280 -0.956   0.315 -1.491  0.596  -0.002  0.000 -0.004
 2.001 -17.023 79.246  -0.100  0.280 -0.952   0.323 -1.503  0.602  -0.008  0.007 -0.007
 2.027 -17.016 79.258  -0.096  0.272 -0.952   0.323 -1.503  0.602  -0.006 -0.002 -0.002
 2.047 -17.024 79.262  -0.096  0.280 -0.948   0.323 -1.503  0.602  -0.002  0.000 -0.007
 2.027 -17.021 79.242  -0.084  0.280 -0.956   0.326 -1.506  0.586  -0.001  0.003 -0.003
 1.999 -17.046 79.220  -0.084  0.292 -0.948   0.326 -1.506  0.586   0.002  0.005 -0.002
 1.962 -17.074 79.184  -0.080  0.292 -0.952   0.326 -1.506  0.586  -0.006  0.003 -0.008
 1.905 -17.089 79.152  -0.072  0.288 -0.952   0.320 -1.503  0.596  -0.006  0.006 -0.001
 1.891 -17.091 79.136  -0.080  0.284 -0.948   0.320 -1.503  0.596   0.004 -0.006 -0.007
 1.887 -17.101 79.137  -0.088  0.280 -0.944   0.320 -1.503  0.596  -0.007  0.006 -0.002
 1.876 -17.112 79.137  -0.084  0.280 -0.944   0.320 -1.503  0.596  -0.009  0.001  0.002
 1.864 -17.109 79.124  -0.084  0.280 -0.944   0.328 -1.509  0.602   0.003  0.003  0.001
 1.849 -17.126 79.105  -0.084  0.288 -0.948   0.328 -1.509  0.602  -0.001  0.000 -0.003
 1.827 -17.113 79.091  -0.080  0.280 -0.960   0.328 -1.509  0.602   0.000  0.001  0.005
 1.841 -17.097 79.106  -0.088  0.272 -0.956   0.318 -1.494  0.588  -0.006 -0.005  0.003
 1.838 -17.097 79.109  -0.084  0.276 -0.940   0.318 -1.494  0.588  -0.005  0.000  0.001
 1.833 -17.084 79.103  -0.084  0.272 -0.948   0.318 -1.494  0.588  -0.006  0.003 -0.007
 1.849 -17.057 79.118  -0.088  0.268 -0.952   0.318 -1.494  0.588  -0.001 -0.004  0.002
 1.852 -17.026 79.126  -0.084  0.272 -0.956   0.318 -1.494  0.588   0.008 -0.002  0.004
 1.828 -17.015 79.116  -0.076  0.276 -0.948   0.318 -1.494  0.588   0.000 -0.001  0.003
 1.848 -17.024 79.126  -0.092  0.280 -0.948   0.318 -1.494  0.588  -0.003 -0.002 -0.006
 1.870 -17.017 79.122  -0.096  0.276 -0.960   0.333 -1.503  0.598  -0.003 -0.001 -0.002
 1.891 -17.013 79.118  -0.096  0.276 -0.960   0.333 -1.503  0.598  -0.005 -0.001 -0.002
 1.905 -16.992 79.110  -0.092  0.276 -0.960   0.333 -1.503  0.598   0.009 -0.002 -0.001
 1.896 -16.982 79.097  -0.084  0.280 -0.964   0.328 -1.500  0.594   0.003 -0.004  0.002
 1.895 -16.984 79.093  -0.088  0.280 -0.960   0.328 -1.500  0.594  -0.005 -0.001  0.004
 1.917 -16.978 79.104  -0.096  0.276 -0.956   0.328 -1.500  0.594  -0.001  0.001  0.003
 1.915 -16.967 79.103  -0.088  0.280 -0.964   0.320 -1.494  0.598   0.004  0.003 -0.003
 1.925 -16.970 79.107  -0.092  0.280 -0.952   0.320 -1.494  0.598   0.000  0.003 -0.006
 1.895 -16.999 79.095  -0.080  0.296 -0.960   0.320 -1.494  0.598  -0.001 -0.001  0.004
 1.902 -17.019 79.098  -0.088  0.288 -0.948   0.320 -1.494  0.598   0.003 -0.006 -0.002
 1.922 -17.014 79.110  -0.092  0.280 -0.956   0.320 -1.494  0.596   0.004 -0.006 -0.001
 