-0.000  0.000 -0.000  -0.092  0.268 -0.940   0.344 -1.509  0.600  -0.216  0.123 -0.164
-0.511 -0.320  1.996  -0.096  0.280 -0.952   0.344 -1.509  0.600  -0.207  0.119 -0.171
-1.001 -0.674  3.985  -0.100  0.280 -0.948   0.344 -1.509  0.600  -0.209  0.115 -0.160
-1.463 -1.043  5.950  -0.104  0.276 -0.952   0.344 -1.509  0.600  -0.212  0.118 -0.165
-1.921 -1.414  7.883  -0.096  0.276 -0.952   0.341 -1.509  0.590  -0.216  0.123 -0.171
-2.358 -1.809  9.788  -0.096  0.280 -0.952   0.341 -1.509  0.590  -0.212  0.119 -0.170
-2.782 -2.187 11.667  -0.084  0.272 -0.960   0.341 -1.509  0.590  -0.213  0.123 -0.168
-3.191 -2.598 13.611  -0.084  0.268 -0.956   0.344 -1.503  0.602  -0.206  0.118 -0.164
-3.570 -3.033 15.423  -0.088  0.280 -0.952   0.344 -1.503  0.602  -0.208  0.111 -0.165
-3.916 -3.445 17.204  -0.092  0.268 -0.952   0.344 -1.503  0.602  -0.214  0.132 -0.168
-4.242 -3.893 18.947  -0.096  0.276 -0.944   0.351 -1.506  0.600  -0.212  0.123 -0.164
-4.550 -4.343 20.645  -0.096  0.276 -0.948   0.351 -1.506  0.600  -0.216  0.127 -0.171
-4.832 -4.800 22.308  -0.096  0.276 -0.948   0.351 -1.506  0.600  -0.213  0.122 -0.170
-5.108 -5.287 24.019  -0.096  0.280 -0.952   0.351 -1.506  0.600  -0.213  0.122 -0.164
-5.321 -5.750 25.625  -0.100  0.268 -0.948   0.346 -1.503  0.594  -0.212  0.112 -0.160
-5.543 -6.193 27.177  -0.088  0.268 -0.952   0.346 -1.503  0.594  -0.218  0.117 -0.165
-5.730 -6.658 28.689  -0.100  0.272 -0.952   0.346 -1.503  0.594  -0.220  0.116 -0.173
-5.875 -7.118 30.183  -0.104  0.272 -0.960   0.341 -1.512  0.600  -0.211  0.113 -0.165
-5.992 -7.560 31.650  -0.104  0.264 -0.952   0.341 -1.512  0.600  -0.208  0.116 -0.158
-6.074 -8.018 33.077  -0.112  0.268 -0.948   0.341 -1.512  0.600  -0.203  0.111 -0.164
-6.189 -8.461 34.442  -0.104  0.276 -0.952   0.346 -1.509  0.590  -0.216  0.126 -0.165
-6.300 -8.898 35.761  -0.096  0.280 -0.956   0.346 -1.509  0.590  -0.212  0.117 -0.164
-6.405 -9.320 37.028  -0.092  0.276 -0.956   0.346 -1.509  0.590  -0.218  0.117 -0.173
-6.483 -9.716 38.276  -0.092  0.268 -0.952   0.346 -1.509  0.590  -0.213  0.121 -0.160
-6.562 -10.123 39.545  -0.088  0.276 -0.956   0.344 -1.506  0.596  -0.205  0.122 -0.158
-6.614 -10.513 40.711  -0.092  0.276 -0.956   0.344 -1.506  0.596  -0.206  0.117 -0.165
-6.656 -10.900 41.841  -0.096  0.280 -0.956   0.344 -1.506  0.596  -0.207  0.123 -0.166
-6.677 -11.301 42.937  -0.100  0.280 -0.948   0.346 -1.506  0.598  -0.213  0.113 -0.166
-6.691 -11.674 44.002  -0.096  0.272 -0.940   0.346 -1.506  0.598  -0.213  0.117 -0.162
-6.701 -12.026 45.026  -0.092  0.272 -0.944   0.346 -1.506  0.598  -0.208  0.117 -0.164
-6.701 -12.377 46.003  -0.096  0.276 -0.948   0.354 -1.500  0.596  -0.208  0.117 -0.166
-6.694 -12.706 46.943  -0.096  0.272 -0.948   0.354 -1.500  0.596  -0.209  0.123 -0.171
-6.679 -13.046 47.852  -0.096  0.284 -0.952   0.354 -1.500  0.596  -0.202  0.113 -0.169
-6.666 -13.371 48.740  -0.096  0.280 -0.952   0.354 -1.500  0.596  -0.211  0.119 -0.159
-6.666 -13.673 49.597  -0.088  0.280 -0.952   0.344 -1.509  0.592  -0.209  0.127 -0.165
-6.637 -13.981 50.438  -0.096  0.280 -0.948   0.344 -1.509  0.592  -0.211  0.122 -0.164
-6.574 -14.287 51.258  -0.100  0.276 -0.948   0.344 -1.509  0.592  -0.209  0.106 -0.168
-6.573 -14.600 52.003  -0.092  0.292 -0.948   0.354 -1.503  0.598  -0.220  0.124 -0.169
-6.534 -14.879 52.739  -0.096  0.288 -0.960   0.354 -1.503  0.598  -0.203  0.118 -0.165
-6.471 -15.125 53.460  -0.096  0.272 -0.960   0.354 -1.503  0.598  -0.206  0.113 -0.164
-6.418 -15.375 54.173  -0.092  0.276 -0.952   0.344 -1.509  0.596  -0.208  0.113 -0.158
-6.380 -15.612 54.842  -0.088  0.276 -0.952   0.344 -1.509  0.596  -0.212  0.119 -0.166
-6.329 -15.845 55.495  -0.088  0.280 -0.956   0.344 -1.509  0.596  -0.205  0.110 -0.162
-6.284 -16.074 56.117  -0.088  0.280 -0.956   0.344 -1.509  0.596  -0.212  0.113 -0.165
-6.241 -16.305 56.706  -0.088  0.284 -0.948   0.346 -1.500  0.594  -0.208  0.113 -0.166
-6.189 -16.502 57.289  -0.088  0.272 -0.944   0.346 -1.500  0.594  -0.207  0.119 -0.158
-6.112 -16.671 57.858  -0.092  0.264 -0.964   0.346 -1.500  0.594  -0.208  0.113 -0.163
-6.047 -16.844 58.405  -0.092  0.268 -0.964   0.349 -1.509  0.598  -0.213  0.118 -0.158
-5.994 -17.019 58.919  -0.088  0.268 -0.948   0.349 -1.509  0.598  -0.214  0.118 -0.164
-5.948 -17.188 59.400  -0.084  0.272 -0.952   0.349 -1.509  0.598  -0.212  0.115 -0.170
-5.927 -17.359 59.861  -0.076  0.280 -0.952   0.344 -1.509  0.598  -0.209  0.115 -0.164
-5.869 -17.512 60.323  -0.088  0.272 -0.952   0.344 -1.509  0.598  -0.207  0.121 -0.168
-5.777 -17.660 60.797  -0.100  0.268 -0.956   0.344 -1.509  0.598  -0.207  0.121 -0.163
-5.715 -17.823 61.236  -0.096  0.280 -0.964   0.344 -1.509  0.598  -0.214  0.124 -0.164
-5.642 -17.993 61.664  -0.096  0.288 -0.960   0.344 -1.514  0.598  -0.202  0.113 -0.162
-5.558 -18.161 62.085  -0.104  0.284 -0.956   0.344 -1.514  0.598  -0.211  0.122 -0.165
-5.490 -18.324 62.491  -0.092  0.284 -0.948   0.344 -1.514  0.598  -0.203  0.112 -0.166
-5.448 -18.487 62.838  -0.092  0.292 -0.956   0.351 -1.506  0.600  -0.211  0.118 -0.166
-5.398 -18.633 63.174  -0.092  0.284 -0.948   0.351 -1.506  0.600  -0.211  0.117 -0.169
-5.327 -18.762 63.511  -0.096  0.280 -0.952   0.351 -1.506  0.600  -0.205  0.115 -0.166
-5.256 -18.896 63.840  -0.100  0.280 -0.944   0.351 -1.512  0.592  -0.209  0.121 -0.168
-5.159 -19.041 64.179  -0.104  0.280 -0.948   0.351 -1.512  0.592  -0.212  0.110 -0.171
-5.086 -19.140 64.492  -0.100  0.268 -0.952   0.351 -1.512  0.592  -0.216  0.123 -0.164
-5.023 -19.229 64.782  -0.092  0.272 -0.952   0.351 -1.512  0.592  -0.203  0.113 -0.163
-4.996 -19.325 65.038  -0.084  0.276 -0.956   0.344 -1.512  0.592  -0.217  0.119 -0.177
-4.940 -19.428 65.317  -0.092  0.280 -0.956   0.344 -1.512  0.592  -0.209  0.113 -0.162
-4.885 -19.508 65.584  -0.088  0.276 -0.952   0.344 -1.512  0.592  -0.198  0.111 -0.162
-4.834 -19.591 65.837  -0.092  0.276 -0.948   0.346 -1.509  0.607  -0.203  0.121 -0.163
-4.787 -19.681 66.078  -0.092  0.276 -0.944   0.346 -1.509  0.607  -0.211  0.119 -0.164
-4.771 -19.748 66.291  -0.080  0.272 -0.948   0.346 -1.509  0.607  -0.211  0.119 -0.163
-4.718 -19.824 66.522  -0.096  0.276 -0.948   0.346 -1.512  0.596  -0.205  0.127 -0.163
-4.675 -19.905 66.741  -0.092  0.276 -0.956   0.346 -1.512  0.596  -0.217  0.118 -0.160
-4.630 -19.975 66.941  -0.088  0.276 -0.960   0.346 -1.512  0.596  -0.211  0.110 -0.166
-4.606 -20.049 67.133  -0.088  0.276 -0.964   0.346 -1.512  0.596  -0.224  0.121 -0.160
-4.557 -20.095 67.320  -0.092  0.276 -0.960   0.349 -1.509  0.598  -0.195  0.119 -0.165
-4.515 -20.148 67.497  -0.092  0.276 -0.964   0.349 -1.509  0.598  -0.206  0.119 -0.165
-4.486 -20.231 67.661  -0.092  0.284 -0.952   0.349 -1.509  0.598  -0.213  0.121 -0.166
-4.447 -20.294 67.826  -0.092  0.276 -0.944   0.349 -1.514  0.600  -0.208  0.121 -0.166
-4.387 -20.353 67.995  -0.096  0.272 -0.944   0.349 -1.514  0.600  -0.208  0.115 -0.168
-4.340 -20.412 68.154  -0.096  0.276 -0.948   0.349 -1.514  0.600  -0.208  0.121 -0.166
-4.294 -20.474 68.300  -0.096  0.276 -0.952   0.349 -1.506  0.592  -0.214  0.117 -0.169
-4.243 -20.527 68.454  -0.100  0.276 -0.952   0.349 -1.506  0.592  -0.208  0.124 -0.163
-4.178 -20.572 68.605  -0.108  0.272 -0.956   0.349 -1.506  0.592  -0.211  0.130 -0.171
-4.121 -20.600 68.750  -0.100  0.264 -0.952   0.349 -1.506  0.592  -0.212  0.123 -0.165
-4.091 -20.618 68.870  -0.088  0.264 -0.960   0.349 -1.509  0.590  -0.212  0.115 -0.165
-4.059 -20.638 68.988  -0.092  0.264 -0.952   0.349 -1.509  0.590  -0.211  0.123 -0.168
-4.049 -20.662 69.090  -0.084  0.268 -0.956   0.349 -1.509  0.590  -0.213  0.118 -0.164
-4.026 -20.708 69.206  -0.092  0.280 -0.964   0.344 -1.512  0.602  -0.212  0.121 -0.164
-4.020 -20.747 69.307  -0.080  0.276 -0.952   0.344 -1.512  0.602  -0.211  0.110 -0.160
-4.017 -20.772 69.394  -0.080  0.272 -0.952   0.344 -1.512  0.602  -0.208  0.116 -0.169
-4.002 -20.815 69.499  -0.088  0.280 -0.956   0.344 -1.514  0.596  -0.208  0.121 -0.163
-3.984 -20.877 69.591  -0.092  0.288 -0.956   0.344 -1.514  0.596  -0.211  0.119 -0.169
-3.962 -20.926 69.687  -0.092  0.276 -0.944   0.344 -1.514  0.596  -0.218  0.123 -0.166
-3.932 -20.978 69.786  -0.092  0.280 -0.944   0.344 -1.514  0.596  -0.211  0.115 -0.163
-3.875 -21.005 69.903  -0.100  0.272 -0.952   0.344 -1.514  0.596  -0.207  0.117 -0.159
-3.835 -21.000 70.003  -0.096  0.260 -0.956   0.344 -1.514  0.596  -0.209  0.127 -0.165
-3.775 -20.989 70.106  -0.096  0.260 -0.956   0.344 -1.514  0.596  -0.198  0.112 -0.165
-3.762 -21.006 70.165  -0.088  0.272 -0.964   0.351 -1.506  0.596  -0.212  0.115 -0.164
-3.735 -21.014 70.230  -0.092  0.268 -0.964   0.351 -1.506  0.596  -0.209  0.115 -0.165
-3.705 -21.057 70.300  -0.100  0.280 -0.956   0.351 -1.506  0.596  -0.212  0.122 -0.164
-3.693 -21.060 70.357  -0.088  0.268 -0.956   0.349 -1.514  0.590  -0.206  0.119 -0.166
-3.663 -21.059 70.422  -0.092  0.268 -0.964   0.349 -1.514  0.590  -0.203  0.115 -0.166
-3.682 -21.078 70.452  -0.080  0.276 -0.956   0.349 -1.514  0.590  -0.209  0.119 -0.169
-3.687 -21.116 70.494  -0.088  0.284 -0.952   0.349 -1.514  0.590  -0.207  0.123 -0.166
-3.695 -21.139 70.534  -0.084  0.276 -0.952   0.346 -1.488  0.594  -0.211  0.118 -0.159
-3.681 -21.165 70.570  -0.088  0.276 -0.948   0.346 -1.488  0.594  -0.207  0.112 -0.171
-3.635 -21.215 70.639  -0.100  0.284 -0.944   0.346 -1.488  0.594  -0.203  0.108 -0.160
-3.545 -21.238 70.740  -0.120  0.272 -0.964   0.349 -1.509  0.598  -0.209  0.123 -0.164
-3.510 -21.252 70.801  -0.100  0.272 -0.956   0.349 -1.509  0.598  -0.208  0.121 -0.164
-3.502 -21.256 70.836  -0.088  0.268 -0.956   0.349 -1.509  0.598  -0.212  0.116 -0.168
-3.491 -21.263 70.886  -0.088  0.272 -0.956   0.341 -1.506  0.590  -0.207  0.115 -0.163
-3.504 -21.284 70.911  -0.084  0.276 -0.952   0.341 -1.506  0.590  -0.214  0.121 -0.173
-3.469 -21.280 70.964  -0.092  0.268 -0.968   0.341 -1.506  0.590  -0.207  0.106 -0.169
-3.433 -21.304 71.030  -0.100  0.276 -0.956   0.341 -1.506  0.590  -0.209  0.118 -0.162
-3.413 -21.302 71.065  -0.092  0.268 -0.960   0.351 -1.497  0.600  -0.207  0.111 -0.160
-3.441 -21.298 71.063  -0.080  0.264 -0.952   0.351 -1.497  0.600  -0.219  0.122 -0.168
-3.425 -21.322 71.086  -0.096  0.280 -0.956   0.351 -1.497  0.600  -0.206  0.117 -0.169
-3.392 -21.336 71.138  -0.100  0.276 -0.964   0.346 -1.512  0.600  -0.207  0.118 -0.164
-3.353 -21.364 71.190  -0.104  0.280 -0.960   0.346 -1.512  0.600  -0.207  0.121 -0.169
-3.347 -21.373 71.221  -0.088  0.272 -0.952   0.346 -1.512  0.600  -0.209  0.112 -0.163
-3.344 -21.371 71.249  -0.092  0.272 -0.964   0.346 -1.500  0.586  -0.208  0.123 -0.162
-3.320 -21.363 71.281  -0.096  0.268 -0.956   0.346 -1.500  0.586  -0.202  0.119 -0.168
-3.284 -21.384 71.314  -0.096  0.276 -0.948   0.346 -1.500  0.586  -0.202  0.104 -0.169
-3.275 -21.402 71.337  -0.092  0.272 -0.952   0.346 -1.500  0.586  -0.217  0.113 -0.166
-3.240 -21.421 71.388  -0.096  0.276 -0.948   0.344 -1.503  0.602  -0.202  0.105 -0.157
-3.250 -21.464 71.400  -0.088  0.288 -0.948   0.344 -1.503  0.602  -0.209  0.112 -0.166
-3.258 -21.516 71.415  -0.092  0.292 -0.948   0.344 -1.503  0.602  -0.211  0.118 -0.166
-3.247 -21.544 71.426  -0.092  0.284 -0.948   0.349 -1.506  0.603  -0.203  0.107 -0.170
-3.237 -21.587 71.439  -0.096  0.288 -0.944   0.349 -1.506  0.603  -0.207  0.115 -0.170
-3.227 -21.593 71.470  -0.096  0.276 -0.948   0.349 -1.506  0.603  -0.203  0.123 -0.157
-3.210 -21.657 71.493  -0.100  0.288 -0.936   0.349 -1.500  0.592  -0.220  0.112 -0.164
-3.218 -21.680 71.491  -0.092  0.284 -0.952   0.349 -1.500  0.592  -0.209  0.119 -0.171
-3.244 -21.702 71.483  -0.088  0.284 -0.956   0.349 -1.500  0.592  -0.217  0.123 -0.166
-3.234 -21.730 71.493  -0.096  0.284 -0.944   0.349 -1.500  0.592  -0.207  0.116 -0.170
-3.250 -21.739 71.510  -0.084  0.280 -0.956   0.339 -1.512  0.600  -0.213  0.116 -0.164
-3.273 -21.774 71.522  -0.084  0.292 -0.948   0.339 -1.512  0.600  -0.208  0.116 -0.163
-3.280 -21.777 71.541  -0.088  0.276 -0.952   0.339 -1.512  0.600  -0.213  0.122 -0.169
-3.250 -21.797 71.565  -0.100  0.288 -0.952   0.349 -1.491  0.594  -0.196  0.110 -0.160
-3.255 -21.812 71.553  -0.092  0.284 -0.960   0.349 -1.491  0.594  -0.212  0.117 -0.175
-3.281 -21.810 71.546  -0.084  0.280 -0.964   0.349 -1.491  0.594  -0.212  0.117 -0.158
-3.274 -21.807 71.573  -0.088  0.276 -0.964   0.336 -1.514  0.592  -0.213  0.112 -0.168
-3.262 -21.796 71.615  -0.092  0.272 -0.960   0.336 -1.514  0.592  -0.211  0.119 -0.160
-3.229 -21.773 71.661  -0.092  0.268 -0.960   0.336 -1.514  0.592  -0.203  0.107 -0.162
-3.214 -21.771 71.694  -0.092  0.280 -0.960   0.336 -1.494  0.592  -0.201  0.112 -0.159
-3.219 -21.747 71.692  -0.088  0.272 -0.964   0.344 -1.494  0.594  -0.203  0.118 -0.169
-3.213 -21.757 71.706  -0.092  0.276 -0.952   0.344 -1.494  0.594  -0.214  0.115 -0.162
-3.210 -21.748 71.716  -0.092  0.272 -0.952   0.344 -1.494  0.594  -0.207  0.121 -0.164
-3.165 -21.741 71.756  -0.100  0.272 -0.964   0.341 -1.506  0.598  -0.207  0.107 -0.164
-3.129 -21.737 71.790  -0.100  0.272 -0.960   0.341 -1.506  0.598  -0.208  0.112 -0.166
-3.127 -21.728 71.801  -0.092  0.272 -0.952   0.341 -1.506  0.598  -0.207  0.122 -0.169
-3.133 -21.718 71.806  -0.088  0.272 -0.948   0.346 -1.509  0.590  -0.205  0.118 -0.160
-3.135 -21.708 71.807  -0.088  0.268 -0.948   0.346 -1.509  0.590  -0.211  0.115 -0.166
-3.119 -21.702 71.830  -0.096  0.272 -0.960   0.346 -1.509  0.590  -0.209  0.116 -0.158
-3.104 -21.682 71.831  -0.096  0.268 -0.964   0.351 -1.486  0.594  -0.206  0.116 -0.163
-3.083 -21.669 71.837  -0.100  0.268 -0.952   0.351 -1.486  0.594  -0.205  0.119 -0.164
-3.076 -21.651 71.834  -0.092  0.264 -0.952   0.351 -1.486  0.594  -0.209  0.113 -0.162
-3.082 -21.653 71.812  -0.088  0.272 -0.948   0.351 -1.486  0.594  -0.209  0.108 -0.170
-3.081 -21.656 71.813  -0.092  0.272 -0.956   0.346 -1.503  0.588  -0.216  0.116 -0.168
-3.079 -21.665 71.823  -0.092  0.276 -0.956   0.346 -1.503  0.588  -0.212  0.112 -0.160
-3.048 -21.674 71.848  -0.100  0.276 -0.956   0.346 -1.503  0.588  -0.207  0.110 -0.162
-3.028 -21.690 71.868  -0.096  0.284 -0.960   0.339 -1.514  0.590  -0.202  0.108 -0.173
-3.004 -21.681 71.906  -0.100  0.272 -0.964   0.339 -1.514  0.590  -0.207  0.121 -0.162
-3.008 -21.675 71.915  -0.092  0.272 -0.960   0.339 -1.514  0.590  -0.213  0.123 -0.171
-3.023 -21.666 71.905  -0.088  0.276 -0.964   0.346 -1.503  0.602  -0.205  0.117 -0.166
-3.036 -21.676 71.897  -0.088  0.280 -0.956   0.346 -1.503  0.602  -0.208  0.113 -0.164
-3.027 -21.693 71.898  -0.096  0.276 -0.960   0.346 -1.503  0.602  -0.220  0.112 -0.171
-3.051 -21.712 71.891  -0.088  0.284 -0.956   0.346 -1.503  0.602  -0.212  0.118 -0.160
-3.069 -21.709 71.874  -0.088  0.276 -0.960   0.351 -1.512  0.592  -0.209  0.118 -0.166
-3.061 -21.699 71.875  -0.092  0.272 -0.956   0.351 -1.512  0.592  -0.205  0.111 -0.164
-3.074 -21.706 71.858  -0.092  0.280 -0.964   0.351 -1.512  0.592  -0.212  0.121 -0.171
-3.066 -21.723 71.864  -0.100  0.284 -0.956   0.351 -1.506  0.596  -0.205  0.122 -0.163
-3.087 -21.743 71.831  -0.092  0.284 -0.956   0.351 -1.506  0.596  -0.213  0.124 -0.180
-3.120 -21.755 71.795  -0.084  0.280 -0.944   0.351 -1.506  0.596  -0.211  0.119 -0.175
-3.099 -21.763 71.807  -0.100  0.276 -0.952   0.351 -1.512  0.600  -0.209  0.117 -0.166
-3.121 -21.749 71.794  -0.084  0.268 -0.948   0.351 -1.512  0.600  -0.212  0.118 -0.164
-3.155 -21.738 71.777  -0.080  0.272 -0.948   0.351 -1.512  0.600  -0.209  0.118 -0.159
-3.142 -21.739 71.787  -0.092  0.272 -0.948   0.351 -1.512  0.600  -0.209  0.108 -0.160
-3.165 -21.740 71.784  -0.084  0.284 -0.964   0.339 -1.514  0.594  -0.203  0.119 -0.170
-3.147 -21.749 71.815  -0.096  0.280 -0.960   0.339 -1.514  0.594  -0.208  0.116 -0.163
-3.085 -21.769 71.875  -0.112  0.280 -0.968   0.339 -1.514  0.594  -0.214  0.113 -0.164
-3.072 -21.768 71.891  -0.100  0.276 -0.968   0.344 -1.514  0.594  -0.213  0.124 -0.169
-3.070 -21.783 71.902  -0.092  0.276 -0.956   0.344 -1.514  0.594  -0.222  0.112 -0.163
-3.064 -21.798 71.914  -0.096  0.280 -0.948   0.344 -1.514  0.594  -0.209  0.121 -0.166
-3.059 -21.778 71.916  -0.092  0.268 -0.952   0.349 -1.512  0.596  -0.206  0.117 -0.165
-3.072 -21.757 71.908  -0.088  0.268 -0.952   0.349 -1.512  0.596  -0.207  0.122 -0.165
-3.050 -21.744 71.922  -0.100  0.272 -0.964   0.349 -1.512  0.596  -0.206  0.119 -0.165
-3.069 -21.743 71.919  -0.092  0.276 -0.956   0.349 -1.512  0.596  -0.212  0.129 -0.160
-3.067 -21.785 71.913  -0.096  0.288 -0.948   0.349 -1.509  0.592  -0.216  0.113 -0.169
-3.052 -21.786 71.921  -0.096  0.272 -0.940   0.349 -1.509  0.592  -0.206  0.116 -0.165
-3.061 -21.798 71.915  -0.092  0.276 -0.944   0.349 -1.509  0.592  -0.216  0.121 -0.165
-3.097 -21.802 71.896  -0.080  0.276 -0.944   0.344 -1.503  0.594  -0.213  0.117 -0.164
-3.120 -21.803 71.882  -0.084  0.276 -0.944   0.344 -1.503  0.594  -0.209  0.118 -0.166
-3.164 -21.787 71.851  -0.076  0.272 -0.948   0.344 -1.503  0.594  -0.208  0.119 -0.170
-3.222 -21.773 71.830  -0.072  0.280 -0.956   0.344 -1.512  0.600  -0.202  0.119 -0.156
-3.240 -21.766 71.818  -0.084  0.272 -0.944   0.344 -1.512  0.600  -0.209  0.122 -0.171
-3.273 -21.773 71.803  -0.080  0.284 -0.960   0.344 -1.512  0.600  -0.209  0.117 -0.164
-3.270 -21.756 71.818  -0.088  0.272 -0.960   0.344 -1.512  0.600  -0.206  0.116 -0.158
-3.261 -21.737 71.823  -0.092  0.272 -0.968   0.349 -1.503  0.592  -0.206  0.116 -0.162
-3.239 -21.747 71.831  -0.096  0.280 -0.964   0.349 -1.503  0.592  -0.209  0.108 -0.164
-3.228 -21.753 71.831  -0.096  0.280 -0.960   0.349 -1.503  0.592  -0.207  0.118 -0.168
-3.204 -21.735 71.860  -0.096  0.264 -0.960   0.344 -1.520  0.596  -0.216  0.118 -0.162
-3.203 -21.717 71.870  -0.088  0.268 -0.952   0.344 -1.520  0.596  -0.207  0.118 -0.164
-3.197 -21.703 71.887  -0.092  0.272 -0.960   0.344 -1.520  0.596  -0.206  0.122 -0.162
-3.212 -21.690 71.871  -0.088  0.276 -0.968   0.349 -1.509  0.603  -0.206  0.123 -0.168
-3.187 -21.696 71.887  -0.096  0.276 -0.968   0.349 -1.509  0.603  -0.213  0.106 -0.160
-3.200 -21.688 71.873  -0.088  0.280 -0.972   0.349 -1.509  0.603  -0.205  0.118 -0.166
-3.176 -21.687 71.886  -0.100  0.272 -0.960   0.349 -1.509  0.603  -0.212  0.119 -0.166
-3.137 -21.678 71.913  -0.104  0.268 -0.960   0.346 -1.506  0.596  -0.209  0.119 -0.165
-3.088 -21.656 71.942  -0.104  0.264 -0.956   0.346 -1.506  0.596  -0.202  0.116 -0.166
-3.043 -21.658 71.975  -0.108  0.272 -0.952   0.346 -1.506  0.596  -0.205  0.121 -0.164
-3.048 -21.665 71.967  -0.092  0.272 -0.948   0.344 -1.512  0.594  -0.216  0.122 -0.175
-3.046 -21.656 71.981  -0.092  0.272 -0.952   0.344 -1.512  0.594  -0.203  0.119 -0.159
-3.037 -21.653 71.985  -0.096  0.272 -0.956   0.344 -1.512  0.594  -0.209  0.122 -0.171
-3.031 -21.640 71.979  -0.092  0.268 -0.956   0.354 -1.506  0.596  -0.207  0.111 -0.162
-3.061 -21.627 71.947  -0.084  0.272 -0.952   0.354 -1.506  0.596  -0.205  0.119 -0.165
-3.084 -21.607 71.926  -0.084  0.268 -0.960   0.354 -1.506  0.596  -0.208  0.117 -0.160
-3.079 -21.600 71.913  -0.092  0.272 -0.964   0.354 -1.506  0.596  -0.208  0.111 -0.168
-3.090 -21.620 71.905  -0.092  0.280 -0.952   0.351 -1.512  0.592  -0.212  0.119 -0.163
-3.095 -21.631 71.901  -0.092  0.276 -0.944   0.351 -1.512  0.592  -0.208  0.119 -0.163
-3.097 -21.661 71.893  -0.092  0.284 -0.948   0.351 -1.512  0.592  -0.209  0.111 -0.165
-3.085 -21.691 71.918  -0.100  0.284 -0.956   0.344 -1.509  0.598  -0.213  0.122 -0.158
-3.077 -21.699 71.928  -0.096  0.276 -0.956   0.344 -1.509  0.598  -0.212  0.119 -0.168
-3.068 -21.692 71.936  -0.092  0.268 -0.956   0.344 -1.509  0.598  -0.214  0.113 -0.166
-3.081 -21.673 71.932  -0.088  0.264 -0.952   0.344 -1.494  0.598  -0.214  0.123 -0.164
-3.077 -21.670 71.938  -0.092  0.268 -0.952   0.344 -1.494  0.598  -0.216  0.116 -0.163
-3.065 -21.657 71.945  -0.092  0.268 -0.952   0.344 -1.494  0.598  -0.206  0.112 -0.164
-3.064 -21.645 71.941  -0.092  0.268 -0.952   0.344 -1.494  0.598  -0.208  0.121 -0.170
-3.063 -21.635 71.946  -0.088  0.272 -0.956   0.344 -1.506  0.590  -0.203  0.111 -0.162
-3.064 -21.635 71.949  -0.092  0.276 -0.952   0.344 -1.506  0.590  -0.203  0.119 -0.165
-3.093 -21.660 71.940  -0.088  0.288 -0.956   0.344 -1.506  0.590  -0.208  0.124 -0.162
-3.140 -21.662 71.907  -0.080  0.276 -0.948   0.349 -1.503  0.603  -0.212  0.123 -0.164
-3.148 -21.686 71.896  -0.092  0.284 -0.960   0.349 -1.503  0.603  -0.214  0.116 -0.166
-3.177 -21.687 71.877  -0.088  0.276 -0.956   0.349 -1.503  0.603  -0.213  0.130 -0.165
-3.189 -21.682 71.865  -0.088  0.276 -0.960   0.354 -1.512  0.598  -0.207  0.117 -0.160
-3.186 -21.678 71.855  -0.092  0.272 -0.952   0.354 -1.512  0.598  -0.208  0.117 -0.168
-3.175 -21.666 71.854  -0.092  0.268 -0.948   0.354 -1.512  0.598  -0.205  0.115 -0.163
-3.208 -21.670 71.825  -0.084  0.276 -0.944   0.354 -1.512  0.598  -0.209  0.124 -0.166
-3.155 -21.670 71.856  -0.108  0.268 -0.960   0.346 -1.500  0.594  -0.214  0.116 -0.169
-3.150 -21.685 71.863  -0.096  0.280 -0.960   0.346 -1.500  0.594  -0.213  0.119 -0.163
-3.107 -21.699 71.901  -0.108  0.276 -0.952   0.346 -1.500  0.594  -0.208  0.121 -0.158
-3.119 -21.710 71.892  -0.088  0.280 -0.960   0.344 -1.509  0.594  -0.213  0.115 -0.170
-3.133 -21.711 71.888  -0.088  0.276 -0.952   0.344 -1.509  0.594  -0.209  0.122 -0.166
-3.166 -21.708 71.875  -0.080  0.276 -0.944   0.344 -1.509  0.594  -0.205  0.118 -0.162
-3.188 -21.709 71.859  -0.084  0.280 -0.960   0.346 -1.497  0.598  -0.207  0.116 -0.163
-3.235 -21.731 71.825  -0.076  0.280 -0.944   0.346 -1.497  0.598  -0.220  0.113 -0.165
-3.237 -21.757 71.823  -0.092  0.284 -0.952   0.346 -1.497  0.598  -0.213  0.116 -0.164
-3.258 -21.781 71.804  -0.084  0.288 -0.952   0.346 -1.497  0.598  -0.208  0.111 -0.165
-3.277 -21.779 71.800  -0.084  0.272 -0.960   0.341 -1.500  0.592  -0.223  0.119 -0.164
-3.271 -21.786 71.803  -0.092  0.280 -0.952   0.341 -1.500  0.592  -0.206  0.118 -0.171
-3.264 -21.797 71.812  -0.092  0.280 -0.952   0.341 -1.500  0.592  -0.209  0.116 -0.166
-3.267 -21.801 71.810  -0.088  0.276 -0.952   0.344 -1.500  0.598  -0.213  0.115 -0.166
-3.253 -21.811 71.822  -0.096  0.280 -0.960   0.344 -1.500  0.598  -0.212  0.118 -0.165
-3.233 -21.802 71.832  -0.096  0.272 -0.960   0.344 -1.500  0.598  -0.209  0.117 -0.170
-3.181 -21.786 71.867  -0.104  0.268 -0.956   0.346 -1.500  0.590  -0.203  0.112 -0.162
-3.184 -21.783 71.864  -0.092  0.276 -0.960   0.346 -1.500  0.590  -0.211  0.121 -0.165
-3.195 -21.783 71.860  -0.088  0.276 -0.960   0.346 -1.500  0.590  -0.214  0.117 -0.160
-3.218 -21.805 71.832  -0.088  0.288 -0.964   0.346 -1.500  0.590  -0.216  0.119 -0.175
-3.208 -21.801 71.842  -0.092  0.276 -0.960   0.344 -1.506  0.590  -0.208  0.113 -0.165
-3.208 -21.803 71.839  -0.088  0.272 -0.948   0.344 -1.506  0.590  -0.216  0.113 -0.170
-3.204 -21.819 71.851  -0.096  0.280 -0.944   0.344 -1.506  0.590  -0.211  0.126 -0.163
-3.209 -21.795 71.848  -0.088  0.268 -0.944   0.349 -1.506  0.603  -0.201  0.122 -0.163
-3.216 -21.802 71.848  -0.088  0.276 -0.948   0.349 -1.506  0.603  -0.213  0.115 -0.158
-3.232 -21.823 71.833  -0.088  0.288 -0.948   0.349 -1.506  0.603  -0.205  0.117 -0.165
-3.248 -21.835 71.819  -0.088  0.276 -0.940   0.351 -1.503  0.598  -0.216  0.121 -0.162
-3.220 -21.816 71.819  -0.096  0.268 -0.952   0.351 -1.503  0.598  -0.203  0.112 -0.173
-3.229 -21.819 71.818  -0.092  0.280 -0.956   0.351 -1.503  0.598  -0.208  0.123 -0.157
-3.228 -21.814 71.810  -0.088  0.272 -0.944   0.351 -1.503  0.598  -0.207  0.111 -0.164
-3.236 -21.805 71.799  -0.088  0.268 -0.940   0.346 -1.497  0.588  -0.213  0.122 -0.170
-3.232 -21.810 71.802  -0.092  0.272 -0.944   0.346 -1.497  0.588  -0.216  0.118 -0.164
-3.239 -21.798 71.789  -0.088  0.272 -0.956   0.346 -1.497  0.588  -0.211  0.118 -0.170
-3.236 -21.794 71.798  -0.092  0.272 -0.964   0.346 -1.514  0.603  -0.219  0.118 -0.165
-3.243 -21.788 71.799  -0.088  0.276 -0.956   0.346 -1.514  0.603  -0.208  0.119 -0.164
-3.209 -21.775 71.827  -0.100  0.272 -0.956   0.346 -1.514  0.603  -0.201  0.118 -0.164
-3.181 -21.757 71.834  -0.096  0.264 -0.948   0.351 -1.506  0.592  -0.208  0.112 -0.168
-3.166 -21.740 71.836  -0.092  0.268 -0.948   0.351 -1.506  0.592  -0.202  0.112 -0.164
-3.168 -21.737 71.836  -0.092  0.268 -0.936   0.351 -1.506  0.592  -0.211  0.123 -0.162
-3.160 -21.722 71.831  -0.092  0.268 -0.944   0.351 -1.506  0.592  -0.203  0.117 -0.169
-3.158 -21.715 71.829  -0.088  0.276 -0.960   0.344 -1.483  0.594  -0.203  0.108 -0.163
-3.174 -21.714 71.820  -0.088  0.280 -0.956   0.344 -1.483  0.594  -0.202  0.121 -0.163
-3.176 -21.728 71.816  -0.092  0.276 -0.952   0.344 -1.483  0.594  -0.218  0.117 -0.166
-3.163 -21.740 71.832  -0.092  0.276 -0.948   0.344 -1.514  0.600  -0.211  0.111 -0.165
-3.147 -21.730 71.857  -0.092  0.272 -0.952   0.344 -1.514  0.600  -0.203  0.112 -0.158
-3.152 -21.743 71.866  -0.092  0.276 -0.952   0.344 -1.514  0.600  -0.218  0.122 -0.164
-3.117 -21.758 71.882  -0.104  0.276 -0.940   0.351 -1.503  0.596  -0.206  0.117 -0.165
-3.119 -21.787 71.877  -0.096  0.284 -0.944   0.351 -1.503  0.596  -0.212  0.121 -0.164
-3.138 -21.792 71.859  -0.088  0.280 -0.944   0.351 -1.503  0.596  -0.203  0.121 -0.164
-3.139 -21.784 71.847  -0.092  0.268 -0.948   0.351 -1.500  0.592  -0.214  0.119 -0.169
-3.124 -21.764 71.843  -0.096  0.264 -0.944   0.351 -1.500  0.592  -0.207  0.121 -0.171
-3.102 -21.740 71.848  -0.096  0.264 -0.952   0.351 -1.500  0.592  -0.206  0.115 -0.166
-3.109 -21.738 71.839  -0.088  0.272 -0.948   0.351 -1.500  0.592  -0.211  0.112 -0.162
-3.101 -21.711 71.823  -0.092  0.260 -0.948   0.359 -1.506  0.605  -0.209  0.115 -0.170
-3.122 -21.698 71.792  -0.088  0.272 -0.948   0.359 -1.506  0.605  -0.203  0.123 -0.169
-3.108 -21.701 71.786  -0.100  0.276 -0.960   0.359 -1.506  0.605  -0.208  0.118 -0.168
-3.102 -21.729 71.788  -0.096  0.284 -0.960   0.349 -1.512  0.588  -0.217  0.113 -0.169
-3.108 -21.727 71.788  -0.092  0.272 -0.952   0.349 -1.512  0.588  -0.213  0.122 -0.166
-3.118 -21.711 71.785  -0.088  0.272 -0.960   0.349 -1.512  0.588  -0.206  0.118 -0.164
-3.102 -21.686 71.809  -0.092  0.272 -0.960   0.344 -1.520  0.596  -0.195  0.115 -0.163
-3.091 -21.692 71.833  -0.096  0.276 -0.964   0.344 -1.520  0.596  -0.214  0.117 -0.163
-3.054 -21.680 71.866  -0.100  0.268 -0.952   0.344 -1.520  0.596  -0.203  0.115 -0.166
-3.042 -21.681 71.883  -0.092  0.272 -0.956   0.344 -1.520  0.596  -0.212  0.110 -0.165
-3.046 -21.671 71.887  -0.092  0.268 -0.948   0.349 -1.509  0.600  -0.209  0.122 -0.162
-3.065 -21.681 71.875  -0.088  0.280 -0.948   0.349 -1.509  0.600  -0.206  0.119 -0.165
-3.086 -21.697 71.853  -0.088  0.276 -0.948   0.349 -1.509  0.600  -0.218  0.119 -0.173
-3.092 -21.711 71.851  -0.088  0.280 -0.956   0.341 -1.503  0.592  -0.212  0.110 -0.170
-3.101 -21.707 71.858  -0.088  0.276 -0.960   0.341 -1.503  0.592  -0.208  0.117 -0.162
-3.116 -21.714 71.856  -0.088  0.280 -0.964   0.341 -1.503  0.592  -0.213  0.118 -0.166
-3.076 -21.730 71.884  -0.108  0.280 -0.960   0.344 -1.512  0.592  -0.209  0.121 -0.173
-3.026 -21.752 71.929  -0.108  0.280 -0.948   0.344 -1.512  0.592  -0.205  0.116 -0.162
-2.993 -21.744 71.957  -0.104  0.268 -0.956   0.344 -1.512  0.592  -0.212  0.121 -0.168
-2.942 -21.738 71.997  -0.108  0.268 -0.952   0.344 -1.512  0.592  -0.207  0.117 -0.165
-2.928 -21.717 72.015  -0.096  0.264 -0.960   0.346 -1.509  0.596  -0.212  0.116 -0.159
-2.918 -21.707 72.020  -0.096  0.272 -0.960   0.346 -1.509  0.596  -0.206  0.116 -0.166
-2.880 -21.695 72.044  -0.104  0.268 -0.964   0.346 -1.509  0.596  -0.208  0.112 -0.166
-2.863 -21.695 72.051  -0.100  0.276 -0.960   0.346 -1.512  0.592  -0.205  0.117 -0.170
-2.889 -21.699 72.031  -0.084  0.276 -0.956   0.346 -1.512  0.592  -0.213  0.111 -0.168
-2.911 -21.712 72.022  -0.088  0.284 -0.948   0.346 -1.512  0.592  -0.201  0.117 -0.162
-2.925 -21.728 72.017  -0.092  0.280 -0.940   0.349 -1.514  0.596  -0.206  0.121 -0.163
-2.945 -21.727 72.009  -0.092  0.272 -0.944   0.349 -1.514  0.596  -0.212  0.130 -0.164
-2.948 -21.715 72.007  -0.092  0.268 -0.948   0.349 -1.514  0.596  -0.208  0.119 -0.165
-2.952 -21.699 72.007  -0.088  0.268 -0.952   0.349 -1.514  0.596  -0.207  0.111 -0.160
-2.951 -21.701 72.014  -0.096  0.272 -0.952   0.346 -1.506  0.598  -0.213  0.122 -0.162
-2.932 -21.695 72.032  -0.100  0.272 -0.956   0.346 -1.506  0.598  -0.206  0.118 -0.162
-2.944 -21.654 72.029  -0.088  0.260 -0.960   0.346 -1.506  0.598  -0.206  0.123 -0.162
-2.926 -21.621 72.049  -0.096  0.268 -0.984   0.344 -1.506  0.590  -0.203  0.112 -0.158
-2.924 -21.608 72.054  -0.092  0.272 -0.980   0.344 -1.506  0.590  -0.212  0.111 -0.163
-2.926 -21.593 72.052  -0.092  0.264 -0.952   0.344 -1.506  0.590  -0.212  0.121 -0.169
-2.913 -21.585 72.061  -0.096  0.272 -0.960   0.344 -1.500  0.598  -0.202  0.115 -0.165
-2.900 -21.590 72.075  -0.100  0.276 -0.956   0.344 -1.500  0.598  -0.205  0.121 -0.163
-2.907 -21.596 72.070  -0.092  0.276 -0.956   0.344 -1.500  0.598  -0.208  0.117 -0.166
-2.933 -21.603 72.059  -0.088  0.280 -0.956   0.344 -1.500  0.598  -0.206  0.122 -0.162
-2.953 -21.634 72.036  -0.092  0.288 -0.964   0.351 -1.503  0.596  -0.213  0.116 -0.165
-2.969 -21.636 72.022  -0.088  0.280 -0.964   0.351 -1.503  0.596  -0.205  0.111 -0.158
-2.982 -21.655 72.014  -0.092  0.280 -0.960   0.351 -1.503  0.596  -0.217  0.116 -0.157
-2.982 -21.680 72.020  -0.096  0.284 -0.952   0.344 -1.500  0.592  -0.208  0.118 -0.162
-2.983 -21.700 72.021  -0.096  0.280 -0.952   0.344 -1.500  0.592  -0.212  0.121 -0.166
-2.999 -21.716 72.009  -0.088  0.288 -0.960   0.344 -1.500  0.592  -0.202  0.112 -0.164
-3.009 -21.742 71.996  -0.088  0.284 -0.956   0.346 -1.506  0.603  -0.214  0.105 -0.168
-3.005 -21.765 72.000  -0.096  0.284 -0.956   0.346 -1.506  0.603  -0.211  0.115 -0.163
-2.995 -21.790 72.004  -0.100  0.288 -0.956   0.346 -1.506  0.603  -0.206  0.118 -0.168
-3.006 -21.804 72.004  -0.092  0.280 -0.948   0.346 -1.506  0.603  -0.211  0.121 -0.159
-3.006 -21.808 71.993  -0.092  0.272 -0.940   0.346 -1.503  0.598  -0.212  0.116 -0.174
-2.981 -21.806 72.011  -0.100  0.272 -0.952   0.346 -1.503  0.598  -0.209  0.115 -0.162
-2.984 -21.823 72.018  -0.096  0.280 -0.960   0.346 -1.503  0.598  -0.219  0.118 -0.158
-3.011 -21.833 71.997  -0.088  0.280 -0.956   0.349 -1.506  0.592  -0.216  0.119 -0.164
-3.019 -21.838 71.990  -0.092  0.280 -0.960   0.349 -1.506  0.592  -0.211  0.116 -0.163
-3.027 -21.837 71.986  -0.096  0.276 -0.964   0.349 -1.506  0.592  -0.217  0.127 -0.163
-3.023 -21.833 71.994  -0.096  0.272 -0.960   0.344 -1.506  0.598  -0.218  0.122 -0.165
-3.006 -21.858 72.007  -0.100  0.284 -0.952   0.344 -1.506  0.598  -0.211  0.115 -0.166
-2.982 -21.871 72.028  -0.100  0.280 -0.944   0.344 -1.506  0.598  -0.205  0.115 -0.162
-2.940 -21.885 72.058  -0.108  0.280 -0.940   0.344 -1.506  0.598  -0.200  0.119 -0.166
-2.895 -21.890 72.092  -0.108  0.276 -0.944   0.344 -1.491  0.598  -0.202  0.116 -0.159
-2.898 -21.902 72.083  -0.096  0.280 -0.944   0.344 -1.491  0.598  -0.208  0.121 -0.170
-2.881 -21.876 72.087  -0.096  0.268 -0.960   0.344 -1.491  0.598  -0.205  0.111 -0.168
-2.832 -21.852 72.119  -0.104  0.264 -0.956   0.341 -1.497  0.590  -0.206  0.110 -0.165
-2.838 -21.841 72.120  -0.096  0.272 -0.960   0.341 -1.497  0.590  -0.213  0.126 -0.166
-2.821 -21.833 72.135  -0.100  0.268 -0.948   0.341 -1.497  0.590  -0.212  0.119 -0.165
-2.821 -21.839 72.133  -0.096  0.272 -0.944   0.346 -1.494  0.600  -0.216  0.117 -0.164
-2.807 -21.860 72.143  -0.104  0.276 -0.940   0.346 -1.494  0.600  -0.217  0.123 -0.163
-2.820 -21.857 72.141  -0.092  0.276 -0.944   0.346 -1.494  0.600  -0.203  0.119 -0.156
-2.840 -21.839 72.114  -0.088  0.268 -0.956   0.346 -1.494  0.600  -0.214  0.117 -0.173
-2.836 -21.830 72.104  -0.096  0.272 -0.952   0.351 -1.486  0.594  -0.206  0.113 -0.162
-2.857 -21.824 72.082  -0.092  0.276 -0.952   0.351 -1.486  0.594  -0.206  0.122 -0.160
-2.867 -21.826 72.060  -0.092  0.276 -0.960   0.351 -1.486  0.594  -0.214  0.111 -0.164
-2.861 -21.843 72.070  -0.096  0.284 -0.952   0.341 -1.503  0.590  -0.206  0.112 -0.164
-2.832 -21.851 72.097  -0.104  0.280 -0.960   0.341 -1.503  0.590  -0.206  0.113 -0.163
-2.842 -21.848 72.105  -0.092  0.276 -0.956   0.341 -1.503  0.590  -0.211  0.118 -0.158
-2.868 -21.846 72.084  -0.084  0.280 -0.964   0.344 -1.506  0.596  -0.209  0.110 -0.168
-2.893 -21.852 72.073  -0.088  0.280 -0.952   0.344 -1.506  0.596  -0.211  0.119 -0.163
-2.909 -21.870 72.068  -0.088  0.284 -0.956   0.344 -1.506  0.596  -0.212  0.108 -0.160
-2.920 -21.871 72.064  -0.092  0.280 -0.956   0.344 -1.506  0.596  -0.207  0.119 -0.165
-2.945 -21.874 72.043  -0.092  0.280 -0.956   0.349 -1.497  0.600  -0.212  0.127 -0.165
-2.959 -21.861 72.026  -0.088  0.272 -0.952   0.349 -1.497  0.600  -0.208  0.115 -0.164
-2.991 -21.841 71.999  -0.084  0.272 -0.952   0.349 -1.497  0.600  -0.206  0.122 -0.164
-3.033 -21.817 71.970  -0.080  0.268 -0.960   0.344 -1.503  0.588  -0.217  0.123 -0.170
-3.055 -21.782 71.955  -0.084  0.264 -0.960   0.344 -1.503  0.588  -0.212  0.121 -0.168
-3.045 -21.747 71.969  -0.092  0.260 -0.960   0.344 -1.503  0.588  -0.211  0.117 -0.160
-3.021 -21.723 71.991  -0.096  0.268 -0.972   0.341 -1.509  0.602  -0.207  0.112 -0.165
-2.987 -21.744 72.019  -0.104  0.284 -0.964   0.341 -1.509  0.602  -0.208  0.112 -0.166
-2.941 -21.759 72.056  -0.108  0.276 -0.952   0.341 -1.509  0.602  -0.211  0.116 -0.166
-2.980 -21.774 72.032  -0.088  0.284 -0.956   0.349 -1.512  0.592  -0.213  0.128 -0.164
-3.002 -21.789 72.014  -0.088  0.284 -0.960   0.349 -1.512  0.592  -0.212  0.115 -0.164
-3.027 -21.773 71.992  -0.084  0.272 -0.960   0.349 -1.512  0.592  -0.211  0.117 -0.166
-3.057 -21.769 71.974  -0.080  0.280 -0.956   0.349 -1.512  0.592  -0.202  0.110 -0.158
-3.069 -21.783 71.966  -0.088  0.284 -0.952   0.346 -1.509  0.592  -0.205  0.112 -0.163
-3.073 -21.770 71.964  -0.088  0.276 -0.960   0.346 -1.509  0.592  -0.201  0.112 -0.162
-3.099 -21.774 71.946  -0.088  0.280 -0.956   0.346 -1.509  0.592  -0.211  0.126 -0.168
-3.089 -21.772 71.952  -0.096  0.272 -0.952   0.346 -1.506  0.602  -0.212  0.121 -0.166
-3.107 -21.750 71.943  -0.084  0.272 -0.964   0.346 -1.506  0.602  -0.206  0.116 -0.160
-3.111 -21.711 71.929  -0.088  0.264 -0.968   0.346 -1.506  0.602  -0.207  0.118 -0.174
-3.099 -21.732 71.945  -0.100  0.284 -0.960   0.346 -1.509  0.594  -0.211  0.121 -0.160
-3.072 -21.741 71.966  -0.100  0.280 -0.960   0.346 -1.509  0.594  -0.205  0.112 -0.160
-3.069 -21.739 71.969  -0.096  0.276 -0.960   0.346 -1.509  0.594  -0.208  0.123 -0.166
-3.068 -21.728 71.960  -0.092  0.268 -0.960   0.346 -1.509  0.594  -0.217  0.118 -0.174
-3.086 -21.718 71.954  -0.084  0.276 -0.960   0.344 -1.509  0.592  -0.205  0.113 -0.162
-3.122 -21.710 71.938  -0.080  0.276 -0.948   0.344 -1.509  0.592  -0.203  0.122 -0.162
-3.139 -21.730 71.929  -0.088  0.284 -0.948   0.344 -1.509  0.592  -0.208  0.119 -0.166
-3.146 -21.745 71.921  -0.092  0.280 -0.944   0.354 -1.506  0.603  -0.207  0.118 -0.158
-3.137 -21.750 71.909  -0.092  0.276 -0.944   0.354 -1.506  0.603  -0.203  0.110 -0.168
-3.163 -21.753 71.875  -0.084  0.272 -0.944   0.354 -1.506  0.603  -0.217  0.117 -0.170
-3.149 -21.760 71.877  -0.096  0.280 -0.956   0.346 -1.509  0.588  -0.205  0.116 -0.171
-3.137 -21.755 71.887  -0.096  0.276 -0.960   0.346 -1.509  0.588  -0.206  0.119 -0.165
-3.118 -21.720 71.902  -0.096  0.264 -0.968   0.346 -1.509  0.588  -0.206  0.119 -0.164
-3.092 -21.719 71.916  -0.100  0.276 -0.972   0.346 -1.509  0.588  -0.211  0.113 -0.168
-3.076 -21.712 71.929  -0.100  0.272 -0.968   0.346 -1.509  0.594  -0.213  0.123 -0.166
-3.043 -21.703 71.960  -0.100  0.272 -0.952   0.346 -1.509  0.594  -0.198  0.113 -0.157
-3.045 -21.690 71.958  -0.092  0.272 -0.952   0.346 -1.509  0.594  -0.202  0.122 -0.166
-3.020 -21.698 71.976  -0.104  0.280 -0.956   0.349 -1.509  0.596  -0.201  0.122 -0.163
-2.998 -21.715 71.991  -0.100  0.284 -0.948   0.349 -1.509  0.596  -0.196  0.113 -0.160
-2.986 -21.721 71.989  -0.100  0.276 -0.964   0.349 -1.509  0.596  -0.214  0.119 -0.173
-2.993 -21.729 71.987  -0.092  0.276 -0.948   0.344 -1.503  0.592  -0.211  0.119 -0.166
-3.008 -21.756 71.983  -0.092  0.284 -0.948   0.344 -1.503  0.592  -0.213  0.121 -0.164
-3.010 -21.758 71.983  -0.092  0.276 -0.944   0.344 -1.503  0.592  -0.203  0.118 -0.166
-2.999 -21.748 71.989  -0.092  0.272 -0.944   0.344 -1.503  0.592  -0.198  0.112 -0.165
-2.992 -21.731 71.992  -0.092  0.268 -0.956   0.349 -1.506  0.594  -0.207  0.112 -0.162
-2.979 -21.741 71.990  -0.096  0.280 -0.960   0.349 -1.506  0.594  -0.207  0.108 -0.168
-2.964 -21.749 71.999  -0.100  0.276 -0.948   0.349 -1.506  0.594  -0.207  0.119 -0.164
-2.969 -21.731 71.992  -0.092  0.268 -0.952   0.349 -1.500  0.603  -0.207  0.121 -0.165
-2.980 -21.734 71.985  -0.092  0.276 -0.952   0.349 -1.500  0.603  -0.209  0.119 -0.162
-3.023 -21.752 71.957  -0.084  0.284 -0.948   0.349 -1.500  0.603  -0.211  0.123 -0.162
-3.055 -21.771 71.939  -0.084  0.280 -0.952   0.346 -1.517  0.586  -0.220  0.117 -0.166
-3.049 -21.769 71.950  -0.092  0.276 -0.964   0.346 -1.517  0.586  -0.211  0.110 -0.160
-3.022 -21.764 71.969  -0.100  0.272 -0.956   0.346 -1.517  0.586  -0.207  0.116 -0.166
-3.008 -21.766 71.983  -0.096  0.272 -0.952   0.346 -1.517  0.586  -0.213  0.115 -0.163
-3.013 -21.757 71.983  -0.092  0.272 -0.956   0.346 -1.517  0.598  -0.211  0.122 -0.166
-3.018 -21.733 71.988  -0.088  0.272 -0.968   0.346 -1.517  0.598  -0.203  0.113 -0.159
-3.015 -21.726 71.988  -0.092  0.272 -0.960   0.346 -1.517  0.598  -0.211  0.115 -0.169
-3.023 -21.730 71.976  -0.092  0.280 -0.960   0.346 -1.512  0.596  -0.207  0.119 -0.173
-3.044 -21.732 71.971  -0.088  0.276 -0.964   0.346 -1.512  0.596  -0.218  0.119 -0.160
-3.067 -21.739 71.956  -0.084  0.280 -0.960   0.346 -1.512  0.596  -0.212  0.112 -0.164
-3.093 -21.766 71.937  -0.088  0.284 -0.964   0.344 -1.503  0.586  -0.225  0.118 -0.170
-3.086 -21.770 71.946  -0.092  0.280 -0.952   0.344 -1.503  0.586  -0.201  0.112 -0.160
-3.079 -21.746 71.953  -0.092  0.268 -0.952   0.344 -1.503  0.586  -0.201  0.119 -0.164
-3.087 -21.752 71.944  -0.092  0.280 -0.952   0.344 -1.503  0.586  -0.206  0.122 -0.171
-3.065 -21.746 71.961  -0.096  0.268 -0.948   0.346 -1.517  0.600  -0.211  0.115 -0.165
-3.039 -21.741 71.987  -0.100  0.268 -0.956   0.346 -1.517  0.600  -0.214  0.117 -0.160
-3.027 -21.762 72.002  -0.100  0.280 -0.952   0.346 -1.517  0.600  -0.214  0.122 -0.164
-2.984 -21.796 72.034  -0.108  0.292 -0.960   0.346 -1.503  0.598  -0.201  0.108 -0.158
-2.943 -21.795 72.059  -0.104  0.272 -0.952   0.346 -1.503  0.598  -0.206  0.111 -0.163
-2.920 -21.792 72.070  -0.100  0.272 -0.960   0.346 -1.503  0.598  -0.212  0.112 -0.166
-2.913 -21.778 72.082  -0.096  0.272 -0.960   0.344 -1.503  0.592  -0.206  0.119 -0.159
-2.937 -21.783 72.063  -0.088  0.280 -0.956   0.344 -1.503  0.592  -0.209  0.118 -0.169
-2.961 -21.780 72.048  -0.088  0.276 -0.956   0.344 -1.503  0.592  -0.211  0.123 -0.166
-2.958 -21.787 72.058  -0.092  0.276 -0.948   0.344 -1.503  0.592  -0.209  0.111 -0.158
-2.943 -21.799 72.075  -0.096  0.276 -0.948   0.341 -1.506  0.600  -0.212  0.111 -0.163
-2.945 -21.818 72.075  -0.092  0.280 -0.936   0.341 -1.506  0.600  -0.207  0.116 -0.168
-2.974 -21.829 72.066  -0.084  0.280 -0.936   0.341 -1.506  0.600  -0.206  0.118 -0.160
-2.978 -21.839 72.054  -0.092  0.276 -0.944   0.344 -1.506  0.592  -0.213  0.117 -0.174
-2.959 -21.833 72.065  -0.096  0.272 -0.948   0.344 -1.506  0.592  -0.205  0.112 -0.165
-2.943 -21.822 72.072  -0.100  0.268 -0.948   0.344 -1.506  0.592  -0.211  0.124 -0.173
-2.909 -21.807 72.092  -0.100  0.272 -0.952   0.346 -1.512  0.590  -0.196  0.110 -0.163
-2.895 -21.800 72.101  -0.100  0.272 -0.948   0.346 -1.512  0.590  -0.205  0.123 -0.166
-2.864 -21.816 72.117  -0.104  0.280 -0.952   0.346 -1.512  0.590  -0.207  0.112 -0.168
-2.849 -21.835 72.122  -0.100  0.280 -0.944   0.346 -1.512  0.590  -0.208  0.115 -0.169
-2.863 -21.840 72.123  -0.092  0.280 -0.948   0.344 -1.500  0.602  -0.205  0.121 -0.157
-2.888 -21.843 72.104  -0.088  0.276 -0.952   0.344 -1.500  0.602  -0.216  0.119 -0.168
-2.925 -21.829 72.072  -0.080  0.272 -0.948   0.344 -1.500  0.602  -0.208  0.116 -0.171
-2.942 -21.837 72.059  -0.092  0.280 -0.952   0.346 -1.509  0.598  -0.211  0.123 -0.168
-2.949 -21.836 72.053  -0.092  0.280 -0.948   0.346 -1.509  0.598  -0.200  0.119 -0.165
-2.971 -21.843 72.042  -0.088  0.280 -0.952   0.346 -1.509  0.598  -0.211  0.118 -0.162
-2.946 -21.828 72.058  -0.100  0.272 -0.956   0.346 -1.506  0.588  -0.201  0.116 -0.163
-2.947 -21.837 72.057  -0.096  0.284 -0.952   0.346 -1.506  0.588  -0.201  0.119 -0.164
-2.923 -21.846 72.072  -0.104  0.280 -0.956   0.346 -1.506  0.588  -0.206  0.119 -0.164
-2.915 -21.844 72.076  -0.096  0.276 -0.948   0.346 -1.506  0.588  -0.203  0.116 -0.164
-2.897 -21.850 72.072  -0.104  0.280 -0.956   0.351 -1.500  0.602  -0.205  0.121 -0.171
-2.887 -21.830 72.069  -0.096  0.268 -0.948   0.351 -1.500  0.602  -0.202  0.116 -0.164
-2.895 -21.818 72.056  -0.092  0.272 -0.944   0.351 -1.500  0.602  -0.202  0.119 -0.163
-2.908 -21.834 72.051  -0.092  0.284 -0.956   0.344 -1.503  0.596  -0.211  0.116 -0.164
-2.930 -21.835 72.037  -0.088  0.276 -0.952   0.344 -1.503  0.596  -0.213  0.119 -0.168
-2.963 -21.837 72.019  -0.084  0.288 -0.968   0.344 -1.503  0.596  -0.202  0.116 -0.162
-2.994 -21.836 72.023  -0.084  0.284 -0.964   0.336 -1.503  0.590  -0.206  0.119 -0.156
-2.992 -21.843 72.035  -0.096  0.280 -0.964   0.336 -1.503  0.590  -0.214  0.122 -0.168
-2.997 -21.829 72.043  -0.088  0.276 -0.968   0.336 -1.503  0.590  -0.207  0.113 -0.164
-3.023 -21.816 72.039  -0.084  0.276 -0.964   0.336 -1.503  0.590  -0.209  0.121 -0.164
-3.037 -21.818 72.028  -0.088  0.280 -0.952   0.349 -1.509  0.603  -0.205  0.115 -0.160
-3.007 -21.813 72.040  -0.100  0.276 -0.956   0.349 -1.509  0.603  -0.200  0.111 -0.165
-2.984 -21.819 72.062  -0.100  0.276 -0.952   0.349 -1.509  0.603  -0.208  0.113 -0.154
-2.951 -21.817 72.083  -0.104  0.272 -0.952   0.346 -1.506  0.594  -0.208  0.117 -0.164
-2.939 -21.822 72.088  -0.096  0.272 -0.956   0.346 -1.506  0.594  -0.219  0.111 -0.164
-2.933 -21.805 72.087  -0.096  0.268 -0.960   0.346 -1.506  0.594  -0.212  0.121 -0.168
-2.944 -21.803 72.090  -0.096  0.276 -0.952   0.344 -1.506  0.592  -0.209  0.132 -0.162
-2.970 -21.789 72.066  -0.084  0.272 -0.960   0.344 -1.506  0.592  -0.212  0.117 -0.171
-2.990 -21.798 72.051  -0.088  0.280 -0.952   0.344 -1.506  0.592  -0.211  0.118 -0.168
-3.016 -21.787 72.027  -0.084  0.272 -0.948   0.344 -1.506  0.592  -0.209  0.119 -0.171
-3.041 -21.773 72.009  -0.084  0.268 -0.952   0.349 -1.512  0.602  -0.214  0.118 -0.164
-3.076 -21.768 71.986  -0.080  0.276 -0.964   0.349 -1.512  0.602  -0.216  0.113 -0.160
-3.093 -21.758 71.975  -0.088  0.276 -0.960   0.349 -1.512  0.602  -0.206  0.121 -0.163
-3.123 -21.763 71.947  -0.084  0.280 -0.964   0.344 -1.497  0.592  -0.216  0.118 -0.171
-3.128 -21.732 71.953  -0.088  0.268 -0.968   0.344 -1.497  0.592  -0.206  0.118 -0.156
-3.126 -21.729 71.953  -0.092  0.276 -0.960   0.344 -1.497  0.592  -0.208  0.117 -0.165
-3.105 -21.739 71.979  -0.100  0.284 -0.960   0.339 -1.506  0.594  -0.200  0.121 -0.163
-3.096 -21.742 71.990  -0.096  0.276 -0.964   0.339 -1.506  0.594  -0.214  0.121 -0.170
-3.078 -21.751 72.013  -0.096  0.280 -0.964   0.339 -1.506  0.594  -0.209  0.112 -0.162
-3.057 -21.780 72.031  -0.100  0.284 -0.956   0.339 -1.506  0.594  -0.214  0.115 -0.169
-3.068 -21.785 72.027  -0.088  0.280 -0.956   0.346 -1.509  0.602  -0.208  0.113 -0.159
-3.076 -21.789 72.020  -0.088  0.276 -0.956   0.346 -1.509  0.602  -0.213  0.112 -0.163
-3.059 -21.789 72.023  -0.096  0.276 -0.952   0.346 -1.509  0.602  -0.205  0.113 -0.169
-3.022 -21.791 72.058  -0.104  0.280 -0.960   0.344 -1.514  0.596  -0.200  0.116 -0.158
-3.025 -21.788 72.059  -0.096  0.276 -0.960   0.344 -1.514  0.596  -0.211  0.128 -0.169
-3.021 -21.777 72.067  -0.096  0.276 -0.964   0.344 -1.514  0.596  -0.205  0.124 -0.164
-3.031 -21.775 72.058  -0.092  0.272 -0.960   0.346 -1.506  0.586  -0.219  0.122 -0.165
-3.032 -21.749 72.050  -0.088  0.272 -0.964   0.346 -1.506  0.586  -0.198  0.111 -0.165
-3.015 -21.754 72.061  -0.096  0.280 -0.960   0.346 -1.506  0.586  -0.203  0.110 -0.159
-3.022 -21.721 72.039  -0.088  0.264 -0.952   0.346 -1.506  0.586  -0.202  0.121 -0.176
-3.025 -21.712 72.036  -0.092  0.268 -0.948   0.349 -1.500  0.600  -0.211  0.119 -0.160
-3.032 -21.723 72.024  -0.092  0.276 -0.952   0.349 -1.500  0.600  -0.216  0.117 -0.165
-3.023 -21.726 72.024  -0.092  0.272 -0.956   0.349 -1.500  0.600  -0.214  0.106 -0.160
-2.986 -21.748 72.046  -0.104  0.280 -0.944   0.346 -1.512  0.586  -0.205  0.112 -0.165
-2.934 -21.799 72.074  -0.116  0.292 -0.948   0.346 -1.512  0.586  -0.207  0.118 -0.173
-2.933 -21.821 72.071  -0.096  0.288 -0.952   0.346 -1.512  0.586  -0.202  0.116 -0.166
-2.934 -21.845 72.067  -0.096  0.284 -0.944   0.349 -1.509  0.596  -0.208  0.117 -0.164
-2.933 -21.852 72.062  -0.092  0.276 -0.936   0.349 -1.509  0.596  -0.205  0.112 -0.164
-2.938 -21.842 72.052  -0.088  0.272 -0.948   0.349 -1.509  0.596  -0.206  0.108 -0.164
-2.955 -21.820 72.036  -0.088  0.264 -0.952   0.349 -1.509  0.596  -0.217  0.121 -0.168
-2.973 -21.804 72.030  -0.084  0.272 -0.956   0.344 -1.500  0.596  -0.207  0.112 -0.158
-2.998 -21.797 72.014  -0.084  0.276 -0.944   0.344 -1.500  0.596  -0.202  0.118 -0.164
-3.011 -21.799 72.003  -0.092  0.276 -0.952   0.344 -1.500  0.596  -0.212  0.124 -0.170
-3.009 -21.779 72.013  -0.092  0.268 -0.956   0.341 -1.509  0.598  -0.208  0.121 -0.165
-3.006 -21.754 72.018  -0.092  0.268 -0.952   0.341 -1.509  0.598  -0.201  0.122 -0.169
-3.002 -21.739 72.031  -0.092  0.272 -0.964   0.341 -1.509  0.598  -0.207  0.116 -0.162
-3.001 -21.733 72.033  -0.092  0.272 -0.952   0.346 -1.512  0.598  -0.208  0.117 -0.163
-3.015 -21.731 72.024  -0.088  0.272 -0.948   0.346 -1.512  0.598  -0.212  0.118 -0.165
-3.039 -21.723 72.013  -0.088  0.272 -0.956   0.346 -1.512  0.598  -0.213  0.126 -0.164
-3.039 -21.708 72.015  -0.088  0.272 -0.956   0.346 -1.512  0.598  -0.202  0.111 -0.160
-3.055 -21.707 71.986  -0.088  0.272 -0.948   0.354 -1.506  0.596  -0.212  0.117 -0.169
-3.096 -21.700 71.946  -0.084  0.276 -0.960   0.354 -1.506  0.596  -0.211  0.126 -0.169
-3.105 -21.733 71.915  -0.092  0.288 -0.960   0.354 -1.506  0.596  -0.214  0.111 -0.175
-3.119 -21.751 71.906  -0.088  0.284 -0.960   0.344 -1.509  0.588  -0.213  0.115 -0.168
-3.113 -21.746 71.913  -0.092  0.276 -0.960   0.344 -1.509  0.588  -0.206  0.115 -0.165
-3.118 -21.745 71.920  -0.092  0.276 -0.948   0.344 -1.509  0.588  -0.205  0.124 -0.162
-3.031 -21.806 71.985  -0.124  0.292 -0.936   0.344 -1.514  0.598  -0.203  0.118 -0.166
-2.993 -21.846 72.011  -0.108  0.288 -0.940   0.344 -1.514  0.598  -0.206  0.118 -0.171
-2.970 -21.851 72.028  -0.100  0.276 -0.952   0.344 -1.514  0.598  -0.209  0.116 -0.168
-2.992 -21.833 72.023  -0.088  0.272 -0.956   0.344 -1.514  0.598  -0.208  0.127 -0.164
-3.009 -21.836 72.014  -0.092  0.276 -0.952   0.346 -1.500  0.598  -0.216  0.126 -0.163
-2.986 -21.824 72.028  -0.096  0.272 -0.952   0.346 -1.500  0.598  -0.201  0.108 -0.160
-2.970 -21.828 72.039  -0.100  0.276 -0.956   0.346 -1.500  0.598  -0.211  0.118 -0.163
-2.946 -21.814 72.062  -0.100  0.272 -0.968   0.346 -1.520  0.590  -0.208  0.115 -0.160
-2.908 -21.799 72.092  -0.104  0.272 -0.968   0.346 -1.520  0.590  -0.205  0.113 -0.162
-2.899 -21.787 72.099  -0.096  0.276 -0.968   0.346 -1.520  0.590  -0.203  0.115 -0.165
-2.905 -21.763 72.083  -0.092  0.268 -0.964   0.351 -1.509  0.598  -0.209  0.118 -0.168
-2.904 -21.735 72.077  -0.092  0.264 -0.960   0.351 -1.509  0.598  -0.208  0.115 -0.163
-2.895 -21.709 72.075  -0.096  0.268 -0.968   0.351 -1.509  0.598  -0.205  0.116 -0.164
