-0.000  0.000 -0.000  -0.048  0.076 -0.992  -0.054  0.150  0.855   0.023  0.015 -0.022
-0.075  0.075 -2.135  -0.044  0.080 -0.996  -0.054  0.150  0.855   0.023  0.018 -0.023
-0.150  0.151 -4.301  -0.044  0.080 -0.992  -0.054  0.150  0.855   0.022  0.015 -0.023
-0.238  0.213 -6.483  -0.052  0.080 -0.996  -0.054  0.150  0.855   0.016  0.004 -0.029
-0.341  0.276 -8.730  -0.056  0.080 -0.996  -0.031  0.133  0.840   0.011  0.006 -0.033
-0.449  0.355 -11.030  -0.052  0.088 -0.992  -0.031  0.133  0.840   0.008  0.003 -0.050
-0.542  0.421 -13.358  -0.044  0.080 -0.996  -0.031  0.133  0.840   0.010 -0.007 -0.053
-0.642  0.498 -15.703  -0.044  0.088 -0.980  -0.034  0.150  0.840   0.011 -0.010 -0.057
-0.741  0.568 -18.062  -0.052  0.084 -0.980  -0.034  0.150  0.840   0.015 -0.010 -0.068
-0.865  0.644 -20.423  -0.060  0.096 -0.972  -0.034  0.150  0.840   0.012 -0.023 -0.068
-0.975  0.718 -22.782  -0.056  0.092 -0.980  -0.034  0.150  0.853   0.015 -0.024 -0.066
-1.079  0.795 -25.254  -0.052  0.088 -0.976  -0.028  0.150  0.853   0.018 -0.024 -0.067
-1.172  0.869 -27.609  -0.056  0.084 -0.984  -0.028  0.150  0.853   0.019 -0.018 -0.073
-1.273  0.959 -30.078  -0.064  0.088 -0.980  -0.028  0.150  0.853   0.023 -0.010 -0.074
-1.356  1.059 -32.493  -0.056  0.088 -0.972  -0.016  0.139  0.842   0.028 -0.004 -0.069
-1.418  1.120 -34.794  -0.056  0.068 -0.980  -0.016  0.139  0.842   0.027 -0.007 -0.077
-1.470  1.203 -37.168  -0.052  0.076 -0.976  -0.016  0.139  0.842   0.034 -0.001 -0.080
-1.508  1.275 -39.508  -0.048  0.064 -0.984  -0.021  0.165  0.838   0.026  0.004 -0.088
-1.530  1.362 -41.780  -0.040  0.068 -1.004  -0.021  0.165  0.838   0.022  0.009 -0.091
-1.560  1.432 -43.934  -0.044  0.064 -0.996  -0.021  0.165  0.838   0.019  0.002 -0.101
-1.588  1.510 -46.036  -0.044  0.068 -0.988  -0.016  0.156  0.853   0.022  0.004 -0.106
-1.625  1.607 -48.129  -0.048  0.076 -0.984  -0.016  0.156  0.853   0.018  0.008 -0.128
-1.670  1.714 -50.174  -0.048  0.080 -0.984  -0.016  0.156  0.853   0.010  0.003 -0.130
-1.726  1.819 -52.189  -0.052  0.084 -0.992  -0.016  0.156  0.853   0.011 -0.005 -0.135
-1.793  1.919 -54.087  -0.056  0.088 -0.988   0.003  0.147  0.842   0.016 -0.008 -0.149
-1.856  2.006 -55.935  -0.052  0.080 -0.992   0.003  0.147  0.842   0.007 -0.015 -0.161
-1.909  2.105 -57.738  -0.052  0.084 -0.984   0.003  0.147  0.842   0.010 -0.007 -0.169
-1.942  2.148 -59.491  -0.044  0.060 -0.996  -0.003  0.162  0.842   0.008 -0.018 -0.174
-1.986  2.208 -61.236  -0.052  0.068 -0.996  -0.003  0.162  0.842   0.010 -0.014 -0.178
-2.036  2.293 -62.922  -0.052  0.076 -0.992  -0.003  0.162  0.842   0.001 -0.014 -0.182
-2.070  2.393 -64.514  -0.048  0.084 -0.992   0.000  0.159  0.855   0.005 -0.008 -0.186
-2.108  2.480 -66.098  -0.052  0.080 -1.000   0.000  0.159  0.855   0.004 -0.010 -0.199
-2.140  2.568 -67.657  -0.056  0.080 -1.004   0.000  0.159  0.855   0.006 -0.002 -0.199
-2.165  2.653 -69.278  -0.060  0.076 -0.996   0.000  0.159  0.855   0.008  0.008 -0.199
-2.175  2.729 -70.672  -0.052  0.076 -0.992   0.005  0.159  0.836   0.007  0.009 -0.206
-2.181  2.793 -72.026  -0.052  0.072 -0.988   0.005  0.159  0.836   0.010  0.010 -0.207
-2.173  2.872 -73.308  -0.048  0.076 -0.984   0.005  0.159  0.836   0.004  0.018 -0.216
-2.172  2.958 -74.522  -0.048  0.080 -0.984   0.005  0.176  0.846  -0.000  0.014 -0.218
-2.177  3.024 -75.741  -0.052  0.076 -0.984   0.005  0.176  0.846   0.007  0.010 -0.232
-2.189  3.127 -76.934  -0.056  0.088 -0.980   0.005  0.176  0.846  -0.001  0.014 -0.237
-2.193  3.222 -78.098  -0.056  0.080 -0.980   0.008  0.165  0.853  -0.012  0.020 -0.241
-2.214  3.327 -79.253  -0.060  0.088 -0.980   0.008  0.165  0.853  -0.010  0.010 -0.256
-2.222  3.413 -80.312  -0.052  0.080 -0.988   0.008  0.165  0.853  -0.016  0.007 -0.255
-2.228  3.492 -81.336  -0.052  0.080 -0.988   0.008  0.165  0.853  -0.014  0.007 -0.259
-2.241  3.614 -82.381  -0.064  0.092 -1.000   0.010  0.159  0.833  -0.027  0.020 -0.270
-2.252  3.717 -83.368  -0.060  0.092 -0.992   0.010  0.159  0.833  -0.016  0.013 -0.277
-2.245  3.820 -84.229  -0.048  0.096 -0.996   0.010  0.159  0.833  -0.016  0.009 -0.284
-2.225  3.896 -85.167  -0.052  0.084 -0.996   0.000  0.185  0.853  -0.015  0.021 -0.287
-2.195  3.964 -86.049  -0.048  0.084 -1.000   0.000  0.185  0.853  -0.014  0.023 -0.294
-2.161  4.016 -86.882  -0.044  0.080 -0.996   0.000  0.185  0.853  -0.010  0.021 -0.301
-2.121  4.052 -87.631  -0.040  0.072 -0.984   0.005  0.171  0.852  -0.015  0.024 -0.299
-2.099  4.092 -88.410  -0.048  0.076 -0.992   0.005  0.171  0.852  -0.010  0.020 -0.300
-2.067  4.145 -89.198  -0.052  0.080 -0.984   0.005  0.171  0.852  -0.012  0.036 -0.310
-2.032  4.212 -89.924  -0.048  0.084 -0.984   0.005  0.171  0.852  -0.021  0.032 -0.315
-2.001  4.254 -90.721  -0.052  0.076 -0.988   0.000  0.165  0.835  -0.014  0.032 -0.320
-1.973  4.304 -91.518  -0.056  0.080 -0.988   0.000  0.165  0.835  -0.014  0.036 -0.326
-1.944  4.357 -92.250  -0.052  0.084 -0.980   0.000  0.165  0.835  -0.011  0.031 -0.327
-1.915  4.421 -92.946  -0.048  0.088 -0.972  -0.005  0.182  0.853  -0.014  0.025 -0.331
-1.888  4.466 -93.659  -0.052  0.080 -0.976  -0.005  0.182  0.853  -0.015  0.030 -0.334
-1.859  4.502 -94.378  -0.056  0.076 -0.988  -0.005  0.182  0.853  -0.017  0.037 -0.334
-1.830  4.534 -95.096  -0.052  0.076 -0.988  -0.005  0.162  0.850  -0.016  0.030 -0.351
-1.786  4.576 -95.745  -0.048  0.080 -0.984  -0.005  0.162  0.850  -0.021  0.037 -0.349
-1.756  4.619 -96.397  -0.052  0.080 -0.996  -0.005  0.162  0.850  -0.022  0.031 -0.349
-1.727  4.658 -97.033  -0.052  0.080 -0.988  -0.005  0.162  0.850  -0.020  0.031 -0.356
-1.710  4.671 -97.731  -0.056  0.072 -0.992  -0.010  0.165  0.831  -0.011  0.028 -0.361
-1.696  4.688 -98.404  -0.056  0.072 -0.992  -0.010  0.165  0.831  -0.014  0.025 -0.364
-1.677  4.713 -99.084  -0.060  0.072 -0.988  -0.010  0.165  0.831  -0.021  0.034 -0.364
-1.658  4.755 -99.788  -0.060  0.080 -0.988  -0.018  0.171  0.852  -0.018  0.029 -0.370
-1.622  4.792 -100.437  -0.056  0.080 -0.988  -0.018  0.171  0.852  -0.020  0.037 -0.370
-1.580  4.847 -101.029  -0.052  0.088 -0.972  -0.018  0.171  0.852  -0.021  0.036 -0.381
-1.533  4.855 -101.600  -0.048  0.076 -0.984  -0.016  0.156  0.850  -0.011  0.041 -0.382
-1.503  4.870 -102.223  -0.056  0.072 -0.976  -0.016  0.156  0.850  -0.018  0.039 -0.380
-1.476  4.876 -102.831  -0.056  0.068 -0.980  -0.016  0.156  0.850  -0.020  0.037 -0.381
-1.453  4.863 -103.458  -0.056  0.064 -0.984  -0.016  0.156  0.850  -0.011  0.037 -0.384
-1.429  4.840 -104.043  -0.052  0.064 -0.992  -0.023  0.162  0.831  -0.004  0.031 -0.382
-1.393  4.833 -104.613  -0.052  0.064 -1.000  -0.023  0.162  0.831  -0.021  0.039 -0.389
-1.347  4.821 -105.054  -0.040  0.068 -0.996  -0.023  0.162  0.831  -0.015  0.032 -0.388
-1.301  4.836 -105.625  -0.052  0.076 -0.988  -0.034  0.171  0.855  -0.015  0.042 -0.382
-1.268  4.828 -106.206  -0.052  0.068 -0.992  -0.034  0.171  0.855  -0.010  0.037 -0.394
-1.230  4.867 -106.727  -0.052  0.084 -0.984  -0.034  0.171  0.855  -0.018  0.034 -0.397
-1.192  4.866 -107.289  -0.052  0.072 -0.996  -0.031  0.150  0.846  -0.010  0.039 -0.392
-1.156  4.889 -107.754  -0.048  0.084 -0.996  -0.031  0.150  0.846  -0.010  0.028 -0.384
-1.109  4.924 -108.206  -0.048  0.088 -0.992  -0.031  0.150  0.846  -0.015  0.036 -0.397
-1.082  4.927 -108.723  -0.052  0.072 -0.980  -0.031  0.150  0.846  -0.012  0.034 -0.401
-1.052  4.919 -109.190  -0.048  0.068 -0.992  -0.036  0.162  0.835  -0.015  0.031 -0.389
-1.034  4.912 -109.660  -0.052  0.068 -0.988  -0.036  0.162  0.835  -0.011  0.029 -0.382
-1.016  4.916 -110.111  -0.052  0.072 -0.988  -0.036  0.162  0.835  -0.012  0.026 -0.390
-0.998  4.955 -110.633  -0.060  0.084 -0.988  -0.041  0.156  0.855  -0.014  0.026 -0.386
-0.988  5.002 -111.118  -0.060  0.092 -0.980  -0.041  0.156  0.855  -0.003  0.019 -0.392
-0.968  5.027 -111.576  -0.056  0.084 -0.984  -0.041  0.156  0.855  -0.006  0.026 -0.390
-0.942  5.067 -112.099  -0.056  0.088 -0.980  -0.044  0.133  0.844  -0.009  0.019 -0.380
-0.916  5.075 -112.673  -0.060  0.076 -0.984  -0.044  0.133  0.844  -0.006  0.034 -0.376
-0.877  5.092 -113.090  -0.048  0.088 -0.976  -0.044  0.133  0.844   0.001  0.028 -0.380
-0.846  5.077 -113.532  -0.048  0.076 -0.980  -0.044  0.133  0.844   0.005  0.029 -0.381
-0.817  5.085 -114.001  -0.052  0.084 -0.980  -0.052  0.145  0.833   0.005  0.026 -0.376
-0.780  5.100 -114.433  -0.052  0.088 -0.988  -0.052  0.145  0.833   0.002  0.031 -0.373
-0.752  5.125 -114.832  -0.052  0.088 -0.988  -0.052  0.145  0.833  -0.005  0.021 -0.378
-0.734  5.155 -115.259  -0.056  0.088 -0.988  -0.054  0.150  0.857  -0.004  0.019 -0.371
-0.727  5.150 -115.703  -0.056  0.076 -0.980  -0.054  0.150  0.857   0.005  0.020 -0.364
-0.718  5.152 -116.088  -0.056  0.084 -0.976  -0.054  0.150  0.857   0.013  0.023 -0.370
-0.690  5.169 -116.462  -0.052  0.088 -0.976  -0.049  0.124  0.840   0.004  0.023 -0.360
-0.668  5.176 -116.780  -0.048  0.088 -0.984  -0.049  0.124  0.840   0.010  0.017 -0.354
-0.646  5.174 -117.067  -0.044  0.088 -0.988  -0.049  0.124  0.840   0.015  0.013 -0.354
-0.630  5.182 -117.413  -0.052  0.088 -0.984  -0.062  0.150  0.836   0.012  0.017 -0.351
-0.641  5.191 -117.830  -0.064  0.084 -0.988  -0.062  0.150  0.836   0.017  0.014 -0.340
-0.671  5.210 -118.296  -0.072  0.076 -0.984  -0.062  0.150  0.836   0.006  0.006 -0.342
-0.686  5.208 -118.722  -0.068  0.076 -0.980  -0.062  0.150  0.836   0.015  0.019 -0.345
-0.684  5.168 -119.033  -0.052  0.064 -0.988  -0.057  0.145  0.855   0.008  0.019 -0.333
-0.672  5.137 -119.238  -0.044  0.072 -0.992  -0.057  0.145  0.855   0.008  0.013 -0.325
-0.677  5.137 -119.516  -0.060  0.080 -1.000  -0.057  0.145  0.855   0.012  0.014 -0.326
-0.672  5.127 -119.811  -0.056  0.080 -1.000  -0.054  0.124  0.838   0.017  0.015 -0.317
-0.668  5.103 -120.047  -0.048  0.076 -0.996  -0.054  0.124  0.838   0.019  0.008 -0.316
-0.654  5.090 -120.244  -0.048  0.080 -0.996  -0.054  0.124  0.838   0.015  0.013 -0.304
-0.644  5.075 -120.473  -0.052  0.076 -0.996  -0.065  0.145  0.836   0.012  0.017 -0.299
-0.644  5.025 -120.710  -0.048  0.064 -0.984  -0.065  0.145  0.836   0.021  0.017 -0.298
-0.648  4.993 -120.942  -0.052  0.068 -0.996  -0.065  0.145  0.836   0.018  0.013 -0.290
-0.633  4.958 -121.076  -0.044  0.072 -0.992  -0.065  0.145  0.836   0.018  0.018 -0.278
-0.629  4.957 -121.199  -0.052  0.080 -0.980  -0.059  0.145  0.853   0.016  0.014 -0.284
-0.622  4.948 -121.304  -0.048  0.072 -0.984  -0.059  0.145  0.853   0.004  0.010 -0.273
-0.638  4.944 -121.514  -0.060  0.068 -0.980  -0.059  0.145  0.853   0.007  0.010 -0.276
-0.643  4.944 -121.643  -0.052  0.072 -0.980  -0.052  0.124  0.835   0.005  0.003 -0.261
-0.647  4.963 -121.837  -0.060  0.072 -0.980  -0.052  0.124  0.835  -0.006  0.008 -0.265
-0.629  4.968 -121.910  -0.048  0.076 -0.984  -0.052  0.124  0.835  -0.004  0.012 -0.265
-0.627  4.993 -121.900  -0.048  0.084 -0.980  -0.062  0.153  0.844   0.002 -0.003 -0.248
-0.613  5.006 -121.885  -0.048  0.084 -0.988  -0.062  0.153  0.844   0.004  0.010 -0.241
-0.617  5.004 -121.874  -0.048  0.080 -0.984  -0.062  0.153  0.844   0.016  0.003 -0.234
-0.616  4.995 -121.873  -0.048  0.076 -0.988  -0.062  0.153  0.844   0.011  0.008 -0.230
-0.611  5.005 -121.797  -0.044  0.084 -0.988  -0.054  0.139  0.857   0.008 -0.001 -0.223
-0.604  5.007 -121.741  -0.044  0.080 -0.980  -0.054  0.139  0.857   0.007  0.004 -0.226
-0.586  4.974 -121.622  -0.032  0.068 -0.976  -0.054  0.139  0.857   0.004  0.007 -0.216
-0.573  4.971 -121.495  -0.040  0.076 -0.980  -0.047  0.130  0.833  -0.001  0.007 -0.208
-0.577  4.987 -121.405  -0.048  0.084 -0.984  -0.047  0.130  0.833   0.008  0.002 -0.208
-0.592  4.998 -121.405  -0.056  0.076 -0.984  -0.047  0.130  0.833   0.004  0.004 -0.199
-0.600  4.982 -121.335  -0.048  0.068 -0.980  -0.057  0.159  0.844   0.002  0.008 -0.191
-0.613  4.975 -121.297  -0.052  0.068 -0.976  -0.057  0.159  0.844  -0.000  0.007 -0.190
-0.613  4.970 -121.180  -0.044  0.072 -0.972  -0.057  0.159  0.844  -0.000  0.004 -0.185
-0.596  4.979 -121.040  -0.044  0.080 -0.980  -0.057  0.159  0.844  -0.004  0.013 -0.178
-0.580  4.985 -120.945  -0.044  0.080 -0.984  -0.062  0.159  0.853  -0.000  0.010 -0.173
-0.566  4.978 -120.848  -0.044  0.076 -0.984  -0.062  0.159  0.853   0.002  0.013 -0.162
-0.561  4.983 -120.790  -0.048  0.076 -0.980  -0.062  0.159  0.853  -0.001  0.009 -0.163
-0.577  5.006 -120.782  -0.060  0.080 -0.980  -0.049  0.136  0.827   0.004  0.006 -0.158
-0.573  5.007 -120.699  -0.048  0.076 -0.984  -0.049  0.136  0.827  -0.000  0.010 -0.161
-0.576  5.022 -120.671  -0.056  0.076 -0.980  -0.049  0.136  0.827  -0.005  0.012 -0.151
-0.575  5.032 -120.581  -0.052  0.076 -0.988  -0.057  0.162  0.853  -0.007  0.012 -0.152
-0.561  5.027 -120.472  -0.048  0.072 -0.984  -0.057  0.162  0.853  -0.010  0.020 -0.145
-0.552  5.030 -120.320  -0.044  0.076 -0.988  -0.057  0.162  0.853  -0.007  0.009 -0.141
-0.531  5.071 -120.115  -0.048  0.092 -0.988  -0.047  0.145  0.853  -0.012  0.014 -0.130
-0.516  5.104 -119.931  -0.048  0.088 -0.988  -0.047  0.145  0.853  -0.012  0.013 -0.131
-0.521  5.124 -119.839  -0.056  0.080 -0.988  -0.047  0.145  0.853  -0.009  0.012 -0.130
-0.526  5.157 -119.777  -0.060  0.080 -0.984  -0.047  0.145  0.853  -0.017  0.013 -0.125
-0.526  5.164 -119.606  -0.052  0.076 -0.996  -0.039  0.142  0.831  -0.015  0.017 -0.129
-0.531  5.162 -119.369  -0.044  0.076 -0.988  -0.039  0.142  0.831  -0.006  0.006 -0.120
-0.520  5.141 -119.044  -0.032  0.072 -0.992  -0.039  0.142  0.831  -0.009  0.007 -0.112
-0.527  5.186 -118.916  -0.056  0.088 -0.988  -0.049  0.159  0.853  -0.015  0.004 -0.118
-0.518  5.246 -118.719  -0.052  0.100 -0.988  -0.049  0.159  0.853  -0.012  0.007 -0.106
-0.501  5.281 -118.567  -0.052  0.092 -0.984  -0.049  0.159  0.853  -0.012  0.021 -0.118
-0.487  5.310 -118.396  -0.048  0.088 -0.980  -0.049  0.159  0.853  -0.016  0.014 -0.112
-0.484  5.320 -118.253  -0.048  0.080 -0.976  -0.049  0.159  0.853  -0.012  0.012 -0.109
-0.489  5.342 -118.132  -0.052  0.084 -0.988  -0.049  0.159  0.853  -0.012  0.007 -0.111
-0.478  5.333 -117.946  -0.040  0.076 -0.992  -0.049  0.159  0.853  -0.014  0.010 -0.107
-0.470  5.323 -117.652  -0.036  0.076 -0.988  -0.036  0.150  0.835  -0.015  0.010 -0.116
-0.442  5.327 -117.292  -0.028  0.084 -0.976  -0.036  0.150  0.835  -0.017  0.013 -0.118
-0.449  5.343 -117.126  -0.052  0.084 -0.988  -0.036  0.150  0.835  -0.011  0.015 -0.114
-0.466  5.379 -117.117  -0.060  0.084 -0.976  -0.057  0.173  0.848  -0.015  0.007 -0.109
-0.465  5.392 -117.068  -0.052  0.080 -0.980  -0.057  0.173  0.848  -0.015  0.014 -0.111
-0.452  5.384 -116.967  -0.044  0.080 -0.984  -0.057  0.173  0.848  -0.006  0.018 -0.111
-0.429  5.403 -116.912  -0.044  0.092 -0.984  -0.057  0.153  0.846  -0.006  0.015 -0.119
-0.453  5.387 -116.772  -0.052  0.072 -0.984  -0.034  0.153  0.846  -0.006  0.013 -0.122
-0.455  5.376 -116.559  -0.044  0.076 -0.984  -0.034  0.153  0.846  -0.011  0.017 -0.117
-0.464  5.385 -116.369  -0.048  0.084 -0.980  -0.034  0.153  0.846  -0.007  0.013 -0.120
-0.468  5.375 -116.193  -0.044  0.076 -0.984  -0.036  0.156  0.831  -0.011  0.014 -0.125
-0.481  5.366 -116.014  -0.044  0.076 -0.980  -0.036  0.156  0.831  -0.007  0.007 -0.116
-0.497  5.364 -115.896  -0.052  0.080 -0.988  -0.036  0.156  0.831  -0.003  0.014 -0.120
-0.510  5.359 -115.795  -0.048  0.076 -0.984  -0.044  0.171  0.850  -0.009  0.008 -0.124
-0.531  5.327 -115.724  -0.048  0.068 -0.988  -0.044  0.171  0.850   0.001  0.009 -0.129
-0.567  5.329 -115.724  -0.060  0.076 -0.988  -0.044  0.171  0.850  -0.001  0.006 -0.133
-0.578  5.370 -115.660  -0.056  0.092 -0.984  -0.044  0.171  0.850  -0.011  0.007 -0.138
-0.617  5.375 -115.657  -0.068  0.076 -0.992  -0.034  0.165  0.850  -0.005  0.015 -0.138
-0.634  5.404 -115.524  -0.056  0.092 -0.980  -0.034  0.165  0.850  -0.003  0.010 -0.135
-0.658  5.436 -115.408  -0.056  0.092 -0.980  -0.034  0.165  0.850  -0.004  0.003 -0.145
-0.688  5.447 -115.313  -0.056  0.084 -0.980  -0.034  0.165  0.833  -0.000  0.003 -0.146
-0.686  5.440 -115.083  -0.036  0.084 -0.980  -0.034  0.165  0.833  -0.001  0.004 -0.152
-0.694  5.407 -114.922  -0.040  0.072 -0.988  -0.034  0.165  0.833  -0.001  0.007 -0.156
-0.522  5.433 -115.068  -0.068  0.068 -0.984  -0.031  0.168  0.855  -0.114  0.171 -0.229
 0.043  5.670 -115.215  -0.068  0.108 -0.932  -0.031  0.168  0.855  -0.342  0.425 -0.284
 0.495  6.142 -115.135  -0.072  0.112 -0.868  -0.031  0.168  0.855  -0.448  0.273 -0.073
 0.860  6.437 -114.964  -0.060  0.076 -0.840  -0.031  0.168  0.855  -0.397  0.260  0.027
 1.141  6.313 -115.020  -0.036  0.088 -0.860  -0.049  0.116  0.842  -0.021  0.290 -0.097
 1.324  5.852 -115.208  -0.024  0.072 -0.852  -0.049  0.116  0.842   0.245  0.326 -0.273
 1.452  5.226 -115.481  -0.028  0.060 -0.844  -0.049  0.116  0.842   0.382  0.360 -0.276
 1.515  4.570 -115.760  -0.024  0.084 -0.840  -0.088  0.150  0.827   0.506  0.321 -0.230
 1.446  4.031 -115.893  -0.016  0.100 -0.840  -0.088  0.150  0.827   0.518  0.178 -0.224
 1.346  3.832 -115.881  -0.008  0.120 -0.844  -0.088  0.150  0.827   0.326  0.023 -0.205
 1.361  3.914 -115.820  -0.008  0.124 -0.840  -0.098  0.182  0.844   0.079  0.008 -0.174
 1.512  4.218 -115.806  -0.012  0.112 -0.848  -0.098  0.182  0.844  -0.180  0.032 -0.155
 1.890  4.774 -115.633   0.008  0.108 -0.880  -0.098  0.182  0.844  -0.491  0.079 -0.102
 2.375  5.320 -115.480  -0.004  0.088 -0.900  -0.098  0.182  0.844  -0.596  0.185  0.018
 2.803  5.646 -115.325   0.008  0.068 -0.880  -0.093  0.130  0.831  -0.466  0.196  0.117
 2.965  5.688 -115.020   0.024  0.084 -0.868  -0.093  0.130  0.831  -0.116  0.085  0.047
 2.756  5.417 -115.056   0.004  0.088 -0.868  -0.093  0.130  0.831   0.270 -0.056 -0.124
 2.594  5.051 -115.403  -0.020  0.096 -0.864  -0.101  0.145  0.823   0.359  0.054 -0.240
 2.702  4.745 -115.730  -0.020  0.100 -0.868  -0.101  0.145  0.823   0.232  0.246 -0.227
 2.916  4.444 -116.020  -0.012  0.088 -0.896  -0.101  0.145  0.823   0.161  0.320 -0.206
 3.081  4.168 -116.185   0.008  0.080 -0.940  -0.116  0.171  0.835   0.139  0.246 -0.185
 3.098  3.981 -116.192   0.020  0.092 -0.984  -0.116  0.171  0.835   0.151  0.090 -0.150
 3.135  3.941 -116.296   0.008  0.100 -0.996  -0.116  0.171  0.835   0.046  0.073 -0.180
 3.331  4.076 -116.511   0.004  0.060 -0.924  -0.116  0.171  0.835  -0.224  0.128 -0.157
 3.358  4.049 -116.513   0.044  0.068 -0.968  -0.121  0.147  0.810  -0.025 -0.008 -0.135
 3.087  3.868 -116.547   0.040  0.080 -0.984  -0.121  0.147  0.810   0.234 -0.168 -0.178
 3.016  3.730 -116.823   0.008  0.072 -0.948  -0.121  0.147  0.810   0.117  0.012 -0.161
 3.281  3.541 -117.057   0.004  0.080 -0.956  -0.132  0.173  0.801   0.045  0.302 -0.138
 3.506  3.022 -117.210   0.036  0.060 -0.972  -0.132  0.173  0.801   0.277  0.359 -0.202
 3.622  2.430 -117.350   0.040  0.080 -0.980  -0.132  0.173  0.801   0.431  0.318 -0.273
 3.716  1.964 -117.634   0.032  0.084 -1.016  -0.147  0.188  0.816   0.357  0.276 -0.303
 4.023  1.760 -117.937   0.036  0.076 -1.028  -0.147  0.188  0.816   0.062  0.338 -0.321
 4.365  1.645 -117.969   0.060  0.056 -1.044  -0.147  0.188  0.816  -0.056  0.300 -0.173
 4.452  1.579 -117.759   0.072  0.064 -1.060  -0.147  0.188  0.816   0.028  0.080 -0.046
 4.279  1.631 -117.871   0.052  0.060 -1.056  -0.165  0.176  0.784   0.018 -0.146 -0.025
 4.070  1.894 -118.222   0.024  0.060 -1.016  -0.165  0.176  0.784  -0.126 -0.222 -0.113
 4.048  1.967 -118.536   0.040  0.056 -1.004  -0.165  0.176  0.784  -0.066 -0.040 -0.161
 4.065  1.869 -118.578   0.072  0.040 -1.008  -0.160  0.188  0.788   0.026  0.008 -0.146
 3.897  1.773 -118.708   0.068  0.036 -1.028  -0.160  0.188  0.788   0.093 -0.124 -0.185
 3.711  1.783 -118.881   0.056  0.056 -1.028  -0.160  0.188  0.788   0.062 -0.162 -0.215
 3.731  1.742 -119.088   0.040  0.052 -1.024  -0.155  0.179  0.812   0.007  0.037 -0.164
 3.833  1.548 -119.227   0.056  0.040 -1.044  -0.155  0.179  0.812   0.066  0.139 -0.158
 3.922  1.275 -119.444   0.040  0.044 -1.056  -0.155  0.179  0.812   0.139  0.197 -0.149
 3.906  1.089 -119.547   0.052  0.056 -1.056  -0.155  0.179  0.812   0.151  0.070 -0.160
 3.794  1.050 -119.860   0.032  0.036 -1.036  -0.158  0.185  0.780   0.044 -0.034 -0.180
 3.836  0.929 -120.159   0.032  0.028 -1.040  -0.158  0.185  0.780   0.024  0.116 -0.151
 3.826  0.618 -120.318   0.052  0.028 -1.044  -0.158  0.185  0.780   0.198  0.129 -0.145
 3.615  0.357 -120.367   0.064  0.044 -1.044  -0.173  0.220  0.784   0.296 -0.056 -0.182
 3.286  0.330 -120.503   0.040  0.052 -1.040  -0.173  0.220  0.784   0.193 -0.208 -0.168
 3.122  0.356 -120.665   0.032  0.044 -1.044  -0.173  0.220  0.784   0.070 -0.103 -0.139
 3.109  0.349 -120.655   0.044  0.028 -1.040  -0.155  0.220  0.805   0.005  0.001 -0.131
 3.110  0.331 -120.706   0.048  0.020 -1.044  -0.155  0.220  0.805  -0.009  0.008 -0.184
 3.144  0.299 -120.797   0.044  0.028 -1.028  -0.155  0.220  0.805   0.005  0.046 -0.224
 3.289  0.170 -120.890   0.048  0.020 -1.012  -0.155  0.220  0.805   0.013  0.164 -0.234
 3.677 -0.103 -120.888   0.056  0.032 -1.016  -0.152  0.217  0.765   0.040  0.405 -0.217
 4.181 -0.491 -120.783   0.072  0.032 -1.012  -0.152  0.217  0.765   0.085  0.531 -0.215
 4.715 -0.882 -120.511   0.096  0.020 -1.000  -0.152  0.217  0.765   0.070  0.528 -0.185
 5.098 -1.146 -120.482   0.112  0.024 -1.000  -0.212  0.240  0.780   0.037  0.344 -0.152
 5.136 -1.348 -120.556   0.100  0.024 -1.024  -0.212  0.240  0.780   0.134  0.100 -0.166
 5.358 -1.019 -120.622   0.092  0.048 -1.036  -0.212  0.240  0.780  -0.293  0.026 -0.174
 5.449 -0.786 -120.619   0.092  0.048 -1.008  -0.202  0.225  0.784  -0.172 -0.032 -0.147
 5.334 -0.472 -120.530   0.116  0.028 -1.012  -0.202  0.225  0.784  -0.171 -0.258 -0.149
 4.829 -0.316 -120.416   0.120  0.028 -1.004  -0.202  0.225  0.784   0.101 -0.488 -0.150
 4.069 -0.052 -120.553   0.084  0.020 -1.016  -0.202  0.225  0.784   0.104 -0.702 -0.150
 3.475  0.150 -120.582   0.044  0.020 -1.028  -0.155  0.231  0.763   0.088 -0.494 -0.169
 3.180  0.222 -120.630   0.048  0.020 -1.032  -0.155  0.231  0.763   0.057 -0.240 -0.206
 2.986  0.107 -120.731   0.048  0.016 -1.028  -0.155  0.231  0.763   0.148 -0.093 -0.245
 2.904  0.006 -120.764   0.040  0.016 -1.028  -0.150  0.260  0.784   0.098 -0.001 -0.274
 3.105 -0.061 -120.899   0.016  0.024 -1.040  -0.150  0.260  0.784  -0.042  0.240 -0.271
 3.359 -0.195 -121.040   0.016  0.020 -1.048  -0.150  0.260  0.784  -0.025  0.317 -0.272
 3.479 -0.551 -121.210   0.040  0.016 -1.040  -0.163  0.246  0.782   0.194  0.280 -0.282
 3.352 -0.801 -121.246   0.072  0.008 -1.032  -0.163  0.246  0.782   0.231 -0.003 -0.309
 3.078 -0.733 -121.206   0.076  0.020 -1.064  -0.163  0.246  0.782   0.094 -0.257 -0.273
 2.864 -0.323 -121.157   0.072  0.028 -1.076  -0.163  0.246  0.782  -0.174 -0.367 -0.256
 2.685  0.067 -121.188   0.040  0.016 -1.056  -0.150  0.249  0.759  -0.213 -0.290 -0.243
 2.412  0.161 -121.243   0.048 -0.012 -1.028  -0.150  0.249  0.759  -0.012 -0.260 -0.249
 2.091  0.144 -121.352   0.036 -0.016 -1.000  -0.150  0.249  0.759   0.083 -0.234 -0.232
 1.817  0.064 -121.363   0.020 -0.008 -0.996  -0.142  0.272  0.784   0.131 -0.147 -0.216
 1.814 -0.124 -121.462   0.004 -0.008 -1.000  -0.142  0.272  0.784   0.093  0.129 -0.217
 2.053 -0.466 -121.511   0.004  0.000 -0.996  -0.142  0.272  0.784   0.118  0.383 -0.196
 2.390 -0.863 -121.656   0.020 -0.008 -0.992  -0.158  0.257  0.776   0.104  0.461 -0.201
 2.816 -1.262 -121.701   0.036 -0.008 -0.996  -0.158  0.257  0.776   0.073  0.514 -0.200
 3.289 -1.587 -121.574   0.060 -0.004 -1.016  -0.158  0.257  0.776   0.018  0.489 -0.179
 3.659 -1.722 -121.251   0.092  0.000 -1.024  -0.158  0.257  0.776  -0.047  0.287 -0.171
 3.822 -1.717 -121.096   0.116 -0.004 -1.032  -0.189  0.275  0.756  -0.066  0.037 -0.234
 3.749 -1.672 -121.074   0.108  0.004 -1.024  -0.189  0.275  0.756   0.019 -0.137 -0.320
 3.594 -1.619 -121.062   0.104  0.004 -1.036  -0.189  0.275  0.756   0.048 -0.195 -0.301
 3.436 -1.461 -120.984   0.088  0.020 -1.016  -0.178  0.275  0.784   0.004 -0.220 -0.284
 3.169 -1.376 -121.025   0.068  0.000 -0.972  -0.178  0.275  0.784   0.054 -0.247 -0.270
 2.838 -1.519 -121.089   0.064 -0.020 -0.948  -0.178  0.275  0.784   0.210 -0.200 -0.232
 2.563 -1.755 -121.069   0.044 -0.028 -0.944  -0.155  0.275  0.774   0.245 -0.082 -0.182
 2.409 -1.984 -121.011   0.044 -0.016 -0.980  -0.155  0.275  0.774   0.226  0.004 -0.171
 2.259 -2.193 -120.912   0.052 -0.008 -0.992  -0.155  0.275  0.774   0.238 -0.018 -0.186
 2.105 -2.312 -120.863   0.048  0.000 -0.984  -0.155  0.275  0.774   0.197 -0.054 -0.224
 2.167 -2.387 -120.840   0.040 -0.004 -1.000  -0.160  0.303  0.750   0.065  0.102 -0.243
 2.315 -2.460 -120.634   0.072 -0.008 -1.016  -0.160  0.303  0.750   0.029  0.105 -0.211
 2.365 -2.508 -120.467   0.064 -0.004 -1.040  -0.160  0.303  0.750   0.060  0.046 -0.200
 2.371 -2.406 -120.302   0.052  0.008 -1.048  -0.155  0.321  0.780  -0.011 -0.026 -0.234
 2.350 -2.294 -120.141   0.056  0.004 -1.032  -0.155  0.321  0.780  -0.016 -0.062 -0.245
 2.276 -2.159 -120.081   0.044  0.004 -1.028  -0.155  0.321  0.780  -0.017 -0.091 -0.278
 2.238 -2.002 -120.044   0.048 -0.004 -1.024  -0.147  0.295  0.767  -0.064 -0.082 -0.289
 2.098 -1.952 -119.996   0.048 -0.016 -1.000  -0.147  0.295  0.767   0.028 -0.125 -0.259
 1.842 -2.003 -120.036   0.036 -0.028 -0.980  -0.147  0.295  0.767   0.118 -0.143 -0.252
 1.631 -2.101 -120.160   0.024 -0.032 -0.972  -0.147  0.295  0.767   0.134 -0.079 -0.263
 1.430 -2.212 -120.269   0.008 -0.040 -0.968  -0.145  0.327  0.759   0.128 -0.038 -0.266
 1.405 -2.300 -120.305   0.016 -0.036 -0.996  -0.145  0.327  0.759   0.054  0.063 -0.255
 1.474 -2.345 -120.270   0.024 -0.024 -0.968  -0.145  0.327  0.759   0.007  0.095 -0.255
 1.531 -2.535 -120.193   0.040 -0.032 -0.968  -0.142  0.315  0.782   0.106  0.114 -0.270
 1.558 -2.726 -120.114   0.032 -0.016 -0.980  -0.142  0.315  0.782   0.155  0.118 -0.254
 1.654 -2.882 -119.942   0.040 -0.012 -1.000  -0.142  0.315  0.782   0.118  0.141 -0.216
 1.787 -2.939 -119.832   0.036 -0.012 -1.016  -0.145  0.312  0.756   0.033  0.149 -0.213
 1.954 -2.914 -119.789   0.028 -0.012 -1.028  -0.145  0.312  0.756  -0.047  0.161 -0.235
 2.044 -2.922 -119.738   0.044 -0.024 -1.016  -0.145  0.312  0.756  -0.010  0.086 -0.273
 2.065 -3.053 -119.710   0.056 -0.044 -1.008  -0.168  0.353  0.746   0.072  0.064 -0.265
 2.144 -3.143 -119.674   0.048 -0.028 -1.016  -0.168  0.353  0.746   0.051  0.112 -0.251
 2.233 -3.161 -119.554   0.064 -0.020 -1.016  -0.168  0.353  0.746   0.015  0.061 -0.249
 2.228 -3.217 -119.496   0.052 -0.024 -1.016  -0.168  0.353  0.746   0.072  0.032 -0.244
 2.241 -3.200 -119.456   0.060 -0.028 -1.020  -0.165  0.329  0.771   0.004 -0.001 -0.255
 2.248 -3.040 -119.436   0.060 -0.020 -1.040  -0.165  0.329  0.771  -0.087 -0.063 -0.279
 2.396 -2.860 -119.382   0.060 -0.020 -1.028  -0.165  0.329  0.771  -0.167  0.032 -0.257
 2.365 -2.765 -119.139   0.096 -0.028 -1.012  -0.155  0.312  0.748  -0.032 -0.142 -0.251
 2.252 -2.589 -119.064   0.068 -0.020 -1.028  -0.155  0.312  0.748  -0.060 -0.180 -0.267
 2.254 -2.342 -119.033   0.052 -0.016 -0.996  -0.155  0.312  0.748  -0.156 -0.096 -0.252
 2.206 -2.202 -118.950   0.048 -0.028 -0.988  -0.147  0.318  0.750  -0.091 -0.086 -0.230
 2.179 -2.098 -118.934   0.036 -0.028 -0.984  -0.147  0.318  0.750  -0.081 -0.036 -0.230
 2.109 -1.886 -118.866   0.048 -0.024 -0.984  -0.147  0.318  0.750  -0.132 -0.137 -0.245
 2.054 -1.719 -118.882   0.028 -0.024 -0.972  -0.147  0.318  0.750  -0.124 -0.078 -0.228
 1.975 -1.635 -118.889   0.032 -0.028 -0.976  -0.142  0.303  0.773  -0.061 -0.074 -0.227
 1.771 -1.545 -118.821   0.048 -0.028 -0.972  -0.142  0.303  0.773  -0.010 -0.209 -0.238
 1.458 -1.442 -118.804   0.032 -0.020 -0.964  -0.142  0.303  0.773   0.038 -0.273 -0.216
 1.200 -1.379 -118.962  -0.004 -0.028 -0.972  -0.121  0.280  0.752   0.024 -0.148 -0.241
 1.226 -1.363 -119.092   0.000 -0.024 -0.984  -0.121  0.280  0.752  -0.048  0.070 -0.257
 1.289 -1.297 -119.107   0.012 -0.012 -0.984  -0.121  0.280  0.752  -0.076  0.053 -0.245
 1.295 -1.179 -119.098   0.008 -0.004 -1.012  -0.127  0.303  0.756  -0.078 -0.002 -0.245
 1.334 -1.051 -119.155   0.000 -0.004 -1.020  -0.127  0.303  0.756  -0.105  0.034 -0.268
 1.443 -0.946 -119.160   0.004  0.000 -1.020  -0.127  0.303  0.756  -0.113  0.089 -0.250
 1.587 -0.819 -119.143   0.008  0.004 -1.020  -0.127  0.303  0.756  -0.141  0.100 -0.254
 1.728 -0.686 -119.129   0.016  0.000 -0.992  -0.127  0.280  0.782  -0.158  0.081 -0.234
 1.757 -0.597 -119.069   0.024 -0.008 -0.960  -0.127  0.280  0.782  -0.098 -0.002 -0.219
 1.620 -0.571 -119.023   0.028 -0.012 -0.968  -0.127  0.280  0.782   0.011 -0.110 -0.240
 1.458 -0.550 -118.972   0.020 -0.012 -0.980  -0.114  0.272  0.752   0.026 -0.115 -0.250
 1.379 -0.569 -118.955   0.016 -0.016 -0.968  -0.114  0.272  0.752   0.013 -0.034 -0.251
 1.261 -0.714 -118.974   0.012 -0.020 -0.956  -0.114  0.272  0.752   0.117 -0.004 -0.252
 1.136 -0.873 -118.990   0.016 -0.012 -0.972  -0.124  0.298  0.759   0.156 -0.013 -0.285
 1.067 -0.924 -118.996   0.012 -0.004 -0.984  -0.124  0.298  0.759   0.072 -0.007 -0.273
 1.075 -0.920 -118.917   0.020 -0.004 -0.992  -0.124  0.298  0.759   0.002  0.010 -0.235
 1.070 -0.894 -118.803   0.024  0.004 -0.988  -0.124  0.298  0.759   0.008 -0.015 -0.233
 0.990 -0.883 -118.877   0.012  0.000 -1.008  -0.124  0.272  0.778   0.038 -0.042 -0.270
 0.952 -0.803 -118.999   0.008  0.004 -1.024  -0.124  0.272  0.778  -0.023 -0.034 -0.303
 0.960 -0.549 -119.065   0.008  0.012 -1.016  -0.124  0.272  0.778  -0.163 -0.074 -0.274
 0.873 -0.321 -119.042   0.012  0.000 -1.008  -0.111  0.266  0.754  -0.132 -0.148 -0.260
 0.720 -0.150 -119.065   0.004  0.004 -0.992  -0.111  0.266  0.754  -0.060 -0.164 -0.268
 0.500 -0.003 -119.108   0.000  0.008 -0.992  -0.111  0.266  0.754  -0.009 -0.205 -0.276
 0.354  0.143 -119.053   0.000  0.004 -1.008  -0.103  0.280  0.763  -0.049 -0.157 -0.267
 0.340  0.182 -119.018   0.000 -0.008 -1.008  -0.103  0.280  0.763  -0.049 -0.019 -0.262
 0.440  0.155 -118.938   0.012 -0.004 -1.004  -0.103  0.280  0.763  -0.038  0.072 -0.285
 0.421  0.164 -118.850   0.020  0.000 -0.992  -0.103  0.280  0.763  -0.006 -0.047 -0.323
 0.355  0.144 -118.851   0.012  0.000 -1.000  -0.101  0.260  0.786   0.034 -0.054 -0.331
 0.356  0.084 -118.888   0.004 -0.004 -1.000  -0.101  0.260  0.786   0.028  0.026 -0.312
 0.520  0.016 -118.817   0.016 -0.008 -0.996  -0.101  0.260  0.786  -0.038  0.131 -0.277
 0.649  0.083 -118.737   0.016 -0.004 -0.984  -0.103  0.260  0.748  -0.119  0.053 -0.252
 0.655  0.110 -118.639   0.016 -0.004 -0.964  -0.103  0.260  0.748  -0.040 -0.020 -0.237
 0.619  0.039 -118.690  -0.004 -0.008 -0.964  -0.103  0.260  0.748   0.039  0.028 -0.250
 0.642 -0.136 -118.761  -0.008 -0.012 -0.964  -0.114  0.286  0.769   0.088  0.125 -0.244
 0.700 -0.220 -118.805  -0.012  0.000 -0.980  -0.114  0.286  0.769   0.033  0.127 -0.229
 0.754 -0.170 -118.723   0.008  0.008 -0.992  -0.114  0.286  0.769  -0.047  0.031 -0.228
 0.765 -0.070 -118.622   0.012  0.016 -1.000  -0.114  0.286  0.769  -0.053 -0.029 -0.239
 0.712  0.016 -118.564   0.008  0.016 -1.000  -0.106  0.263  0.776  -0.020 -0.065 -0.252
 0.666  0.084 -118.606   0.000  0.008 -1.016  -0.106  0.263  0.776  -0.028 -0.040 -0.283
 0.614  0.148 -118.645  -0.004 -0.004 -1.008  -0.106  0.263  0.776  -0.048 -0.040 -0.238
 0.562  0.161 -118.516   0.004  0.000 -0.984  -0.098  0.266  0.750  -0.001 -0.036 -0.199
 0.564  0.070 -118.401   0.000 -0.004 -0.968  -0.098  0.266  0.750   0.048  0.054 -0.179
 0.600 -0.070 -118.370  -0.016 -0.004 -0.984  -0.098  0.266  0.750   0.072  0.134 -0.169
 0.710 -0.199 -118.240   0.000  0.000 -1.000  -0.114  0.315  0.767   0.048  0.158 -0.183
 0.860 -0.257 -118.107   0.004 -0.004 -0.992  -0.114  0.315  0.767  -0.028  0.156 -0.188
 0.950 -0.341 -117.986   0.008 -0.004 -0.992  -0.114  0.315  0.767   0.017  0.118 -0.211
 0.982 -0.428 -117.894   0.008 -0.004 -1.000  -0.114  0.315  0.767   0.045  0.079 -0.232
 1.036 -0.446 -117.893   0.012  0.000 -1.008  -0.116  0.275  0.773  -0.007  0.063 -0.229
 1.072 -0.392 -117.873   0.016 -0.004 -1.008  -0.116  0.275  0.773  -0.064  0.013 -0.224
 1.078 -0.296 -117.861   0.016  0.000 -0.992  -0.116  0.275  0.773  -0.077 -0.027 -0.239
 1.047 -0.240 -117.907   0.016 -0.008 -0.976  -0.121  0.283  0.748  -0.051 -0.042 -0.262
 0.985 -0.206 -117.918   0.020 -0.008 -0.980  -0.121  0.283  0.748  -0.022 -0.067 -0.251
 0.906 -0.159 -117.967   0.008  0.000 -0.964  -0.121  0.283  0.748  -0.011 -0.063 -0.244
 0.872 -0.186 -118.085  -0.012 -0.004 -0.960  -0.121  0.292  0.773   0.017  0.041 -0.227
 0.864 -0.299 -118.142  -0.004 -0.012 -0.964  -0.116  0.292  0.773   0.057  0.078 -0.229
 0.851 -0.412 -118.123   0.012 -0.012 -0.976  -0.116  0.292  0.773   0.067  0.042 -0.243
 0.817 -0.500 -118.100   0.016 -0.008 -0.984  -0.116  0.292  0.773   0.068  0.009 -0.263
 0.794 -0.529 -118.119   0.016  0.012 -1.008  -0.119  0.280  0.767   0.062 -0.003 -0.290
 0.759 -0.473 -118.126   0.020  0.012 -1.008  -0.119  0.280  0.767   0.004 -0.054 -0.299
 0.685 -0.370 -118.206   0.008  0.008 -1.024  -0.119  0.280  0.767  -0.028 -0.084 -0.299
 0.586 -0.294 -118.247  -0.004  0.004 -1.012  -0.109  0.292  0.750  -0.009 -0.071 -0.296
 0.508 -0.234 -118.277  -0.004  0.000 -1.004  -0.109  0.292  0.750  -0.014 -0.054 -0.282
 0.467 -0.186 -118.227   0.004  0.004 -1.000  -0.109  0.292  0.750  -0.011 -0.040 -0.255
 0.475 -0.182 -118.143   0.004  0.000 -0.996  -0.109  0.292  0.750  -0.006  0.014 -0.221
 0.500 -0.183 -118.047   0.004  0.000 -0.996  -0.109  0.292  0.750  -0.010  0.029 -0.204
 0.512 -0.195 -117.962   0.004 -0.008 -0.992  -0.109  0.292  0.750  -0.012  0.024 -0.197
 0.532 -0.260 -117.839   0.012 -0.008 -0.996  -0.109  0.292  0.750   0.027  0.036 -0.197
 0.529 -0.343 -117.727   0.012 -0.008 -0.988  -0.101  0.269  0.763   0.052  0.026 -0.202
 0.493 -0.490 -117.649   0.012 -0.020 -0.984  -0.101  0.269  0.763   0.093  0.026 -0.206
 0.435 -0.689 -117.560   0.016 -0.020 -0.976  -0.101  0.269  0.763   0.148  0.023 -0.216
 0.324 -0.928 -117.524   0.008 -0.020 -0.968  -0.111  0.301  0.748   0.205  0.015 -0.223
 0.195 -1.260 -117.517   0.008 -0.028 -0.980  -0.111  0.301  0.748   0.278  0.037 -0.233
 0.057 -1.919 -117.669   0.016 -0.120 -1.084  -0.111  0.301  0.748   0.382  0.151 -0.226
 0.355 -2.707 -117.888   0.032 -0.272 -1.508  -0.111  0.301  0.748   0.188  0.550 -0.116
 1.990 -2.404 -117.648   0.004 -0.356 -2.080  -0.129  0.344  0.771  -0.898  1.138  0.146
 5.431 -0.104 -116.618   0.140 -0.352 -2.520  -0.129  0.344  0.771  -3.156  1.758  0.834
 8.042  4.387 -115.637   0.336 -0.104 -2.652  -0.129  0.344  0.771  -4.524  0.320  0.941
 8.879  9.094 -114.784   0.280  0.404 -2.812  -0.165  0.072  0.782  -4.028 -1.094  0.830
 7.624 12.199 -113.819   0.272  0.544 -2.668  -0.165  0.072  0.782  -2.027 -2.097  0.639
 4.609 12.617 -112.675   0.188  0.676 -2.784  -0.165  0.072  0.782   0.679 -2.505  0.433
 0.877 10.677 -111.850   0.024  0.592 -2.316   0.026  0.064  0.810   2.776 -2.312  0.063
-2.602  7.665 -111.629  -0.136  0.364 -2.124   0.026  0.064  0.810   3.384 -1.726 -0.278
-4.718  5.440 -112.383  -0.212  0.096 -1.804   0.026  0.064  0.810   2.420 -0.955 -0.482
-5.744  4.383 -111.872  -0.244 -0.088 -1.604   0.137  0.251  0.829   0.869 -0.405 -0.464
-5.071  5.282 -111.703  -0.252 -0.140 -1.332   0.137  0.251  0.829  -1.290  0.361 -0.285
-3.126  7.521 -111.239  -0.196 -0.044 -1.112   0.137  0.251  0.829  -2.709  0.972 -0.048
-0.846  9.947 -110.401  -0.120  0.088 -0.844   0.137  0.251  0.829  -2.778  1.253  0.201
 0.964 11.385 -109.328  -0.044  0.192 -0.628   0.083  0.052  0.855  -1.505  1.215  0.387
 1.620 11.322 -107.745  -0.008  0.164 -0.392   0.083  0.052  0.855   0.219  0.776  0.549
 1.499 10.803 -105.806   0.008  0.096 -0.160   0.083  0.052  0.855   1.073  0.261  0.610
 1.101  9.734 -102.727   0.040 -0.008 -0.060   0.067  0.116  0.865   1.242 -0.484  0.637
 0.386  9.456 -100.356   0.068 -0.004 -0.016   0.067  0.116  0.865   1.202 -1.373  0.495
-1.193  9.300 -98.575   0.092 -0.016  0.008   0.067  0.116  0.865   1.167 -2.263  0.278
-3.355  9.293 -97.134   0.088 -0.016  0.028   0.256  0.211  0.882   0.993 -2.946  0.112
-6.409  9.284 -96.149   0.072 -0.016  0.056   0.256  0.211  0.882   0.856 -3.613 -0.068
-10.254  9.157 -95.514   0.044 -0.012  0.064   0.256  0.211  0.882   0.722 -4.027 -0.213
-14.697  8.899 -95.141   0.024  0.000  0.064   0.256  0.211  0.882   0.652 -4.161 -0.331
-19.914  8.924 -94.943   0.008  0.000  0.068   0.612  0.246  0.808   0.562 -4.145 -0.548
-25.267  9.264 -94.931   0.004  0.004  0.056   0.612  0.246  0.808   0.458 -4.052 -0.794
-30.750  9.754 -95.140  -0.004 -0.008  0.056   0.612  0.246  0.808   0.404 -3.977 -0.952
-36.823 10.782 -95.252  -0.012  0.000  0.048   0.902  0.321  0.694   0.343 -3.935 -1.049
-42.999 11.986 -95.250  -0.012  0.000  0.036   0.902  0.321  0.694   0.344 -3.851 -1.093
-48.892 13.182 -94.744  -0.016  0.012  0.044   0.902  0.321  0.694   0.465 -3.722 -1.053
-54.425 14.073 -93.155  -0.008  0.032  0.020   1.121  0.390  0.551   0.611 -3.601 -0.990
-60.059 14.823 -91.911  -0.024  0.020  0.020   1.121  0.390  0.551   0.754 -3.443 -0.869
-65.229 15.272 -91.137  -0.052  0.020  0.016   1.121  0.390  0.551   0.886 -3.294 -0.805
-70.070 15.426 -90.161  -0.060  0.028  0.024   1.121  0.390  0.551   1.071 -3.060 -0.774
-74.700 15.053 -89.069  -0.052  0.028  0.028   1.196  0.451  0.372   1.262 -2.801 -0.789
-79.166 14.413 -87.799  -0.048  0.032  0.040   1.196  0.451  0.372   1.467 -2.637 -0.745
-83.234 13.506 -86.594  -0.068  0.040  0.052   1.196  0.451  0.372   1.652 -2.457 -0.645
-86.394 11.962 -85.693  -0.100  0.044  0.044   1.230  0.535  0.222   1.879 -2.007 -0.480
-88.067 11.225 -85.578   0.076 -0.252  0.120   1.230  0.535  0.222   1.119 -0.674 -0.129
-86.666 10.068 -84.826  -0.444 -0.228 -0.084   1.230  0.535  0.222   1.292  1.149  0.905
-80.359  9.711 -83.884  -0.904 -0.112 -0.176   1.256  0.460  0.246   0.427  4.849  2.076
-70.776 11.446 -82.544  -1.232 -0.052 -0.132   1.256  0.460  0.246  -0.346  8.473  3.085
-57.729 13.848 -82.576  -1.324  0.104 -0.196   1.256  0.460  0.246  -0.761 11.720  2.671
-42.349 14.677 -83.116  -1.120  0.088 -0.516   1.256  0.460  0.246  -0.259 13.489  2.559
-26.511 15.995 -83.961  -0.656  0.072 -0.844   0.773  0.223  0.703  -0.660 13.522  2.284
-11.826 17.781 -84.465  -0.292  0.360 -1.136   0.773  0.223  0.703  -0.832 12.564  1.866
 0.825 17.976 -84.477   0.080  0.548 -1.480   0.773  0.223  0.703   0.785 10.730  1.740
10.720 16.487 -85.665   0.080  0.548 -1.608  -0.121  0.237  0.805   2.015  7.949  2.038
17.231 15.130 -84.553   0.664  0.332 -1.620  -0.121  0.237  0.805   1.691  5.166  1.860
19.587 15.340 -82.943   1.188  0.016 -1.700  -0.121  0.237  0.805   0.034  1.992  1.945
19.764 15.728 -81.408   1.344  0.032 -1.680  -0.346  0.347  0.741  -0.315  0.194  1.381
19.191 15.825 -79.992   1.364  0.076 -1.820  -0.346  0.347  0.741  -0.161 -0.461  1.100
17.474 16.328 -78.638   1.364  0.000 -1.868  -0.346  0.347  0.741  -0.665 -1.270  0.730
14.606 17.652 -77.725   1.348 -0.056 -1.820  -0.346  0.347  0.741  -1.621 -2.107  0.065
10.841 19.090 -76.676   1.316 -0.036 -1.872  -0.196  0.303  0.750  -1.915 -2.764 -0.120
 7.261 19.427 -75.833   1.096  0.112 -1.880  -0.196  0.303  0.750  -0.987 -2.796 -0.295
 3.878 19.296 -74.823   0.852  0.160 -1.916  -0.196  0.303  0.750  -0.595 -2.724 -0.097
 0.053 19.127 -73.440   0.716  0.128 -1.912   0.036  0.228  0.820  -0.720 -3.073  0.108
-3.766 18.771 -70.934   0.568  0.096 -1.860   0.036  0.228  0.820  -0.979 -3.288  0.099
-7.234 18.090 -69.304   0.296  0.156 -1.776   0.036  0.228  0.820  -0.855 -3.059  0.047
-10.715 17.277 -66.535   0.144  0.188 -1.676   0.302  0.118  0.836  -0.778 -2.820  0.193
-13.452 16.291 -64.828  -0.080  0.084 -1.516   0.302  0.118  0.836  -0.743 -2.214 -0.311
-15.315 15.573 -64.065  -0.120  0.124 -1.412   0.302  0.118  0.836  -0.687 -1.508 -0.635
-16.418 14.949 -64.035  -0.160  0.152 -1.284   0.302  0.118  0.836  -0.455 -0.935 -0.807
-16.721 14.379 -63.568  -0.188  0.140 -1.152   0.432  0.064  0.812  -0.265 -0.151 -0.775
-16.438 14.154 -63.134  -0.196  0.112 -1.056   0.432  0.064  0.812  -0.361  0.432 -0.684
-15.913 14.359 -62.558  -0.164  0.092 -0.932   0.432  0.064  0.812  -0.585  0.783 -0.521
-15.506 14.810 -61.786  -0.100  0.072 -0.788   0.421  0.058  0.848  -0.787  0.724 -0.500
-15.391 15.270 -61.022  -0.052  0.064 -0.616   0.421  0.058  0.848  -0.869  0.503 -0.553
-15.471 15.573 -60.226  -0.020  0.060 -0.456   0.421  0.058  0.848  -0.761  0.256 -0.541
-15.839 15.473 -59.290  -0.016  0.056 -0.300   0.380 -0.023  0.859  -0.499 -0.056 -0.500
-16.378 15.139 -58.754  -0.012  0.040 -0.148   0.380 -0.023  0.859  -0.268 -0.299 -0.544
-17.061 14.363 -57.531  -0.008  0.004 -0.076   0.380 -0.023  0.859  -0.387 -0.520 -0.652
-18.100 13.919 -57.239  -0.004  0.008 -0.032   0.380 -0.023  0.859  -0.481 -0.702 -0.747
-19.202 15.093 -56.601   0.008  0.008 -0.008   0.426 -0.038  0.842  -0.561 -0.986 -0.872
-21.661 16.773 -56.504   0.008  0.016  0.016   0.426 -0.038  0.842  -0.620 -1.267 -0.963
-24.343 18.477 -56.327   0.008  0.020  0.016   0.426 -0.038  0.842  -0.639 -1.398 -1.042
-27.746 19.870 -56.576  -0.008  0.024  0.024   0.540 -0.075  0.846  -0.646 -1.397 -1.174
-30.401 21.036 -58.778  -0.040  0.012 -0.004   0.540 -0.075  0.846  -0.645 -1.095 -1.309
-8.282  7.529 -156.566  -0.048  0.104 -0.584  -0.096  0.003  0.850   0.083 -0.013 -1.347
-8.029  7.178 -157.345  -0.068  0.104 -0.516  -0.096  0.003  0.850   0.370  0.309 -1.257
-7.946  6.446 -158.098  -0.060  0.088 -0.468  -0.119  0.026  0.855   0.606  0.565 -1.253
-7.886  5.589 -158.919  -0.052  0.068 -0.412  -0.119  0.026  0.855   0.641  0.674 -1.242
-7.821  4.628 -159.627  -0.036  0.064 -0.392  -0.119  0.026  0.855   0.661  0.731 -1.284
-7.712  3.670 -160.479  -0.032  0.076 -0.392  -0.178  0.052  0.861   0.671  0.731 -1.431
-7.697  2.717 -161.633  -0.036  0.068 -0.432  -0.178  0.052  0.861   0.707  0.762 -1.617
-7.721  1.817 -163.062  -0.052  0.072 -0.488  -0.178  0.052  0.861   0.711  0.786 -1.784
-7.740  0.832 -164.811  -0.064  0.064 -0.552  -0.251  0.072  0.825   0.688  0.911 -1.852
-7.519 -0.331 -166.473  -0.064  0.084 -0.624  -0.251  0.072  0.825   0.537  1.134 -1.921
-7.288 -1.701 -167.957  -0.044  0.108 -0.692  -0.251  0.072  0.825   0.583  1.292 -1.975
-7.283 -3.149 -169.294  -0.028  0.124 -0.772  -0.251  0.072  0.825   0.779  1.324 -1.963
-7.482 -4.678 -170.909  -0.012  0.112 -0.852  -0.388  0.095  0.793   0.920  1.369 -1.924
-7.693 -6.169 -172.470  -0.004  0.104 -0.912  -0.388  0.095  0.793   0.880  1.378 -1.881
-7.797 -7.670 -174.052   0.016  0.096 -0.980  -0.388  0.095  0.793   0.735  1.354 -1.865
-7.734 -9.016 -175.657   0.044  0.100 -1.044  -0.522  0.090  0.767   0.563  1.313 -1.802
-7.578 -10.304 -177.071   0.084  0.100 -1.096  -0.522  0.090  0.767   0.453  1.252 -1.716
-7.342 -11.470 -178.195   0.116  0.112 -1.160  -0.522  0.090  0.767   0.376  1.153 -1.557
-7.211 -12.564 -179.319   0.160  0.128 -1.220  -0.607  0.046  0.703   0.436  1.078 -1.340
-7.223 -13.587 179.796   0.224  0.104 -1.268  -0.607  0.046  0.703   0.500  0.967 -1.108
-7.255 -14.386 179.107   0.192  0.104 -1.268  -0.607  0.046  0.703   0.501  0.858 -0.945
-7.128 -14.975 178.647   0.220  0.084 -1.316  -0.607  0.046  0.703   0.326  0.670 -0.762
-6.762 -15.398 178.336   0.252  0.068 -1.344  -0.705  0.049  0.679   0.084  0.504 -0.624
-6.179 -15.642 178.229   0.264  0.080 -1.368  -0.705  0.049  0.679  -0.087  0.348 -0.530
-5.507 -15.776 178.190   0.280  0.080 -1.380  -0.705  0.049  0.679  -0.176  0.240 -0.502
-4.814 -15.757 178.083   0.292  0.088 -1.380  -0.716  0.026  0.679  -0.214  0.097 -0.507
-4.230 -15.518 177.957   0.300  0.112 -1.372  -0.716  0.026  0.679  -0.094 -0.102 -0.547
-3.790 -15.110 177.767   0.316  0.124 -1.352  -0.716  0.026  0.679   0.041 -0.278 -0.604
-3.532 -14.450 177.350   0.308  0.120 -1.328  -0.690  0.003  0.669   0.170 -0.504 -0.695
-3.246 -13.602 176.822   0.304  0.108 -1.292  -0.690  0.003  0.669   0.132 -0.699 -0.799
-2.826 -12.560 176.211   0.256  0.096 -1.252  -0.690  0.003  0.669   0.001 -0.848 -0.891
-2.315 -11.434 175.591   0.220  0.092 -1.200  -0.690  0.003  0.669  -0.082 -0.924 -0.931
-1.696 -10.234 174.965   0.172  0.108 -1.156  -0.674 -0.020  0.711  -0.155 -0.968 -0.940
-1.034 -9.064 174.411   0.152  0.104 -1.092  -0.674 -0.020  0.711  -0.204 -0.972 -0.904
-0.363 -7.910 173.902   0.120  0.080 -1.040  -0.674 -0.020  0.711  -0.274 -0.961 -0.830
 0.316 -6.757 173.313   0.080  0.084 -0.976  -0.587 -0.075  0.750  -0.299 -0.945 -0.756
 1.010 -5.659 172.967   0.064  0.100 -0.916  -0.587 -0.075  0.750  -0.281 -0.913 -0.620
 1.652 -4.628 172.819   0.044  0.104 -0.868  -0.587 -0.075  0.750  -0.243 -0.850 -0.472
 2.227 -3.659 172.656   0.028  0.092 -0.828  -0.514 -0.107  0.765  -0.237 -0.804 -0.338
 2.800 -2.766 172.666   0.020  0.100 -0.776  -0.514 -0.107  0.765  -0.224 -0.752 -0.240
 3.310 -1.892 172.844   0.016  0.104 -0.732  -0.514 -0.107  0.765  -0.165 -0.747 -0.124
 3.784 -1.029 173.045   0.016  0.084 -0.680  -0.514 -0.107  0.765  -0.175 -0.737 -0.045
 4.313 -0.228 173.280   0.004  0.076 -0.632  -0.486 -0.104  0.799  -0.270 -0.723 -0.009
 4.907  0.502 173.502  -0.004  0.072 -0.620  -0.486 -0.104  0.799  -0.362 -0.671  0.008
 5.555  1.107 173.721  -0.012  0.068 -0.608  -0.486 -0.104  0.799  -0.452 -0.569  0.033
 6.161  1.557 173.800  -0.008  0.072 -0.612  -0.419 -0.142  0.812  -0.437 -0.481  0.076
 6.662  1.951 173.864  -0.004  0.064 -0.620  -0.419 -0.142  0.812  -0.398 -0.459  0.123
 7.170  2.335 174.037   0.004  0.080 -0.648  -0.419 -0.142  0.812  -0.384 -0.483  0.148
 7.613  2.759 174.065  -0.004  0.080 -0.680  -0.372 -0.159  0.803  -0.348 -0.519  0.169
 7.940  3.133 174.047  -0.008  0.076 -0.724  -0.372 -0.159  0.803  -0.288 -0.476  0.178
 8.221  3.407 174.011  -0.008  0.080 -0.768  -0.372 -0.159  0.803  -0.268 -0.401  0.165
 8.512  3.580 174.036  -0.008  0.092 -0.816  -0.372 -0.159  0.803  -0.279 -0.323  0.184
 8.761  3.642 174.031  -0.004  0.104 -0.880  -0.362 -0.173  0.823  -0.240 -0.244  0.207
 8.882  3.621 174.063   0.008  0.112 -0.936  -0.362 -0.173  0.823  -0.152 -0.194  0.235
 8.900  3.530 174.069   0.016  0.104 -0.988  -0.362 -0.173  0.823  -0.100 -0.146  0.279
 8.913  3.320 174.046   0.040  0.112 -1.044  -0.333 -0.171  0.816  -0.106 -0.088  0.295
 8.944  2.995 173.960   0.052  0.100 -1.096  -0.333 -0.171  0.816  -0.165 -0.008  0.332
 9.062  2.545 173.951   0.072  0.116 -1.132  -0.333 -0.171  0.816  -0.237  0.073  0.363
 9.187  2.008 174.014   0.092  0.124 -1.176  -0.339 -0.171  0.797  -0.255  0.133  0.429
 9.280  1.415 174.073   0.116  0.120 -1.216  -0.339 -0.171  0.797  -0.258  0.162  0.488
 9.356  0.823 174.171   0.140  0.120 -1.248  -0.339 -0.171  0.797  -0.259  0.146  0.565
 9.455  0.268 174.263   0.160  0.116 -1.264  -0.339 -0.171  0.797  -0.291  0.076  0.610
 9.581 -0.175 174.371   0.176  0.112 -1.296  -0.367 -0.179  0.805  -0.332 -0.001  0.655
 9.748 -0.574 174.475   0.196  0.112 -1.316  -0.367 -0.179  0.805  -0.380 -0.057  0.687
 9.999 -0.871 174.583   0.208  0.112 -1.320  -0.367 -0.179  0.805  -0.457 -0.158  0.712
10.294 -1.093 174.553   0.212  0.112 -1.300  -0.346 -0.185  0.805  -0.507 -0.241  0.703
10.569 -1.200 174.476   0.216  0.116 -1.292  -0.346 -0.185  0.805  -0.485 -0.343  0.650
10.817 -1.208 174.376   0.216  0.124 -1.264  -0.346 -0.185  0.805  -0.447 -0.432  0.589
10.976 -1.115 173.976   0.224  0.120 -1.236  -0.323 -0.191  0.806  -0.386 -0.552  0.499
11.080 -0.862 173.528   0.196  0.116 -1.192  -0.323 -0.191  0.806  -0.314 -0.655  0.388
11.153 -0.513 173.003   0.172  0.108 -1.144  -0.323 -0.191  0.806  -0.273 -0.716  0.280
11.223 -0.065 172.456   0.156  0.112 -1.104  -0.323 -0.191  0.806  -0.233 -0.775  0.201
11.290  0.388 171.700   0.128  0.116 -1.048  -0.271 -0.197  0.835  -0.203 -0.797  0.112
11.356  0.904 170.997   0.096  0.112 -1.008  -0.271 -0.197  0.835  -0.171 -0.785  0.066
11.426  1.368 170.467   0.076  0.120 -0.968  -0.271 -0.197  0.835  -0.141 -0.734  0.032
11.475  1.748 169.437   0.056  0.108 -0.924  -0.183 -0.202  0.838  -0.130 -0.698  0.029
11.483  2.114 168.493   0.036  0.096 -0.892  -0.183 -0.202  0.838  -0.093 -0.646  0.035
11.437  2.466 167.721   0.016  0.092 -0.852  -0.183 -0.202  0.838  -0.033 -0.585  0.059
11.373  2.722 166.806   0.008  0.092 -0.804  -0.140 -0.205  0.842   0.002 -0.520  0.098
11.295  2.934 166.054   0.000  0.092 -0.772  -0.140 -0.205  0.842   0.023 -0.457  0.125
11.206  3.026 165.392  -0.004  0.088 -0.728  -0.140 -0.205  0.842   0.019 -0.344  0.141
11.087  3.031 165.033  -0.020  0.096 -0.700  -0.140 -0.205  0.842   0.054 -0.195  0.158
10.827  2.896 164.752  -0.036  0.096 -0.688  -0.114 -0.202  0.865   0.151  0.010  0.163
10.433  2.620 164.374  -0.044  0.084 -0.696  -0.114 -0.202  0.865   0.212  0.179  0.169
 9.949  2.208 164.104  -0.048  0.088 -0.688  -0.114 -0.202  0.865   0.271  0.353  0.170
 9.388  1.755 164.173  -0.036  0.096 -0.688  -0.116 -0.176  0.846   0.337  0.428  0.186
 8.788  1.252 164.056  -0.028  0.088 -0.700  -0.116 -0.176  0.846   0.353  0.454  0.198
 8.196  0.741 164.076  -0.024  0.104 -0.736  -0.116 -0.176  0.846   0.381  0.482  0.197
 7.540  0.253 164.672  -0.020  0.100 -0.764  -0.168 -0.130  0.842   0.415  0.559  0.173
 6.885 -0.357 165.386  -0.008  0.120 -0.800  -0.168 -0.130  0.842   0.448  0.671  0.137
 6.153 -1.056 165.856  -0.004  0.112 -0.836  -0.168 -0.130  0.842   0.493  0.750  0.107
 5.379 -1.808 166.189   0.008  0.112 -0.884  -0.168 -0.130  0.842   0.531  0.790  0.098
 4.627 -2.507 166.897   0.012  0.112 -0.928  -0.230 -0.092  0.848   0.544  0.798  0.077
 3.901 -3.253 167.519   0.032  0.112 -0.972  -0.230 -0.092  0.848   0.539  0.809  0.068
 3.336 -3.940 168.453   0.044  0.160 -1.024  -0.230 -0.092  0.848   0.536  0.781  0.032
 2.797 -3.809 169.685   0.084  0.452 -1.240  -0.276 -0.038  0.820   0.997  0.317 -0.547
 1.219 -1.970 168.650   0.064  0.356 -1.320  -0.276 -0.038  0.820   2.066 -1.068 -2.263
 0.208 -0.693 166.880   0.000  0.132 -1.344  -0.276 -0.038  0.820   1.245 -0.802 -2.208
 0.009  0.066 166.394  -0.084  0.032 -1.328  -0.251  0.038  0.816   0.335 -0.450 -1.230
 0.761 -0.066 166.505  -0.084  0.032 -1.260  -0.251  0.038  0.816  -0.644  0.094 -0.728
 1.738 -0.786 166.969  -0.120  0.028 -1.260  -0.251  0.038  0.816  -0.995  0.608 -0.383
 2.622 -1.865 167.524  -0.120  0.088 -1.180  -0.251  0.038  0.816  -0.929  1.001 -0.505
 3.145 -2.999 167.548  -0.084  0.164 -1.144  -0.292 -0.046  0.836  -0.507  1.127 -0.797
 2.876 -3.825 167.836  -0.032  0.256 -1.120  -0.292 -0.046  0.836   0.368  1.045 -0.898
 2.264 -4.226 168.157   0.024  0.232 -1.112  -0.292 -0.046  0.836   0.749  0.673 -0.861
 2.068 -4.404 168.144   0.064  0.148 -1.108  -0.346 -0.046  0.803   0.335  0.274 -0.786
 2.192 -4.518 168.057   0.080  0.112 -1.096  -0.346 -0.046  0.803   0.018  0.116 -0.735
 2.236 -4.543 168.126   0.056  0.140 -1.056  -0.346 -0.046  0.803   0.155  0.118 -0.724
 2.020 -4.598 168.178   0.040  0.164 -1.016  -0.382 -0.035  0.799   0.421  0.240 -0.830
 2.143 -4.467 167.654   0.036  0.144 -0.996  -0.382 -0.035  0.799   0.140  0.014 -1.290
 2.607 -3.912 166.819   0.012  0.168 -1.008  -0.382 -0.035  0.799  -0.040 -0.357 -1.650
 3.308 -3.144 166.094  -0.008  0.168 -1.012  -0.382 -0.035  0.799  -0.218 -0.572 -1.567
 4.018 -2.458 165.815  -0.032  0.172 -0.996  -0.359 -0.069  0.821  -0.258 -0.498 -1.082
 4.689 -1.871 166.252  -0.052  0.188 -0.984  -0.359 -0.069  0.821  -0.248 -0.377 -0.502
 5.325 -1.380 167.076  -0.060  0.172 -0.988  -0.359 -0.069  0.821  -0.298 -0.304 -0.083
 5.724 -1.098 167.957  -0.048  0.188 -0.976  -0.315 -0.110  0.814  -0.120 -0.119  0.086
 5.901 -1.008 168.601  -0.032  0.188 -0.952  -0.315 -0.110  0.814   0.033  0.053 -0.120
 6.044 -0.989 168.954  -0.024  0.164 -0.908  -0.315 -0.110  0.814   0.017  0.090 -0.288
 6.121 -0.919 169.250  -0.028  0.148 -0.888  -0.336 -0.095  0.818   0.049  0.062 -0.329
 6.277 -0.728 169.676  -0.020  0.164 -0.884  -0.336 -0.095  0.818   0.034 -0.057 -0.290
 6.498 -0.383 170.170  -0.024  0.176 -0.884  -0.336 -0.095  0.818   0.018 -0.184 -0.267
 6.647  0.033 170.649  -0.048  0.176 -0.856  -0.336 -0.095  0.818   0.083 -0.190 -0.257
 6.772  0.477 171.138  -0.056  0.160 -0.852  -0.310 -0.095  0.838   0.065 -0.217 -0.196
 6.857  0.915 171.689  -0.036  0.164 -0.892  -0.310 -0.095  0.838   0.093 -0.271 -0.135
 6.759  1.346 172.202  -0.012  0.156 -0.928  -0.310 -0.095  0.838   0.223 -0.322 -0.109
 6.583  1.783 172.627  -0.016  0.128 -0.948  -0.274 -0.081  0.820   0.230 -0.344 -0.100
 6.412  2.130 172.851  -0.016  0.100 -0.940  -0.274 -0.081  0.820   0.168 -0.306 -0.105
 6.204  2.360 172.915  -0.032  0.088 -0.948  -0.274 -0.081  0.820   0.159 -0.181 -0.163
 6.010  2.500 173.080  -0.028  0.076 -0.968  -0.276 -0.055  0.840   0.122 -0.123 -0.175
 5.859  2.601 173.305  -0.020  0.084 -0.980  -0.276 -0.055  0.840   0.101 -0.110 -0.160
 5.740  2.694 173.451  -0.036  0.080 -0.972  -0.276 -0.055  0.840   0.070 -0.080 -0.194
 5.647  2.741 173.584  -0.052  0.080 -0.972  -0.276 -0.055  0.840   0.044 -0.014 -0.193
 5.533  2.742 173.860  -0.040  0.092 -0.976  -0.261 -0.055  0.852   0.082  0.012 -0.147
 5.435  2.709 174.185  -0.028  0.096 -0.972  -0.261 -0.055  0.852   0.079  0.018 -0.128
 5.312  2.677 174.441  -0.044  0.088 -0.952  -0.261 -0.055  0.852   0.092  0.050 -0.131
 5.251  2.620 174.918  -0.044  0.112 -0.956  -0.261 -0.040  0.816   0.077  0.091 -0.125
 5.126  2.460 175.268  -0.028  0.092 -0.968  -0.261 -0.040  0.816   0.094  0.139 -0.125
 5.019  2.241 175.520  -0.016  0.084 -0.988  -0.261 -0.040  0.816   0.063  0.162 -0.152
 4.927  2.010 175.724  -0.024  0.072 -0.980  -0.289 -0.023  0.844   0.029  0.196 -0.222
 4.783  1.697 175.873  -0.028  0.072 -0.964  -0.289 -0.023  0.844   0.074  0.288 -0.267
 4.618  1.347 176.104  -0.016  0.076 -0.984  -0.289 -0.023  0.844   0.104  0.310 -0.215
 4.478  0.989 176.420  -0.004  0.076 -0.996  -0.289 -0.023  0.844   0.084  0.287 -0.151
 4.354  0.648 176.476  -0.008  0.056 -0.980  -0.305 -0.026  0.835   0.046  0.294 -0.213
 4.354  0.275 176.531  -0.004  0.068 -0.968  -0.305 -0.026  0.835  -0.032  0.310 -0.285
 4.313 -0.110 176.735   0.008  0.084 -0.976  -0.305 -0.026  0.835   0.035  0.321 -0.252
 4.292 -0.412 177.033   0.028  0.100 -0.984  -0.326 -0.032  0.808   0.061  0.230 -0.194
 4.284 -0.648 177.245   0.032  0.092 -0.996  -0.326 -0.032  0.808   0.037  0.172 -0.212
 4.342 -0.827 177.365   0.028  0.092 -0.972  -0.326 -0.032  0.808  -0.012  0.145 -0.285
 4.323 -1.019 177.517   0.028  0.088 -0.968  -0.362 -0.014  0.827   0.045  0.162 -0.320
 4.305 -1.190 177.730   0.040  0.092 -0.968  -0.362 -0.014  0.827   0.060  0.138 -0.285
 4.242 -1.314 177.856   0.036  0.076 -0.976  -0.362 -0.014  0.827   0.062  0.096 -0.274
 4.285 -1.398 177.988   0.028  0.080 -0.980  -0.346 -0.026  0.816  -0.017  0.078 -0.217
 4.275 -1.529 178.141   0.028  0.068 -0.984  -0.346 -0.026  0.816  -0.003  0.114 -0.133
 4.264 -1.642 178.406   0.016  0.072 -0.992  -0.346 -0.026  0.816   0.006  0.135 -0.033
 4.249 -1.773 178.675   0.024  0.064 -1.004  -0.346 -0.026  0.816  -0.007  0.135  0.018
 4.279 -1.916 178.878   0.016  0.048 -1.008  -0.357 -0.017  0.795  -0.080  0.161  0.009
 4.311 -2.156 179.062   0.032  0.048 -1.004  -0.357 -0.017  0.795  -0.081  0.219 -0.008
 4.381 -2.531 179.387   0.056  0.056 -1.012  -0.357 -0.017  0.795  -0.094  0.287  0.058
 4.468 -2.926 179.698   0.076  0.040 -1.012  -0.393 -0.014  0.812  -0.146  0.289  0.130
 4.647 -3.319 -179.932   0.084  0.048 -1.016  -0.393 -0.014  0.812  -0.208  0.289  0.146
 4.741 -3.728 -179.540   0.092  0.052 -1.016  -0.393 -0.014  0.812  -0.127  0.305  0.157
 4.813 -4.051 -179.106   0.096  0.064 -1.016  -0.398 -0.014  0.799  -0.081  0.241  0.156
 4.933 -4.294 -178.681   0.108  0.068 -1.000  -0.398 -0.014  0.799  -0.110  0.161  0.124
 5.133 -4.406 -178.213   0.112  0.084 -1.004  -0.398 -0.014  0.799  -0.137  0.056  0.071
 5.329 -4.358 -177.653   0.108  0.108 -1.004  -0.398 -0.014  0.799  -0.088 -0.049  0.053
 5.393 -4.234 -177.219   0.100  0.096 -1.012  -0.401 -0.012  0.788  -0.023 -0.113  0.057
 5.422 -4.075 -176.826   0.096  0.092 -1.016  -0.401 -0.012  0.788  -0.007 -0.137  0.047
 5.447 -3.879 -176.473   0.084  0.096 -1.020  -0.401 -0.012  0.788  -0.005 -0.156  0.037
 5.479 -3.654 -176.014   0.084  0.096 -1.028  -0.398  0.009  0.810  -0.006 -0.175  0.016
 5.477 -3.400 -175.638   0.068  0.084 -1.024  -0.398  0.009  0.810  -0.012 -0.176  0.014
 5.580 -3.127 -175.199   0.064  0.092 -1.012  -0.398  0.009  0.810  -0.083 -0.184  0.040
 5.701 -2.862 -174.770   0.064  0.096 -1.004  -0.359 -0.009  0.803  -0.097 -0.187  0.077
 5.821 -2.623 -174.343   0.052  0.100 -0.996  -0.359 -0.009  0.803  -0.098 -0.158  0.099
 5.968 -2.425 -173.949   0.048  0.092 -0.992  -0.359 -0.009  0.803  -0.143 -0.124  0.125
 6.146 -2.201 -173.380   0.036  0.104 -0.992  -0.357  0.009  0.797  -0.142 -0.101  0.130
 6.300 -1.984 -172.824   0.032  0.104 -0.980  -0.357  0.009  0.797  -0.128 -0.095  0.140
 6.419 -1.801 -172.330   0.032  0.096 -0.984  -0.357  0.009  0.797  -0.122 -0.081  0.146
 6.544 -1.646 -171.849   0.032  0.100 -0.980  -0.357  0.009  0.797  -0.126 -0.064  0.152
 6.661 -1.514 -171.250   0.036  0.104 -0.972  -0.344  0.014  0.825  -0.109 -0.046  0.172
 6.754 -1.381 -170.701   0.036  0.104 -0.968  -0.344  0.014  0.825  -0.093 -0.053  0.147
 6.827 -1.271 -170.204   0.040  0.100 -0.968  -0.344  0.014  0.825  -0.084 -0.048  0.134
 6.894 -1.158 -169.822   0.044  0.104 -0.968  -0.320 -0.006  0.816  -0.078 -0.069  0.108
 6.942 -1.052 -169.478   0.048  0.104 -0.964  -0.320 -0.006  0.816  -0.064 -0.076  0.080
 6.925 -0.995 -169.207   0.056  0.104 -0.968  -0.320 -0.006  0.816  -0.001 -0.062  0.016
 6.861 -0.968 -168.986   0.060  0.088 -0.968  -0.331  0.014  0.810   0.013 -0.053 -0.045
 6.757 -0.943 -168.957   0.056  0.072 -0.968  -0.331  0.014  0.810   0.011 -0.063 -0.112
 6.737 -0.851 -168.873   0.056  0.084 -0.956  -0.331  0.014  0.810  -0.038 -0.101 -0.134
 6.826 -0.700 -168.694   0.056  0.092 -0.972  -0.331  0.014  0.810  -0.127 -0.130 -0.083
 6.961 -0.543 -168.418   0.056  0.096 -0.968  -0.320  0.014  0.831  -0.160 -0.124 -0.053
 7.062 -0.391 -168.100   0.040  0.100 -0.980  -0.320  0.014  0.831  -0.135 -0.097  0.014
 7.146 -0.263 -167.660   0.040  0.116 -0.984  -0.320  0.014  0.831  -0.087 -0.071  0.054
 7.186 -0.189 -167.252   0.040  0.112 -0.980  -0.287  0.000  0.812  -0.053 -0.043  0.086
 7.237 -0.124 -166.814   0.040  0.116 -0.988  -0.287  0.000  0.812  -0.056 -0.031  0.110
 7.337 -0.063 -166.394   0.040  0.112 -0.988  -0.287  0.000  0.812  -0.108 -0.023  0.132
 7.461 -0.019 -165.926   0.044  0.104 -0.988  -0.302  0.017  0.820  -0.143 -0.007  0.140
 7.595  0.025 -165.448   0.048  0.108 -1.004  -0.302  0.017  0.820  -0.150 -0.008  0.146
 7.692  0.029 -165.026   0.060  0.100 -0.992  -0.302  0.017  0.820  -0.127 -0.008  0.119
 7.803  0.073 -164.517   0.060  0.124 -1.000  -0.302  0.017  0.820  -0.100 -0.018  0.090
 7.867  0.130 -164.049   0.060  0.124 -1.000  -0.295  0.017  0.831  -0.066 -0.034  0.037
 7.893  0.178 -163.648   0.068  0.120 -1.008  -0.295  0.017  0.831  -0.044 -0.053 -0.001
 7.889  0.225 -163.326   0.072  0.112 -0.996  -0.295  0.017  0.831  -0.033 -0.074 -0.034
 7.882  0.315 -163.137   0.056  0.112 -0.992  -0.266  0.003  0.818  -0.048 -0.088 -0.072
 7.838  0.367 -163.103   0.056  0.096 -1.000  -0.266  0.003  0.818  -0.045 -0.082 -0.094
 7.817  0.415 -163.047   0.056  0.100 -0.992  -0.266  0.003  0.818  -0.053 -0.073 -0.105
 7.800  0.504 -162.861   0.048  0.108 -1.000  -0.269  0.017  0.820  -0.048 -0.076 -0.109
 7.794  0.616 -162.671   0.036  0.116 -1.000  -0.269  0.017  0.820  -0.049 -0.069 -0.109
 7.753  0.714 -162.524   0.032  0.108 -0.996  -0.269  0.017  0.820  -0.034 -0.069 -0.089
 7.711  0.794 -162.355   0.032  0.108 -0.976  -0.269  0.017  0.820  -0.025 -0.058 -0.079
 7.678  0.828 -162.238   0.032  0.104 -0.976  -0.266  0.009  0.844  -0.029 -0.027 -0.063
 7.685  0.872 -162.011   0.036  0.116 -0.972  -0.266  0.009  0.844  -0.036 -0.023 -0.048
 7.724  0.883 -161.715   0.048  0.120 -0.972  -0.266  0.009  0.844  -0.043 -0.004 -0.041
 7.774  0.870 -161.451   0.048  0.108 -0.968  -0.248  0.012  0.816  -0.071  0.015 -0.046
 7.814  0.848 -161.214   0.044  0.108 -0.964  -0.248  0.012  0.816  -0.061  0.028 -0.051
 7.849  0.836 -160.966   0.040  0.112 -0.952  -0.248  0.012  0.816  -0.049  0.030 -0.055
 7.857  0.829 -160.714   0.032  0.112 -0.960  -0.261  0.023  0.833  -0.032  0.040 -0.061
 7.842  0.805 -160.523   0.036  0.108 -0.960  -0.261  0.023  0.833  -0.016  0.036 -0.095
 7.816  0.793 -160.344   0.036  0.112 -0.968  -0.261  0.023  0.833  -0.003  0.028 -0.117
 7.773  0.778 -160.248   0.028  0.112 -0.980  -0.261  0.023  0.833   0.008  0.037 -0.149
 7.702  0.724 -160.284   0.036  0.100 -0.976  -0.256  0.012  0.840   0.018  0.031 -0.160
 7.647  0.647 -160.267   0.048  0.104 -0.976  -0.256  0.012  0.840   0.027  0.039 -0.178
 7.619  0.616 -160.145   0.048  0.124 -0.980  -0.256  0.012  0.840   0.038  0.029 -0.204
 7.571  0.582 -160.018   0.044  0.120 -0.976  -0.253  0.023  0.816   0.050  0.036 -0.226
 7.511  0.534 -159.942   0.044  0.116 -0.988  -0.253  0.023  0.816   0.054  0.041 -0.234
 7.447  0.486 -159.867   0.044  0.116 -0.976  -0.253  0.023  0.816   0.063  0.041 -0.241
 7.387  0.448 -159.734   0.040  0.116 -0.976  -0.269  0.040  0.835   0.062  0.050 -0.248
 7.326  0.407 -159.639   0.040  0.112 -0.980  -0.269  0.040  0.835   0.055  0.048 -0.252
 7.281  0.353 -159.546   0.040  0.112 -0.988  -0.269  0.040  0.835   0.048  0.064 -0.245
 7.236  0.271 -159.496   0.044  0.104 -0.992  -0.269  0.040  0.835   0.040  0.075 -0.248
 7.228  0.171 -159.436   0.056  0.120 -0.984  -0.266  0.020  0.825   0.054  0.081 -0.237
 7.165  0.021 -159.547   0.056  0.096 -0.988  -0.266  0.020  0.825   0.060  0.089 -0.240
 7.110 -0.107 -159.677   0.048  0.096 -0.984  -0.266  0.020  0.825   0.050  0.091 -0.239
 7.048 -0.229 -159.763   0.048  0.096 -0.984  -0.274  0.032  0.810   0.059  0.092 -0.250
 6.978 -0.335 -159.870   0.044  0.096 -0.992  -0.274  0.032  0.810   0.061  0.086 -0.254
 6.939 -0.408 -159.906   0.044  0.108 -0.988  -0.274  0.032  0.810   0.057  0.080 -0.262
 6.898 -0.472 -159.826   0.056  0.108 -0.992  -0.287  0.049  0.831   0.066  0.063 -0.279
 6.865 -0.496 -159.717   0.048  0.120 -0.988  -0.287  0.049  0.831   0.073  0.056 -0.287
 6.796 -0.512 -159.695   0.044  0.112 -0.996  -0.287  0.049  0.831   0.082  0.040 -0.303
 6.737 -0.506 -159.641   0.040  0.120 -0.984  -0.287  0.049  0.831   0.089  0.036 -0.307
 6.634 -0.514 -159.785   0.036  0.104 -0.984  -0.271  0.032  0.829   0.092  0.023 -0.331
 6.539 -0.533 -159.909   0.036  0.104 -0.976  -0.271  0.032  0.829   0.094  0.034 -0.325
 6.455 -0.562 -160.029   0.040  0.104 -0.988  -0.271  0.032  0.829   0.089  0.037 -0.328
 6.400 -0.587 -160.034   0.044  0.112 -0.992  -0.282  0.046  0.805   0.087  0.045 -0.318
 6.375 -0.617 -159.999   0.048  0.116 -0.988  -0.282  0.046  0.805   0.077  0.054 -0.317
 6.345 -0.650 -159.991   0.044  0.112 -0.976  -0.282  0.046  0.805   0.076  0.059 -0.317
 6.298 -0.695 -159.813   0.048  0.104 -0.972  -0.295  0.081  0.820   0.088  0.070 -0.309
 6.293 -0.727 -159.583   0.048  0.112 -0.972  -0.295  0.081  0.820   0.068  0.078 -0.292
 6.298 -0.779 -159.310   0.056  0.116 -0.964  -0.295  0.081  0.820   0.082  0.087 -0.294
 6.308 -0.824 -159.058   0.052  0.116 -0.960  -0.295  0.081  0.820   0.077  0.091 -0.293
 6.331 -0.847 -159.003   0.040  0.124 -0.964  -0.289  0.046  0.818   0.065  0.085 -0.284
 6.352 -0.865 -158.995   0.036  0.120 -0.972  -0.289  0.046  0.818   0.051  0.087 -0.285
 6.380 -0.889 -158.965   0.040  0.120 -0.980  -0.289  0.046  0.818   0.046  0.087 -0.272
 6.389 -0.878 -158.881   0.036  0.116 -0.976  -0.297  0.066  0.805   0.044  0.067 -0.273
 6.400 -0.883 -158.806   0.036  0.116 -0.980  -0.297  0.066  0.805   0.046  0.080 -0.276
 6.410 -0.884 -158.696   0.048  0.116 -0.976  -0.297  0.066  0.805   0.051  0.057 -0.281
 6.393 -0.894 -158.715   0.044  0.108 -0.992  -0.323  0.069  0.818   0.049  0.051 -0.277
 6.391 -0.890 -158.695   0.048  0.112 -0.980  -0.323  0.069  0.818   0.046  0.041 -0.279
 6.375 -0.890 -158.749   0.044  0.100 -0.984  -0.323  0.069  0.818   0.030  0.039 -0.279
 6.377 -0.879 -158.724   0.052  0.108 -0.992  -0.323  0.069  0.818   0.030  0.026 -0.262
 6.421 -0.852 -158.668   0.056  0.120 -0.992  -0.302  0.052  0.814   0.017  0.024 -0.266
 6.414 -0.846 -158.770   0.048  0.096 -0.996  -0.302  0.052  0.814   0.007  0.023 -0.265
 6.398 -0.838 -158.867   0.048  0.092 -0.988  -0.302  0.052  0.814   0.006  0.017 -0.250
 6.402 -0.822 -158.831   0.052  0.100 -0.996  -0.307  0.066  0.799   0.008  0.019 -0.238
 6.417 -0.788 -158.789   0.052  0.100 -0.988  -0.307  0.066  0.799  -0.005  0.007 -0.237
 6.446 -0.742 -158.706   0.048  0.108 -0.988  -0.307  0.066  0.799  -0.003  0.014 -0.227
 6.487 -0.675 -158.606   0.048  0.112 -0.992  -0.320  0.069  0.820  -0.015 -0.001 -0.211
 6.502 -0.618 -158.576   0.044  0.100 -0.992  -0.320  0.069  0.820  -0.021 -0.002 -0.207
 6.539 -0.552 -158.472   0.052  0.108 -0.992  -0.320  0.069  0.820  -0.023 -0.013 -0.197
 6.584 -0.479 -158.382   0.052  0.108 -0.996  -0.320  0.069  0.820  -0.034 -0.018 -0.204
