-0.000  0.000 -0.000   0.016  0.136 -0.980  -0.393 -0.491  0.818  -0.074  0.075 -0.020
-0.147 -0.025  1.670   0.024  0.136 -0.980  -0.393 -0.491  0.818  -0.065  0.071 -0.023
-0.293 -0.074  3.373   0.024  0.144 -0.980  -0.393 -0.491  0.818  -0.062  0.064 -0.021
-0.427 -0.126  5.057   0.024  0.136 -0.976  -0.393 -0.491  0.818  -0.058  0.062 -0.020
-0.550 -0.189  6.706   0.012  0.140 -0.976  -0.406 -0.480  0.814  -0.062  0.062 -0.023
-0.667 -0.257  8.434   0.020  0.132 -0.984  -0.406 -0.480  0.814  -0.051  0.057 -0.019
-0.796 -0.328 10.211   0.024  0.132 -0.988  -0.406 -0.480  0.814  -0.058  0.060 -0.019
-0.899 -0.407 12.068   0.020  0.124 -0.980  -0.393 -0.486  0.816  -0.040  0.056 -0.020
-1.016 -0.505 13.943   0.024  0.140 -0.980  -0.393 -0.486  0.816  -0.046  0.059 -0.023
-1.117 -0.620 15.852   0.020  0.140 -0.988  -0.393 -0.486  0.816  -0.041  0.049 -0.025
-1.233 -0.742 17.803   0.020  0.140 -0.992  -0.390 -0.491  0.825  -0.054  0.056 -0.032
-1.331 -0.877 19.802   0.020  0.140 -0.980  -0.390 -0.491  0.825  -0.043  0.049 -0.020
-1.421 -1.022 21.843   0.024  0.140 -0.980  -0.390 -0.491  0.825  -0.036  0.045 -0.019
-1.506 -1.177 23.901   0.020  0.144 -0.976  -0.390 -0.491  0.825  -0.040  0.048 -0.025
-1.590 -1.321 25.997   0.028  0.132 -0.980  -0.395 -0.486  0.818  -0.036  0.048 -0.027
-1.674 -1.480 28.127   0.032  0.136 -0.972  -0.395 -0.486  0.818  -0.036  0.047 -0.023
-1.744 -1.648 30.280   0.028  0.136 -0.980  -0.395 -0.486  0.818  -0.036  0.043 -0.023
-1.809 -1.817 32.466   0.032  0.132 -0.976  -0.382 -0.471  0.812  -0.032  0.041 -0.019
-1.889 -1.986 34.664   0.032  0.132 -0.980  -0.382 -0.471  0.812  -0.047  0.056 -0.026
-1.941 -2.177 36.995   0.028  0.128 -0.972  -0.382 -0.471  0.812  -0.041  0.040 -0.023
-1.969 -2.376 39.344   0.020  0.132 -0.976  -0.388 -0.474  0.827  -0.038  0.041 -0.014
-1.982 -2.583 41.699   0.016  0.140 -0.980  -0.388 -0.474  0.827  -0.037  0.046 -0.016
-1.989 -2.806 44.065   0.020  0.148 -0.976  -0.388 -0.474  0.827  -0.035  0.045 -0.014
-1.993 -3.011 46.332   0.024  0.144 -0.984  -0.382 -0.471  0.818  -0.033  0.047 -0.010
-1.982 -3.194 48.592   0.016  0.124 -0.980  -0.382 -0.471  0.818  -0.041  0.045 -0.020
-1.952 -3.401 50.965   0.012  0.132 -0.980  -0.382 -0.471  0.818  -0.042  0.043 -0.018
-1.916 -3.600 53.225   0.008  0.136 -0.988  -0.382 -0.471  0.818  -0.046  0.052 -0.014
-1.875 -3.794 55.477   0.016  0.136 -0.988  -0.377 -0.457  0.821  -0.038  0.048 -0.015
-1.846 -3.971 57.714   0.024  0.124 -0.980  -0.377 -0.457  0.821  -0.040  0.048 -0.012
-1.807 -4.152 59.935   0.020  0.124 -0.968  -0.377 -0.457  0.821  -0.044  0.052 -0.013
-1.778 -4.330 62.123   0.024  0.120 -0.988  -0.372 -0.465  0.835  -0.055  0.052 -0.010
-1.743 -4.518 64.283   0.024  0.124 -0.980  -0.372 -0.465  0.835  -0.059  0.054 -0.015
-1.704 -4.682 66.418   0.024  0.120 -0.976  -0.372 -0.465  0.835  -0.048  0.062 -0.010
-1.655 -4.866 68.534   0.024  0.124 -0.968  -0.382 -0.462  0.818  -0.059  0.058 -0.016
-1.578 -5.057 70.652   0.016  0.136 -0.984  -0.382 -0.462  0.818  -0.057  0.062 -0.004
-1.502 -5.241 72.727   0.020  0.132 -0.976  -0.382 -0.462  0.818  -0.057  0.059 -0.007
-1.462 -5.445 74.744   0.036  0.136 -0.976  -0.382 -0.462  0.818  -0.068  0.068 -0.012
-1.403 -5.638 76.739   0.032  0.136 -0.976  -0.367 -0.457  0.823  -0.063  0.065  0.009
-1.330 -5.786 78.669   0.020  0.116 -0.984  -0.367 -0.457  0.823  -0.070  0.065 -0.003
-1.245 -5.929 80.572   0.016  0.120 -0.980  -0.367 -0.457  0.823  -0.065  0.071 -0.001
-1.148 -6.095 82.442   0.016  0.132 -0.976  -0.367 -0.460  0.825  -0.069  0.074 -0.005
-1.067 -6.252 84.261   0.020  0.128 -0.976  -0.367 -0.460  0.825  -0.071  0.080  0.001
-0.972 -6.399 86.032   0.020  0.124 -0.976  -0.367 -0.460  0.825  -0.073  0.069  0.002
-0.885 -6.568 87.875   0.024  0.128 -0.984  -0.380 -0.454  0.823  -0.083  0.081 -0.003
-0.803 -6.712 89.665   0.020  0.120 -0.980  -0.380 -0.454  0.823  -0.083  0.091  0.002
-0.707 -6.844 91.331   0.016  0.120 -0.980  -0.380 -0.454  0.823  -0.087  0.086  0.002
-0.608 -7.009 92.970   0.020  0.132 -0.980  -0.380 -0.454  0.823  -0.097  0.091  0.004
-0.528 -7.173 94.491   0.028  0.128 -0.972  -0.359 -0.454  0.829  -0.101  0.086  0.004
-0.433 -7.333 95.982   0.020  0.132 -0.980  -0.359 -0.454  0.829  -0.104  0.097 -0.003
-0.349 -7.502 97.421   0.028  0.136 -0.984  -0.359 -0.454  0.829  -0.104  0.097 -0.001
-0.269 -7.670 98.837   0.032  0.136 -0.980  -0.375 -0.462  0.833  -0.105  0.098  0.009
-0.201 -7.833 100.179   0.036  0.132 -0.976  -0.375 -0.462  0.833  -0.109  0.101  0.001
-0.129 -7.980 101.488   0.032  0.128 -0.972  -0.375 -0.462  0.833  -0.109  0.103  0.008
-0.014 -8.126 102.802   0.020  0.136 -0.984  -0.375 -0.462  0.825  -0.114  0.102  0.010
 0.085 -8.282 104.052   0.028  0.136 -0.980  -0.375 -0.462  0.825  -0.121  0.103  0.009
 0.176 -8.420 105.251   0.024  0.128 -0.976  -0.375 -0.462  0.825  -0.125  0.112  0.009
 0.227 -8.105 103.925  -0.376 -4.016 -0.552  -0.375 -0.462  0.825   0.255 -0.112 -1.164
 0.710 -6.073 103.741  -0.232 -1.300 -0.632  -0.354 -0.474  0.823  -0.262 -0.641 -0.500
 0.397 -0.695 103.457  -0.124 -0.404 -0.808  -0.354 -0.474  0.823   3.547 -0.647 -0.747
 0.067  3.649 103.174  -0.084 -0.296 -0.944  -0.354 -0.474  0.823   3.124 -0.521 -0.840
 0.092  5.158 103.261  -0.068 -0.148 -1.028  -0.295 -0.318  0.859   1.088 -0.315 -0.779
-0.104  6.458 104.056  -0.080  0.088 -1.036  -0.295 -0.318  0.859   1.373 -0.010 -0.676
-0.843  7.990 104.793  -0.080  0.056 -1.044  -0.295 -0.318  0.859   1.679  0.341 -0.696
-1.797  7.898 105.838  -0.084 -0.100 -1.100  -0.310 -0.246  0.853   0.173  0.786 -0.338
-2.051  5.135 107.284  -0.044 -0.048 -1.092  -0.310 -0.246  0.853  -2.099  0.853  0.095
-2.028  2.598 109.485   0.000  0.188 -1.076  -0.310 -0.246  0.853  -1.686  0.754  0.286
-2.259  1.962 112.018   0.004  0.328 -1.088  -0.310 -0.246  0.853   0.014  0.626  0.341
-3.075  2.604 114.223   0.008  0.208 -1.108  -0.364 -0.324  0.853   1.212  0.559  0.527
-3.675  2.677 116.119   0.016  0.120 -1.120  -0.364 -0.324  0.853   0.615  0.499  0.561
-4.118  2.546 118.013   0.032  0.176 -1.108  -0.364 -0.324  0.853   0.521  0.461  0.495
-4.627  2.888 120.135   0.032  0.156 -1.104  -0.406 -0.240  0.850   0.888  0.313  0.438
-4.926  3.019 121.911   0.032  0.084 -1.084  -0.406 -0.240  0.850   0.566  0.187  0.385
-4.676  2.458 123.640   0.024  0.096 -1.068  -0.406 -0.240  0.850  -0.167  0.123  0.372
-4.566  2.178 125.638   0.028  0.176 -1.040  -0.424 -0.194  0.846   0.202  0.154  0.250
-4.811  2.440 127.339   0.040  0.172 -1.008  -0.424 -0.194  0.846   0.779  0.108  0.025
-5.167  2.996 128.545   0.040  0.112 -0.988  -0.424 -0.194  0.846   0.972 -0.035 -0.202
-5.235  3.303 129.471   0.024  0.092 -0.956  -0.424 -0.194  0.846   0.629 -0.100 -0.362
-5.242  3.469 130.624   0.012  0.104 -0.940  -0.406 -0.118  0.859   0.503 -0.047 -0.451
-5.367  3.495 131.651   0.008  0.084 -0.928  -0.406 -0.118  0.859   0.450  0.093 -0.482
-5.312  3.093 132.688   0.004  0.068 -0.916  -0.406 -0.118  0.859   0.047  0.222 -0.390
-4.994  2.365 134.025   0.008  0.116 -0.904  -0.416 -0.116  0.857  -0.239  0.291 -0.261
-4.761  1.775 135.503   0.012  0.132 -0.884  -0.416 -0.116  0.857  -0.080  0.295 -0.168
-4.673  1.307 137.025   0.028  0.104 -0.864  -0.416 -0.116  0.857   0.053  0.275 -0.015
-4.330  0.817 138.673   0.016  0.104 -0.860  -0.437 -0.107  0.846  -0.132  0.181  0.107
-3.792  0.260 140.403   0.028  0.100 -0.852  -0.437 -0.107  0.846  -0.307  0.109  0.232
-3.167 -0.281 142.085   0.024  0.080 -0.840  -0.437 -0.107  0.846  -0.413  0.069  0.300
-2.286 -1.023 143.758   0.032  0.080 -0.840  -0.437 -0.107  0.846  -0.715  0.084  0.334
-1.146 -1.856 145.408   0.032  0.100 -0.840  -0.429 -0.124  0.853  -0.934  0.069  0.333
-0.063 -2.538 146.998   0.028  0.108 -0.860  -0.429 -0.124  0.853  -0.852  0.047  0.293
 0.925 -3.093 148.527   0.028  0.116 -0.876  -0.429 -0.124  0.853  -0.751  0.042  0.256
 1.830 -3.564 149.644   0.028  0.116 -0.876  -0.429 -0.185  0.848  -0.689  0.021  0.206
 2.723 -3.922 150.662   0.028  0.120 -0.900  -0.429 -0.185  0.848  -0.664 -0.036  0.145
 3.602 -4.236 151.540   0.024  0.112 -0.912  -0.429 -0.185  0.848  -0.691 -0.048  0.089
 4.558 -4.588 152.117   0.032  0.124 -0.928  -0.413 -0.237  0.840  -0.782 -0.079  0.067
 5.637 -4.940 152.669   0.028  0.132 -0.944  -0.413 -0.237  0.840  -0.900 -0.107  0.019
 6.683 -5.215 153.121   0.028  0.128 -0.972  -0.413 -0.237  0.840  -0.901 -0.152 -0.024
 7.638 -5.381 153.586   0.028  0.144 -0.988  -0.413 -0.237  0.840  -0.797 -0.188 -0.051
 8.442 -5.482 153.600   0.020  0.140 -1.008  -0.375 -0.292  0.846  -0.710 -0.217 -0.090
 9.168 -5.549 153.601   0.024  0.144 -1.036  -0.375 -0.292  0.846  -0.663 -0.230 -0.093
 9.871 -5.624 153.589   0.012  0.136 -1.056  -0.375 -0.292  0.846  -0.692 -0.203 -0.085
10.567 -5.806 153.277   0.008  0.132 -1.080  -0.364 -0.355  0.846  -0.765 -0.167 -0.057
11.353 -6.105 153.031   0.004  0.128 -1.088  -0.364 -0.355  0.846  -0.913 -0.114 -0.016
12.179 -6.512 152.860   0.004  0.132 -1.104  -0.364 -0.355  0.846  -1.011 -0.053  0.024
21.761 -9.789 154.724   0.096 -4.012 -0.048  -0.323 -0.575  0.812  -8.709 -1.099  0.438
24.182 -8.744 153.470   0.052 -0.912 -0.736  -0.323 -0.575  0.812  -3.128 -1.545 -0.327
18.466 -4.672 151.402  -0.036  0.308 -0.912  -0.323 -0.575  0.812   5.828 -1.037 -0.889
10.917  0.030 149.444  -0.116  0.192 -1.020  -0.323 -0.575  0.812   7.554 -0.399 -0.899
 5.150  2.965 148.432  -0.140 -0.064 -1.160  -0.209 -0.272  0.872   5.266  0.420 -0.476
 1.519  4.520 147.873  -0.152 -0.044 -1.184  -0.209 -0.272  0.872   3.279  0.586 -0.266
-0.152  4.125 147.088  -0.144 -0.156 -1.216  -0.209 -0.272  0.872   0.896  1.191 -0.148
 1.852  0.730 147.215  -0.160 -0.420 -1.224  -0.300 -0.107  0.865  -3.607  1.735  0.537
 6.749 -4.348 148.053  -0.072 -0.376 -1.188  -0.300 -0.107  0.865  -6.601  1.579  1.050
11.741 -8.535 151.493   0.028  0.144 -1.132  -0.300 -0.107  0.865  -5.597  1.079  1.432
12.427 -9.014 154.758   0.084  0.648 -1.104  -0.393 -0.439  0.825  -0.164  0.493  1.655
 8.979 -7.375 157.413   0.096  0.600 -1.120  -0.393 -0.439  0.825   3.787  0.181  1.891
 4.977 -6.056 158.564   0.032  0.228 -1.108  -0.393 -0.439  0.825   3.648  0.206  1.839
 3.094 -5.843 159.333   0.008  0.032 -1.108  -0.393 -0.439  0.825   1.389  0.462  1.694
 2.654 -6.019 161.176   0.068  0.060 -1.084  -0.424 -0.136  0.846   0.263  0.319  1.391
 2.907 -6.156 162.634   0.092  0.048 -1.036  -0.424 -0.136  0.846  -0.299  0.045  1.123
 4.037 -6.335 163.829   0.068  0.004 -0.984  -0.424 -0.136  0.846  -1.143 -0.100  1.015
 6.010 -6.671 165.485   0.048  0.108 -0.936  -0.432 -0.156  0.842  -1.677 -0.070  0.980
 6.748 -6.423 167.500   0.040  0.280 -0.884  -0.432 -0.156  0.842  -0.182 -0.067  0.729
 5.844 -5.753 168.726   0.060  0.264 -0.836  -0.432 -0.156  0.842   1.270 -0.172  0.224
 4.296 -4.974 169.275   0.076  0.132 -0.816  -0.408 -0.072  0.842   1.593 -0.329 -0.159
 3.701 -4.446 169.089   0.056  0.060 -0.800  -0.408 -0.072  0.842   0.588 -0.326 -0.451
 3.758 -4.291 168.907   0.016  0.072 -0.780  -0.408 -0.072  0.842   0.022 -0.021 -0.569
 3.787 -4.446 168.690   0.004  0.060 -0.780  -0.408 -0.072  0.842  -0.043  0.266 -0.539
 4.184 -5.001 168.555   0.016  0.044 -0.760  -0.401 -0.075  0.853  -0.467  0.509 -0.410
 4.954 -5.604 169.069   0.040  0.108 -0.748  -0.401 -0.075  0.853  -0.613  0.498 -0.269
 5.297 -5.800 169.883   0.064  0.152 -0.736  -0.401 -0.075  0.853  -0.059  0.247 -0.251
 5.254 -5.736 170.256   0.072  0.124 -0.752  -0.439 -0.098  0.844   0.205  0.009 -0.254
 5.407 -5.492 170.512   0.056  0.092 -0.792  -0.439 -0.098  0.844  -0.053 -0.168 -0.139
 5.982 -5.196 170.907   0.052  0.080 -0.808  -0.439 -0.098  0.844  -0.452 -0.278  0.031
 6.940 -4.940 171.189   0.040  0.068 -0.824  -0.395 -0.130  0.842  -0.859 -0.302  0.180
 8.295 -4.768 171.556   0.048  0.068 -0.868  -0.395 -0.130  0.842  -1.254 -0.307  0.258
 9.977 -4.576 172.268   0.040  0.112 -0.892  -0.395 -0.130  0.842  -1.477 -0.316  0.327
11.336 -4.346 173.188   0.024  0.168 -0.932  -0.395 -0.130  0.842  -1.142 -0.218  0.323
12.128 -4.232 173.510   0.016  0.192 -0.956  -0.364 -0.223  0.857  -0.688 -0.116  0.260
12.396 -4.225 173.474   0.016  0.160 -0.996  -0.364 -0.223  0.857  -0.346 -0.009  0.178
12.634 -4.337 173.121   0.008  0.132 -1.036  -0.364 -0.223  0.857  -0.418  0.088  0.037
13.121 -4.617 172.376  -0.004  0.120 -1.072  -0.372 -0.254  0.848  -0.670  0.190 -0.118
13.790 -5.075 171.557   0.004  0.116 -1.104  -0.372 -0.254  0.848  -0.906  0.308 -0.223
14.544 -5.596 170.705   0.024  0.128 -1.132  -0.372 -0.254  0.848  -1.007  0.313 -0.301
15.313 -6.130 169.490   0.044  0.156 -1.140  -0.377 -0.329  0.833  -0.988  0.209 -0.356
15.915 -6.412 168.339   0.040  0.192 -1.156  -0.377 -0.329  0.833  -0.788  0.043 -0.443
16.156 -6.535 167.217   0.020  0.200 -1.160  -0.377 -0.329  0.833  -0.476  0.010 -0.476
16.330 -6.626 166.535   0.416 -3.608 -0.724  -0.377 -0.329  0.833  -0.157  0.041 -0.583
15.510 -5.206 164.122   0.320 -1.732 -0.504  -0.349 -0.347  0.842  -0.577 -0.645 -1.038
11.690 -2.666 160.491   0.164 -0.512 -1.084  -0.349 -0.347  0.842   2.692 -1.174 -1.484
 6.979  0.497 156.868   0.048 -0.320 -1.096  -0.349 -0.347  0.842   4.002 -1.142 -1.808
 4.884  2.597 154.005  -0.072 -0.276 -1.376  -0.256 -0.185  0.867   1.901 -0.875 -1.655
 4.687  3.261 152.869  -0.152  0.076 -1.212  -0.256 -0.185  0.867   0.403 -0.337 -1.202
 2.843  3.807 152.785  -0.196  0.196 -1.140  -0.256 -0.185  0.867   1.789  0.543 -0.888
 0.116  3.875 152.830  -0.204 -0.036 -1.104  -0.264 -0.087  0.870   1.995  1.228 -0.522
-0.170  1.878 152.609  -0.116 -0.248 -1.084  -0.264 -0.087  0.870  -0.930  1.796  0.175
 2.849 -1.705 153.488  -0.040 -0.032 -1.028  -0.264 -0.087  0.870  -3.802  1.610  0.546
 5.368 -4.093 156.403   0.032  0.296 -1.000  -0.264 -0.087  0.870  -2.505  1.220  0.714
 5.738 -5.266 158.519   0.036  0.340 -1.000  -0.393 -0.254  0.857  -0.264  1.024  0.866
 4.375 -6.005 159.902   0.036  0.188 -0.996  -0.393 -0.254  0.857   1.008  1.090  1.061
 3.526 -7.081 161.248   0.064  0.208 -0.980  -0.393 -0.254  0.857   0.603  1.194  0.967
 2.481 -7.505 162.891   0.104  0.256 -0.960  -0.499 -0.168  0.823   1.141  0.773  0.686
-0.014 -7.473 163.403   0.148  0.124 -0.940  -0.499 -0.168  0.823   2.215  0.545  0.434
-1.632 -6.973 163.019   0.136 -0.024 -0.924  -0.499 -0.168  0.823   1.295 -0.057  0.188
-0.928 -6.654 163.971   0.108  0.044 -0.896  -0.501 -0.026  0.820  -0.347 -0.412  0.114
-0.031 -6.224 165.226   0.060  0.148 -0.880  -0.501 -0.026  0.820  -0.281 -0.387  0.031
 0.062 -5.764 166.077   0.036  0.140 -0.880  -0.501 -0.026  0.820   0.333 -0.203 -0.161
-0.177 -5.507 166.532   0.036  0.140 -0.880  -0.501 -0.026  0.820   0.565  0.019 -0.454
-0.355 -5.401 166.503   0.040  0.088 -0.876  -0.486 -0.014  0.842   0.380  0.085 -0.762
-0.557 -5.179 166.183   0.040  0.128 -0.860  -0.486 -0.014  0.842   0.527  0.016 -1.165
-1.010 -4.849 165.717   0.036  0.152 -0.848  -0.486 -0.014  0.842   0.824  0.001 -1.364
-1.221 -4.771 165.056   0.036  0.092 -0.848  -0.499 -0.014  0.831   0.444  0.109 -1.349
-0.959 -4.958 164.530   0.032  0.072 -0.872  -0.499 -0.014  0.831  -0.060  0.223 -1.203
-0.622 -5.237 164.328   0.040  0.104 -0.868  -0.499 -0.014  0.831  -0.077  0.290 -1.064
-0.116 -5.498 164.157   0.052  0.100 -0.876  -0.514 -0.043  0.831  -0.237  0.209 -0.929
 0.779 -5.606 164.107   0.060  0.088 -0.888  -0.514 -0.043  0.831  -0.573 -0.029 -0.820
 1.731 -5.512 164.346   0.060  0.116 -0.892  -0.514 -0.043  0.831  -0.539 -0.190 -0.675
 2.563 -5.268 164.861   0.060  0.148 -0.896  -0.514 -0.043  0.831  -0.368 -0.263 -0.522
 3.352 -5.038 165.086   0.048  0.116 -0.912  -0.504 -0.118  0.835  -0.462 -0.277 -0.337
 4.368 -4.862 165.469   0.044  0.104 -0.920  -0.504 -0.118  0.835  -0.725 -0.289 -0.159
 5.452 -4.751 165.925   0.040  0.108 -0.940  -0.504 -0.118  0.835  -0.830 -0.243 -0.095
 6.617 -4.805 166.098   0.032  0.112 -0.952  -0.473 -0.179  0.836  -0.979 -0.135 -0.075
 7.900 -4.983 166.295   0.028  0.116 -0.964  -0.473 -0.179  0.836  -1.085 -0.042 -0.078
 9.044 -5.158 166.389   0.028  0.128 -0.972  -0.473 -0.179  0.836  -0.995 -0.010 -0.192
 9.974 -5.377 166.026   0.032  0.152 -0.988  -0.442 -0.257  0.842  -0.839  0.013 -0.274
10.748 -5.610 165.499   0.040  0.132 -1.008  -0.442 -0.257  0.842  -0.832  0.020 -0.351
11.619 -5.864 164.907   0.032  0.128 -1.036  -0.442 -0.257  0.842  -0.961  0.025 -0.422
12.515 -6.215 163.882   0.036  0.128 -1.044  -0.432 -0.347  0.836  -1.049  0.015 -0.459
13.409 -6.528 162.917   0.028  0.136 -1.060  -0.432 -0.347  0.836  -1.057 -0.013 -0.480
14.158 -6.789 162.033   0.036  0.140 -1.064  -0.432 -0.347  0.836  -0.952 -0.051 -0.433
14.802 -6.947 161.266   0.044  0.156 -1.068  -0.432 -0.347  0.836  -0.836 -0.133 -0.392
15.278 -7.069 160.222   0.052  0.168 -1.080  -0.419 -0.434  0.821  -0.699 -0.211 -0.340
15.709 -7.030 159.226   0.048  0.152 -1.088  -0.419 -0.434  0.821  -0.658 -0.339 -0.297
16.277 -6.933 158.314   0.032  0.140 -1.092  -0.419 -0.434  0.821  -0.775 -0.414 -0.268
16.950 -6.942 157.204   0.028  0.124 -1.100  -0.372 -0.480  0.823  -0.925 -0.428 -0.227
22.524 -7.735 162.700   2.608 -3.936 -2.728  -0.372 -0.480  0.823  -4.777 -1.006  4.176
21.114 -3.724 160.501   1.348 -1.008 -0.508  -0.372 -0.480  0.823   1.012 -3.319 -0.864
15.102  0.244 157.487   0.508 -0.196 -0.712  -0.202 -0.370  0.867   5.291 -1.922 -0.943
10.353  3.211 154.664   0.092 -0.252 -0.932  -0.202 -0.370  0.867   4.096 -0.968 -0.995
 8.764  3.694 153.038  -0.116 -0.144 -0.956  -0.202 -0.370  0.867   1.042  0.223 -0.381
 6.768  3.139 153.077  -0.216  0.156 -1.024  -0.202 -0.370  0.867   1.447  1.353  0.129
 4.170  1.861 154.066  -0.220  0.108 -1.044  -0.233 -0.199  0.870   1.513  2.250  0.388
 3.184 -0.810 154.294  -0.164 -0.212 -1.052  -0.233 -0.199  0.870  -0.647  2.698  0.864
 5.827 -4.962 155.077  -0.044 -0.200 -1.036  -0.233 -0.199  0.870  -4.071  2.410  1.489
 8.806 -8.296 157.285   0.084  0.148 -1.012  -0.421 -0.329  0.835  -3.517  1.502  1.793
10.069 -9.514 160.974   0.144  0.436 -1.000  -0.421 -0.329  0.835  -0.905  0.796  2.084
 8.575 -9.422 163.715   0.112  0.308 -1.008  -0.421 -0.329  0.835   1.429  0.368  2.332
 7.460 -9.357 166.106   0.076  0.116 -1.020  -0.421 -0.217  0.835   0.783  0.268  2.296
 6.979 -9.349 168.625   0.076  0.184 -1.008  -0.488 -0.217  0.825   0.455  0.223  2.067
 5.744 -9.063 170.805   0.116  0.208 -0.992  -0.488 -0.217  0.825   1.226  0.024  1.870
 4.396 -8.449 171.799   0.120  0.044 -0.980  -0.488 -0.217  0.825   1.005 -0.364  1.558
 4.970 -7.831 173.439   0.076  0.020 -0.952  -0.473 -0.072  0.825  -0.571 -0.487  1.325
 5.940 -7.232 175.468   0.032  0.152 -0.924  -0.473 -0.072  0.825  -0.625 -0.355  1.164
 6.050 -6.768 177.266   0.032  0.208 -0.896  -0.473 -0.072  0.825   0.202 -0.138  0.916
 5.350 -6.510 178.434   0.048  0.136 -0.888  -0.426 -0.035  0.848   0.713 -0.001  0.465
 5.132 -6.285 178.937   0.060  0.092 -0.880  -0.426 -0.035  0.848   0.240 -0.072  0.109
 5.160 -5.909 179.204   0.060  0.124 -0.868  -0.426 -0.035  0.848   0.123 -0.192 -0.263
 4.943 -5.545 179.278   0.048  0.124 -0.860  -0.426 -0.012  0.846   0.339 -0.156 -0.498
 4.773 -5.375 179.047   0.032  0.088 -0.872  -0.426 -0.012  0.846   0.202  0.008 -0.580
 5.088 -5.361 179.090   0.044  0.108 -0.888  -0.426 -0.012  0.846  -0.168  0.119 -0.482
 5.235 -5.333 179.412   0.052  0.140 -0.884  -0.426 -0.012  0.846   0.051  0.120 -0.372
 5.092 -5.256 179.698   0.068  0.120 -0.888  -0.434 -0.017  0.842   0.251  0.025 -0.267
 5.238 -5.042 179.949   0.072  0.084 -0.896  -0.434 -0.017  0.842  -0.088 -0.133 -0.145
 5.858 -4.656 -179.471   0.056  0.112 -0.908  -0.434 -0.017  0.842  -0.446 -0.234  0.014
 6.457 -4.224 -178.725   0.044  0.112 -0.920  -0.393 -0.029  0.850  -0.462 -0.256  0.212
 7.202 -3.818 -177.968   0.036  0.096 -0.932  -0.393 -0.029  0.850  -0.659 -0.230  0.333
 8.330 -3.414 -176.982   0.036  0.116 -0.952  -0.393 -0.029  0.850  -0.983 -0.201  0.460
 9.337 -3.122 -176.208   0.024  0.136 -0.956  -0.367 -0.084  0.855  -0.887 -0.102  0.510
10.163 -3.027 -175.579   0.016  0.128 -0.964  -0.367 -0.084  0.855  -0.776  0.071  0.471
11.003 -3.091 -175.049   0.024  0.124 -0.972  -0.367 -0.084  0.855  -0.817  0.198  0.425
11.916 -3.222 -174.627   0.024  0.136 -0.992  -0.367 -0.084  0.855  -0.883  0.282  0.299
12.745 -3.518 -174.780   0.032  0.128 -1.012  -0.375 -0.139  0.844  -0.864  0.352  0.173
13.525 -3.856 -175.076   0.032  0.124 -1.016  -0.375 -0.139  0.844  -0.859  0.389  0.060
14.381 -4.198 -175.342   0.036  0.144 -1.040  -0.375 -0.139  0.844  -0.917  0.412 -0.010
15.158 -4.496 -175.976   0.032  0.156 -1.052  -0.395 -0.194  0.850  -0.876  0.335 -0.117
15.775 -4.665 -176.724   0.044  0.152 -1.056  -0.395 -0.194  0.850  -0.787  0.187 -0.208
16.295 -4.741 -177.498   0.044  0.152 -1.056  -0.395 -0.194  0.850  -0.731  0.098 -0.252
16.721 -4.760 -178.310   0.044  0.144 -1.056  -0.395 -0.194  0.850  -0.687  0.034 -0.276
17.046 -4.877 -179.417   0.048  0.152 -1.060  -0.408 -0.260  0.838  -0.613  0.037 -0.282
17.324 -4.951 179.520   0.040  0.160 -1.064  -0.408 -0.260  0.838  -0.567  0.014 -0.311
12.826 -3.553 174.814  -0.040 -0.736 -0.904  -0.408 -0.260  0.838   2.680 -0.597 -2.394
13.935 -2.648 172.654   0.212 -1.084 -0.836  -0.380 -0.306  0.835  -2.266 -0.537 -0.547
 8.453 -0.614 169.575   0.196  0.068 -1.012  -0.380 -0.306  0.835   4.323 -1.474 -1.177
 3.583  1.991 166.659   0.092  0.052 -1.000  -0.380 -0.306  0.835   4.197 -1.585 -1.479
 2.448  3.662 164.507  -0.056 -0.148 -1.040  -0.253 -0.095  0.874   0.989 -1.122 -1.154
 1.397  4.769 164.099  -0.128  0.044 -1.060  -0.253 -0.095  0.874   1.157 -0.582 -0.627
-0.805  5.070 164.769  -0.184  0.196 -1.020  -0.253 -0.095  0.874   2.160  0.510 -0.423
-1.399  3.762 165.747  -0.208  0.000 -1.044  -0.282  0.012  0.865   0.201  1.450  0.236
 1.886  1.166 165.982  -0.136 -0.268 -1.032  -0.282  0.012  0.865  -3.708  1.701  0.775
 6.027 -1.500 167.161  -0.068 -0.108 -1.000  -0.282  0.012  0.865  -4.327  1.502  0.998
 7.687 -2.805 170.429  -0.004  0.300 -0.960  -0.282  0.012  0.865  -1.343  1.183  1.180
 6.603 -3.499 173.306   0.028  0.416 -0.968  -0.395 -0.179  0.850   1.357  1.034  1.484
 5.258 -4.557 175.340   0.040  0.220 -0.996  -0.395 -0.179  0.850   1.225  1.050  1.485
 4.150 -5.525 176.404   0.044  0.144 -0.992  -0.395 -0.179  0.850   0.984  0.951  1.149
 2.637 -6.029 178.232   0.092  0.220 -0.984  -0.470 -0.009  0.836   1.642  0.639  0.813
 1.297 -6.035 179.240   0.148  0.128 -0.980  -0.470 -0.009  0.836   1.397 -0.001  0.374
 1.688 -5.609 179.180   0.148 -0.040 -0.984  -0.470 -0.009  0.836  -0.490 -0.463  0.129
 2.891 -4.991 179.742   0.124  0.008 -0.952  -0.452  0.032  0.838  -1.056 -0.608  0.133
 3.449 -4.412 -179.214   0.076  0.156 -0.932  -0.452  0.032  0.838  -0.201 -0.403  0.059
 3.101 -4.099 -178.535   0.040  0.184 -0.924  -0.452  0.032  0.838   0.608 -0.107 -0.195
 2.792 -4.052 -178.411   0.028  0.120 -0.916  -0.452  0.032  0.838   0.437  0.090 -0.451
 2.615 -3.995 -178.416   0.048  0.124 -0.892  -0.432  0.061  0.842   0.370  0.057 -0.768
 2.211 -3.948 -178.762   0.052  0.140 -0.908  -0.432  0.061  0.842   0.595  0.062 -1.089
 1.898 -3.977 -179.256   0.044  0.112 -0.912  -0.432  0.061  0.842   0.480  0.120 -1.138
 2.050 -4.118 -179.742   0.040  0.092 -0.924  -0.442  0.058  0.846   0.035  0.218 -1.065
 2.251 -4.268 -179.939   0.036  0.120 -0.916  -0.442  0.058  0.846   0.048  0.257 -0.928
 2.348 -4.273 -179.890   0.048  0.144 -0.912  -0.442  0.058  0.846   0.193  0.131 -0.812
 2.623 -4.171 -179.981   0.068  0.104 -0.916  -0.473  0.046  0.836  -0.052 -0.037 -0.741
 3.360 -3.891 -179.994   0.056  0.084 -0.916  -0.473  0.046  0.836  -0.515 -0.183 -0.615
 4.171 -3.527 -179.695   0.036  0.116 -0.912  -0.473  0.046  0.836  -0.540 -0.200 -0.433
 5.217 -3.223 -179.176   0.032  0.108 -0.912  -0.473  0.046  0.836  -0.752 -0.133 -0.228
 6.466 -3.047 -178.843   0.036  0.096 -0.916  -0.442 -0.020  0.836  -1.049 -0.069 -0.069
 7.676 -2.913 -178.433   0.028  0.108 -0.916  -0.442 -0.020  0.836  -1.032 -0.004 -0.029
 8.806 -2.907 -178.016   0.024  0.116 -0.928  -0.442 -0.020  0.836  -0.988  0.126 -0.026
 9.967 -3.053 -178.135   0.028  0.116 -0.944  -0.439 -0.110  0.850  -1.069  0.202 -0.071
11.072 -3.242 -178.247   0.032  0.128 -0.952  -0.439 -0.110  0.850  -1.036  0.240 -0.119
12.061 -3.457 -178.450   0.040  0.132 -0.972  -0.439 -0.110  0.850  -0.969  0.251 -0.210
12.968 -3.788 -179.227   0.044  0.140 -0.980  -0.452 -0.205  0.829  -0.941  0.269 -0.295
13.889 -4.117 179.916   0.052  0.136 -1.004  -0.452 -0.205  0.829  -1.006  0.245 -0.370
14.776 -4.392 179.041   0.056  0.140 -1.008  -0.452 -0.205  0.829  -1.006  0.186 -0.431
15.651 -4.542 178.132   0.060  0.156 -1.032  -0.452 -0.205  0.829  -0.966  0.068 -0.500
16.395 -4.635 176.893   0.056  0.156 -1.044  -0.447 -0.275  0.823  -0.935 -0.046 -0.543
17.052 -4.646 175.555   0.048  0.148 -1.060  -0.447 -0.275  0.823  -0.870 -0.117 -0.585
17.540 -4.617 174.332   0.044  0.156 -1.068  -0.447 -0.275  0.823  -0.755 -0.149 -0.603
17.902 -4.668 172.641   0.048  0.152 -1.088  -0.426 -0.361  0.831  -0.670 -0.177 -0.602
18.248 -4.660 171.099   0.040  0.148 -1.088  -0.426 -0.361  0.831  -0.680 -0.227 -0.597
25.302 -2.242 174.255   0.844  0.732 -1.164  -0.426 -0.361  0.831  -5.172 -2.362  1.198
24.530  1.657 175.571   0.388  1.196 -0.716  -0.333 -0.468  0.835   1.777 -2.326 -0.370
18.582  4.700 176.492   0.076  0.840 -0.912  -0.333 -0.468  0.835   5.651 -1.623 -0.723
14.711  5.507 174.924  -0.104  0.224 -1.044  -0.333 -0.468  0.835   3.149 -0.707 -0.570
12.748  5.793 174.877  -0.196  0.104 -1.148  -0.225 -0.147  0.870   1.440 -0.034  0.043
10.374  5.014 175.529  -0.232  0.212 -1.116  -0.225 -0.147  0.870   1.816  1.016  0.178
 8.996  2.918 175.695  -0.228  0.032 -1.124  -0.225 -0.147  0.870   0.790  1.972  0.546
11.876  0.003 175.448  -0.148 -0.300 -1.092  -0.225 -0.147  0.870  -3.146  2.426  1.233
16.797 -2.657 176.407  -0.024 -0.156 -1.036  -0.388 -0.145  0.850  -4.875  1.899  1.660
19.038 -3.931 179.488   0.088  0.268 -0.988  -0.388 -0.145  0.850  -2.015  1.111  1.919
17.753 -4.185 -176.634   0.120  0.464 -1.004  -0.388 -0.145  0.850   1.407  0.586  2.273
15.930 -4.847 -174.013   0.104  0.288 -1.016  -0.486 -0.202  0.821   1.576  0.449  2.332
14.684 -5.506 -172.330   0.060  0.132 -1.032  -0.486 -0.202  0.821   0.819  0.428  2.153
13.451 -5.947 -170.909   0.076  0.184 -1.008  -0.486 -0.202  0.821   0.946  0.230  1.808
12.114 -5.823 -169.215   0.108  0.132 -0.988  -0.483 -0.017  0.816   0.979 -0.217  1.421
11.756 -5.364 -168.445   0.108 -0.008 -0.968  -0.483 -0.017  0.816  -0.217 -0.443  1.147
12.591 -4.521 -167.669   0.076  0.008 -0.932  -0.483 -0.017  0.816  -1.250 -0.511  1.024
12.857 -3.913 -166.364   0.040  0.168 -0.916  -0.439 -0.009  0.842  -0.356 -0.255  0.864
12.111 -3.759 -165.428   0.024  0.220 -0.904  -0.439 -0.009  0.842   0.697 -0.021  0.495
11.268 -3.759 -165.166   0.036  0.140 -0.888  -0.439 -0.009  0.842   0.653 -0.019  0.191
10.913 -3.648 -165.374   0.064  0.112 -0.872  -0.439 -0.009  0.842   0.183 -0.090 -0.175
10.544 -3.458 -165.657   0.068  0.120 -0.856  -0.442  0.043  0.835   0.240 -0.134 -0.531
10.148 -3.406 -166.202   0.052  0.104 -0.860  -0.442  0.043  0.835   0.255 -0.010 -0.668
10.092 -3.442 -166.834   0.040  0.076 -0.868  -0.442  0.043  0.835  -0.080  0.137 -0.638
10.260 -3.457 -167.032   0.052  0.132 -0.864  -0.432  0.032  0.840  -0.126  0.174 -0.516
 9.961 -3.388 -167.026   0.064  0.160 -0.864  -0.432  0.032  0.840   0.325  0.016 -0.453
 9.624 -3.152 -167.109   0.072  0.120 -0.876  -0.432  0.032  0.840   0.228 -0.190 -0.381
 9.581 -2.731 -167.288   0.056  0.076 -0.900  -0.416  0.038  0.838  -0.169 -0.293 -0.296
 9.868 -2.172 -167.228   0.036  0.092 -0.904  -0.416  0.038  0.838  -0.443 -0.311 -0.140
10.389 -1.634 -166.984   0.020  0.092 -0.924  -0.416  0.038  0.838  -0.661 -0.230  0.053
11.245 -1.158 -166.578   0.024  0.092 -0.940  -0.416  0.038  0.838  -0.961 -0.130  0.201
12.262 -0.776 -166.306   0.020  0.124 -0.960  -0.393 -0.026  0.842  -1.057 -0.032  0.257
13.035 -0.615 -165.962   0.016  0.144 -0.968  -0.393 -0.026  0.842  -0.802  0.125  0.265
13.662 -0.629 -165.687   0.012  0.148 -0.984  -0.393 -0.026  0.842  -0.664  0.256  0.218
14.280 -0.809 -165.872   0.020  0.136 -1.000  -0.390 -0.081  0.838  -0.683  0.326  0.148
14.957 -1.044 -166.222   0.024  0.124 -1.012  -0.390 -0.081  0.838  -0.773  0.376  0.049
15.673 -1.319 -166.695   0.032  0.124 -1.032  -0.390 -0.081  0.838  -0.828  0.410 -0.069
16.434 -1.656 -167.599   0.032  0.136 -1.040  -0.390 -0.147  0.840  -0.873  0.413 -0.172
17.156 -1.971 -168.494   0.052  0.144 -1.056  -0.424 -0.147  0.840  -0.869  0.361 -0.238
17.739 -2.136 -169.417   0.064  0.156 -1.064  -0.424 -0.147  0.840  -0.787  0.195 -0.337
18.149 -2.127 -170.342   0.056  0.172 -1.072  -0.424 -0.147  0.840  -0.656  0.042 -0.422
18.446 -2.174 -171.737   0.056  0.156 -1.068  -0.434 -0.217  0.827  -0.611 -0.021 -0.480
18.749 -2.228 -173.077   0.044  0.164 -1.064  -0.434 -0.217  0.827  -0.608  0.003 -0.511
18.968 -2.349 -174.436   0.044  0.160 -1.064  -0.434 -0.217  0.827  -0.548  0.042 -0.556
19.122 -2.573 -176.082   0.056  0.148 -1.076  -0.403 -0.257  0.831  -0.528  0.040 -0.586
12.720 -0.543 -179.609  -0.060 -1.960 -1.976  -0.403 -0.257  0.831   5.523 -1.981 -2.927
10.998  2.077 176.343  -0.056 -0.484 -1.696  -0.403 -0.257  0.831   0.785 -2.135 -2.106
 5.763  4.680 172.539  -0.132 -0.280 -1.348  -0.403 -0.257  0.831   4.164 -1.727 -2.371
 3.304  6.550 168.689  -0.188 -0.368 -1.208  -0.253 -0.121  0.868   1.843 -1.043 -2.374
 4.165  6.969 165.754  -0.200 -0.072 -1.196  -0.253 -0.121  0.868  -0.769 -0.433 -2.034
 4.061  6.964 165.090  -0.248  0.252 -1.060  -0.253 -0.121  0.868   0.305  0.305 -1.373
 1.533  6.308 164.814  -0.212  0.152 -0.984  -0.243 -0.104  0.876   2.083  1.326 -1.111
-0.130  4.652 163.890  -0.144 -0.108 -0.944  -0.243 -0.104  0.876   0.845  1.882 -0.481
 0.900  2.045 163.082  -0.060 -0.100 -0.904  -0.243 -0.104  0.876  -1.559  1.853 -0.019
 4.049 -0.853 164.149   0.016  0.156 -0.872  -0.380 -0.136  0.857  -2.865  1.524  0.239
 5.382 -2.512 165.901   0.024  0.260 -0.896  -0.380 -0.136  0.857  -1.032  1.181  0.355
 5.012 -3.729 167.105   0.024  0.136 -0.924  -0.380 -0.136  0.857   0.163  1.150  0.630
 5.027 -5.178 168.325   0.040  0.160 -0.928  -0.486 -0.168  0.836  -0.113  1.225  0.662
 4.392 -6.190 169.567   0.084  0.268 -0.932  -0.486 -0.168  0.836   0.766  1.083  0.410
 2.467 -6.734 170.118   0.132  0.220 -0.940  -0.486 -0.168  0.836   1.882  0.760  0.144
 0.165 -6.652 169.296   0.144  0.052 -0.972  -0.486 -0.168  0.836   1.919  0.192 -0.186
-0.157 -6.278 169.199   0.136  0.032 -0.984  -0.537 -0.020  0.814   0.386 -0.291 -0.453
 0.381 -5.669 169.506   0.080  0.120 -0.980  -0.537 -0.020  0.814  -0.077 -0.478 -0.477
 0.514 -5.221 169.575   0.040  0.124 -0.988  -0.537 -0.020  0.814   0.199 -0.228 -0.615
 0.675 -5.128 169.311   0.024  0.104 -0.988  -0.499 -0.026  0.835   0.067  0.058 -0.845
 1.017 -5.248 168.974   0.036  0.148 -0.988  -0.499 -0.026  0.835  -0.035  0.209 -1.075
 0.902 -5.296 168.416   0.040  0.176 -0.996  -0.499 -0.026  0.835   0.409  0.239 -1.321
 0.340 -5.237 167.263   0.044  0.152 -1.004  -0.530 -0.052  0.827   0.757  0.201 -1.633
-0.063 -5.158 165.916   0.048  0.112 -1.012  -0.530 -0.052  0.827   0.562  0.134 -1.733
-0.189 -5.142 164.746   0.044  0.116 -0.996  -0.530 -0.052  0.827   0.337  0.143 -1.660
-0.272 -5.135 163.804   0.044  0.108 -0.984  -0.530 -0.052  0.827   0.288  0.141 -1.483
-0.193 -5.194 163.051   0.056  0.092 -0.984  -0.537 -0.069  0.816   0.103  0.123 -1.243
 0.365 -5.222 162.648   0.064  0.096 -0.972  -0.537 -0.069  0.816  -0.277 -0.039 -1.018
 1.149 -5.149 162.479   0.052  0.112 -0.964  -0.537 -0.069  0.816  -0.423 -0.152 -0.896
 1.923 -4.968 162.209   0.040  0.104 -0.944  -0.527 -0.127  0.820  -0.440 -0.245 -0.751
 2.773 -4.798 162.098   0.032  0.100 -0.936  -0.527 -0.127  0.820  -0.539 -0.254 -0.618
 3.838 -4.684 162.204   0.020  0.108 -0.928  -0.527 -0.127  0.820  -0.703 -0.229 -0.478
 4.805 -4.712 162.089   0.024  0.112 -0.920  -0.517 -0.205  0.827  -0.735 -0.150 -0.379
 5.837 -4.882 162.023   0.028  0.100 -0.920  -0.517 -0.205  0.827  -0.886 -0.073 -0.306
 7.025 -5.107 162.066   0.028  0.108 -0.924  -0.517 -0.205  0.827  -1.049 -0.069 -0.256
 8.215 -5.304 162.115   0.028  0.108 -0.924  -0.517 -0.205  0.827  -1.084 -0.095 -0.257
 9.322 -5.533 161.838   0.040  0.120 -0.928  -0.488 -0.272  0.818  -1.051 -0.114 -0.279
10.324 -5.736 161.552   0.052  0.128 -0.928  -0.488 -0.272  0.818  -0.979 -0.140 -0.312
11.309 -5.904 161.256   0.056  0.136 -0.940  -0.488 -0.272  0.818  -0.934 -0.172 -0.338
12.131 -6.049 160.424   0.048  0.124 -0.952  -0.457 -0.370  0.825  -0.912 -0.224 -0.377
12.902 -6.121 159.577   0.036  0.120 -0.976  -0.457 -0.370  0.825  -0.885 -0.261 -0.417
13.637 -6.187 158.752   0.040  0.120 -0.976  -0.457 -0.370  0.825  -0.876 -0.284 -0.421
14.331 -6.296 157.521   0.040  0.128 -0.996  -0.432 -0.465  0.818  -0.841 -0.313 -0.429
14.893 -6.303 156.368   0.040  0.128 -1.008  -0.432 -0.465  0.818  -0.748 -0.381 -0.444
15.455 -6.195 155.222   0.052  0.136 -1.040  -0.432 -0.465  0.818  -0.694 -0.504 -0.420
16.036 -6.069 153.801   0.056  0.140 -1.068  -0.367 -0.514  0.812  -0.704 -0.612 -0.404
16.744 -5.896 152.606   0.036  0.144 -1.080  -0.367 -0.514  0.812  -0.796 -0.698 -0.366
17.537 -5.780 151.510   0.036  0.144 -1.080  -0.367 -0.514  0.812  -0.889 -0.722 -0.328
25.031 -8.717 154.250   0.396  0.364 -1.140  -0.367 -0.514  0.812  -6.824 -1.682  2.681
28.934 -8.020 152.312   0.396  1.068 -1.152  -0.256 -0.740  0.795  -2.795 -2.739 -1.292
26.020 -4.381 151.598   0.064  1.064 -1.152  -0.256 -0.740  0.795   4.131 -1.326 -1.247
19.405 -0.045 150.004  -0.116  0.772 -1.152  -0.256 -0.740  0.795   7.193 -0.582 -1.261
14.739  2.062 148.684  -0.196  0.212 -1.168  -0.127 -0.434  0.865   4.304  0.362 -0.696
11.568  2.552 147.727  -0.216  0.048 -1.256  -0.127 -0.434  0.865   2.405  1.006 -0.102
 9.092  1.991 147.175  -0.200  0.028 -1.204  -0.127 -0.434  0.865   1.452  1.539  0.288
 9.159 -0.754 146.889  -0.176 -0.212 -1.224  -0.235 -0.315  0.859  -1.813  2.048  0.447
13.090 -5.854 147.311  -0.076 -0.356 -1.188  -0.235 -0.315  0.859  -5.765  1.833  1.144
16.710 -9.844 148.651   0.048 -0.036 -1.116  -0.235 -0.315  0.859  -5.025  1.045  1.608
17.244 -9.829 153.049   0.136  0.488 -1.044  -0.235 -0.315  0.859  -0.137  0.285  1.853
14.053 -8.179 155.754   0.120  0.640 -1.032  -0.349 -0.581  0.816   3.392 -0.047  2.152
10.688 -7.081 156.875   0.084  0.316 -1.044  -0.349 -0.581  0.816   3.033 -0.030  2.114
 9.330 -6.922 157.548   0.036  0.064 -1.072  -0.349 -0.581  0.816   0.807  0.178  1.861
 8.673 -6.920 158.801   0.056  0.072 -1.040  -0.395 -0.335  0.831   0.227  0.120  1.622
 8.438 -6.839 159.490   0.084  0.024 -0.988  -0.395 -0.335  0.831  -0.156 -0.127  1.338
 9.710 -7.099 160.362   0.048  0.056 -0.936  -0.395 -0.335  0.831  -1.327 -0.214  1.200
11.336 -7.416 161.894   0.028  0.220 -0.888  -0.385 -0.341  0.840  -1.270 -0.125  1.090
11.034 -7.092 163.143   0.040  0.288 -0.860  -0.385 -0.341  0.840   0.524 -0.059  0.747
 9.177 -6.359 162.903   0.044  0.172 -0.840  -0.385 -0.341  0.840   1.591 -0.177  0.261
 7.687 -5.651 162.294   0.056  0.080 -0.828  -0.372 -0.260  0.853   1.216 -0.278 -0.002
 7.234 -5.100 161.571   0.020  0.072 -0.820  -0.372 -0.260  0.853   0.347 -0.304 -0.234
 7.084 -4.933 160.903   0.012  0.084 -0.812  -0.372 -0.260  0.853   0.074 -0.067 -0.340
 7.027 -5.086 160.232   0.012  0.056 -0.804  -0.372 -0.260  0.853  -0.157  0.157 -0.245
 7.466 -5.543 160.070   0.032  0.092 -0.804  -0.367 -0.240  0.853  -0.538  0.225 -0.071
 7.753 -5.709 160.488   0.052  0.168 -0.808  -0.367 -0.240  0.853  -0.154  0.074 -0.002
 7.349 -5.499 160.567   0.060  0.136 -0.824  -0.367 -0.240  0.853   0.402 -0.090  0.019
 6.832 -5.051 160.412   0.044  0.100 -0.856  -0.346 -0.246  0.853   0.446 -0.243  0.107
 6.819 -4.704 160.518   0.036  0.100 -0.884  -0.346 -0.246  0.853   0.040 -0.288  0.278
 7.169 -4.462 160.788   0.024  0.080 -0.892  -0.346 -0.246  0.853  -0.316 -0.296  0.467
 8.026 -4.499 161.131   0.016  0.064 -0.924  -0.323 -0.243  0.865  -0.839 -0.214  0.613
 9.204 -4.756 161.767   0.012  0.100 -0.952  -0.323 -0.243  0.865  -1.154 -0.112  0.702
10.182 -5.093 162.677   0.020  0.156 -0.960  -0.323 -0.243  0.865  -0.934  0.037  0.709
10.657 -5.451 163.241   0.024  0.176 -0.980  -0.320 -0.292  0.850  -0.529  0.147  0.685
10.653 -5.759 163.531   0.016  0.152 -1.004  -0.320 -0.292  0.850  -0.192  0.235  0.613
10.606 -6.167 163.618   0.020  0.132 -1.024  -0.320 -0.292  0.850  -0.231  0.319  0.549
10.741 -6.690 163.519   0.016  0.112 -1.060  -0.320 -0.292  0.850  -0.460  0.385  0.453
11.019 -7.312 163.418   0.024  0.108 -1.076  -0.344 -0.292  0.850  -0.627  0.439  0.400
11.490 -7.980 163.297   0.032  0.120 -1.084  -0.344 -0.292  0.850  -0.798  0.432  0.328
12.014 -8.546 163.206   0.044  0.148 -1.084  -0.344 -0.292  0.850  -0.790  0.334  0.258
12.397 -8.958 162.969   0.056  0.176 -1.088  -0.362 -0.332  0.846  -0.616  0.211  0.197
12.487 -9.089 162.720   0.032  0.176 -1.088  -0.362 -0.332  0.846  -0.313  0.110  0.174
12.401 -9.164 162.377   0.032  0.164 -1.092  -0.362 -0.332  0.846  -0.184  0.104  0.148
12.275 -9.254 161.972   0.024  0.144 -1.084  -0.377 -0.344  0.835  -0.187  0.136  0.147
12.231 -9.394 161.571   0.020  0.136 -1.072  -0.377 -0.344  0.835  -0.278  0.165  0.139
12.518 -9.663 161.653  -1.096 -4.012 -0.316  -0.377 -0.344  0.835  -0.308  0.145  0.030
10.798 -8.305 159.693  -0.416 -1.452 -0.996  -0.377 -0.344  0.835   0.257  0.195 -0.542
 7.543 -5.698 157.103  -0.156 -0.480 -0.904  -0.354 -0.286  0.842   2.312 -0.570 -0.922
 3.579 -2.139 154.315  -0.156 -0.480 -0.904  -0.354 -0.286  0.842   3.370 -0.917 -1.254
 2.417  0.076 151.728  -0.076 -0.380 -1.000  -0.354 -0.286  0.842   1.020 -0.985 -1.326
 2.845  0.889 149.925  -0.076 -0.276 -1.232  -0.279 -0.173  0.872  -0.448 -0.667 -0.919
 1.543  1.789 150.135  -0.104  0.120 -1.092  -0.279 -0.173  0.872   1.414  0.046 -0.456
-1.034  2.413 150.480  -0.152  0.012 -1.028  -0.279 -0.173  0.872   2.099  0.824 -0.060
-1.906  1.300 151.222  -0.096 -0.164 -1.012  -0.315 -0.081  0.861  -0.066  1.289  0.561
-0.273 -1.242 152.773  -0.052 -0.024 -0.984  -0.315 -0.081  0.861  -2.173  1.310  0.837
 1.759 -3.522 155.693  -0.016  0.216 -0.968  -0.315 -0.081  0.861  -2.097  1.244  1.073
 1.940 -4.778 158.191  -0.016  0.220 -0.984  -0.408 -0.159  0.846  -0.250  1.186  1.246
 1.411 -5.993 160.592   0.012  0.164 -0.992  -0.408 -0.159  0.846   0.276  1.276  1.393
 0.922 -7.057 163.055   0.036  0.240 -0.996  -0.408 -0.159  0.846   0.498  1.198  1.242
-0.772 -7.468 164.944   0.096  0.252 -0.992  -0.408 -0.159  0.846   1.710  0.883  0.879
-3.040 -7.179 166.114   0.136  0.108 -1.008  -0.501 -0.043  0.840   2.134  0.274  0.475
-4.191 -6.686 166.490   0.144 -0.004 -1.004  -0.501 -0.043  0.840   1.137 -0.201  0.223
-3.461 -6.034 167.227   0.104  0.052 -0.992  -0.501 -0.043  0.840  -0.220 -0.612  0.093
-2.546 -5.364 168.566   0.056  0.108 -0.984  -0.478  0.046  0.831  -0.268 -0.557  0.048
-2.087 -4.920 169.605   0.024  0.108 -0.976  -0.478  0.046  0.831   0.008 -0.252 -0.095
-1.607 -4.829 170.473   0.024  0.128 -0.968  -0.478  0.046  0.831  -0.040  0.034 -0.266
-1.412 -4.793 171.209   0.040  0.176 -0.956  -0.450  0.052  0.844   0.263  0.123 -0.514
-1.835 -4.652 171.463   0.028  0.168 -0.964  -0.450  0.052  0.844   0.762  0.130 -0.841
-2.294 -4.614 171.431   0.028  0.128 -0.956  -0.450  0.052  0.844   0.720  0.185 -0.966
-2.433 -4.748 171.434   0.032  0.104 -0.952  -0.478  0.072  0.842   0.414  0.269 -0.927
-2.347 -4.968 171.634   0.028  0.104 -0.948  -0.478  0.072  0.842   0.213  0.327 -0.768
-2.086 -5.195 172.051   0.040  0.096 -0.928  -0.478  0.072  0.842   0.056  0.290 -0.583
-1.430 -5.225 172.634   0.044  0.092 -0.920  -0.478  0.072  0.842  -0.272  0.074 -0.453
-0.540 -5.165 173.287   0.060  0.104 -0.912  -0.509  0.055  0.825  -0.454 -0.051 -0.346
 0.355 -4.887 174.126   0.040  0.116 -0.904  -0.509  0.055  0.825  -0.450 -0.183 -0.179
 1.241 -4.582 175.006   0.024  0.092 -0.904  -0.509  0.055  0.825  -0.534 -0.184 -0.027
 2.364 -4.340 175.938   0.020  0.096 -0.904  -0.468  0.023  0.840  -0.775 -0.136  0.095
 3.687 -4.209 176.905   0.012  0.096 -0.892  -0.468  0.023  0.840  -0.997 -0.023  0.147
 5.214 -4.248 177.911   0.016  0.100 -0.896  -0.468  0.023  0.840  -1.156  0.130  0.145
 6.803 -4.391 178.392   0.012  0.116 -0.904  -0.473 -0.078  0.846  -1.310  0.218  0.113
 8.333 -4.578 178.819   0.020  0.124 -0.916  -0.473 -0.078  0.846  -1.233  0.255  0.038
 9.647 -4.770 179.178   0.044  0.132 -0.920  -0.473 -0.078  0.846  -1.085  0.235 -0.041
10.643 -4.952 178.919   0.048  0.124 -0.948  -0.481 -0.156  0.829  -0.958  0.179 -0.134
11.593 -5.086 178.614   0.048  0.124 -0.964  -0.481 -0.156  0.829  -0.958  0.139 -0.178
12.542 -5.117 178.284   0.048  0.132 -0.984  -0.481 -0.156  0.829  -0.977  0.051 -0.234
13.515 -5.033 177.884   0.040  0.132 -1.004  -0.481 -0.156  0.829  -1.032 -0.040 -0.301
14.521 -4.942 176.929   0.040  0.124 -1.020  -0.460 -0.243  0.831  -1.091 -0.133 -0.345
15.546 -4.433 176.004   0.048  0.140 -1.036  -0.460 -0.243  0.831  -1.091 -0.515 -0.394
16.410 -4.249 175.156   0.040  0.152 -1.056  -0.460 -0.243  0.831  -1.018 -0.261 -0.422
17.118 -4.126 173.851   0.040  0.160 -1.072  -0.442 -0.341  0.823  -0.911 -0.310 -0.454
17.730 -3.993 172.501   0.036  0.148 -1.096  -0.442 -0.341  0.823  -0.868 -0.331 -0.494
20.668 -3.821 169.586   0.368 -4.004 -1.428  -0.442 -0.341  0.823  -2.505 -0.547 -2.719
24.651 -3.502 165.989   0.132 -1.348 -1.384  -0.362 -0.572  0.805  -4.730 -0.807 -1.947
22.020 -2.479 161.832   0.040 -0.224 -1.224  -0.362 -0.572  0.805   1.403 -0.517 -1.904
16.464 -0.425 158.115  -0.028 -0.144 -1.212  -0.362 -0.572  0.805   4.408 -0.288 -1.831
12.993  0.892 154.978  -0.036 -0.152 -1.212  -0.362 -0.572  0.805   2.630 -0.059 -1.527
11.199  1.593 152.770  -0.076 -0.004 -1.168  -0.297 -0.373  0.842   1.353 -0.019 -1.209
 9.861  1.609 150.683  -0.072 -0.036 -1.148  -0.297 -0.373  0.842   0.730  0.394 -1.107
 9.848  0.453 148.857  -0.072 -0.344 -1.068  -0.297 -0.373  0.842  -1.215  0.889 -0.550
12.237 -2.830 147.976   0.072 -0.284 -1.008  -0.344 -0.454  0.838  -3.997  1.133  0.332
15.150 -6.344 147.516   0.152  0.084 -0.980  -0.344 -0.454  0.838  -4.046  0.687  0.304
14.146 -7.089 146.325   0.188  0.096 -0.972  -0.344 -0.454  0.838  -0.030  0.393  0.010
11.637 -5.705 145.018   0.108 -0.096 -1.060  -0.372 -0.520  0.805   1.786 -0.108  0.034
10.463 -5.070 144.098   0.056 -0.044 -1.048  -0.372 -0.520  0.805   0.646 -0.101  0.076
 9.900 -5.143 143.302   0.028  0.024 -1.040  -0.372 -0.520  0.805   0.018  0.148 -0.023
 9.527 -5.553 142.497   0.028  0.060 -1.016  -0.372 -0.520  0.805  -0.215  0.294 -0.123
 9.490 -6.193 141.774   0.032  0.060 -1.016  -0.367 -0.506  0.825  -0.577  0.285 -0.113
 9.700 -6.990 141.158   0.036  0.060 -0.992  -0.367 -0.506  0.825  -0.847  0.258 -0.063
 9.737 -7.566 140.670   0.044  0.132 -0.980  -0.367 -0.506  0.825  -0.494  0.196 -0.082
 9.251 -7.637 140.048   0.040  0.196 -0.968  -0.390 -0.549  0.810   0.250  0.174 -0.269
 8.566 -7.389 139.228   0.048  0.180 -0.948  -0.390 -0.549  0.810   0.543  0.063 -0.392
 7.970 -7.118 138.247   0.052  0.132 -0.940  -0.390 -0.549  0.810   0.420 -0.006 -0.456
 7.483 -6.905 137.257   0.044  0.120 -0.932  -0.372 -0.520  0.820   0.294 -0.003 -0.481
 6.892 -6.795 136.258   0.048  0.104 -0.916  -0.372 -0.520  0.820   0.282  0.117 -0.469
 6.382 -6.754 135.347   0.036  0.076 -0.904  -0.372 -0.520  0.820   0.167  0.169 -0.444
 6.072 -6.691 134.407   0.056  0.060 -0.908  -0.372 -0.520  0.820   0.026 -0.001 -0.440
 5.873 -6.451 133.561   0.072  0.084 -0.904  -0.367 -0.506  0.823   0.129 -0.206 -0.420
 5.715 -6.131 132.873   0.064  0.104 -0.908  -0.367 -0.506  0.823   0.213 -0.254 -0.379
 5.743 -5.979 132.356   0.044  0.096 -0.912  -0.367 -0.506  0.823  -0.005 -0.224 -0.305
 5.813 -6.019 131.870   0.036  0.100 -0.928  -0.344 -0.514  0.831  -0.145 -0.131 -0.239
 5.897 -6.097 131.527   0.028  0.116 -0.936  -0.344 -0.514  0.831  -0.146 -0.097 -0.188
 6.016 -6.255 131.270   0.028  0.104 -0.948  -0.344 -0.514  0.831  -0.250 -0.076 -0.100
 6.176 -6.567 131.078   0.028  0.120 -0.960  -0.315 -0.523  0.831  -0.352 -0.026  0.019
 6.221 -6.887 131.030   0.020  0.128 -0.960  -0.315 -0.523  0.831  -0.286  0.076  0.111
 6.150 -7.184 130.905   0.028  0.096 -1.008  -0.315 -0.523  0.831  -0.291  0.123  0.144
 6.021 -7.524 130.578   0.056  0.056 -1.040  -0.315 -0.523  0.831  -0.382  0.131  0.101
 5.816 -7.748 130.176   0.060  0.060 -1.048  -0.318 -0.543  0.835  -0.266  0.114  0.064
 5.469 -7.788 129.912   0.056  0.096 -1.052  -0.318 -0.543  0.835   0.002  0.123  0.128
 5.111 -7.764 129.826   0.040  0.132 -1.032  -0.318 -0.543  0.835   0.133  0.143  0.177
 4.761 -7.739 129.787   0.032  0.128 -1.016  -0.326 -0.543  0.827   0.135  0.167  0.178
 4.488 -7.730 129.736   0.036  0.120 -1.008  -0.326 -0.543  0.827   0.074  0.123  0.181
 4.285 -7.781 129.595   0.044  0.088 -1.000  -0.326 -0.543  0.827  -0.063  0.095  0.167
 4.339 -8.042 129.568   0.040  0.108 -0.996  -0.328 -0.526  0.827  -0.300  0.063  0.145
 4.409 -8.336 129.557   0.044  0.128 -0.992  -0.328 -0.526  0.827  -0.299  0.069  0.128
 4.378 -8.429 129.599   0.028  0.140 -0.988  -0.328 -0.526  0.827  -0.088  0.070  0.120
 4.242 -8.410 129.611   0.032  0.136 -0.988  -0.328 -0.526  0.827   0.034  0.069  0.128
 4.061 -8.255 129.712   0.024  0.116 -0.980  -0.331 -0.529  0.831   0.116  0.042  0.227
 3.913 -8.108 129.943   0.024  0.092 -0.984  -0.331 -0.529  0.831   0.050  0.020  0.385
 3.915 -8.149 130.316   0.020  0.080 -0.984  -0.331 -0.529  0.831  -0.176  0.036  0.511
 3.885 -8.284 130.676   0.040  0.064 -1.004  -0.346 -0.523  0.827  -0.258  0.073  0.535
 3.909 -8.422 131.030   0.024  0.060 -0.992  -0.346 -0.523  0.827  -0.292  0.075  0.491
 3.919 -8.547 131.283   0.020  0.076 -0.976  -0.346 -0.523  0.827  -0.245  0.090  0.382
 3.833 -8.583 131.520   0.016  0.096 -0.976  -0.344 -0.497  0.820  -0.096  0.126  0.305
 3.711 -8.609 131.693   0.016  0.092 -0.976  -0.344 -0.497  0.820  -0.075  0.146  0.271
 3.660 -8.685 131.872   0.024  0.100 -0.964  -0.344 -0.497  0.820  -0.129  0.115  0.274
 3.749 -8.813 132.111   0.036  0.116 -0.968  -0.344 -0.497  0.820  -0.212  0.035  0.312
 3.913 -9.000 132.426   0.040  0.124 -0.964  -0.354 -0.509  0.827  -0.281  0.015  0.362
 4.066 -9.205 132.808   0.040  0.132 -0.964  -0.354 -0.509  0.827  -0.278  0.036  0.415
 4.210 -9.400 133.229   0.032  0.144 -0.964  -0.354 -0.509  0.827  -0.247  0.063  0.416
 4.287 -9.592 133.650   0.036  0.152 -0.972  -0.367 -0.514  0.821  -0.200  0.102  0.411
 4.309 -9.708 133.991   0.036  0.144 -0.988  -0.367 -0.514  0.821  -0.147  0.092  0.384
 4.309 -9.830 134.221   0.044  0.128 -0.984  -0.367 -0.514  0.821  -0.174  0.087  0.354
 4.351 -9.938 134.492   0.036  0.124 -1.000  -0.372 -0.497  0.816  -0.202  0.085  0.328
 4.406 -10.057 134.723   0.036  0.124 -0.996  -0.372 -0.497  0.816  -0.219  0.085  0.300
 4.458 -10.193 134.927   0.044  0.136 -0.984  -0.372 -0.497  0.816  -0.204  0.084  0.274
 4.483 -10.266 135.126   0.036  0.136 -0.992  -0.372 -0.497  0.816  -0.154  0.082  0.265
 4.479 -10.303 135.284   0.032  0.140 -1.004  -0.372 -0.509  0.829  -0.113  0.087  0.251
 4.489 -10.317 135.454   0.024  0.140 -1.000  -0.372 -0.509  0.829  -0.105  0.084  0.246
 4.486 -10.361 135.591   0.028  0.132 -0.996  -0.372 -0.509  0.829  -0.132  0.098  0.250
 4.546 -10.442 135.847   0.024  0.140 -0.992  -0.393 -0.503  0.814  -0.173  0.108  0.256
 4.597 -10.555 136.071   0.028  0.132 -1.000  -0.393 -0.503  0.814  -0.209  0.123  0.265
 4.660 -10.698 136.340   0.028  0.144 -1.000  -0.393 -0.503  0.814  -0.213  0.141  0.284
 4.703 -10.809 136.592   0.024  0.132 -0.996  -0.390 -0.494  0.816  -0.209  0.142  0.282
 4.734 -10.934 136.842   0.032  0.140 -0.980  -0.390 -0.494  0.816  -0.192  0.145  0.286
 4.759 -11.032 137.075   0.028  0.136 -0.984  -0.390 -0.494  0.816  -0.186  0.142  0.282
 4.799 -11.159 137.287   0.028  0.136 -0.984  -0.390 -0.494  0.816  -0.214  0.154  0.269
 4.897 -11.288 137.559   0.020  0.136 -0.976  -0.413 -0.497  0.816  -0.250  0.153  0.249
 4.968 -11.434 137.771   0.032  0.132 -0.972  -0.413 -0.497  0.816  -0.257  0.151  0.240
 5.064 -11.556 137.969   0.024  0.132 -0.976  -0.413 -0.497  0.816  -0.263  0.142  0.216
 5.142 -11.659 138.134   0.028  0.148 -0.976  -0.421 -0.512  0.812  -0.213  0.136  0.188
 5.167 -11.711 138.232   0.028  0.136 -0.964  -0.421 -0.512  0.812  -0.176  0.129  0.167
 5.145 -11.692 138.261   0.028  0.120 -0.968  -0.421 -0.512  0.812  -0.142  0.106  0.152
 5.138 -11.666 138.300   0.028  0.128 -0.968  -0.416 -0.500  0.806  -0.129  0.098  0.129
 5.173 -11.642 138.331   0.032  0.136 -0.980  -0.416 -0.500  0.806  -0.143  0.068  0.109
 5.251 -11.601 138.391   0.024  0.144 -0.980  -0.416 -0.500  0.806  -0.142  0.053  0.096
 5.300 -11.534 138.399   0.016  0.132 -0.972  -0.416 -0.500  0.806  -0.131  0.064  0.065
 5.329 -11.456 138.365   0.016  0.132 -0.976  -0.426 -0.512  0.812  -0.114  0.065  0.036
 5.335 -11.416 138.310   0.028  0.144 -0.976  -0.426 -0.512  0.812  -0.096  0.076  0.016
 5.342 -11.379 138.236   0.028  0.144 -0.976  -0.426 -0.512  0.812  -0.098  0.076 -0.002
 5.331 -11.352 138.129   0.028  0.136 -0.984  -0.426 -0.512  0.799  -0.110  0.088 -0.008
 5.313 -11.346 137.981   0.032  0.124 -0.992  -0.426 -0.512  0.799  -0.146  0.093 -0.013
 5.283 -11.371 137.834   0.036  0.128 -0.996  -0.426 -0.512  0.799  -0.149  0.112 -0.015
 5.282 -11.383 137.765   0.028  0.132 -0.988  -0.419 -0.497  0.808  -0.147  0.112  0.001
 5.279 -11.425 137.710   0.032  0.144 -0.976  -0.419 -0.497  0.808  -0.135  0.126 -0.012
 5.237 -11.437 137.635   0.032  0.136 -0.988  -0.419 -0.497  0.808  -0.115  0.128 -0.004
 5.213 -11.469 137.571   0.036  0.148 -0.992  -0.419 -0.497  0.808  -0.114  0.128 -0.016
 5.205 -11.500 137.513   0.032  0.148 -0.980  -0.432 -0.512  0.812  -0.119  0.126 -0.024
 5.201 -11.532 137.442   0.032  0.148 -0.976  -0.432 -0.512  0.812  -0.121  0.126 -0.038
 5.176 -11.550 137.327   0.036  0.144 -0.972  -0.432 -0.512  0.812  -0.109  0.119 -0.060
 5.149 -11.544 137.212   0.032  0.144 -0.972  -0.442 -0.514  0.799  -0.092  0.118 -0.085
 5.100 -11.483 137.056   0.028  0.136 -0.972  -0.442 -0.514  0.799  -0.062  0.102 -0.112
 5.037 -11.384 136.878   0.028  0.132 -0.964  -0.442 -0.514  0.799  -0.033  0.084 -0.126
 4.981 -11.252 136.646   0.020  0.132 -0.972  -0.421 -0.514  0.805  -0.019  0.069 -0.146
 4.902 -11.132 136.358   0.036  0.128 -0.972  -0.421 -0.514  0.805  -0.018  0.049 -0.161
 4.850 -11.016 136.078   0.036  0.132 -0.964  -0.421 -0.514  0.805  -0.021  0.036 -0.178
 4.764 -10.907 135.769   0.044  0.132 -0.960  -0.421 -0.514  0.805  -0.000  0.040 -0.191
 4.687 -10.785 135.471   0.040  0.132 -0.976  -0.421 -0.514  0.805   0.003  0.036 -0.199
 4.606 -10.650 135.176   0.036  0.128 -0.984  -0.421 -0.514  0.805   0.008  0.038 -0.203
 4.498 -10.523 134.855   0.048  0.128 -0.976  -0.421 -0.514  0.805   0.025  0.030 -0.210
 4.445 -10.403 134.604   0.036  0.136 -0.984  -0.419 -0.512  0.806   0.009  0.032 -0.208
 4.393 -10.275 134.356   0.032  0.128 -0.984  -0.419 -0.512  0.806   0.002  0.032 -0.205
 4.349 -10.155 134.125   0.028  0.128 -0.980  -0.419 -0.512  0.806  -0.002  0.040 -0.208
 4.309 -10.050 133.846   0.024  0.124 -0.980  -0.395 -0.509  0.808  -0.020  0.045 -0.206
 4.277 -9.951 133.607   0.020  0.128 -0.980  -0.395 -0.509  0.808  -0.016  0.053 -0.199
 4.226 -9.866 133.364   0.028  0.132 -0.988  -0.395 -0.509  0.808  -0.005  0.054 -0.197
 4.139 -9.771 133.111   0.032  0.128 -0.992  -0.395 -0.509  0.808   0.015  0.059 -0.192
 4.063 -9.671 132.848   0.028  0.132 -1.000  -0.393 -0.520  0.812   0.023  0.056 -0.191
 3.979 -9.600 132.579   0.036  0.132 -0.996  -0.393 -0.520  0.812   0.012  0.059 -0.189
 3.911 -9.533 132.334   0.032  0.136 -0.988  -0.393 -0.520  0.812   0.015  0.062 -0.197
 3.799 -9.463 132.068   0.044  0.124 -0.988  -0.398 -0.514  0.808   0.020  0.062 -0.195
 3.694 -9.383 131.830   0.040  0.128 -0.992  -0.398 -0.514  0.808   0.035  0.063 -0.196
 3.610 -9.313 131.633   0.040  0.136 -0.988  -0.398 -0.514  0.808   0.039  0.059 -0.189
 3.547 -9.211 131.424   0.024  0.136 -0.988  -0.380 -0.512  0.821   0.051  0.059 -0.203
 3.492 -9.108 131.247   0.020  0.136 -0.984  -0.380 -0.512  0.821   0.052  0.063 -0.194
 3.439 -9.017 131.055   0.024  0.132 -0.988  -0.380 -0.512  0.821   0.037  0.057 -0.195
 3.388 -8.948 130.878   0.028  0.132 -0.984  -0.380 -0.512  0.821   0.026  0.058 -0.180
 3.323 -8.891 130.696   0.036  0.128 -0.980  -0.377 -0.503  0.823   0.022  0.056 -0.179
 3.269 -8.842 130.545   0.036  0.132 -0.976  -0.377 -0.503  0.823   0.023  0.054 -0.168
 3.228 -8.790 130.421   0.032  0.132 -0.976  -0.377 -0.503  0.823   0.020  0.054 -0.161
 3.179 -8.733 130.277   0.032  0.132 -0.988  -0.372 -0.509  0.814   0.025  0.053 -0.147
 3.160 -8.700 130.182   0.032  0.140 -0.972  -0.372 -0.509  0.814   0.017  0.048 -0.134
 3.176 -8.677 130.125   0.028  0.144 -0.968  -0.372 -0.509  0.814   0.002  0.042 -0.128
 3.182 -8.652 130.041   0.028  0.140 -0.976  -0.357 -0.500  0.825  -0.003  0.042 -0.122
 3.157 -8.638 129.932   0.036  0.136 -0.976  -0.357 -0.500  0.825  -0.002  0.048 -0.114
 3.125 -8.649 129.835   0.040  0.140 -0.972  -0.357 -0.500  0.825  -0.004  0.058 -0.106
 3.092 -8.639 129.759   0.032  0.136 -0.984  -0.357 -0.500  0.825  -0.000  0.067 -0.100
 3.068 -8.594 129.683   0.024  0.124 -0.976  -0.359 -0.506  0.829  -0.004  0.056 -0.091
 3.044 -8.570 129.625   0.028  0.132 -0.980  -0.359 -0.506  0.829  -0.000  0.060 -0.085
 3.041 -8.563 129.599   0.028  0.136 -0.984  -0.359 -0.506  0.829  -0.015  0.057 -0.070
 3.063 -8.555 129.638   0.020  0.136 -0.996  -0.357 -0.491  0.820  -0.030  0.063 -0.059
 3.052 -8.590 129.651   0.036  0.140 -0.996  -0.357 -0.491  0.820  -0.033  0.071 -0.048
 3.051 -8.622 129.683   0.032  0.140 -0.988  -0.357 -0.491  0.820  -0.036  0.074 -0.043
 3.041 -8.678 129.729   0.040  0.140 -0.984  -0.346 -0.474  0.829  -0.046  0.078 -0.029
 3.027 -8.732 129.780   0.036  0.132 -0.976  -0.346 -0.474  0.829  -0.058  0.086 -0.014
 3.019 -8.804 129.849   0.036  0.136 -0.972  -0.346 -0.474  0.829  -0.064  0.096 -0.008
 3.021 -8.886 129.939   0.036  0.136 -0.976  -0.346 -0.474  0.829  -0.080  0.097  0.012
 3.003 -9.000 129.980   0.044  0.136 -0.976  -0.351 -0.491  0.829  -0.094  0.106  0.026
 3.001 -9.097 130.036   0.036  0.132 -0.972  -0.351 -0.491  0.829  -0.101  0.107  0.026
 2.995 -9.188 130.100   0.036  0.132 -0.972  -0.351 -0.491  0.829  -0.097  0.108  0.036
 2.974 -9.282 130.187   0.044  0.128 -0.976  -0.359 -0.483  0.821  -0.102  0.108  0.046
 2.972 -9.398 130.303   0.048  0.136 -0.976  -0.359 -0.483  0.821  -0.112  0.104  0.063
 2.992 -9.499 130.443   0.040  0.132 -0.980  -0.359 -0.483  0.821  -0.125  0.102  0.075
 3.034 -9.589 130.579   0.032  0.136 -0.976  -0.346 -0.480  0.825  -0.125  0.099  0.074
 3.094 -9.679 130.723   0.032  0.140 -0.980  -0.346 -0.480  0.825  -0.130  0.091  0.075
 3.128 -9.757 130.844   0.032  0.132 -0.984  -0.346 -0.480  0.825  -0.130  0.098  0.082
 3.140 -9.839 130.923   0.040  0.128 -0.980  -0.346 -0.480  0.825  -0.131  0.096  0.081
 3.154 -9.904 131.002   0.040  0.124 -0.984  -0.370 -0.503  0.825  -0.132  0.087  0.082
 3.220 -9.986 131.157   0.032  0.140 -0.988  -0.370 -0.503  0.825  -0.141  0.088  0.091
 3.271 -10.055 131.281   0.036  0.132 -0.980  -0.370 -0.503  0.825  -0.142  0.079  0.096
 3.329 -10.136 131.450   0.032  0.136 -0.992  -0.367 -0.486  0.812  -0.151  0.098  0.089
 3.361 -10.200 131.575   0.036  0.124 -0.992  -0.367 -0.486  0.812  -0.153  0.092  0.096
 3.389 -10.287 131.705   0.040  0.128 -0.980  -0.367 -0.486  0.812  -0.157  0.101  0.103
 3.444 -10.377 131.898   0.032  0.132 -0.984  -0.367 -0.483  0.812  -0.168  0.108  0.124
 3.498 -10.455 132.093   0.028  0.128 -0.992  -0.370 -0.483  0.829  -0.173  0.113  0.122
 3.540 -10.554 132.265   0.036  0.128 -0.996  -0.370 -0.483  0.829  -0.185  0.115  0.130
 3.567 -10.672 132.423   0.040  0.128 -0.984  -0.370 -0.483  0.829  -0.189  0.128  0.133
 3.602 -10.773 132.593   0.032  0.120 -0.976  -0.382 -0.494  0.816  -0.200  0.131  0.140
 3.682 -10.849 132.824   0.016  0.128 -0.976  -0.382 -0.494  0.816  -0.193  0.131  0.141
 3.730 -10.945 133.018   0.024  0.124 -0.976  -0.382 -0.494  0.816  -0.201  0.142  0.146
 3.792 -11.056 133.223   0.028  0.132 -0.980  -0.388 -0.494  0.818  -0.206  0.141  0.139
 3.829 -11.163 133.391   0.036  0.128 -0.976  -0.388 -0.494  0.818  -0.201  0.135  0.141
 3.879 -11.276 133.571   0.036  0.136 -0.976  -0.388 -0.494  0.818  -0.198  0.135  0.137
 3.914 -11.366 133.712   0.036  0.128 -0.980  -0.388 -0.494  0.818  -0.197  0.130  0.131
 3.937 -11.454 133.862   0.040  0.128 -0.980  -0.393 -0.491  0.820  -0.191  0.131  0.131
 3.970 -11.534 134.007   0.040  0.132 -0.972  -0.393 -0.491  0.820  -0.184  0.124  0.120
 4.033 -11.604 134.192   0.028  0.136 -0.968  -0.393 -0.491  0.820  -0.186  0.131  0.119
 4.083 -11.658 134.336   0.032  0.132 -0.968  -0.411 -0.512  0.814  -0.180  0.118  0.114
 4.098 -11.696 134.432   0.036  0.128 -0.980  -0.411 -0.512  0.814  -0.165  0.119  0.102
 4.140 -11.725 134.540   0.032  0.128 -0.972  -0.411 -0.512  0.814  -0.174  0.107  0.101
 4.173 -11.760 134.605   0.036  0.128 -0.972  -0.401 -0.506  0.810  -0.175  0.104  0.091
 4.204 -11.796 134.667   0.036  0.132 -0.972  -0.401 -0.506  0.810  -0.168  0.108  0.082
 4.197 -11.822 134.680   0.040  0.120 -0.980  -0.401 -0.506  0.810  -0.169  0.112  0.082
 4.229 -11.825 134.728   0.028  0.124 -0.976  -0.401 -0.506  0.810  -0.167  0.104  0.074
 4.235 -11.836 134.771   0.036  0.124 -0.980  -0.408 -0.509  0.816  -0.158  0.108  0.078
 4.260 -11.854 134.823   0.036  0.132 -0.972  -0.408 -0.509  0.816  -0.156  0.103  0.065
 4.269 -11.880 134.857   0.044  0.136 -0.976  -0.408 -0.509  0.816  -0.146  0.101  0.063
 4.309 -11.916 134.942   0.040  0.144 -0.972  -0.419 -0.512  0.805  -0.151  0.103  0.059
 4.343 -11.926 135.022   0.036  0.140 -0.972  -0.419 -0.512  0.805  -0.141  0.099  0.060
 4.364 -11.924 135.065   0.036  0.136 -0.976  -0.419 -0.512  0.805  -0.136  0.098  0.042
 4.375 -11.928 135.080   0.036  0.140 -0.988  -0.419 -0.520  0.806  -0.131  0.106  0.036
 4.389 -11.920 135.111   0.028  0.140 -0.984  -0.419 -0.520  0.806  -0.124  0.114  0.034
 4.407 -11.901 135.124   0.028  0.136 -0.984  -0.419 -0.520  0.806  -0.127  0.104  0.026
 4.402 -11.876 135.118   0.032  0.136 -0.988  -0.419 -0.520  0.806  -0.112  0.103  0.023
 4.400 -11.817 135.103   0.024  0.128 -1.000  -0.419 -0.517  0.818  -0.110  0.098  0.008
 4.380 -11.761 135.064   0.028  0.124 -0.992  -0.419 -0.517  0.818  -0.107  0.098  0.004
 4.367 -11.718 135.036   0.032  0.132 -0.988  -0.419 -0.517  0.818  -0.099  0.095  0.001
 4.378 -11.650 135.040   0.024  0.136 -0.980  -0.426 -0.520  0.805  -0.085  0.086 -0.009
 4.391 -11.607 135.040   0.028  0.140 -0.980  -0.426 -0.520  0.805  -0.092  0.090 -0.014
 4.404 -11.546 135.032   0.028  0.140 -0.964  -0.426 -0.520  0.805  -0.076  0.078 -0.025
 4.358 -11.473 134.920   0.036  0.120 -0.972  -0.419 -0.520  0.812  -0.079  0.075 -0.030
 4.322 -11.403 134.824   0.036  0.128 -0.972  -0.419 -0.520  0.812  -0.066  0.073 -0.038
 4.297 -11.316 134.723   0.032  0.128 -0.980  -0.419 -0.520  0.812  -0.062  0.064 -0.053
 4.288 -11.231 134.649   0.032  0.136 -0.976  -0.419 -0.520  0.812  -0.052  0.058 -0.053
 4.278 -11.146 134.581   0.032  0.136 -0.976  -0.426 -0.526  0.810  -0.048  0.057 -0.056
 4.223 -11.040 134.464   0.036  0.124 -0.988  -0.426 -0.526  0.810  -0.036  0.057 -0.059
 4.197 -10.955 134.370   0.036  0.136 -0.988  -0.426 -0.526  0.810  -0.036  0.054 -0.071
 4.153 -10.886 134.240   0.048  0.140 -0.984  -0.426 -0.529  0.803  -0.026  0.046 -0.080
 4.123 -10.795 134.136   0.040  0.140 -0.988  -0.426 -0.529  0.803  -0.018  0.042 -0.079
 4.103 -10.687 134.040   0.032  0.136 -0.984  -0.426 -0.529  0.803  -0.016  0.041 -0.085
 4.042 -10.575 133.887   0.040  0.128 -0.984  -0.406 -0.512  0.808  -0.004  0.040 -0.089
 3.978 -10.480 133.746   0.048  0.136 -0.980  -0.406 -0.512  0.808   0.008  0.034 -0.085
 3.908 -10.374 133.585   0.044  0.128 -0.988  -0.406 -0.512  0.808   0.003  0.037 -0.096
 3.860 -10.278 133.457   0.040  0.132 -0.980  -0.406 -0.512  0.808  -0.000  0.040 -0.093
 3.827 -10.178 133.346   0.036  0.136 -0.984  -0.406 -0.514  0.816   0.004  0.037 -0.096
 3.768 -10.058 133.203   0.036  0.128 -0.976  -0.406 -0.514  0.816   0.022  0.037 -0.108
 3.719 -9.928 133.095   0.028  0.128 -0.988  -0.406 -0.514  0.816   0.024  0.042 -0.098
 3.683 -9.812 132.985   0.028  0.132 -0.980  -0.403 -0.517  0.808   0.022  0.040 -0.100
 3.629 -9.707 132.859   0.032  0.128 -0.992  -0.403 -0.517  0.808   0.017  0.046 -0.096
 3.606 -9.625 132.771   0.032  0.140 -0.980  -0.403 -0.517  0.808   0.017  0.042 -0.100
 3.593 -9.543 132.712   0.028  0.140 -0.976  -0.388 -0.497  0.810   0.015  0.046 -0.097
 3.550 -9.457 132.615   0.036  0.132 -0.988  -0.388 -0.497  0.810   0.017  0.040 -0.091
 3.488 -9.384 132.492   0.040  0.128 -0.984  -0.388 -0.497  0.810   0.014  0.047 -0.098
 3.446 -9.295 132.408   0.032  0.128 -0.980  -0.388 -0.497  0.810   0.019  0.043 -0.089
 3.405 -9.231 132.328   0.040  0.132 -0.984  -0.395 -0.500  0.820   0.013  0.042 -0.095
 3.388 -9.150 132.287   0.028  0.132 -0.988  -0.395 -0.500  0.820   0.012  0.045 -0.092
 3.383 -9.083 132.272   0.028  0.140 -0.980  -0.395 -0.500  0.820   0.018  0.046 -0.091
 3.349 -9.014 132.175   0.032  0.132 -0.972  -0.388 -0.509  0.820   0.020  0.043 -0.092
 3.320 -8.959 132.093   0.032  0.136 -0.976  -0.388 -0.509  0.820   0.019  0.049 -0.091
 3.298 -8.909 132.018   0.032  0.136 -0.972  -0.388 -0.509  0.820   0.014  0.047 -0.090
 3.258 -8.838 131.924   0.032  0.128 -0.980  -0.364 -0.483  0.823   0.022  0.043 -0.089
 3.230 -8.789 131.845   0.036  0.132 -0.972  -0.364 -0.483  0.823   0.013  0.040 -0.081
 3.214 -8.758 131.789   0.036  0.140 -0.972  -0.364 -0.483  0.823   0.012  0.045 -0.082
 3.199 -8.720 131.739   0.032  0.136 -0.968  -0.364 -0.483  0.823   0.012  0.048 -0.082
