-0.000  0.000 -0.000   0.008  0.068 -0.972  -0.382 -0.275  0.897   0.022 -0.024  0.013
-0.002 -0.069  1.249   0.016  0.052 -0.972  -0.377 -0.277  0.898   0.015 -0.034  0.023
-0.009 -0.118  2.526   0.016  0.056 -0.980  -0.377 -0.277  0.898   0.010 -0.015  0.022
-0.028 -0.156  3.786   0.008  0.064 -0.980  -0.377 -0.277  0.898  -0.005  0.002  0.009
-0.050 -0.201  5.070   0.016  0.072 -0.984  -0.382 -0.277  0.895  -0.002  0.000  0.013
-0.105 -0.216  6.368   0.016  0.068 -0.984  -0.382 -0.277  0.895  -0.029  0.028 -0.024
-0.162 -0.215  7.663   0.012  0.068 -0.976  -0.382 -0.277  0.895  -0.032  0.046 -0.054
-0.180 -0.186  8.995   0.012  0.068 -0.984  -0.382 -0.277  0.895   0.008  0.068 -0.060
-0.214 -0.186 10.460   0.020  0.064 -0.992  -0.375 -0.277  0.902  -0.003  0.044 -0.020
-0.243 -0.240 11.954   0.012  0.068 -0.988  -0.375 -0.277  0.902  -0.012  0.002 -0.006
-0.240 -0.301 13.452   0.008  0.076 -0.992  -0.375 -0.277  0.902   0.012 -0.001 -0.015
-0.226 -0.367 15.036   0.000  0.060 -1.000  -0.382 -0.283  0.897   0.010 -0.015 -0.015
-0.214 -0.447 16.723  -0.004  0.052 -0.996  -0.382 -0.283  0.897  -0.001 -0.028  0.023
-0.154 -0.561 18.532   0.000  0.064 -0.988  -0.382 -0.283  0.897   0.033 -0.056  0.037
-0.067 -0.687 20.379  -0.004  0.076 -0.988  -0.382 -0.283  0.891   0.047 -0.063  0.061
 0.004 -0.826 22.238  -0.004  0.076 -0.992  -0.382 -0.283  0.891   0.027 -0.070  0.026
 0.032 -0.963 24.213   0.008  0.072 -0.984  -0.382 -0.283  0.891  -0.001 -0.060  0.059
 0.062 -1.062 26.142   0.000  0.064 -0.972  -0.357 -0.272  0.902  -0.001 -0.037  0.047
 0.079 -1.093 28.143   0.000  0.068 -0.968  -0.357 -0.272  0.902   0.015  0.027 -0.002
 0.047 -1.101 30.177   0.004  0.064 -0.976  -0.357 -0.272  0.902  -0.010  0.060 -0.025
 0.051 -1.111 32.179  -0.004  0.080 -0.988  -0.357 -0.272  0.902   0.015  0.061 -0.048
 0.058 -1.157 34.185   0.000  0.072 -0.992  -0.377 -0.280  0.904   0.001  0.027 -0.010
 0.063 -1.245 36.383   0.000  0.072 -1.012  -0.377 -0.280  0.904  -0.021  0.001  0.031
 0.059 -1.379 38.504   0.008  0.064 -1.000  -0.377 -0.280  0.904  -0.051 -0.037  0.007
 0.085 -1.521 40.618   0.000  0.068 -0.984  -0.372 -0.277  0.891  -0.045 -0.045 -0.016
 0.136 -1.623 42.684  -0.016  0.080 -0.988  -0.372 -0.277  0.891  -0.019 -0.009 -0.058
 0.170 -1.722 44.799  -0.020  0.088 -0.972  -0.372 -0.277  0.891  -0.032  0.016 -0.024
 0.248 -1.787 46.997  -0.012  0.092 -0.964  -0.367 -0.298  0.904   0.027  0.013 -0.003
 0.330 -1.791 49.186  -0.008  0.076 -0.964  -0.367 -0.298  0.904   0.060  0.028 -0.047
 0.408 -1.752 51.358  -0.012  0.084 -0.972  -0.367 -0.298  0.904   0.087  0.064 -0.069
 0.489 -1.681 53.632  -0.008  0.068 -0.980  -0.367 -0.298  0.904   0.104  0.055 -0.003
 0.557 -1.633 55.976  -0.004  0.064 -0.976  -0.370 -0.277  0.895   0.082  0.042  0.056
 0.542 -1.561 58.317   0.008  0.052 -0.980  -0.370 -0.277  0.895   0.064  0.084  0.045
 0.492 -1.509 60.585   0.016  0.048 -0.996  -0.370 -0.277  0.895   0.042  0.088 -0.017
 0.482 -1.445 62.797   0.016  0.040 -0.996  -0.375 -0.272  0.889   0.064  0.054 -0.065
 0.515 -1.428 65.028   0.020  0.044 -0.992  -0.375 -0.272  0.889   0.055  0.000 -0.043
 0.563 -1.481 67.345   0.040  0.056 -1.000  -0.375 -0.272  0.889   0.038 -0.050  0.042
 0.622 -1.520 69.644   0.040  0.044 -0.992  -0.380 -0.272  0.900   0.037 -0.068  0.045
 0.697 -1.572 71.921   0.028  0.056 -0.980  -0.380 -0.272  0.900   0.031 -0.057  0.026
 0.736 -1.627 74.147   0.024  0.060 -0.976  -0.380 -0.272  0.900   0.016 -0.020 -0.006
 0.751 -1.681 76.337   0.024  0.064 -0.984  -0.380 -0.272  0.900   0.014  0.005 -0.021
 0.765 -1.737 78.554   0.020  0.068 -0.980  -0.382 -0.280  0.893   0.012  0.016  0.025
 0.787 -1.774 80.712   0.028  0.056 -0.984  -0.382 -0.280  0.893   0.021 -0.011  0.019
 0.813 -1.840 82.833   0.032  0.048 -0.980  -0.382 -0.280  0.893  -0.012 -0.033  0.030
 0.804 -1.878 84.867   0.020  0.040 -0.988  -0.372 -0.275  0.895  -0.017  0.012 -0.010
 0.767 -1.914 86.833   0.016  0.052 -0.988  -0.372 -0.275  0.895  -0.003  0.056 -0.060
 0.775 -1.990 88.828   0.024  0.072 -0.984  -0.372 -0.275  0.895   0.001  0.026 -0.031
 0.809 -2.080 90.871   0.028  0.076 -0.988  -0.372 -0.263  0.904  -0.003  0.006  0.016
 0.825 -2.141 92.910   0.028  0.068 -0.984  -0.372 -0.263  0.904   0.008  0.015  0.063
 0.836 -2.183 94.861   0.016  0.064 -0.984  -0.372 -0.263  0.904   0.008  0.035  0.018
 0.884 -2.230 96.697   0.008  0.064 -0.992  -0.372 -0.263  0.904  -0.008  0.018 -0.054
 0.946 -2.270 98.435   0.004  0.056 -0.996  -0.385 -0.269  0.897  -0.022  0.005 -0.093
 1.011 -2.335 100.199   0.008  0.064 -0.976  -0.385 -0.269  0.897  -0.029  0.009 -0.049
 1.077 -2.311 101.953  -0.004  0.052 -0.976  -0.385 -0.269  0.897   0.015  0.004 -0.008
 1.151 -2.250 103.643  -0.012  0.052 -0.988  -0.382 -0.283  0.893   0.037 -0.001  0.009
 1.209 -2.209 105.283   0.000  0.056 -0.992  -0.382 -0.283  0.893   0.038 -0.005  0.014
 1.297 -2.179 106.936   0.004  0.056 -0.992  -0.382 -0.283  0.893   0.023 -0.038  0.072
 1.392 -2.125 108.603   0.000  0.056 -0.980  -0.382 -0.275  0.902   0.037 -0.044  0.091
 1.493 -2.046 110.176   0.000  0.056 -0.980  -0.382 -0.275  0.902   0.053 -0.060  0.053
 1.585 -1.977 111.627   0.000  0.056 -0.988  -0.382 -0.275  0.902   0.045 -0.055 -0.010
 1.662 -1.939 113.027   0.000  0.056 -0.988  -0.382 -0.275  0.902   0.022 -0.037 -0.015
 1.757 -1.938 114.409   0.000  0.068 -0.984  -0.380 -0.280  0.897   0.008 -0.033 -0.004
 1.770 -1.926 115.755   0.008  0.068 -0.984  -0.380 -0.280  0.897   0.048  0.010  0.019
 1.809 -1.931 117.116   0.004  0.080 -0.988  -0.380 -0.280  0.897   0.043  0.012  0.028
 1.843 -1.953 118.358   0.008  0.068 -0.988  -0.377 -0.266  0.897   0.011  0.009 -0.037
 1.868 -1.963 119.521   0.004  0.064 -0.984  -0.377 -0.266  0.897   0.014  0.015 -0.065
 1.859 -1.927 120.601   0.000  0.048 -0.980  -0.377 -0.266  0.897   0.031  0.017 -0.059
 1.867 -1.885 121.638   0.000  0.056 -0.980  -0.372 -0.275  0.902   0.044  0.004 -0.049
 1.898 -1.863 122.700  -0.004  0.056 -0.988  -0.372 -0.275  0.902   0.017  0.001 -0.003
 1.883 -1.830 123.712   0.004  0.044 -0.984  -0.372 -0.275  0.902   0.027  0.006  0.041
 1.861 -1.829 124.724   0.012  0.048 -0.992  -0.372 -0.275  0.902   0.020  0.011  0.078
 1.811 -1.851 125.654   0.028  0.044 -1.004  -0.380 -0.269  0.895   0.015  0.011  0.048
 1.814 -1.865 126.558   0.028  0.056 -0.988  -0.380 -0.269  0.895   0.020 -0.023  0.013
 1.838 -1.898 127.360   0.032  0.052 -0.976  -0.380 -0.269  0.895  -0.010 -0.039 -0.027
 1.883 -1.914 128.171   0.020  0.056 -0.996  -0.380 -0.263  0.893  -0.010 -0.033 -0.052
 1.859 -1.904 128.935   0.012  0.044 -0.984  -0.380 -0.263  0.893   0.019  0.010 -0.041
 1.823 -1.901 129.736   0.004  0.048 -0.980  -0.380 -0.263  0.893   0.027  0.040 -0.013
 1.814 -1.862 130.531   0.000  0.056 -0.984  -0.377 -0.269  0.904   0.052  0.013 -0.002
 1.830 -1.819 131.303   0.000  0.048 -0.988  -0.377 -0.269  0.904   0.025 -0.011  0.031
 1.882 -1.757 132.075   0.000  0.048 -0.988  -0.377 -0.269  0.904   0.016 -0.046  0.056
 1.950 -1.697 132.848   0.004  0.056 -0.984  -0.377 -0.269  0.904   0.022 -0.063  0.062
 2.017 -1.643 133.519   0.012  0.048 -0.980  -0.377 -0.260  0.895   0.005 -0.082  0.011
 2.069 -1.618 134.111   0.012  0.044 -0.976  -0.377 -0.260  0.895  -0.014 -0.059 -0.022
 2.109 -1.614 134.771   0.000  0.056 -0.972  -0.377 -0.260  0.895   0.000 -0.010 -0.010
 2.122 -1.580 135.454  -0.004  0.060 -0.992  -0.375 -0.260  0.900   0.038 -0.004  0.019
 2.135 -1.548 136.054   0.004  0.048 -1.004  -0.375 -0.260  0.900   0.015 -0.024  0.030
 2.199 -1.544 136.575   0.008  0.048 -1.000  -0.375 -0.260  0.900  -0.033 -0.048 -0.013
 2.258 -1.524 137.060   0.000  0.052 -0.996  -0.370 -0.260  0.908  -0.016 -0.039 -0.047
 2.336 -1.528 137.621  -0.012  0.064 -0.988  -0.370 -0.260  0.908  -0.023 -0.005 -0.033
 2.350 -1.575 138.130   0.000  0.064 -0.984  -0.370 -0.260  0.908  -0.005  0.034 -0.036
 2.350 -1.594 138.651  -0.008  0.064 -0.988  -0.370 -0.260  0.908   0.016  0.042 -0.024
 2.352 -1.613 139.061  -0.012  0.060 -0.984  -0.370 -0.277  0.897   0.008  0.044 -0.025
 2.374 -1.648 139.430  -0.004  0.056 -0.984  -0.370 -0.277  0.897  -0.022  0.026 -0.017
 2.380 -1.628 139.802  -0.004  0.052 -0.984  -0.370 -0.277  0.897   0.011 -0.002  0.013
 2.416 -1.605 140.263   0.004  0.060 -0.984  -0.375 -0.263  0.895   0.010 -0.033  0.022
 2.512 -1.589 140.795  -0.004  0.068 -0.988  -0.375 -0.263  0.895  -0.021 -0.043  0.053
 2.564 -1.602 141.260   0.000  0.060 -0.988  -0.375 -0.263  0.895  -0.025 -0.012  0.052
 2.566 -1.636 141.586   0.000  0.056 -0.980  -0.372 -0.272  0.904  -0.012  0.026 -0.002
 2.669 -1.695 141.883   0.004  0.060 -0.980  -0.372 -0.272  0.904  -0.085 -0.018 -0.025
 2.819 -1.711 142.130   0.004  0.052 -0.972  -0.372 -0.272  0.904  -0.115 -0.076 -0.031
 3.011 -1.698 142.431   0.000  0.064 -0.956  -0.372 -0.272  0.904  -0.107 -0.106 -0.035
 3.140 -1.647 142.621  -0.016  0.064 -0.944  -0.362 -0.286  0.897  -0.050 -0.072 -0.072
 3.143 -1.571 142.750  -0.020  0.048 -0.908  -0.362 -0.286  0.897   0.019 -0.021 -0.075
 3.167 -1.456 142.956  -0.016  0.068 -0.832  -0.362 -0.286  0.897   0.082 -0.057 -0.099
 3.028 -1.091 142.988  -0.020  0.048 -0.692  -0.354 -0.283  0.898   0.303 -0.134 -0.209
 2.804 -0.553 142.797   0.012  0.044 -0.500  -0.354 -0.283  0.898   0.508 -0.324 -0.361
 2.489  0.470 142.034   0.004  0.008 -0.316  -0.354 -0.283  0.898   0.723 -0.608 -0.666
 2.903  2.945 141.569  -0.128  0.072 -0.220  -0.305 -0.234  0.917   1.173 -0.921 -1.523
 2.798  6.115 140.959  -0.092  0.088 -0.104  -0.305 -0.234  0.917   2.132 -0.848 -1.911
 2.026  9.999 140.632  -0.056  0.068 -0.040  -0.305 -0.234  0.917   3.109 -0.832 -1.754
 0.986 14.032 140.418  -0.024  0.056 -0.004  -0.305 -0.234  0.917   3.552 -0.871 -1.609
-0.597 18.493 140.272  -0.016  0.044  0.016  -0.225  0.003  0.919   4.021 -0.955 -1.418
-2.699 22.964 140.538  -0.008  0.040  0.024  -0.225  0.003  0.919   4.354 -0.942 -1.149
-5.235 27.702 141.248  -0.012  0.028  0.028  -0.225  0.003  0.919   4.649 -0.905 -0.950
-9.716 32.742 142.786  -0.012  0.016  0.044  -0.160  0.416  0.870   4.784 -0.866 -0.810
-15.111 37.687 145.273  -0.008  0.012  0.036  -0.160  0.416  0.870   4.934 -0.809 -0.686
-21.228 43.112 149.305  -0.020  0.008  0.032  -0.160  0.416  0.870   5.032 -0.663 -0.588
-29.760 47.964 155.011  -0.016 -0.004  0.048  -0.129  0.818  0.716   5.045 -0.574 -0.549
-40.117 52.318 162.316  -0.008 -0.016  0.040  -0.129  0.818  0.716   5.000 -0.607 -0.542
-51.662 55.723 170.814  -0.012 -0.040  0.028  -0.129  0.818  0.716   4.890 -0.683 -0.535
-62.079 57.361 178.556  -0.036 -0.132 -0.016  -0.129  0.818  0.716   4.670 -0.810 -0.539
-72.122 57.800 -173.602  -0.048 -0.116 -0.004  -0.140  1.066  0.539   4.056 -0.949 -0.639
-80.468 57.777 -167.426  -0.044 -0.152 -0.016  -0.140  1.066  0.539   3.563 -1.020 -0.648
-88.217 58.272 -161.824  -0.044 -0.152  0.012  -0.140  1.066  0.539   2.993 -1.370 -0.696
-91.866 59.658 -159.827  -0.068 -0.160  0.012  -0.132  1.176  0.408   0.764 -2.222 -1.082
-79.493 61.918 -172.167  -0.120 -1.220 -0.448  -0.132  1.176  0.408  -5.438 -2.439 -1.306
-44.979 60.772 154.759  -0.048 -1.696  0.524  -0.132  1.176  0.408  -14.999 -0.606 -1.795
-14.484 38.802 127.548  -0.448 -2.032  0.748  -0.222  0.075  0.816  -25.579  3.790 -2.852
-1.504  2.630 118.665  -0.376 -1.976  0.868  -0.222  0.075  0.816  -33.461  8.459 -3.523
 2.604 -30.019 116.131  -0.240  0.028  1.004  -0.222  0.075  0.816  -27.744 10.259 -3.104
-0.022 -49.913 113.976   0.244  1.712  0.480  -0.222  0.075  0.816  -14.882  9.674 -0.648
-9.255 -55.476 109.409   0.792  2.688 -0.096  -0.571 -1.373  0.064  -2.699  6.337  2.437
-17.378 -47.860 108.195   1.460  3.032 -0.348  -0.571 -1.373  0.064   7.719  2.032  4.520
-24.896 -30.730 109.047   1.772  3.336 -0.468  -0.571 -1.373  0.064  15.921  0.064  4.953
-28.937 -7.388 109.559   2.332  2.696 -0.404  -0.757 -0.983  0.412  20.622 -3.615  1.623
-26.952 15.318 107.316   2.692  1.612 -1.208  -0.757 -0.983  0.412  18.494 -8.023 -1.835
-25.606 23.960 100.165   1.780 -0.252 -2.592  -0.757 -0.983  0.412   7.087 -2.877 -5.851
-23.436 24.088 91.184   1.496 -0.828 -2.892  -0.757 -0.538  0.761  -0.060 -1.737 -7.078
-20.550 17.190 82.449   1.488 -0.784 -2.944  -0.375 -0.538  0.761  -5.900 -2.699 -6.743
-16.532  8.322 75.065   1.292 -0.216 -2.836  -0.375 -0.538  0.761  -6.948 -4.884 -5.673
-12.965  2.022 70.205   0.684  0.552 -2.740  -0.375 -0.538  0.761  -4.328 -4.611 -3.962
-9.813  1.245 66.504   0.288  0.992 -2.540   0.096 -1.026  0.679   0.384 -2.807 -3.152
-6.438  5.069 64.478   0.108  1.056 -2.360   0.096 -1.026  0.679   4.259 -1.294 -1.606
-3.549 10.753 62.861   0.052  0.796 -2.184   0.096 -1.026  0.679   5.559 -0.039 -1.063
-1.680 16.412 61.332  -0.072  0.436 -2.000   0.189 -0.691  0.801   5.111  0.910 -0.951
-2.030 19.808 61.071  -0.044  0.132 -1.856   0.189 -0.691  0.801   3.085  2.004 -0.788
-4.792 20.476 61.578   0.044 -0.132 -1.692   0.189 -0.691  0.801  -0.118  2.517 -0.856
-9.250 18.284 62.618   0.096 -0.184 -1.396   0.189 -0.691  0.801  -3.064  2.611 -0.810
-13.613 14.724 63.924   0.188 -0.076 -1.132  -0.003 -0.653  0.816  -4.008  2.026 -0.543
-16.707 10.810 64.385   0.176  0.116 -0.828  -0.003 -0.653  0.816  -3.637  1.117 -0.451
-18.371  8.107 63.521   0.136  0.236 -0.576  -0.003 -0.653  0.816  -2.002  0.447 -0.665
-19.479  5.893 63.542   0.048  0.152 -0.308  -0.080 -0.936  0.752  -1.200  0.530 -0.627
-19.822  4.193 64.347  -0.048  0.012 -0.096  -0.080 -0.936  0.752  -1.473  0.878 -0.744
-20.882  2.075 64.854  -0.032  0.024 -0.020  -0.080 -0.936  0.752  -2.077  1.280 -0.771
-22.881  0.100 64.043  -0.016  0.000  0.020  -0.145 -1.116  0.705  -2.482  1.321 -0.804
-26.178 -2.005 63.143  -0.004 -0.008  0.052  -0.145 -1.116  0.705  -2.816  1.219 -0.804
-30.272 -3.929 62.461   0.024 -0.012  0.044  -0.145 -1.116  0.705  -3.176  0.925 -0.797
-34.173 -6.456 61.662   0.036 -0.024  0.056  -0.145 -1.116  0.705  -3.691  0.424 -0.963
-37.876 -9.719 60.459   0.032 -0.028  0.056  -0.152 -1.350  0.575  -4.052 -0.043 -1.271
-41.479 -13.122 58.761   0.036 -0.028  0.048  -0.152 -1.350  0.575  -4.244 -0.365 -1.706
-45.111 -16.963 56.187   0.024 -0.012  0.052  -0.152 -1.350  0.575  -4.425 -0.707 -2.059
-48.792 -21.059 52.549   0.004 -0.004  0.052  -0.018 -1.587  0.382  -4.403 -0.816 -2.524
-52.858 -24.667 47.799   0.000  0.012  0.048  -0.018 -1.587  0.382  -4.277 -0.777 -3.022
-57.353 -27.785 42.572   0.008  0.008  0.056  -0.018 -1.587  0.382  -4.150 -0.795 -3.303
-61.261 -31.204 36.761  -0.024 -0.012  0.040   0.253 -1.682  0.175  -3.969 -0.795 -3.553
-64.975 -34.384 30.372  -0.044 -0.004  0.032   0.253 -1.682  0.175  -3.862 -0.715 -3.796
-68.563 -37.284 23.617  -0.076  0.000  0.016   0.253 -1.682  0.175  -3.847 -0.437 -3.938
-72.789 -39.499 16.373  -0.088  0.016  0.016   0.253 -1.682  0.175  -3.815 -0.110 -3.915
-77.112 -41.097  9.043  -0.068  0.020  0.004   0.581 -1.569 -0.034  -3.724  0.275 -3.769
-81.268 -41.991  2.140  -0.064  0.024  0.004   0.581 -1.569 -0.034  -3.400  0.477 -3.427
-85.155 -42.696 -4.285  -0.064  0.040 -0.004   0.581 -1.569 -0.034  -3.222  0.589 -3.134
-88.562 -43.495 -10.478  -0.056  0.056 -0.012   0.835 -1.338 -0.167  -3.006  0.737 -2.934
-91.897 -41.846 -15.819  -0.048  0.144 -0.020   0.835 -1.338 -0.167  -2.641  0.900 -2.450
-93.495 -40.762 -18.477  -0.680  0.268  2.868   0.835 -1.338 -0.167  -1.280  0.595 -1.399
-91.764 -38.601 -16.041  -0.252  0.816  1.576   0.964 -1.202 -0.182   1.574  0.955  0.271
-83.167 -37.750 -8.145  -0.364  0.836  0.048   0.964 -1.202 -0.182   5.938  1.210  2.503
-65.861 -35.759  7.380  -0.248  0.620 -0.752   0.964 -1.202 -0.182  10.671  2.286  4.287
-46.641 -28.512 23.326  -0.284  1.132 -0.260   0.964 -1.202 -0.182  15.728  2.296  5.169
-27.484 -12.719 35.899  -0.544  1.156 -0.012   0.729 -1.384  0.305  21.335  2.849  5.662
-6.947 10.299 43.514  -0.516 -0.068  0.228   0.729 -1.384  0.305  26.596  4.689  6.108
 6.811 31.782 44.256  -0.268 -1.368 -0.364   0.729 -1.384  0.305  19.589  6.365  4.856
 6.474 42.795 47.974   0.128 -1.712 -0.912   0.168 -0.032  0.863   5.872  6.574  2.190
-4.113 44.329 55.299   0.452 -1.812 -1.108   0.168 -0.032  0.863  -3.112  6.083  0.016
-20.088 34.799 63.160   0.732 -1.392 -1.088   0.168 -0.032  0.863  -13.184  5.141 -2.212
-34.324 18.707 66.393   0.732 -0.352 -0.940  -0.245 -0.806  0.744  -17.036  3.828 -3.430
-43.061  5.268 66.348   0.980 -0.352 -0.940  -0.245 -0.806  0.744  -13.953  1.869 -2.170
-47.449 -2.637 64.707   1.268  0.844 -0.900  -0.245 -0.806  0.744  -8.170 -0.085 -0.567
-44.484 -2.927 66.344   1.392  1.568 -0.968  -0.245 -0.806  0.744   0.841 -2.458  1.303
-36.653  4.273 69.872   1.372  1.800 -1.116  -0.220 -1.263  0.500   8.400 -4.019  3.160
-27.067 14.391 71.556   1.320  1.388 -1.208  -0.220 -1.263  0.500  11.102 -4.917  2.835
-17.701 22.755 70.855   1.132  0.696 -1.404  -0.220 -1.263  0.500  10.389 -5.224  2.069
-10.336 26.410 67.537   0.860 -0.076 -1.672  -0.003 -0.564  0.810   5.345 -4.388  0.149
-8.116 23.028 64.872   0.576 -0.704 -1.916  -0.003 -0.564  0.810  -1.991 -2.803 -1.515
-9.847 15.510 62.920   0.360 -0.832 -1.988  -0.003 -0.564  0.810  -6.530 -1.608 -2.203
-14.579  6.584 61.313   0.184 -0.440 -2.004   0.204 -0.884  0.750  -8.804 -0.055 -2.197
-19.127  0.693 59.852   0.052  0.260 -1.900   0.204 -0.884  0.750  -6.146  1.451 -1.939
-21.782  1.425 58.496   0.064  0.872 -1.812   0.204 -0.884  0.750  -0.639  2.318 -1.226
-21.964  5.338 57.310   0.164  1.088 -1.668   0.204 -0.884  0.750   3.505  2.303 -0.612
-19.397 12.200 56.792   0.264  0.956 -1.512   0.134 -0.974  0.722   7.059  1.817  0.009
-16.178 18.948 56.416   0.280  0.544 -1.364   0.134 -0.974  0.722   7.191  1.432  0.238
-14.692 22.923 56.477   0.264  0.072 -1.268   0.134 -0.974  0.722   4.075  1.298 -0.064
-15.360 24.149 57.093   0.252 -0.248 -1.188   0.000 -0.526  0.838   0.813  1.320 -0.479
-18.328 22.378 58.169   0.248 -0.252 -1.096   0.000 -0.526  0.838  -2.374  1.475 -0.847
-22.023 19.918 58.849   0.224 -0.072 -0.976   0.000 -0.526  0.838  -3.047  1.864 -1.148
-25.568 18.006 59.127   0.192  0.156 -0.848  -0.129 -0.740  0.812  -2.148  2.211 -1.540
-28.155 18.021 58.945   0.196  0.276 -0.708  -0.129 -0.740  0.812  -0.164  2.464 -1.253
-29.772 19.611 58.102   0.156  0.276 -0.520  -0.129 -0.740  0.812   1.467  2.501 -1.260
-30.866 21.663 56.731   0.096  0.180 -0.308  -0.129 -0.740  0.812   2.018  2.382 -1.455
-31.932 23.126 56.413   0.036  0.080 -0.124  -0.292 -0.697  0.801   1.931  2.343 -1.678
-33.478 25.257 53.897   0.028  0.036 -0.048  -0.292 -0.697  0.801   1.518  2.249 -1.899
-35.291 28.618 50.463   0.016  0.024 -0.012  -0.292 -0.697  0.801   1.194  1.993 -1.994
-38.125 32.152 49.638   0.024  0.000  0.020  -0.416 -0.647  0.791   0.831  1.631 -2.060
-40.868 35.207 49.019   0.036 -0.004  0.024  -0.416 -0.647  0.791   0.574  1.331 -2.130
-43.384 37.539 48.272   0.032 -0.004  0.016  -0.416 -0.647  0.791   0.251  0.882 -2.300
-46.254 39.364 47.352   0.024  0.000  0.024  -0.426 -0.699  0.778  -0.049  0.561 -2.548
-49.408 40.704 46.618   0.008 -0.004  0.020  -0.426 -0.699  0.778  -0.341  0.441 -2.793
-51.052 40.728 44.153  -0.032  0.000  0.020  -0.426 -0.699  0.778  -0.607  0.546 -2.902
-52.814 40.654 42.059  -0.012 -0.004  0.008  -0.426 -0.699  0.778  -0.843  0.689 -2.777
-53.097 42.643 38.271   0.084  0.240 -0.116  -0.346 -0.841  0.756   0.221  0.564 -1.855
-47.841 46.955 31.978   0.148  0.476 -0.248  -0.346 -0.841  0.756   4.015  0.281 -0.681
-37.145 50.085 22.601   0.260  0.472 -0.360  -0.346 -0.841  0.756   6.694 -0.172 -0.054
-25.879 50.579 15.561   0.240  0.100 -0.540  -0.336 -0.471  0.831   6.996 -0.546  0.058
-19.689 50.193 12.018   0.244 -0.128 -0.708  -0.336 -0.471  0.831   4.031 -0.490 -0.652
-17.679 49.357 11.420   0.312 -0.240 -0.836  -0.336 -0.471  0.831   1.709 -0.463 -0.973
-21.046 47.778 14.278   0.308 -0.356 -0.956  -0.282 -0.292  0.852  -1.567 -0.487 -1.558
-28.611 45.411 19.500   0.316 -0.228 -1.044  -0.282 -0.292  0.852  -4.242 -0.082 -2.026
-35.715 42.841 24.320   0.288  0.124 -1.124  -0.282 -0.292  0.852  -4.126  0.396 -1.653
-38.033 43.457 22.848   0.344  0.512 -1.172  -0.282 -0.292  0.852  -2.049  0.742 -1.244
-36.493 42.801 22.028   0.448  0.592 -1.264  -0.264 -0.578  0.808   1.619  0.396 -0.975
-31.804 42.168 19.529   0.512  0.380 -1.336  -0.264 -0.578  0.808   3.461 -0.432 -0.774
-27.689 41.032 17.723   0.492  0.168 -1.460  -0.264 -0.578  0.808   2.989 -0.837 -0.764
-24.622 39.753 16.841   0.468  0.092 -1.548  -0.214 -0.338  0.838   2.284 -0.759 -0.641
-22.940 38.254 17.175   0.520  0.028 -1.596  -0.214 -0.338  0.838   1.327 -0.705 -0.476
-22.905 36.123 18.320   0.536 -0.016 -1.656  -0.214 -0.338  0.838   0.094 -1.052 -0.648
-24.246 33.279 19.729   0.500  0.016 -1.680  -0.145 -0.321  0.844  -1.201 -1.252 -0.980
-25.882 30.450 21.049   0.428  0.176 -1.696  -0.145 -0.321  0.844  -1.351 -0.927 -1.124
-26.483 28.299 21.518   0.416  0.324 -1.668  -0.145 -0.321  0.844  -0.583 -0.647 -1.172
-25.518 26.815 21.147   0.416  0.348 -1.632  -0.145 -0.321  0.844   0.692 -0.568 -1.174
-23.631 25.800 20.362   0.372  0.300 -1.612  -0.052 -0.387  0.844   1.420 -0.474 -1.116
-21.607 25.311 19.854   0.324  0.252 -1.568  -0.052 -0.387  0.844   1.728 -0.104 -0.995
-19.696 25.250 19.600   0.340  0.196 -1.492  -0.052 -0.387  0.844   1.778  0.189 -0.836
-18.071 25.482 19.188   0.388  0.104 -1.424  -0.052 -0.263  0.861   1.472  0.362 -0.762
-17.401 25.446 19.291   0.392  0.056 -1.344  -0.052 -0.263  0.861   0.701  0.325 -0.720
-17.345 25.238 19.968   0.376  0.084 -1.268  -0.052 -0.263  0.861   0.215  0.331 -0.340
-17.353 25.143 20.182   0.404  0.128 -1.148  -0.083 -0.240  0.865   0.146  0.334 -0.388
-16.769 25.122 20.066   0.400  0.160 -1.064  -0.083 -0.240  0.865   0.565  0.167 -0.185
-15.638 24.937 19.830   0.396  0.132 -0.968  -0.083 -0.240  0.865   0.920 -0.180 -0.098
-14.332 24.502 19.638   0.360  0.112 -0.904  -0.083 -0.240  0.865   1.024 -0.425 -0.079
-12.713 23.976 18.868   0.320  0.112 -0.812  -0.062 -0.191  0.868   1.117 -0.645 -0.063
-10.910 23.477 17.997   0.304  0.112 -0.744  -0.062 -0.191  0.868   1.309 -0.723 -0.021
-8.939 22.736 17.430   0.260  0.080 -0.656  -0.062 -0.191  0.868   1.459 -0.950  0.108
-6.894 22.199 16.096   0.260  0.052 -0.580  -0.008 -0.081  0.880   1.337 -0.947 -0.015
-5.225 21.421 14.682   0.220  0.052 -0.580  -0.008 -0.081  0.880   1.092 -0.952 -0.233
-3.640 20.580 13.125   0.188  0.052 -0.508  -0.008 -0.081  0.880   1.094 -0.985 -0.362
-1.789 19.839 10.768   0.152  0.064 -0.444   0.080  0.020  0.882   1.257 -0.946 -0.412
 0.083 19.084  8.226   0.128  0.072 -0.388   0.080  0.020  0.882   1.397 -0.935 -0.484
 1.921 18.263  5.808   0.128  0.056 -0.368   0.080  0.020  0.882   1.454 -0.950 -0.597
 3.614 17.283  3.574   0.136  0.044 -0.380   0.080  0.020  0.882   1.411 -1.041 -0.698
 5.345 16.154  0.933   0.152  0.060 -0.424   0.160  0.136  0.861   1.454 -1.153 -0.764
 6.945 14.922 -1.566   0.168  0.060 -0.472   0.160  0.136  0.861   1.452 -1.192 -0.795
 8.113 13.654 -3.840   0.180  0.048 -0.532   0.160  0.136  0.861   1.171 -1.167 -0.862
 8.849 12.387 -6.231   0.196  0.028 -0.592   0.225  0.249  0.848   0.745 -1.097 -0.903
 9.072 11.285 -8.334   0.188  0.028 -0.672   0.225  0.249  0.848   0.406 -0.969 -0.873
 9.080 10.356 -10.246   0.196  0.044 -0.728   0.225  0.249  0.848   0.276 -0.855 -0.751
 9.021  9.672 -12.008   0.212  0.068 -0.808   0.282  0.292  0.831   0.245 -0.672 -0.616
 9.030  9.268 -13.535   0.228  0.088 -0.880   0.282  0.292  0.831   0.295 -0.439 -0.422
 9.160  9.110 -14.865   0.236  0.100 -0.948   0.282  0.292  0.831   0.369 -0.195 -0.258
 9.385  9.117 -16.075   0.244  0.116 -0.996   0.282  0.292  0.831   0.434 -0.028 -0.154
 9.732  9.297 -17.197   0.252  0.108 -1.060   0.287  0.312  0.814   0.468  0.175 -0.076
10.078  9.673 -18.184   0.296  0.104 -1.128   0.287  0.312  0.814   0.405  0.313 -0.039
10.395 10.172 -19.092   0.324  0.092 -1.180   0.287  0.312  0.814   0.319  0.386 -0.009
10.730 10.660 -20.142   0.364  0.100 -1.228   0.245  0.344  0.814   0.292  0.369 -0.021
11.071 11.061 -21.193   0.412  0.104 -1.276   0.245  0.344  0.814   0.322  0.301 -0.124
11.368 11.315 -22.314   0.444  0.096 -1.304   0.245  0.344  0.814   0.322  0.159 -0.257
11.512 11.421 -23.704   0.456  0.080 -1.312   0.230  0.382  0.801   0.196  0.001 -0.468
11.480 11.437 -25.206   0.472  0.088 -1.328   0.230  0.382  0.801   0.099 -0.139 -0.639
11.468 11.377 -26.758   0.468  0.096 -1.336   0.230  0.382  0.801   0.150 -0.183 -0.714
11.513 11.270 -28.294   0.460  0.100 -1.332   0.230  0.382  0.801   0.221 -0.188 -0.730
11.518 11.199 -29.763   0.436  0.096 -1.320   0.214  0.387  0.803   0.165 -0.149 -0.674
11.416 11.215 -31.096   0.408  0.100 -1.284   0.214  0.387  0.803   0.056 -0.107 -0.597
11.227 11.305 -32.309   0.384  0.100 -1.260   0.214  0.387  0.803  -0.041 -0.071 -0.531
10.961 11.458 -33.417   0.360  0.100 -1.208   0.204  0.408  0.805  -0.148 -0.054 -0.417
10.574 11.785 -34.344   0.340  0.092 -1.164   0.204  0.408  0.805  -0.335  0.021 -0.318
10.123 12.257 -35.156   0.308  0.092 -1.104   0.204  0.408  0.805  -0.464  0.110 -0.237
 9.686 12.890 -35.740   0.284  0.096 -1.060   0.196  0.379  0.808  -0.539  0.246 -0.082
 9.330 13.661 -36.132   0.268  0.088 -1.008   0.196  0.379  0.808  -0.585  0.391  0.072
 8.971 14.588 -36.374   0.248  0.076 -0.968   0.196  0.379  0.808  -0.711  0.528  0.182
 8.578 15.638 -36.466   0.232  0.060 -0.908   0.196  0.379  0.808  -0.846  0.615  0.265
 8.096 16.875 -36.264   0.228  0.056 -0.844   0.171  0.312  0.829  -0.999  0.703  0.354
 7.561 18.185 -35.920   0.220  0.052 -0.784   0.171  0.312  0.829  -1.103  0.739  0.438
 6.989 19.517 -35.478   0.216  0.048 -0.736   0.171  0.312  0.829  -1.171  0.748  0.483
 6.337 20.875 -34.812   0.216  0.048 -0.692   0.111  0.225  0.852  -1.218  0.743  0.505
 5.618 22.224 -34.112   0.212  0.052 -0.632   0.111  0.225  0.852  -1.266  0.705  0.510
 4.861 23.507 -33.471   0.208  0.068 -0.592   0.111  0.225  0.852  -1.253  0.645  0.508
 3.943 24.664 -32.445   0.196  0.060 -0.576   0.078  0.121  0.867  -1.241  0.584  0.490
 2.963 25.720 -31.357   0.200  0.052 -0.560   0.078  0.121  0.867  -1.264  0.506  0.459
 1.823 26.698 -30.166   0.204  0.040 -0.588   0.078  0.121  0.867  -1.330  0.437  0.397
 0.639 27.629 -29.025   0.220  0.048 -0.612   0.078  0.121  0.867  -1.361  0.406  0.367
-0.813 28.444 -27.236   0.224  0.048 -0.656   0.044  0.000  0.870  -1.383  0.384  0.345
-2.258 29.195 -25.587   0.236  0.068 -0.700   0.044  0.000  0.870  -1.394  0.390  0.370
-3.630 29.845 -23.982   0.248  0.076 -0.752   0.044  0.000  0.870  -1.349  0.392  0.413
-5.235 30.366 -21.563   0.252  0.092 -0.800   0.010 -0.118  0.882  -1.231  0.403  0.483
-6.634 30.726 -19.257   0.268  0.108 -0.868   0.010 -0.118  0.882  -1.081  0.398  0.574
-7.876 30.976 -16.965   0.296  0.108 -0.928   0.010 -0.118  0.882  -0.967  0.382  0.636
-9.363 31.093 -14.021   0.304  0.100 -0.984  -0.013 -0.185  0.870  -0.947  0.354  0.674
-10.748 31.148 -10.970   0.300  0.108 -1.040  -0.013 -0.185  0.870  -0.895  0.420  0.856
-12.025 31.414 -7.218   0.336  0.064 -1.096  -0.013 -0.185  0.870  -0.862  0.644  1.411
-13.509 31.511 -3.040   0.384  0.048 -1.156  -0.013 -0.185  0.870  -1.015  0.520  1.747
-15.593 31.169  1.875   0.404  0.060 -1.196  -0.070 -0.251  0.870  -1.274  0.255  1.898
-17.778 30.498  6.695   0.404  0.080 -1.232  -0.070 -0.251  0.870  -1.426  0.143  1.904
-19.864 29.620 11.088   0.396  0.104 -1.272  -0.070 -0.251  0.870  -1.452  0.133  1.717
-21.962 28.495 15.584   0.396  0.140 -1.308  -0.098 -0.347  0.859  -1.389  0.108  1.615
-23.575 27.248 19.692   0.380  0.164 -1.336  -0.098 -0.347  0.859  -1.136  0.077  1.584
-24.597 26.053 23.437   0.376  0.192 -1.360  -0.098 -0.347  0.859  -0.761  0.081  1.636
-25.240 24.941 27.307   0.352  0.192 -1.380  -0.109 -0.390  0.852  -0.443  0.123  1.787
-25.705 23.925 31.178   0.352  0.160 -1.368  -0.109 -0.390  0.852  -0.352  0.161  1.909
-26.218 22.812 35.335   0.344  0.136 -1.360  -0.109 -0.390  0.852  -0.445  0.180  2.030
-26.821 21.693 39.349   0.336  0.112 -1.336  -0.109 -0.390  0.852  -0.609  0.237  2.117
-27.642 20.400 43.766   0.340  0.100 -1.296  -0.155 -0.416  0.850  -0.755  0.303  2.169
-28.419 19.076 48.040   0.336  0.108 -1.260  -0.155 -0.416  0.850  -0.788  0.351  2.213
-28.985 17.836 51.963   0.320  0.136 -1.196  -0.155 -0.416  0.850  -0.691  0.351  2.309
-29.385 16.577 56.290   0.308  0.140 -1.128  -0.227 -0.442  0.846  -0.463  0.315  2.364
-29.499 15.482 60.448   0.296  0.132 -1.084  -0.227 -0.442  0.846  -0.264  0.257  2.410
-29.462 14.527 64.223   0.296  0.100 -1.024  -0.227 -0.442  0.846  -0.223  0.188  2.439
-29.434 13.300 68.197   0.300  0.084 -0.976  -0.266 -0.419  0.836  -0.392  0.111  2.443
-29.328 11.959 71.774   0.296  0.064 -0.912  -0.266 -0.419  0.836  -0.601  0.004  2.453
-29.116 10.537 75.188   0.292  0.056 -0.856  -0.266 -0.419  0.836  -0.727 -0.089  2.503
-28.779  8.925 78.723   0.268  0.056 -0.788  -0.313 -0.419  0.829  -0.816 -0.188  2.519
-28.285  7.296 82.075   0.252  0.056 -0.728  -0.313 -0.419  0.829  -0.878 -0.282  2.515
-27.640  5.718 85.220   0.232  0.048 -0.656  -0.313 -0.419  0.829  -0.914 -0.376  2.481
-26.833  4.195 88.269   0.204  0.044 -0.604  -0.313 -0.419  0.829  -0.912 -0.451  2.439
-25.900  2.776 91.101   0.196  0.040 -0.556  -0.328 -0.425  0.836  -0.903 -0.557  2.348
-24.845  1.463 93.669   0.188  0.048 -0.520  -0.328 -0.425  0.836  -0.872 -0.661  2.246
-23.719  0.337 96.001   0.184  0.040 -0.492  -0.328 -0.425  0.836  -0.835 -0.750  2.161
-22.778 -0.632 97.779   0.196  0.048 -0.456  -0.292 -0.451  0.835  -0.884 -0.716  2.133
-21.473 -1.675 99.751   0.180  0.052 -0.456  -0.292 -0.451  0.835  -0.972 -0.963  2.224
-19.911 -2.723 101.663   0.168  0.056 -0.504  -0.292 -0.451  0.835  -0.980 -1.074  1.958
-18.462 -3.621 102.852   0.160  0.072 -0.548  -0.264 -0.483  0.835  -0.848 -0.953  1.355
-17.151 -4.294 103.519   0.164  0.056 -0.608  -0.264 -0.483  0.835  -0.722 -0.860  0.829
-16.013 -4.836 103.398   0.184  0.040 -0.644  -0.264 -0.483  0.835  -0.689 -0.805  0.212
-14.911 -5.434 102.808   0.196  0.040 -0.680  -0.264 -0.483  0.835  -0.722 -0.768 -0.174
-13.813 -5.977 101.760   0.196  0.064 -0.740  -0.196 -0.535  0.836  -0.690 -0.794 -0.379
-12.991 -6.308 100.341   0.204  0.068 -0.816  -0.196 -0.535  0.836  -0.465 -0.622 -0.758
-12.579 -6.324 98.411   0.252  0.084 -0.876  -0.196 -0.535  0.836  -0.171 -0.468 -1.151
-12.200 -6.118 96.054   0.264  0.092 -0.932  -0.124 -0.572  0.827  -0.012 -0.492 -1.367
-11.770 -5.820 93.497   0.284  0.104 -0.988  -0.124 -0.572  0.827   0.095 -0.564 -1.606
-11.403 -5.432 90.697   0.300  0.116 -1.048  -0.124 -0.572  0.827   0.220 -0.519 -1.892
-10.673 -5.533 87.122   0.392  0.068 -1.152  -0.047 -0.578  0.836  -0.358 -0.938 -2.396
-8.428 -4.219 84.260   0.492  0.048 -1.280  -0.047 -0.578  0.836   0.891 -2.178 -1.822
-6.057 -2.197 82.366   0.436 -0.104 -1.324  -0.047 -0.578  0.836   1.579 -2.198 -1.380
-5.185 -1.408 79.772   0.568 -0.148 -1.432  -0.047 -0.578  0.836   0.401 -1.170 -1.866
-5.739 -1.009 76.827   0.544 -0.128 -1.400   0.142 -0.514  0.848  -0.189  0.033 -1.729
-6.981 -0.698 74.474   0.480 -0.076 -1.348   0.142 -0.514  0.848  -0.353  0.654 -1.287
-8.274 -0.598 72.697   0.468 -0.044 -1.300   0.142 -0.514  0.848  -0.551  0.662 -0.825
-8.865 -1.009 71.552   0.508  0.008 -1.228   0.137 -0.555  0.840  -0.779 -0.131 -0.297
-9.241 -1.731 70.396   0.520  0.092 -1.104   0.137 -0.555  0.840  -0.931 -0.513 -0.175
-9.627 -2.096 69.399   0.536  0.184 -1.024   0.137 -0.555  0.840  -0.583 -0.527  0.112
-9.469 -1.568 69.006   0.544  0.156 -0.940   0.165 -0.595  0.835   0.264 -0.765  0.552
-8.844 -1.232 68.969   0.544  0.156 -0.944   0.165 -0.595  0.835   0.274 -1.196  0.845
-8.002 -1.232 68.819   0.504  0.080 -0.944   0.165 -0.595  0.835   0.017 -1.405  0.612
-7.095 -1.330 68.394   0.424  0.040 -0.988   0.165 -0.595  0.835  -0.023 -1.344  0.227
-6.536 -1.507 67.363   0.320  0.016 -1.012   0.261 -0.595  0.838  -0.193 -0.921 -0.289
-6.290 -1.464 66.433   0.232  0.016 -0.988   0.261 -0.595  0.838  -0.066 -0.469 -0.324
-5.952 -1.353 65.762   0.200  0.044 -0.984   0.261 -0.595  0.838   0.094 -0.473 -0.134
-5.491 -1.290 65.382   0.172  0.048 -0.980   0.315 -0.613  0.820   0.122 -0.545  0.138
-5.160 -1.174 64.922   0.164  0.048 -0.952   0.315 -0.613  0.820   0.135 -0.428  0.057
-4.904 -0.841 64.382   0.120  0.076 -0.944   0.315 -0.613  0.820   0.362 -0.213 -0.050
-4.615 -0.409 63.657   0.096  0.076 -0.936   0.339 -0.581  0.833   0.446 -0.151 -0.125
-4.404 -0.085 63.077   0.076  0.072 -0.944   0.339 -0.581  0.833   0.356 -0.082 -0.074
-4.423  0.061 62.639   0.044  0.072 -0.920   0.339 -0.581  0.833   0.165  0.090 -0.035
-4.630  0.356 62.118   0.032  0.072 -0.880   0.344 -0.555  0.836   0.219  0.324 -0.094
-4.817  0.701 61.565   0.032  0.088 -0.852   0.344 -0.555  0.836   0.307  0.334 -0.101
-4.911  1.004 61.102   0.040  0.064 -0.856   0.344 -0.555  0.836   0.262  0.247 -0.072
-4.977  1.288 60.715   0.032  0.052 -0.868   0.344 -0.555  0.836   0.240  0.253 -0.069
-5.105  1.517 60.457   0.044  0.044 -0.888   0.313 -0.540  0.838   0.158  0.261 -0.014
-5.166  1.683 60.268   0.068  0.048 -0.912   0.313 -0.540  0.838   0.141  0.141  0.095
-5.236  1.760 59.975   0.080  0.052 -0.932   0.313 -0.540  0.838   0.075  0.090  0.026
-5.300  1.824 59.611   0.076  0.068 -0.940   0.289 -0.520  0.848   0.102  0.092 -0.042
-5.270  1.910 59.287   0.088  0.068 -0.956   0.289 -0.520  0.848   0.153  0.011  0.005
-5.170  1.800 59.098   0.084  0.068 -0.968   0.289 -0.520  0.848   0.042 -0.116  0.101
-5.056  1.610 58.894   0.072  0.076 -0.964   0.289 -0.514  0.846   0.005 -0.145  0.083
-5.016  1.487 58.598   0.052  0.092 -0.972   0.305 -0.514  0.846   0.052 -0.028  0.020
-5.060  1.424 58.292   0.048  0.100 -0.976   0.305 -0.514  0.846   0.071  0.065  0.006
-5.152  1.348 58.003   0.056  0.112 -0.980   0.305 -0.514  0.846   0.054  0.075  0.052
-5.208  1.259 57.774   0.052  0.100 -0.976   0.302 -0.517  0.835   0.039  0.055  0.044
-5.272  1.165 57.469   0.056  0.096 -0.976   0.302 -0.517  0.835   0.020  0.051 -0.030
-5.267  1.056 57.209   0.056  0.080 -0.984   0.302 -0.517  0.835   0.005 -0.002 -0.035
-5.187  0.901 57.107   0.040  0.068 -0.988   0.289 -0.512  0.846  -0.013 -0.044  0.013
-5.160  0.759 56.987   0.036  0.080 -0.988   0.289 -0.512  0.846  -0.008  0.004  0.006
-5.216  0.729 56.800   0.044  0.068 -0.988   0.289 -0.512  0.846   0.006  0.098 -0.061
-5.306  0.759 56.530   0.064  0.060 -0.996   0.289 -0.512  0.846   0.011  0.111 -0.112
-5.302  0.791 56.257   0.072  0.060 -0.996   0.300 -0.509  0.848   0.053  0.029 -0.070
-5.191  0.769 56.150   0.056  0.040 -0.992   0.300 -0.509  0.848   0.032 -0.038 -0.006
-5.063  0.637 56.087   0.040  0.040 -0.992   0.300 -0.509  0.848  -0.034 -0.074 -0.008
-4.943  0.532 55.950   0.032  0.040 -0.992   0.302 -0.517  0.840  -0.018 -0.044 -0.104
-4.843  0.452 55.809   0.036  0.040 -0.996   0.302 -0.517  0.840  -0.011 -0.031 -0.104
-4.779  0.422 55.698   0.048  0.052 -0.984   0.302 -0.517  0.840   0.030 -0.013 -0.032
-4.705  0.410 55.695   0.048  0.040 -0.984   0.295 -0.514  0.848   0.026 -0.011  0.023
-4.647  0.437 55.683   0.044  0.020 -0.988   0.295 -0.514  0.848   0.009  0.027 -0.031
-4.610  0.453 55.641   0.048  0.032 -0.988   0.295 -0.514  0.848   0.015  0.026 -0.027
-4.587  0.449 55.646   0.052  0.032 -0.980   0.295 -0.514  0.848  -0.005  0.017  0.023
-4.602  0.476 55.608   0.056  0.032 -0.988   0.310 -0.509  0.850  -0.006  0.049  0.046
-4.649  0.530 55.518   0.052  0.032 -0.984   0.310 -0.509  0.850  -0.001  0.094 -0.009
-4.701  0.581 55.406   0.052  0.036 -0.984   0.310 -0.509  0.850   0.003  0.099 -0.024
-4.784  0.614 55.360   0.064  0.036 -0.980   0.297 -0.520  0.836  -0.023  0.090 -0.004
-4.852  0.668 55.352   0.076  0.040 -0.984   0.297 -0.520  0.836   0.004  0.068  0.061
-4.941  0.693 55.318   0.076  0.040 -0.984   0.297 -0.520  0.836  -0.028  0.072  0.036
-5.026  0.680 55.275   0.076  0.052 -0.984   0.282 -0.523  0.853  -0.028  0.054  0.008
-5.066  0.683 55.187   0.080  0.052 -0.984   0.282 -0.523  0.853   0.003  0.023 -0.024
-5.050  0.679 55.184   0.072  0.048 -0.996   0.282 -0.523  0.853   0.019  0.000  0.020
-5.077  0.652 55.221   0.076  0.048 -0.996   0.282 -0.523  0.853  -0.021  0.011  0.063
-5.181  0.602 55.186   0.084  0.052 -0.988   0.292 -0.529  0.846  -0.071  0.035  0.041
-5.341  0.540 55.060   0.088  0.060 -0.976   0.292 -0.529  0.846  -0.096  0.059 -0.013
-5.437  0.505 54.883   0.084  0.064 -0.968   0.292 -0.529  0.846  -0.041  0.037 -0.059
-5.546  0.516 54.711   0.092  0.064 -0.952   0.282 -0.540  0.844  -0.013  0.053 -0.090
-5.673  0.538 54.509   0.088  0.064 -0.968   0.282 -0.540  0.844  -0.017  0.087 -0.136
-5.782  0.603 54.315   0.080  0.060 -0.964   0.282 -0.540  0.844   0.014  0.116 -0.159
-5.909  0.680 54.125   0.072  0.060 -0.968   0.279 -0.532  0.844   0.014  0.158 -0.173
-6.094  0.790 53.944   0.072  0.060 -0.964   0.279 -0.532  0.844   0.006  0.220 -0.171
-6.340  0.987 53.732   0.088  0.064 -0.948   0.279 -0.532  0.844   0.041  0.276 -0.157
-6.592  1.221 53.579   0.096  0.064 -0.948   0.279 -0.532  0.844   0.061  0.293 -0.096
-6.813  1.390 53.493   0.100  0.060 -0.952   0.276 -0.529  0.844   0.023  0.242 -0.044
-7.050  1.571 53.365   0.116  0.068 -0.972   0.276 -0.529  0.844   0.032  0.238 -0.043
-7.225  1.887 53.252   0.120  0.064 -0.984   0.276 -0.529  0.844   0.148  0.271 -0.038
-7.438  2.156 53.335   0.112  0.056 -0.992   0.227 -0.520  0.846   0.102  0.310 -0.022
-7.770  2.377 53.371   0.120  0.056 -0.984   0.227 -0.520  0.846   0.008  0.362 -0.044
-8.120  2.716 53.357   0.132  0.052 -0.976   0.227 -0.520  0.846   0.071  0.422 -0.066
-8.466  3.092 53.340   0.132  0.040 -0.976   0.212 -0.520  0.855   0.086  0.457 -0.134
-8.882  3.390 53.181   0.144  0.040 -0.976   0.212 -0.520  0.855  -0.006  0.458 -0.236
-9.304  3.606 52.917   0.152  0.048 -0.976   0.212 -0.520  0.855  -0.057  0.419 -0.303
-9.676  3.837 52.468   0.168  0.068 -0.980   0.212 -0.520  0.855   0.004  0.375 -0.401
-9.919  4.074 52.000   0.172  0.076 -0.992   0.191 -0.520  0.852   0.092  0.303 -0.467
-10.148  4.218 51.450   0.188  0.072 -0.992   0.191 -0.520  0.852   0.023  0.222 -0.528
-10.416  4.300 50.821   0.212  0.064 -0.988   0.191 -0.520  0.852  -0.066  0.174 -0.587
-10.641  4.251 50.250   0.208  0.064 -0.984   0.165 -0.514  0.848  -0.123  0.090 -0.620
-10.768  4.211 49.707   0.208  0.060 -0.976   0.165 -0.514  0.848  -0.076  0.031 -0.612
-10.824  4.191 49.153   0.208  0.076 -0.988   0.165 -0.514  0.848  -0.001  0.001 -0.611
-10.825  4.143 48.550   0.192  0.084 -0.984   0.183 -0.509  0.857   0.016 -0.023 -0.616
-10.841  4.077 48.005   0.192  0.068 -0.992   0.183 -0.509  0.857  -0.032 -0.022 -0.627
-10.884  3.956 47.502   0.176  0.068 -0.972   0.183 -0.509  0.857  -0.078 -0.011 -0.633
-10.970  3.858 47.030   0.172  0.072 -0.956   0.183 -0.509  0.857  -0.084  0.029 -0.619
-11.021  3.840 46.554   0.168  0.080 -0.948   0.207 -0.523  0.852  -0.007  0.057 -0.594
-10.990  3.942 46.104   0.168  0.092 -0.964   0.207 -0.523  0.852   0.135  0.084 -0.566
-10.961  4.054 45.712   0.164  0.084 -0.972   0.207 -0.523  0.852   0.130  0.106 -0.561
-11.002  4.157 45.320   0.176  0.076 -0.976   0.194 -0.506  0.853   0.067  0.122 -0.571
-11.067  4.263 44.920   0.180  0.080 -0.984   0.194 -0.506  0.853   0.060  0.137 -0.579
-11.025  4.478 44.577   0.184  0.072 -0.996   0.194 -0.506  0.853   0.179  0.141 -0.553
-10.920  4.771 44.174   0.188  0.076 -0.988   0.199 -0.491  0.859   0.268  0.139 -0.542
-10.845  5.082 43.757   0.200  0.072 -0.980   0.199 -0.491  0.859   0.259  0.147 -0.550
-10.817  5.295 43.332   0.200  0.080 -0.968   0.199 -0.491  0.859   0.192  0.115 -0.550
-10.742  5.487 42.913   0.196  0.084 -0.968   0.199 -0.491  0.859   0.223  0.088 -0.554
-10.574  5.710 42.461   0.188  0.088 -0.956   0.199 -0.468  0.857   0.306  0.064 -0.534
-10.357  5.980 42.067   0.196  0.064 -0.956   0.199 -0.468  0.857   0.333  0.054 -0.537
-10.171  6.192 41.668   0.192  0.068 -0.956   0.199 -0.468  0.857   0.298  0.045 -0.554
-10.017  6.391 41.129   0.192  0.076 -0.960   0.202 -0.422  0.859   0.267  0.051 -0.550
-9.838  6.583 40.614   0.188  0.084 -0.972   0.202 -0.422  0.859   0.301  0.049 -0.538
-9.628  6.786 40.117   0.184  0.092 -0.984   0.202 -0.422  0.859   0.348  0.054 -0.529
-9.430  7.022 39.577   0.188  0.076 -0.988   0.209 -0.399  0.874   0.324  0.075 -0.527
-9.335  7.192 39.062   0.184  0.072 -0.976   0.209 -0.399  0.874   0.225  0.095 -0.545
-9.309  7.343 38.565   0.192  0.080 -0.972   0.209 -0.399  0.874   0.183  0.104 -0.512
-9.227  7.503 38.101   0.184  0.080 -0.972   0.209 -0.399  0.874   0.231  0.101 -0.511
-9.111  7.676 37.622   0.180  0.076 -0.964   0.204 -0.373  0.867   0.252  0.099 -0.492
-9.070  7.787 37.171   0.184  0.068 -0.948   0.204 -0.373  0.867   0.160  0.084 -0.498
-9.097  7.812 36.702   0.176  0.084 -0.948   0.204 -0.373  0.867   0.098  0.078 -0.504
-9.087  7.824 36.244   0.172  0.096 -0.948   0.186 -0.358  0.865   0.136  0.059 -0.477
-9.020  7.852 35.816   0.180  0.088 -0.956   0.186 -0.358  0.865   0.169  0.029 -0.474
-9.002  7.833 35.462   0.188  0.072 -0.960   0.186 -0.358  0.865   0.087  0.007 -0.468
-9.004  7.771 35.044   0.188  0.068 -0.972   0.199 -0.341  0.872   0.026 -0.016 -0.462
-9.024  7.681 34.629   0.200  0.072 -0.984   0.199 -0.341  0.872  -0.001 -0.048 -0.448
-9.027  7.578 34.244   0.196  0.076 -0.968   0.199 -0.341  0.872   0.010 -0.067 -0.419
-9.011  7.442 33.904   0.192  0.080 -0.972   0.199 -0.341  0.872   0.012 -0.094 -0.388
-9.013  7.307 33.563   0.196  0.076 -0.972   0.214 -0.341  0.867  -0.014 -0.099 -0.375
-9.016  7.166 33.247   0.200  0.072 -0.964   0.214 -0.341  0.867  -0.028 -0.118 -0.366
-9.038  7.006 32.957   0.192  0.076 -0.952   0.214 -0.341  0.867  -0.044 -0.116 -0.351
-9.066  6.846 32.720   0.200  0.076 -0.952   0.212 -0.344  0.868  -0.051 -0.134 -0.314
-9.074  6.676 32.547   0.192  0.076 -0.968   0.212 -0.344  0.868  -0.044 -0.131 -0.290
-9.068  6.567 32.445   0.196  0.068 -0.952   0.212 -0.344  0.868  -0.019 -0.112 -0.241
-9.079  6.487 32.298   0.204  0.072 -0.964   0.235 -0.344  0.868  -0.028 -0.101 -0.214
-9.121  6.386 32.150   0.204  0.084 -0.972   0.235 -0.344  0.868  -0.041 -0.101 -0.184
-9.165  6.316 32.061   0.212  0.080 -0.972   0.235 -0.344  0.868  -0.040 -0.096 -0.141
-9.179  6.218 32.082   0.200  0.068 -0.972   0.235 -0.344  0.868  -0.051 -0.107 -0.104
-9.169  6.177 32.115   0.208  0.068 -0.964   0.248 -0.344  0.861  -0.014 -0.100 -0.052
-9.174  6.129 32.192   0.200  0.072 -0.960   0.248 -0.344  0.861  -0.022 -0.085 -0.013
-9.207  6.063 32.361   0.196  0.064 -0.952   0.248 -0.344  0.861  -0.062 -0.082  0.042
-9.259  5.970 32.623   0.184  0.072 -0.960   0.240 -0.361  0.868  -0.063 -0.060  0.061
-9.260  6.000 32.923   0.204  0.068 -0.964   0.240 -0.361  0.868   0.016 -0.035  0.127
-9.259  6.065 33.233   0.208  0.068 -0.964   0.240 -0.361  0.868   0.034 -0.018  0.154
-9.288  6.114 33.509   0.200  0.064 -0.964   0.258 -0.353  0.870  -0.011 -0.001  0.173
-9.323  6.184 33.838   0.200  0.060 -0.968   0.258 -0.353  0.870  -0.011  0.021  0.213
-9.297  6.309 34.219   0.200  0.056 -0.972   0.258 -0.353  0.870   0.055  0.037  0.264
-9.284  6.424 34.627   0.192  0.060 -0.968   0.258 -0.353  0.870   0.053  0.053  0.299
-9.322  6.519 35.100   0.192  0.056 -0.968   0.248 -0.355  0.865   0.010  0.068  0.320
-9.414  6.581 35.548   0.184  0.072 -0.960   0.248 -0.355  0.865  -0.016  0.087  0.347
-9.439  6.676 35.995   0.180  0.076 -0.968   0.248 -0.355  0.865   0.054  0.092  0.367
-9.443  6.813 36.556   0.180  0.068 -0.972   0.227 -0.358  0.874   0.091  0.119  0.408
-9.490  6.931 37.099   0.180  0.068 -0.972   0.227 -0.358  0.874   0.054  0.132  0.408
-9.587  7.029 37.595   0.180  0.080 -0.968   0.227 -0.358  0.874   0.030  0.144  0.419
-9.693  7.153 38.116   0.184  0.080 -0.960   0.217 -0.364  0.872   0.045  0.163  0.425
-9.798  7.288 38.631   0.188  0.076 -0.952   0.217 -0.364  0.872   0.045  0.164  0.437
-9.923  7.430 39.124   0.192  0.076 -0.956   0.217 -0.364  0.872   0.036  0.178  0.438
-10.048  7.527 39.634   0.184  0.076 -0.964   0.217 -0.364  0.872   0.016  0.169  0.428
-10.193  7.590 40.133   0.188  0.084 -0.968   0.199 -0.364  0.867   0.006  0.158  0.416
-10.310  7.620 40.578   0.192  0.084 -0.972   0.199 -0.364  0.867  -0.001  0.125  0.414
-10.427  7.643 40.969   0.200  0.080 -0.964   0.199 -0.364  0.867  -0.016  0.104  0.391
-10.533  7.594 41.428   0.188  0.080 -0.956   0.173 -0.367  0.872  -0.030  0.081  0.372
-10.637  7.491 41.836   0.188  0.084 -0.956   0.173 -0.367  0.872  -0.058  0.045  0.356
-10.733  7.342 42.183   0.192  0.088 -0.960   0.173 -0.367  0.872  -0.082  0.004  0.337
-10.807  7.169 42.530   0.196  0.080 -0.968   0.181 -0.379  0.872  -0.098 -0.028  0.314
-10.850  6.950 42.862   0.192  0.072 -0.980   0.181 -0.379  0.872  -0.121 -0.063  0.275
-10.881  6.720 43.150   0.192  0.076 -0.984   0.181 -0.379  0.872  -0.121 -0.079  0.259
-10.889  6.487 43.377   0.192  0.076 -0.972   0.181 -0.379  0.872  -0.115 -0.105  0.226
-10.931  6.216 43.591   0.188  0.088 -0.968   0.181 -0.390  0.859  -0.137 -0.106  0.204
-11.000  5.931 43.747   0.192  0.088 -0.968   0.181 -0.390  0.859  -0.172 -0.112  0.166
-11.060  5.665 43.884   0.188  0.088 -0.964   0.181 -0.390  0.859  -0.161 -0.105  0.150
-11.114  5.393 44.080   0.184  0.084 -0.964   0.173 -0.408  0.868  -0.161 -0.101  0.121
-11.181  5.136 44.259   0.184  0.080 -0.960   0.173 -0.408  0.868  -0.173 -0.090  0.102
-11.238  4.923 44.417   0.192  0.068 -0.968   0.173 -0.408  0.868  -0.171 -0.085  0.070
-11.272  4.725 44.469   0.188  0.072 -0.968   0.202 -0.419  0.868  -0.155 -0.089  0.031
-11.306  4.575 44.450   0.204  0.072 -0.976   0.202 -0.419  0.868  -0.139 -0.093 -0.000
-11.338  4.415 44.402   0.204  0.076 -0.984   0.202 -0.419  0.868  -0.137 -0.098 -0.019
-11.356  4.285 44.317   0.208  0.076 -0.980   0.202 -0.419  0.868  -0.117 -0.101 -0.041
-11.368  4.149 44.299   0.204  0.088 -0.976   0.194 -0.448  0.863  -0.080 -0.098 -0.061
-11.342  4.042 44.290   0.204  0.080 -0.984   0.194 -0.448  0.863  -0.060 -0.105 -0.079
-11.305  3.950 44.296   0.204  0.068 -0.980   0.194 -0.448  0.863  -0.062 -0.101 -0.092
-11.248  3.854 44.283   0.196  0.068 -0.972   0.204 -0.451  0.865  -0.055 -0.107 -0.098
-11.212  3.793 44.244   0.192  0.076 -0.960   0.204 -0.451  0.865  -0.034 -0.078 -0.103
-11.143  3.755 44.205   0.180  0.080 -0.960   0.204 -0.451  0.865   0.011 -0.061 -0.116
-11.038  3.815 44.044   0.192  0.080 -0.968   0.227 -0.439  0.861   0.072 -0.055 -0.118
-10.937  3.909 43.874   0.196  0.076 -0.976   0.227 -0.439  0.861   0.087 -0.035 -0.138
-10.886  4.004 43.682   0.200  0.076 -0.980   0.227 -0.439  0.861   0.059 -0.011 -0.162
-10.856  4.100 43.514   0.192  0.076 -0.980   0.230 -0.442  0.861   0.049  0.018 -0.157
-10.840  4.205 43.341   0.180  0.092 -0.968   0.230 -0.442  0.861   0.083  0.054 -0.149
-10.796  4.381 43.160   0.184  0.096 -0.964   0.230 -0.442  0.861   0.150  0.073 -0.140
-10.716  4.578 42.994   0.184  0.088 -0.968   0.230 -0.442  0.861   0.179  0.073 -0.154
-10.629  4.753 42.759   0.180  0.096 -0.968   0.225 -0.425  0.870   0.182  0.061 -0.163
-10.541  4.926 42.562   0.180  0.080 -0.964   0.225 -0.425  0.870   0.164  0.065 -0.180
-10.479  5.074 42.381   0.180  0.076 -0.960   0.225 -0.425  0.870   0.132  0.066 -0.182
-10.461  5.272 42.105   0.204  0.080 -0.960   0.233 -0.410  0.865   0.124  0.070 -0.165
-10.407  5.472 41.842   0.200  0.084 -0.956   0.233 -0.410  0.865   0.161  0.061 -0.154
-10.312  5.682 41.578   0.196  0.084 -0.956   0.233 -0.410  0.865   0.201  0.057 -0.167
-10.227  5.871 41.290   0.196  0.076 -0.956   0.233 -0.396  0.865   0.169  0.053 -0.179
-10.168  6.014 40.964   0.196  0.088 -0.968   0.233 -0.396  0.865   0.148  0.044 -0.197
-10.083  6.159 40.665   0.196  0.084 -0.976   0.233 -0.396  0.865   0.165  0.038 -0.198
-9.979  6.317 40.349   0.204  0.088 -0.984   0.233 -0.396  0.865   0.193  0.024 -0.201
-9.877  6.446 40.077   0.200  0.076 -0.976   0.212 -0.382  0.872   0.165  0.017 -0.209
-9.810  6.514 39.848   0.192  0.072 -0.980   0.212 -0.382  0.872   0.111  0.016 -0.214
-9.808  6.571 39.643   0.196  0.068 -0.968   0.212 -0.382  0.872   0.058  0.033 -0.203
-9.791  6.670 39.263   0.192  0.088 -0.960   0.235 -0.364  0.870   0.102  0.048 -0.198
-9.738  6.813 38.914   0.192  0.084 -0.956   0.235 -0.364  0.870   0.147  0.060 -0.190
-9.709  6.944 38.635   0.188  0.068 -0.960   0.235 -0.364  0.870   0.106  0.082 -0.202
-9.759  7.041 38.362   0.188  0.068 -0.968   0.220 -0.350  0.868   0.036  0.108 -0.212
-9.854  7.176 38.032   0.208  0.080 -0.968   0.220 -0.350  0.868   0.034  0.117 -0.202
-9.921  7.324 37.738   0.208  0.080 -0.972   0.220 -0.350  0.868   0.060  0.120 -0.182
-9.972  7.433 37.484   0.196  0.076 -0.972   0.220 -0.350  0.868   0.050  0.115 -0.190
-10.035  7.492 37.192   0.200  0.084 -0.972   0.202 -0.347  0.874   0.031  0.083 -0.230
-10.059  7.515 36.960   0.196  0.076 -0.976   0.202 -0.347  0.874   0.030  0.053 -0.219
-10.075  7.491 36.741   0.196  0.076 -0.968   0.202 -0.347  0.874   0.010  0.013 -0.211
-10.072  7.460 36.527   0.196  0.068 -0.976   0.222 -0.353  0.868   0.001  0.001 -0.214
-10.074  7.420 36.330   0.200  0.068 -0.972   0.222 -0.353  0.868  -0.008 -0.013 -0.198
-10.053  7.361 36.166   0.196  0.064 -0.964   0.222 -0.353  0.868  -0.007 -0.034 -0.189
-10.026  7.294 35.988   0.196  0.068 -0.956   0.222 -0.350  0.872  -0.005 -0.050 -0.178
-10.026  7.219 35.828   0.200  0.076 -0.964   0.212 -0.350  0.872  -0.013 -0.049 -0.167
-10.036  7.139 35.692   0.196  0.076 -0.972   0.212 -0.350  0.872  -0.023 -0.038 -0.165
-10.062  7.064 35.574   0.192  0.076 -0.968   0.212 -0.350  0.872  -0.032 -0.022 -0.160
-10.111  7.017 35.464   0.200  0.080 -0.960   0.217 -0.355  0.870  -0.032 -0.012 -0.136
-10.165  6.988 35.352   0.200  0.084 -0.952   0.217 -0.355  0.870  -0.022 -0.002 -0.125
